<?xml version="1.0" encoding="UTF-8"?><TestSessionContainer xmlns="http://www.codecover.org/xml/testsession-container" Date="1489873861786" TestSessionContainerId="92819794-763c-4841-9aec-1e83d805b9e8" version="1.0">
<SrcFileList>
<SrcFile Content="package org.cs362.dominion;&#10;&#10;&#10;public class Card {&#10;&#9;String cardType;&#10;&#9;int cost, worth, actionsGranted, buysGranted, cardsGranted, victoryPoints;&#10;&#9;boolean special, action;&#10;&#10;&#9;public Card(String type)&#10;&#9;{&#10;&#9;&#9;cardType=type;&#10;&#9;&#9;action=false;&#10;&#9;&#9;&#10;&#9;&#9;switch(type){&#10;&#9;&#9;&#9;case &quot;copper&quot;:&#10;&#9;&#9;&#9;&#9;makeCopper(this);&#10;&#9;&#9;&#9;&#9;break;&#10;&#9;&#9;&#9;case &quot;silver&quot;:&#10;&#9;&#9;&#9;&#9;makeSilver(this);&#10;&#9;&#9;&#9;&#9;break;&#10;&#9;&#9;&#9;case &quot;gold&quot;:&#10;&#9;&#9;&#9;&#9;makeGold(this);&#10;&#9;&#9;&#9;&#9;break;&#10;&#9;&#9;&#9;case &quot;estate&quot;:&#10;&#9;&#9;&#9;&#9;makeEstate(this);&#10;&#9;&#9;&#9;&#9;break;&#10;&#9;&#9;&#9;case &quot;duchy&quot;:&#10;&#9;&#9;&#9;&#9;makeDuchy(this);&#10;&#9;&#9;&#9;&#9;break;&#10;&#9;&#9;&#9;case &quot;province&quot;:&#10;&#9;&#9;&#9;&#9;makeProvince(this);&#10;&#9;&#9;&#9;&#9;break;&#10;&#9;&#9;&#9;case &quot;adventurer&quot;:&#10;&#9;&#9;&#9;&#9;makeAdventurer(this);&#10;&#9;&#9;&#9;&#9;action=true;&#10;&#9;&#9;&#9;&#9;break;&#10;&#9;&#9;&#9;case &quot;ambassador&quot;:&#10;&#9;&#9;&#9;&#9;makeAmbassador(this);&#10;&#9;&#9;&#9;&#9;action=true;&#10;&#9;&#9;&#9;&#9;break;&#10;&#9;&#9;&#9;case &quot;baron&quot;:&#10;&#9;&#9;&#9;&#9;makeBaron(this);&#10;&#9;&#9;&#9;&#9;action=true;&#10;&#9;&#9;&#9;&#9;break;&#10;&#9;&#9;&#9;case &quot;council room&quot;:&#10;&#9;&#9;&#9;&#9;makeCouncilRoom(this);&#10;&#9;&#9;&#9;&#9;action=true;&#10;&#9;&#9;&#9;&#9;break;&#10;&#9;&#9;&#9;case &quot;cutpurse&quot;:&#10;&#9;&#9;&#9;&#9;makeCutpurse(this);&#10;&#9;&#9;&#9;&#9;action=true;&#10;&#9;&#9;&#9;&#9;break;&#10;&#9;&#9;&#9;case &quot;embargo&quot;:&#10;&#9;&#9;&#9;&#9;makeEmbargo(this);&#10;&#9;&#9;&#9;&#9;action=true;&#10;&#9;&#9;&#9;&#9;break;&#10;&#9;&#9;&#9;case &quot;feast&quot;:&#10;&#9;&#9;&#9;&#9;makeFeast(this);&#10;&#9;&#9;&#9;&#9;action=true;&#10;&#9;&#9;&#9;&#9;break;&#10;&#9;&#9;&#9;case &quot;gardens&quot;:&#10;&#9;&#9;&#9;&#9;makeGardens(this);&#10;&#9;&#9;&#9;&#9;break;&#10;&#9;&#9;&#9;case &quot;great hall&quot;:&#10;&#9;&#9;&#9;&#9;makeGreatHall(this);&#10;&#9;&#9;&#9;&#9;action=true;&#10;&#9;&#9;&#9;&#9;break;&#10;&#9;&#9;&#9;case &quot;mine&quot;:&#10;&#9;&#9;&#9;&#9;makeMine(this);&#10;&#9;&#9;&#9;&#9;action=true;&#10;&#9;&#9;&#9;&#9;break;&#10;&#9;&#9;&#9;case &quot;smithy&quot;:&#10;&#9;&#9;&#9;&#9;makeSmithy(this);&#10;&#9;&#9;&#9;&#9;action=true;&#10;&#9;&#9;&#9;&#9;break;&#10;&#9;&#9;&#9;case &quot;village&quot;:&#10;&#9;&#9;&#9;&#9;makeVillage(this);&#10;&#9;&#9;&#9;&#9;action=true;&#10;&#9;&#9;&#9;&#9;break;&#10;&#9;&#9;&#9;case &quot;woodcutter&quot;:&#10;&#9;&#9;&#9;&#9;makeWoodcutter(this);&#10;&#9;&#9;&#9;&#9;action=true;&#10;&#9;&#9;&#9;&#9;break;&#10;&#9;&#9;&#9;case &quot;curse&quot;:&#10;&#9;&#9;&#9;&#9;makeCurse(this);&#10;&#9;&#9;&#9;&#9;break;&#10;&#9;&#9;&#9;}&#9;&#9;&#10;&#9;&#9;}&#10;&#9;private void makeCurse(Card card) {&#10;&#9;&#9;card.cost=0;&#10;&#9;&#9;card.worth=0;&#10;&#9;&#9;card.actionsGranted=0;&#10;&#9;&#9;card.buysGranted=0;&#10;&#9;&#9;card.cardsGranted=0;&#10;&#9;&#9;card.victoryPoints=(-1);&#10;&#9;&#9;special=false; &#10;&#9;&#9;return;&#10;&#9;&#9;&#10;&#9;}&#10;&#9;private void makeMine(Card card) {&#10;&#9;&#9;card.cost=5;&#10;&#9;&#9;card.worth=0;&#10;&#9;&#9;card.actionsGranted=0;&#10;&#9;&#9;card.buysGranted=0;&#10;&#9;&#9;card.cardsGranted=0;&#10;&#9;&#9;card.victoryPoints=0;&#10;&#9;&#9;special=true; //trash a treasure card, gain a treasure card costing up to 3 more put it in your hand &#10;&#9;&#9;return;&#10;&#9;&#9;&#10;&#9;}&#10;&#9;private void makeGreatHall(Card card) {&#10;&#9;&#9;card.cost=3;&#10;&#9;&#9;card.worth=0;&#10;&#9;&#9;card.actionsGranted=1;&#10;&#9;&#9;card.buysGranted=0;&#10;&#9;&#9;card.cardsGranted=1;&#10;&#9;&#9;card.victoryPoints=1;&#10;&#9;&#9;special=false;  &#10;&#9;&#9;return;&#9;&#10;&#9;&#9;&#10;&#9;}&#10;&#9;private void makeGardens(Card card) {&#10;&#9;&#9;card.cost=4;&#10;&#9;&#9;card.worth=0;&#10;&#9;&#9;card.actionsGranted=0;&#10;&#9;&#9;card.buysGranted=0;&#10;&#9;&#9;card.cardsGranted=0;&#10;&#9;&#9;card.victoryPoints=0;&#10;&#9;&#9;special=true; //worth 1 vp for every 10 cards in deck, (rounded down) &#10;&#9;&#9;return;&#9;&#10;&#9;&#9;&#10;&#9;}&#10;&#9;private void makeFeast(Card card) {&#10;&#9;&#9;card.cost=4;&#10;&#9;&#9;card.worth=0;&#10;&#9;&#9;card.actionsGranted=0;&#10;&#9;&#9;card.buysGranted=0;&#10;&#9;&#9;card.cardsGranted=0;&#10;&#9;&#9;card.victoryPoints=0;&#10;&#9;&#9;special=true; //Trash this card. Gain a card costing up to 5 gold &#10;&#9;&#9;return;&#9;&#10;&#9;&#9;&#10;&#9;}&#10;&#9;private void makeEmbargo(Card card) {&#10;&#9;&#9;card.cost=2;&#10;&#9;&#9;card.worth=2;&#10;&#9;&#9;card.actionsGranted=0;&#10;&#9;&#9;card.buysGranted=0;&#10;&#9;&#9;card.cardsGranted=0;&#10;&#9;&#9;card.victoryPoints=0;&#10;&#9;&#9;special=true; //trash this card, put embargo token on the top of a supply pile/ When a player buys a card, he gains a curse card per embargo token on that pile &#10;&#9;&#9;return;&#9;&#10;&#9;&#9;&#10;&#9;}&#10;&#9;private void makeCutpurse(Card card) {&#10;&#9;&#9;card.cost=4;&#10;&#9;&#9;card.worth=2;&#10;&#9;&#9;card.actionsGranted=0;&#10;&#9;&#9;card.buysGranted=0;&#10;&#9;&#9;card.cardsGranted=0;&#10;&#9;&#9;card.victoryPoints=0;&#10;&#9;&#9;special=true; //Each other player discards a Copper card (or reveals a hand with no Copper)&#10;&#9;&#9;return;&#9;&#10;&#9;&#9;&#10;&#9;}&#10;&#9;private void makeBaron(Card card) {&#10;&#9;&#9;card.cost=4;&#10;&#9;&#9;card.worth=0;&#10;&#9;&#9;card.actionsGranted=0;&#10;&#9;&#9;card.buysGranted=1;&#10;&#9;&#9;card.cardsGranted=0;&#10;&#9;&#9;card.victoryPoints=0;&#10;&#9;&#9;special=true; //You may discard an estate card and gain +4, or gain an estate card&#10;&#9;&#9;return;&#9;&#10;&#9;&#9;&#10;&#9;}&#10;&#9;private void makeAmbassador(Card card) {&#10;&#9;&#9;card.cost=3;&#10;&#9;&#9;card.worth=0;&#10;&#9;&#9;card.actionsGranted=0;&#10;&#9;&#9;card.buysGranted=0;&#10;&#9;&#9;card.cardsGranted=0;&#10;&#9;&#9;card.victoryPoints=0;&#10;&#9;&#9;special=true; //reveal a card from your hand, return up to 2 copies of it from your hand to the Supply, then each other player gains a copy of it /dead/&#10;&#9;&#9;return;&#9;&#10;&#9;&#9;&#10;&#9;}&#10;&#9;private void makeWoodcutter(Card card) {&#10;&#9;&#9;card.cost=3;&#10;&#9;&#9;card.worth=2;&#10;&#9;&#9;card.actionsGranted=0;&#10;&#9;&#9;card.buysGranted=1;&#10;&#9;&#9;card.cardsGranted=0;&#10;&#9;&#9;card.victoryPoints=0;&#10;&#9;&#9;special=false;&#10;&#9;&#9;return;&#9;&#10;&#9;&#9;&#10;&#9;}&#10;&#9;private void makeVillage(Card card) {&#10;&#9;&#9;card.cost=3;&#10;&#9;&#9;card.worth=0;&#10;&#9;&#9;card.actionsGranted=2;&#10;&#9;&#9;card.buysGranted=0;&#10;&#9;&#9;card.cardsGranted=1;&#10;&#9;&#9;card.victoryPoints=0;&#10;&#9;&#9;special=false;&#10;&#9;&#9;return;&#9;&#10;&#9;&#9;&#10;&#9;}&#10;&#9;private void makeSmithy(Card card) {&#10;&#9;&#9;card.cost=4;&#10;&#9;&#9;card.worth=0;&#10;&#9;&#9;card.actionsGranted=0;&#10;&#9;&#9;card.buysGranted=0;&#10;&#9;&#9;card.cardsGranted=3;&#10;&#9;&#9;card.victoryPoints=0;&#10;&#9;&#9;special=false;&#10;&#9;&#9;return;&#9;&#10;&#9;&#9;&#10;&#9;}&#10;&#9;&#10;&#9;private void makeCouncilRoom(Card card) {&#10;&#9;&#9;card.cost=5;&#10;&#9;&#9;card.worth=0;&#10;&#9;&#9;card.actionsGranted=0;&#10;&#9;&#9;card.buysGranted=1;&#10;&#9;&#9;card.cardsGranted=4;&#10;&#9;&#9;card.victoryPoints=0;&#10;&#9;&#9;special=true; //each other player draws a card&#10;&#9;&#9;return;&#9;&#10;&#9;&#9;&#10;&#9;}&#10;&#10;&#9;private void makeAdventurer(Card card) {&#10;&#9;&#9;card.cost=8;&#10;&#9;&#9;card.worth=0;&#10;&#9;&#9;card.actionsGranted=0;&#10;&#9;&#9;card.buysGranted=0;&#10;&#9;&#9;card.cardsGranted=0;&#10;&#9;&#9;card.victoryPoints=6;&#10;&#9;&#9;special=false;&#10;&#9;&#9;return;&#9;&#10;&#9;&#9;&#10;&#9;}&#10;&#9;private void makeProvince(Card card) {&#10;&#9;&#9;card.cost=8;&#10;&#9;&#9;card.worth=0;&#10;&#9;&#9;card.actionsGranted=0;&#10;&#9;&#9;card.buysGranted=0;&#10;&#9;&#9;card.cardsGranted=0;&#10;&#9;&#9;card.victoryPoints=6;&#10;&#9;&#9;special=false;&#10;&#9;&#9;return;&#9;&#10;&#9;&#9;&#10;&#9;}&#10;&#9;private void makeDuchy(Card card) {&#10;&#9;&#9;card.cost=5;&#10;&#9;&#9;card.worth=0;&#10;&#9;&#9;card.actionsGranted=0;&#10;&#9;&#9;card.buysGranted=0;&#10;&#9;&#9;card.cardsGranted=0;&#10;&#9;&#9;card.victoryPoints=3;&#10;&#9;&#9;special=false;&#10;&#9;&#9;return;&#9;&#10;&#9;&#9;&#10;&#9;}&#10;&#9;private void makeEstate(Card card) {&#10;&#9;&#9;card.cost=2;&#10;&#9;&#9;card.worth=0;&#10;&#9;&#9;card.actionsGranted=0;&#10;&#9;&#9;card.buysGranted=0;&#10;&#9;&#9;card.cardsGranted=0;&#10;&#9;&#9;card.victoryPoints=1;&#10;&#9;&#9;special=false;&#10;&#9;&#9;return;&#9;&#10;&#9;&#9;&#10;&#9;}&#10;&#10;&#9;private void makeGold(Card card) {&#10;&#9;&#9;card.cost=6;&#10;&#9;&#9;card.worth=3;&#10;&#9;&#9;card.actionsGranted=0;&#10;&#9;&#9;card.buysGranted=0;&#10;&#9;&#9;card.cardsGranted=0;&#10;&#9;&#9;card.victoryPoints=0;&#10;&#9;&#9;special=false;&#10;&#9;&#9;return;&#9;&#9;&#10;&#9;}&#10;&#10;&#9;private void makeSilver(Card card) {&#10;&#9;&#9;card.cost=3;&#10;&#9;&#9;card.worth=2;&#10;&#9;&#9;card.actionsGranted=0;&#10;&#9;&#9;card.buysGranted=0;&#10;&#9;&#9;card.cardsGranted=0;&#10;&#9;&#9;card.victoryPoints=0;&#10;&#9;&#9;special=false;&#10;&#9;&#9;return;&#10;&#9;&#9;&#10;&#9;}&#10;&#10;&#9;private void makeCopper(Card card) {&#10;&#9;&#9;card.cost=0;&#10;&#9;&#9;card.worth=1;&#10;&#9;&#9;card.actionsGranted=0;&#10;&#9;&#9;card.buysGranted=0;&#10;&#9;&#9;card.cardsGranted=0;&#10;&#9;&#9;card.victoryPoints=0;&#10;&#9;&#9;special=false;&#10;&#9;&#9;return;&#9;&#9;&#10;&#9;&#9;&#10;&#9;}&#10;&#9;&#10;&#9;public String toString(){&#10;&#9;&#9;String myInfo;&#10;&#9;&#9;myInfo=this.cardType;&#10;&#9;&#9;//myInfo=&quot;My name is &quot;+this.cardType;&#10;&#9;&#9;//myInfo+=&quot;. I cost &quot;+this.cost+&quot; gold.\n&quot;;&#10;&#9;&#9;//myInfo+=&quot;I grant &quot;+this.actionsGranted+&quot; actions. &quot;;&#10;&#9;&#9;//myInfo+=&quot;I also grant &quot;+this.buysGranted+&quot; additional buys.\n&quot;;&#10;&#9;&#9;//myInfo+=&quot;I shove &quot;+this.cardsGranted+&quot; more cards into your hand &quot;;&#10;&#9;&#9;//myInfo+=&quot;and am worth &quot;+this.victoryPoints+&quot; victory points. \n&quot;;&#10;&#9;&#9;//myInfo+=&quot;I currently am holding &quot;+this.embargoTokens+&quot; embargo tokens.\n&quot;;&#10;&#9;&#9;//if(this.special==true) myInfo+=&quot;I also do some other stuff\n&quot;;&#10;&#9;&#9;&#10;&#9;&#9;return myInfo;&#10;&#9;}&#10;&#9;&#10;&#9;public String[] allCards(){&#10;&#9;&#9;String allCards[] ={&quot;copper&quot;, &quot;silver&quot;, &quot;gold&quot;, &quot;estate&quot;, &quot;duchy&quot;, &quot;province&quot;, &quot;curse&quot;, &quot;adventurer&quot;, &quot;ambassador&quot;, &quot;baron&quot;, &quot;council room&quot;, &quot;cutpurse&quot;, &quot;embargo&quot;, &quot;feast&quot;, &quot;gardens&quot;, &quot;great hall&quot;, &quot;mine&quot;, &quot;smithy&quot;, &quot;village&quot;, &quot;woodcutter&quot;};&#10;&#9;&#9;return allCards;&#10;&#9;}&#10;&#10;}" Filename="Card.java" Intrnl_Id="1"/>
<SrcFile Content="package org.cs362.dominion;&#10;&#10;import java.util.LinkedList;&#10;import java.util.List;&#10;import java.util.Random;&#10;&#10;public class CardSupply {&#10;&#9;SupplyStack copper, silver, gold, estate, duchy, province, curse, adventurer;&#10;&#9;SupplyStack ambassador, baron, councilRoom, cutPurse, embargo, feast, gardens;&#10;&#9;SupplyStack greatHall, mine, smithy, village, woodcutter;&#10;&#9;List&lt;String&gt; kingdomCards=&#9;&#9;new LinkedList&lt;String&gt;(); //contain kingdom cards used this game&#10;&#9;&#10;&#9;CardSupply(CardSupply supply){&#10;&#9;&#9;copper= &#9;new SupplyStack(&quot;copper&quot;, 0); //need 46 for supply &#10;&#9;&#9;silver=&#9;&#9;new SupplyStack(&quot;silver&quot;, 0); //need 40 for supply&#10;&#9;&#9;gold= &#9;&#9;new SupplyStack(&quot;gold&quot;, 0);//need 30&#10;&#9;&#9;estate=&#9;&#9;new SupplyStack(&quot;estate&quot;, 0); //Need 18&#10;&#9;&#9;duchy=&#9;&#9;new SupplyStack(&quot;duchy&quot;, 0); //need 12&#10;&#9;&#9;province= &#9;new SupplyStack(&quot;province&quot;, 0); //need 12&#10;&#9;&#9;curse=&#9; &#9;new SupplyStack(&quot;curse&quot;, 0); //need 10 for 2 players&#10;&#9;&#9;adventurer=&#9;new SupplyStack(&quot;adventurer&quot;, 0); //need 10&#10;&#9;&#9;ambassador=&#9;new SupplyStack(&quot;abassador&quot;, 0); //need 10&#10;&#9;&#9;baron= &#9;&#9;new SupplyStack(&quot;baron&quot;, 0); //need 10&#10;&#9;&#9;councilRoom=new SupplyStack(&quot;council room&quot;, 0); //need 10&#10;&#9;&#9;cutPurse= &#9;new SupplyStack(&quot;cutpurse&quot;, 0); //need 10&#10;&#9;&#9;embargo= &#9;new SupplyStack(&quot;embargo&quot;, 0); //need 10&#10;&#9;&#9;feast= &#9;&#9;new SupplyStack(&quot;feast&quot;, 0); //need 10&#10;&#9;&#9;gardens= &#9;new SupplyStack(&quot;gardens&quot;, 0); //need 10&#10;&#9;&#9;greatHall= &#9;new SupplyStack(&quot;great hall&quot;, 0); //need 10&#10;&#9;&#9;mine= &#9;&#9;new SupplyStack(&quot;mine&quot;, 0); //need 10&#10;&#9;&#9;smithy= &#9;new SupplyStack(&quot;smithy&quot;, 0); //need 10&#10;&#9;&#9;village= &#9;new SupplyStack(&quot;village&quot;, 0); //need 10&#10;&#9;&#9;woodcutter= new SupplyStack(&quot;woodcutter&quot;, 0); //need 10&#10;&#9;&#9;kingdomCards=supply.kingdomCards;&#10;&#9;&#9;}&#10;&#9;&#10;&#9;&#10;&#10;&#9;CardSupply(){&#10;&#9;&#9;copper= &#9;new SupplyStack(&quot;copper&quot;, 46); //need 46 for supply &#10;&#9;&#9;silver=&#9;&#9;new SupplyStack(&quot;silver&quot;,  40); //need 40 for supply&#10;&#9;&#9;gold= &#9;&#9;new SupplyStack(&quot;gold&quot;,  30);//need 30&#10;&#9;&#9;estate=&#9;&#9;new SupplyStack(&quot;estate&quot;,  12); //Need 18&#10;&#9;&#9;duchy=&#9;&#9;new SupplyStack(&quot;duchy&quot;,  12); //need 12&#10;&#9;&#9;province= &#9;new SupplyStack(&quot;province&quot;,  12); //need 12&#10;&#9;&#9;curse=&#9; &#9;new SupplyStack(&quot;curse&quot;,  10); //need 10 for 2 players&#10;&#9;&#9;adventurer=&#9;new SupplyStack(&quot;adventurer&quot;,  10); //need 10&#10;&#9;&#9;ambassador=&#9;new SupplyStack(&quot;abassador&quot;,  10); //need 10&#10;&#9;&#9;baron= &#9;&#9;new SupplyStack(&quot;baron&quot;,  10); //need 10&#10;&#9;&#9;councilRoom=new SupplyStack(&quot;council room&quot;,  10); //need 10&#10;&#9;&#9;cutPurse= &#9;new SupplyStack(&quot;cutpurse&quot;,  10); //need 10&#10;&#9;&#9;embargo= &#9;new SupplyStack(&quot;embargo&quot;,  10); //need 10&#10;&#9;&#9;feast= &#9;&#9;new SupplyStack(&quot;feast&quot;,  10); //need 10&#10;&#9;&#9;gardens= &#9;new SupplyStack(&quot;gardens&quot;,  10); //need 10&#10;&#9;&#9;greatHall= &#9;new SupplyStack(&quot;great hall&quot;,  10); //need 10&#10;&#9;&#9;mine= &#9;&#9;new SupplyStack(&quot;mine&quot;,  10); //need 10&#10;&#9;&#9;smithy= &#9;new SupplyStack(&quot;smithy&quot;,  10); //need 10&#10;&#9;&#9;village= &#9;new SupplyStack(&quot;village&quot;,  10); //need 10&#10;&#9;&#9;woodcutter= new SupplyStack(&quot;woodcutter&quot;,  10); //need 10&#10;&#9;&#9;selectKingdomCards();&#10;&#9;&#9;}&#10;&#10;&#10;&#9;private void selectKingdomCards() {&#10;&#9;&#9;String cardList[]={&quot;adventurer&quot;, &quot;ambassador&quot;, &quot;baron&quot;, &quot;council room&quot;, &quot;cutpurse&quot;, &quot;embargo&quot;, &quot;feast&quot;, &quot;gardens&quot;, &quot;great hall&quot;, &quot;mine&quot;, &quot;smithy&quot;, &quot;village&quot;, &quot;woodcutter&quot;};&#10;&#9;&#9;Random randomness=new Random();&#10;&#9;&#9;int index;&#10;&#9;&#9;&#10;&#9;&#9;while(kingdomCards.size()&lt;10){&#10;&#9;&#9;&#9;index=randomness.nextInt(13);&#10;&#9;&#9;&#9;if(!kingdomCards.contains(cardList[index])) kingdomCards.add(cardList[index]);&#10;&#9;&#9;}&#10;&#9;&#9;&#10;&#9;}&#10;&#9;&#10;&#9;public Card drawCard(){&#10;&#9;&#9;List&lt;String&gt; choices= new LinkedList&lt;String&gt;();&#10;&#9;&#9;String cardTypes[]=copper.type.allCards();&#10;&#9;&#9;for(String card : cardTypes){&#10;&#9;&#9;&#9;choices.add(card);&#10;&#9;&#9;}&#10;&#9;&#9;Random randomness= new Random();&#10;&#9;&#9;int index;&#10;&#9;&#9;Card card;&#10;&#10;&#9;&#9;index=randomness.nextInt(20);&#10;&#9;&#9;while(howMany(choices.get(index))&lt;=0){ //Grab different card types until one actually exists in the deck&#10;&#9;&#9;&#9;index=randomness.nextInt(20);&#10;&#9;&#9;}&#10;&#9;&#9;card = new Card(choices.get(index));&#10;&#9;&#9;removeCard(choices.get(index));&#10;&#9;&#9;return card;&#10;&#9;&#9;&#10;&#9;&#9;}&#10;&#9;&#10;&#9;public void removeCard(String string) {&#10;&#9;&#9;switch(string){&#10;&#9;&#9;case &quot;copper&quot;:&#10;&#9;&#9;&#9;copper.quantity--;&#10;&#9;&#9;&#9;return;&#10;&#9;&#9;case &quot;silver&quot;:&#10;&#9;&#9;&#9;silver.quantity--;&#10;&#9;&#9;&#9;return;&#10;&#9;&#9;case &quot;gold&quot;:&#10;&#9;&#9;&#9;gold.quantity--;&#10;&#9;&#9;&#9;return;&#10;&#9;&#9;case &quot;estate&quot;:&#10;&#9;&#9;&#9;estate.quantity--;&#10;&#9;&#9;&#9;return;&#10;&#9;&#9;case &quot;duchy&quot;:&#10;&#9;&#9;&#9;duchy.quantity--;&#10;&#9;&#9;&#9;return;&#10;&#9;&#9;case &quot;province&quot;:&#10;&#9;&#9;&#9;province.quantity--;&#10;&#9;&#9;&#9;return;&#10;&#9;&#9;case &quot;adventurer&quot;:&#10;&#9;&#9;&#9;adventurer.quantity--;&#10;&#9;&#9;&#9;return;&#10;&#9;&#9;case &quot;ambassador&quot;:&#10;&#9;&#9;&#9;ambassador.quantity--;&#10;&#9;&#9;&#9;return;&#10;&#9;&#9;case &quot;baron&quot;:&#10;&#9;&#9;&#9;baron.quantity--;&#10;&#9;&#9;&#9;return;&#10;&#9;&#9;case &quot;council room&quot;:&#10;&#9;&#9;&#9;councilRoom.quantity--;&#10;&#9;&#9;&#9;return;&#10;&#9;&#9;case &quot;cutpurse&quot;:&#10;&#9;&#9;&#9;cutPurse.quantity--;&#10;&#9;&#9;&#9;return; &#10;&#9;&#9;case &quot;embargo&quot;:&#10;&#9;&#9;&#9;embargo.quantity--;&#10;&#9;&#9;&#9;return;&#10;&#9;&#9;case &quot;feast&quot;:&#10;&#9;&#9;&#9;feast.quantity--;&#10;&#9;&#9;&#9;return;&#10;&#9;&#9;case &quot;gardens&quot;:&#10;&#9;&#9;&#9;gardens.quantity--;&#10;&#9;&#9;&#9;return;&#10;&#9;&#9;case &quot;great hall&quot;:&#10;&#9;&#9;&#9;greatHall.quantity--;&#10;&#9;&#9;&#9;return;&#10;&#9;&#9;case &quot;mine&quot;:&#10;&#9;&#9;&#9;mine.quantity--;&#10;&#9;&#9;&#9;return;&#10;&#9;&#9;case &quot;smithy&quot;:&#10;&#9;&#9;&#9;smithy.quantity--;&#10;&#9;&#9;&#9;return;&#10;&#9;&#9;case &quot;village&quot;:&#10;&#9;&#9;&#9;village.quantity--;&#10;&#9;&#9;&#9;return;&#10;&#9;&#9;case &quot;woodcutter&quot;:&#10;&#9;&#9;&#9;woodcutter.quantity--;&#10;&#9;&#9;&#9;return;&#10;&#9;&#9;case &quot;curse&quot;:&#10;&#9;&#9;&#9;curse.quantity--;&#10;&#9;&#9;&#9;return;&#10;&#9;&#9;}&#10;&#9;&#9;&#10;&#9;}&#10;&#10;&#9;public void addCard(String string) {&#10;&#9;&#9;switch(string){&#10;&#9;&#9;case &quot;copper&quot;:&#10;&#9;&#9;&#9;copper.quantity++;&#10;&#9;&#9;&#9;return;&#10;&#9;&#9;case &quot;silver&quot;:&#10;&#9;&#9;&#9;silver.quantity++;&#10;&#9;&#9;&#9;return;&#10;&#9;&#9;case &quot;gold&quot;:&#10;&#9;&#9;&#9;gold.quantity++;&#10;&#9;&#9;&#9;return;&#10;&#9;&#9;case &quot;estate&quot;:&#10;&#9;&#9;&#9;estate.quantity++;&#10;&#9;&#9;&#9;return;&#10;&#9;&#9;case &quot;duchy&quot;:&#10;&#9;&#9;&#9;duchy.quantity++;&#10;&#9;&#9;&#9;return;&#10;&#9;&#9;case &quot;province&quot;:&#10;&#9;&#9;&#9;province.quantity++;&#10;&#9;&#9;&#9;return;&#10;&#9;&#9;case &quot;adventurer&quot;:&#10;&#9;&#9;&#9;adventurer.quantity++;&#10;&#9;&#9;&#9;return;&#10;&#9;&#9;case &quot;ambassador&quot;:&#10;&#9;&#9;&#9;ambassador.quantity++;&#10;&#9;&#9;&#9;return;&#10;&#9;&#9;case &quot;baron&quot;:&#10;&#9;&#9;&#9;baron.quantity++;&#10;&#9;&#9;&#9;return;&#10;&#9;&#9;case &quot;council room&quot;:&#10;&#9;&#9;&#9;councilRoom.quantity++;&#10;&#9;&#9;&#9;return;&#10;&#9;&#9;case &quot;cutpurse&quot;:&#10;&#9;&#9;&#9;cutPurse.quantity++;&#10;&#9;&#9;&#9;return; &#10;&#9;&#9;case &quot;embargo&quot;:&#10;&#9;&#9;&#9;embargo.quantity++;&#10;&#9;&#9;&#9;return;&#10;&#9;&#9;case &quot;feast&quot;:&#10;&#9;&#9;&#9;feast.quantity++;&#10;&#9;&#9;&#9;return;&#10;&#9;&#9;case &quot;gardens&quot;:&#10;&#9;&#9;&#9;gardens.quantity++;&#10;&#9;&#9;&#9;return;&#10;&#9;&#9;case &quot;great hall&quot;:&#10;&#9;&#9;&#9;greatHall.quantity++;&#10;&#9;&#9;&#9;return;&#10;&#9;&#9;case &quot;mine&quot;:&#10;&#9;&#9;&#9;mine.quantity++;&#10;&#9;&#9;&#9;return;&#10;&#9;&#9;case &quot;smithy&quot;:&#10;&#9;&#9;&#9;smithy.quantity++;&#10;&#9;&#9;&#9;return;&#10;&#9;&#9;case &quot;village&quot;:&#10;&#9;&#9;&#9;village.quantity++;&#10;&#9;&#9;&#9;return;&#10;&#9;&#9;case &quot;woodcutter&quot;:&#10;&#9;&#9;&#9;woodcutter.quantity++;&#10;&#9;&#9;&#9;return;&#10;&#9;&#9;case &quot;curse&quot;:&#10;&#9;&#9;&#9;curse.quantity++;&#10;&#9;&#9;&#9;return;&#10;&#9;&#9;}&#10;&#9;&#9;&#10;&#9;}&#10;&#10;&#9;public int howMany(String ofWhat){&#10;&#9;&#9;switch(ofWhat){&#10;&#9;&#9;case &quot;copper&quot;:&#10;&#9;&#9;&#9;return copper.quantity;&#10;&#9;&#9;case &quot;silver&quot;:&#10;&#9;&#9;&#9;return silver.quantity;&#10;&#9;&#9;case &quot;gold&quot;:&#10;&#9;&#9;&#9;return gold.quantity;&#10;&#9;&#9;case &quot;estate&quot;:&#10;&#9;&#9;&#9;return estate.quantity;&#10;&#9;&#9;case &quot;duchy&quot;:&#10;&#9;&#9;&#9;return duchy.quantity;&#10;&#9;&#9;case &quot;province&quot;:&#10;&#9;&#9;&#9;return province.quantity;&#10;&#9;&#9;case &quot;adventurer&quot;:&#10;&#9;&#9;&#9;return adventurer.quantity;&#10;&#9;&#9;case &quot;ambassador&quot;:&#10;&#9;&#9;&#9;return ambassador.quantity;&#10;&#9;&#9;case &quot;baron&quot;:&#10;&#9;&#9;&#9;return baron.quantity;&#10;&#9;&#9;case &quot;council room&quot;:&#10;&#9;&#9;&#9;return councilRoom.quantity;&#10;&#9;&#9;case &quot;cutpurse&quot;:&#10;&#9;&#9;&#9;return cutPurse.quantity; &#10;&#9;&#9;case &quot;embargo&quot;:&#10;&#9;&#9;&#9;return embargo.quantity;&#10;&#9;&#9;case &quot;feast&quot;:&#10;&#9;&#9;&#9;return feast.quantity;&#10;&#9;&#9;case &quot;gardens&quot;:&#10;&#9;&#9;&#9;return gardens.quantity;&#10;&#9;&#9;case &quot;great hall&quot;:&#10;&#9;&#9;&#9;return greatHall.quantity;&#10;&#9;&#9;case &quot;mine&quot;:&#10;&#9;&#9;&#9;return mine.quantity;&#10;&#9;&#9;case &quot;smithy&quot;:&#10;&#9;&#9;&#9;return smithy.quantity;&#10;&#9;&#9;case &quot;village&quot;:&#10;&#9;&#9;&#9;return village.quantity;&#10;&#9;&#9;case &quot;woodcutter&quot;:&#10;&#9;&#9;&#9;return woodcutter.quantity;&#10;&#9;&#9;case &quot;curse&quot;:&#10;&#9;&#9;&#9;return curse.quantity;&#10;&#9;&#9;}&#10;&#9;&#9;&#10;&#9;&#9;return 0;&#10;&#10;&#9;}&#10;&#9;&#10;&#9;public int cardVP(String ofWhat){&#10;&#9;&#9;switch(ofWhat){&#10;&#9;&#9;case &quot;copper&quot;:&#10;&#9;&#9;&#9;return copper.type.victoryPoints;&#10;&#9;&#9;case &quot;silver&quot;:&#10;&#9;&#9;&#9;return silver.type.victoryPoints;&#10;&#9;&#9;case &quot;gold&quot;:&#10;&#9;&#9;&#9;return gold.type.victoryPoints;&#10;&#9;&#9;case &quot;estate&quot;:&#10;&#9;&#9;&#9;return estate.type.victoryPoints;&#10;&#9;&#9;case &quot;duchy&quot;:&#10;&#9;&#9;&#9;return duchy.type.victoryPoints;&#10;&#9;&#9;case &quot;province&quot;:&#10;&#9;&#9;&#9;return province.type.victoryPoints;&#10;&#9;&#9;case &quot;adventurer&quot;:&#10;&#9;&#9;&#9;return adventurer.type.victoryPoints;&#10;&#9;&#9;case &quot;ambassador&quot;:&#10;&#9;&#9;&#9;return ambassador.type.victoryPoints;&#10;&#9;&#9;case &quot;baron&quot;:&#10;&#9;&#9;&#9;return baron.type.victoryPoints;&#10;&#9;&#9;case &quot;council room&quot;:&#10;&#9;&#9;&#9;return councilRoom.type.victoryPoints;&#10;&#9;&#9;case &quot;cutpurse&quot;:&#10;&#9;&#9;&#9;return cutPurse.type.victoryPoints; &#10;&#9;&#9;case &quot;embargo&quot;:&#10;&#9;&#9;&#9;return embargo.type.victoryPoints;&#10;&#9;&#9;case &quot;feast&quot;:&#10;&#9;&#9;&#9;return feast.type.victoryPoints;&#10;&#9;&#9;case &quot;gardens&quot;:&#10;&#9;&#9;&#9;return gardens.type.victoryPoints;&#10;&#9;&#9;case &quot;great hall&quot;:&#10;&#9;&#9;&#9;return greatHall.type.victoryPoints;&#10;&#9;&#9;case &quot;mine&quot;:&#10;&#9;&#9;&#9;return mine.type.victoryPoints;&#10;&#9;&#9;case &quot;smithy&quot;:&#10;&#9;&#9;&#9;return smithy.type.victoryPoints;&#10;&#9;&#9;case &quot;village&quot;:&#10;&#9;&#9;&#9;return village.type.victoryPoints;&#10;&#9;&#9;case &quot;woodcutter&quot;:&#10;&#9;&#9;&#9;return woodcutter.type.victoryPoints;&#10;&#9;&#9;case &quot;curse&quot;:&#10;&#9;&#9;&#9;return curse.type.victoryPoints;&#10;&#9;&#9;}&#10;&#9;&#9;&#10;&#9;&#9;return 0;&#10;&#10;&#9;}&#10;&#9;&#9;&#9;&#10;&#9;public String toString(){&#10;&#9;&#9;String returnString=&quot;&quot;;&#10;&#9;&#9;String theList[]=curse.type.allCards();&#10;&#9;&#9;&#10;&#9;&#9;for(String eachCard : theList){&#10;&#9;&#9;&#9;returnString+=eachCard+&quot; has: &quot;+howMany(eachCard)+&quot; cards currently\n&quot;;&#10;&#9;&#9;}&#10;&#9;&#9;&#10;&#9;&#9;return returnString;&#10;&#9;&#9;}&#10;&#10;&#9;public void addCard(String string, int i) {&#10;&#9;&#9;if (i==0) return;&#10;&#9;&#9;switch(string){&#10;&#9;&#9;case &quot;copper&quot;:&#10;&#9;&#9;&#9;copper.quantity+=i;&#10;&#9;&#9;&#9;return;&#10;&#9;&#9;case &quot;silver&quot;:&#10;&#9;&#9;&#9;silver.quantity+=i;&#10;&#9;&#9;&#9;return;&#10;&#9;&#9;case &quot;gold&quot;:&#10;&#9;&#9;&#9;gold.quantity+=i;&#10;&#9;&#9;&#9;return;&#10;&#9;&#9;case &quot;estate&quot;:&#10;&#9;&#9;&#9;estate.quantity+=i;&#10;&#9;&#9;&#9;return;&#10;&#9;&#9;case &quot;duchy&quot;:&#10;&#9;&#9;&#9;duchy.quantity+=i;&#10;&#9;&#9;&#9;return;&#10;&#9;&#9;case &quot;province&quot;:&#10;&#9;&#9;&#9;province.quantity+=i;&#10;&#9;&#9;&#9;return;&#10;&#9;&#9;case &quot;adventurer&quot;:&#10;&#9;&#9;&#9;adventurer.quantity+=i;&#10;&#9;&#9;&#9;return;&#10;&#9;&#9;case &quot;ambassador&quot;:&#10;&#9;&#9;&#9;ambassador.quantity+=i;&#10;&#9;&#9;&#9;return;&#10;&#9;&#9;case &quot;baron&quot;:&#10;&#9;&#9;&#9;baron.quantity+=i;&#10;&#9;&#9;&#9;return;&#10;&#9;&#9;case &quot;council room&quot;:&#10;&#9;&#9;&#9;councilRoom.quantity+=i;&#10;&#9;&#9;&#9;return;&#10;&#9;&#9;case &quot;cutpurse&quot;:&#10;&#9;&#9;&#9;cutPurse.quantity+=i;&#10;&#9;&#9;&#9;return; &#10;&#9;&#9;case &quot;embargo&quot;:&#10;&#9;&#9;&#9;embargo.quantity+=i;&#10;&#9;&#9;&#9;return;&#10;&#9;&#9;case &quot;feast&quot;:&#10;&#9;&#9;&#9;feast.quantity+=i;&#10;&#9;&#9;&#9;return;&#10;&#9;&#9;case &quot;gardens&quot;:&#10;&#9;&#9;&#9;gardens.quantity+=i;&#10;&#9;&#9;&#9;return;&#10;&#9;&#9;case &quot;great hall&quot;:&#10;&#9;&#9;&#9;greatHall.quantity+=i;&#10;&#9;&#9;&#9;return;&#10;&#9;&#9;case &quot;mine&quot;:&#10;&#9;&#9;&#9;mine.quantity+=i;&#10;&#9;&#9;&#9;return;&#10;&#9;&#9;case &quot;smithy&quot;:&#10;&#9;&#9;&#9;smithy.quantity+=i;&#10;&#9;&#9;&#9;return;&#10;&#9;&#9;case &quot;village&quot;:&#10;&#9;&#9;&#9;village.quantity+=i;&#10;&#9;&#9;&#9;return;&#10;&#9;&#9;case &quot;woodcutter&quot;:&#10;&#9;&#9;&#9;woodcutter.quantity+=i;&#10;&#9;&#9;&#9;return;&#10;&#9;&#9;case &quot;curse&quot;:&#10;&#9;&#9;&#9;curse.quantity+=i;&#10;&#9;&#9;&#9;return;&#10;&#9;&#9;&#10;&#9;&#9;}&#10;&#9;}&#10;&#9;&#10;&#9;public boolean endgame() {&#10;&#9;&#9;int emptyPiles=0;&#10;&#9;&#9;String remainingPiles[]={&quot;copper&quot;, &quot;silver&quot;, &quot;gold&quot;, &quot;estate&quot;, &quot;duchy&quot;, &quot;curse&quot;};&#10;&#9;&#9;if(province.quantity&lt;1) return true;&#10;&#9;&#9;for(String card: kingdomCards)&#10;&#9;&#9;&#9;if(howMany(card)&lt;1) emptyPiles++;&#10;&#9;&#9;if(emptyPiles&gt;=3) return true;&#10;&#9;&#9;for(String card: remainingPiles)&#10;&#9;&#9;&#9;if(howMany(card)&lt;1) emptyPiles++;&#10;&#9;&#9;if(emptyPiles&gt;=3) return true;&#10;&#9;&#9;&#10;&#9;&#9;return false;&#10;&#9;}&#10;&#10;&#10;&#10;&#9;&#10;&#9;public void embargo(String embargo2) {&#10;&#9;&#9;switch(embargo2){&#10;&#9;&#9;case &quot;copper&quot;:&#10;&#9;&#9;&#9;copper.embargoTokens++;&#10;&#9;&#9;&#9;break;&#10;&#9;&#9;case &quot;silver&quot;:&#10;&#9;&#9;&#9;silver.embargoTokens++;&#10;&#9;&#9;&#9;break;&#10;&#9;&#9;case &quot;gold&quot;:&#10;&#9;&#9;&#9;gold.embargoTokens++;&#10;&#9;&#9;&#9;break;&#10;&#9;&#9;case &quot;estate&quot;:&#10;&#9;&#9;&#9;estate.embargoTokens++;&#10;&#9;&#9;&#9;break;&#10;&#9;&#9;case &quot;duchy&quot;:&#10;&#9;&#9;&#9;duchy.embargoTokens++;&#10;&#9;&#9;&#9;break;&#10;&#9;&#9;case &quot;province&quot;:&#10;&#9;&#9;&#9;province.embargoTokens++;&#10;&#9;&#9;&#9;break;&#10;&#9;&#9;case &quot;adventurer&quot;:&#10;&#9;&#9;&#9;adventurer.embargoTokens++;&#10;&#9;&#9;&#9;break;&#10;&#9;&#9;case &quot;ambassador&quot;:&#10;&#9;&#9;&#9;ambassador.embargoTokens++;&#10;&#9;&#9;&#9;break;&#10;&#9;&#9;case &quot;baron&quot;:&#10;&#9;&#9;&#9;baron.embargoTokens++;&#10;&#9;&#9;&#9;break;&#10;&#9;&#9;case &quot;council room&quot;:&#10;&#9;&#9;&#9;councilRoom.embargoTokens++;&#10;&#9;&#9;case &quot;cutpurse&quot;:&#10;&#9;&#9;&#9;cutPurse.embargoTokens++;&#10;&#9;&#9;case &quot;embargo&quot;:&#10;&#9;&#9;&#9;embargo.embargoTokens++;&#10;&#9;&#9;&#9;break;&#10;&#9;&#9;case &quot;feast&quot;:&#10;&#9;&#9;&#9;feast.embargoTokens++;&#10;&#9;&#9;&#9;break;&#10;&#9;&#9;case &quot;gardens&quot;:&#10;&#9;&#9;&#9;gardens.embargoTokens++;&#10;&#9;&#9;&#9;break;&#10;&#9;&#9;case &quot;great hall&quot;:&#10;&#9;&#9;&#9;greatHall.embargoTokens++;&#10;&#9;&#9;&#9;break;&#10;&#9;&#9;case &quot;mine&quot;:&#10;&#9;&#9;&#9;mine.embargoTokens++;&#10;&#9;&#9;&#9;break;&#10;&#9;&#9;case &quot;smithy&quot;:&#10;&#9;&#9;&#9;smithy.embargoTokens++;&#10;&#9;&#9;&#9;break;&#10;&#9;&#9;case &quot;village&quot;:&#10;&#9;&#9;&#9;village.embargoTokens++;&#10;&#9;&#9;&#9;break;&#10;&#9;&#9;case &quot;woodcutter&quot;:&#10;&#9;&#9;&#9;woodcutter.embargoTokens++;&#10;&#9;&#9;&#9;break;&#10;&#9;&#9;case &quot;curse&quot;:&#10;&#9;&#9;&#9;curse.embargoTokens++;&#10;&#9;&#9;&#9;break;&#10;&#9;&#9;}&#10;&#9;&#9;&#10;&#9;}&#10;&#10;&#9;public int isEmbargod(String whatCard) {&#10;&#9;&#9;switch(whatCard){&#10;&#9;&#9;case &quot;copper&quot;:&#10;&#9;&#9;&#9;return copper.embargoTokens;&#10;&#9;&#9;case &quot;silver&quot;:&#10;&#9;&#9;&#9;return silver.embargoTokens;&#10;&#9;&#9;case &quot;gold&quot;:&#10;&#9;&#9;&#9;return gold.embargoTokens;&#10;&#9;&#9;case &quot;estate&quot;:&#10;&#9;&#9;&#9;return estate.embargoTokens;&#10;&#9;&#9;case &quot;duchy&quot;:&#10;&#9;&#9;&#9;return duchy.embargoTokens;&#10;&#9;&#9;case &quot;province&quot;:&#10;&#9;&#9;&#9;return province.embargoTokens;&#10;&#9;&#9;case &quot;adventurer&quot;:&#10;&#9;&#9;&#9;return adventurer.embargoTokens;&#10;&#9;&#9;case &quot;ambassador&quot;:&#10;&#9;&#9;&#9;return ambassador.embargoTokens;&#10;&#9;&#9;case &quot;baron&quot;:&#10;&#9;&#9;&#9;return baron.embargoTokens;&#10;&#9;&#9;case &quot;council room&quot;:&#10;&#9;&#9;&#9;return councilRoom.embargoTokens;&#10;&#9;&#9;case &quot;cutpurse&quot;:&#10;&#9;&#9;&#9;return cutPurse.embargoTokens; &#10;&#9;&#9;case &quot;embargo&quot;:&#10;&#9;&#9;&#9;return embargo.embargoTokens;&#10;&#9;&#9;case &quot;feast&quot;:&#10;&#9;&#9;&#9;return feast.embargoTokens;&#10;&#9;&#9;case &quot;gardens&quot;:&#10;&#9;&#9;&#9;return gardens.embargoTokens;&#10;&#9;&#9;case &quot;great hall&quot;:&#10;&#9;&#9;&#9;return greatHall.embargoTokens;&#10;&#9;&#9;case &quot;mine&quot;:&#10;&#9;&#9;&#9;return mine.embargoTokens;&#10;&#9;&#9;case &quot;smithy&quot;:&#10;&#9;&#9;&#9;return smithy.embargoTokens;&#10;&#9;&#9;case &quot;village&quot;:&#10;&#9;&#9;&#9;return village.embargoTokens;&#10;&#9;&#9;case &quot;woodcutter&quot;:&#10;&#9;&#9;&#9;return woodcutter.embargoTokens;&#10;&#9;&#9;case &quot;curse&quot;:&#10;&#9;&#9;&#9;return curse.embargoTokens;&#10;&#9;&#9;}&#10;&#9;&#9;&#10;&#9;&#9;return 0;&#10;&#9;}&#10;}&#10;&#9;" Filename="CardSupply.java" Intrnl_Id="2"/>
<SrcFile Content="package org.cs362.dominion;&#10;&#10;import java.util.LinkedList;&#10;import java.util.List;&#10;&#10;public class Player {&#10;&#9;CardSupply discard, drawPile;&#10;&#9;&#10;&#9;public Player(CardSupply supply)&#10;&#9;{&#10;&#9;&#9;discard=new CardSupply(supply);&#10;&#9;&#9;drawPile=new CardSupply(supply);&#10;&#9;&#9;drawPile.addCard(&quot;copper&quot;, 7);&#10;&#9;&#9;drawPile.addCard(&quot;estate&quot;, 3);&#10;&#9;}&#10;&#10;&#10;&#9;public void shuffleDiscard(){ //doesn't actually shuffle, just moves discard back into drawPile&#10;&#9;&#9;drawPile.adventurer.quantity=discard.adventurer.quantity;&#10;&#9;&#9;discard.adventurer.quantity=0;&#10;&#9;&#9;drawPile.ambassador.quantity=discard.ambassador.quantity;&#10;&#9;&#9;discard.ambassador.quantity=0;&#10;&#9;&#9;drawPile.copper.quantity=discard.copper.quantity;&#10;&#9;&#9;discard.copper.quantity=0;&#10;&#9;&#9;drawPile.silver.quantity=discard.silver.quantity;&#10;&#9;&#9;discard.silver.quantity=0;&#10;&#9;&#9;drawPile.gold.quantity=discard.gold.quantity;&#10;&#9;&#9;discard.gold.quantity=0;&#10;&#9;&#9;drawPile.estate.quantity=discard.estate.quantity;&#10;&#9;&#9;discard.estate.quantity=0;&#10;&#9;&#9;drawPile.baron.quantity=discard.baron.quantity;&#10;&#9;&#9;discard.baron.quantity=0;&#10;&#9;&#9;drawPile.duchy.quantity=discard.duchy.quantity;&#10;&#9;&#9;discard.duchy.quantity=0;&#10;&#9;&#9;drawPile.province.quantity=discard.province.quantity;&#10;&#9;&#9;discard.province.quantity=0;&#10;&#9;&#9;drawPile.curse.quantity=discard.curse.quantity;&#10;&#9;&#9;discard.curse.quantity=0;&#10;&#9;&#9;drawPile.councilRoom.quantity=discard.councilRoom.quantity;&#10;&#9;&#9;discard.councilRoom.quantity=0;&#10;&#9;&#9;drawPile.cutPurse.quantity=discard.cutPurse.quantity;&#10;&#9;&#9;discard.cutPurse.quantity=0;&#10;&#9;&#9;drawPile.embargo.quantity=discard.embargo.quantity;&#10;&#9;&#9;discard.embargo.quantity=0;&#10;&#9;&#9;drawPile.feast.quantity=discard.feast.quantity;&#10;&#9;&#9;discard.feast.quantity=0;&#10;&#9;&#9;drawPile.gardens.quantity=discard.gardens.quantity;&#10;&#9;&#9;discard.gardens.quantity=0;&#10;&#9;&#9;drawPile.greatHall.quantity=discard.greatHall.quantity;&#10;&#9;&#9;discard.greatHall.quantity=0;&#10;&#9;&#9;drawPile.mine.quantity=discard.mine.quantity;&#10;&#9;&#9;discard.mine.quantity=0;&#10;&#9;&#9;drawPile.smithy.quantity=discard.smithy.quantity;&#10;&#9;&#9;discard.smithy.quantity=0;&#10;&#9;&#9;drawPile.village.quantity=discard.village.quantity;&#10;&#9;&#9;discard.village.quantity=0;&#10;&#9;&#9;drawPile.woodcutter.quantity=discard.woodcutter.quantity;&#10;&#9;&#9;discard.woodcutter.quantity=0;&#10;&#9;&#9;return;&#10;&#9;}&#10;&#10;&#9;public Card drawCard() {&#10;&#9;&#9;if(deckSize(drawPile)&lt;1) shuffleDiscard();&#10;&#9;&#9;return drawPile.drawCard();&#10;&#9;}&#10;&#10;&#10;&#9;public int deckSize(CardSupply deck) {&#10;&#9;&#9;List&lt;String&gt; cardsUsed= new LinkedList&lt;String&gt;();&#10;&#9;&#9;int cardsRemaining=0;&#10;&#9;&#9;for(String card : deck.kingdomCards)&#10;&#9;&#9;&#9;cardsUsed.add(card);&#10;&#9;&#9;cardsUsed.add(&quot;copper&quot;);&#10;&#9;&#9;cardsUsed.add(&quot;silver&quot;);&#10;&#9;&#9;cardsUsed.add(&quot;gold&quot;);&#10;&#9;&#9;cardsUsed.add(&quot;duchy&quot;);&#10;&#9;&#9;cardsUsed.add(&quot;estate&quot;);&#10;&#9;&#9;cardsUsed.add(&quot;province&quot;);&#10;&#9;&#9;cardsUsed.add(&quot;curse&quot;);&#10;&#9;&#9;for(String card : cardsUsed)&#10;&#9;&#9;&#9;cardsRemaining+=deck.howMany(card);&#10;&#9;&#9;return cardsRemaining;&#10;&#9;}&#10;&#10;&#10;&#9;public int countPoints() {&#10;&#9;&#9;int myPoints=0;&#10;&#9;&#9;shuffleDiscard();&#10;&#9;&#9;for(String card: discard.smithy.type.allCards())&#10;&#9;&#9;&#9;myPoints+=(discard.cardVP(card)*(drawPile.howMany(card)));&#10;&#9;&#9;myPoints+=deckSize(drawPile)*drawPile.howMany(&quot;gardens&quot;);&#10;&#9;&#9;return myPoints;&#10;&#9;}&#10;&#9;&#10;&#9;&#10;&#9;&#10;&#9;&#10;&#10;}&#10;" Filename="Player.java" Intrnl_Id="3"/>
<SrcFile Content="package org.cs362.dominion;&#10;&#10;import java.sql.Time;&#10;import java.time.Instant;&#10;import java.util.Random;&#10;&#10;public class RandomTestDominion {&#10;&#10;&#9;public static void main(String[] args) {&#10;&#9;&#9;CardSupply supply=new CardSupply();&#10;&#9;&#9;int winnerIndex=0, numberOfPlayers;&#10;&#9;&#9;Turn takeTurn;&#10;&#9;&#9;Random randomness = new Random();&#10;&#10;&#9;&#9;Instant instant;&#10;&#9;&#9;randomness.setSeed(System.currentTimeMillis());&#10;&#9;&#9;&#10;&#9;&#9;numberOfPlayers=(randomness.nextInt(3))+2;&#10;&#9;&#9;Player[] players=new Player[numberOfPlayers];&#10;&#9;&#9;&#10;&#9;&#9;System.out.println(&quot;Number of player: &quot;+numberOfPlayers);&#10;&#9;&#9;&#10;&#9;&#9;for(int i=0; i&lt;numberOfPlayers; i++) players[i]=new Player(supply);&#10;&#9;&#9;&#10;&#9;&#9;int[] victoryPoints = new int[numberOfPlayers];&#10;&#9;&#9;&#10;&#9;&#9;while(!supply.endgame())&#10;&#9;&#9;{&#10;&#9;&#9;&#9;for(int i=0; i&lt;numberOfPlayers; i++){&#10;&#9;&#9;&#9;&#9;takeTurn=new Turn(players[i], supply);&#10;&#9;&#9;&#9;&#9;//System.out.println(&quot;Player &quot;+(i+1)+&quot;:&quot;);&#10;&#9;&#9;&#9;&#9;takeTurn.takeTurn(players[i], players, supply);&#10;&#9;&#9;&#9;}&#10;&#9;&#9;}&#10;&#10;&#9;&#9;for(int i=0; i&lt;numberOfPlayers; i++){&#10;&#9;&#9;&#9;victoryPoints[i] = players[i].countPoints();&#10;&#9;&#9;}&#10;&#10;&#9;&#9;for (int i = 1; i &lt; numberOfPlayers; i++) {&#10;&#9;&#9;    if (victoryPoints[i] &gt; victoryPoints[winnerIndex]) {&#10;&#9;&#9;      winnerIndex = i;&#10;&#9;&#9;    }&#10;&#9;&#9;}&#10;&#9;&#9;&#10;&#9;&#9;System.out.println(&quot;Player &quot; +(winnerIndex+1)+&quot; wins with &quot;+victoryPoints[winnerIndex]+ &quot; points&quot;);&#10;&#9;}&#10;&#10;}&#10;" Filename="RandomTestDominion.java" Intrnl_Id="4"/>
<SrcFile Content="package org.cs362.dominion;&#10;&#10;&#10;public class SupplyStack {&#10;&#9;Card type;&#10;&#9;int quantity, embargoTokens;&#10;&#9;&#10;&#9;public SupplyStack(String type, int count){&#10;&#9;&#9;this.type=new Card(type);&#10;&#9;&#9;quantity=count;&#10;&#9;&#9;embargoTokens=0;&#10;&#9;}&#10;&#9;&#10;&#9;public String getType(){&#10;&#9;&#9;return type.cardType;&#10;&#9;}&#10;&#9;&#10;&#9;public int hasTreasure(){&#10;&#9;&#9;return type.worth;&#10;&#9;}&#10;&#9;&#9;&#10;}&#10;" Filename="SupplyStack.java" Intrnl_Id="5"/>
<SrcFile Content="package org.cs362.dominion;&#10;&#10;import java.util.LinkedList;&#10;import java.util.List;&#10;import java.util.ListIterator;&#10;import java.util.Random;&#10;&#10;public class Turn {&#10;&#9;int actions, buys, treasure;&#10;&#9;List&lt;Card&gt; hand;&#10;&#9;&#10;&#9;public Turn(Player player, CardSupply theSupply){&#10;&#9;&#9;actions=1;&#10;&#9;&#9;buys=1;&#10;&#9;&#9;treasure=0;&#10;&#9;&#9;hand= new LinkedList&lt;Card&gt;();&#10;&#9;&#9;&#10;&#9;&#9;for(int i=0; i&lt;5; i++){&#10;&#9;&#9;&#9;hand.add(player.drawCard());&#10;&#9;&#9;}&#10;&#10;&#9;}&#10;&#10;&#9;public void buyCards(Player player, CardSupply theSupply) {&#10;&#9;&#9;String whatCard=&quot;nothing&quot;;&#10;&#9;&#9;String pick2[]={&quot;estate&quot;, &quot;embargo&quot;};&#10;&#9;&#9;String pick3[]={&quot;silver&quot;, &quot;ambassador&quot;, &quot;great hall&quot;, &quot;village&quot;, &quot;woodcutter&quot;};&#10;&#9;&#9;String pick4[]={&quot;baron&quot;, &quot;cutpurse&quot;, &quot;feast&quot;, &quot;gardens&quot;, &quot;smithy&quot;};&#10;&#9;&#9;String pick5[]={&quot;council room&quot;, &quot;mine&quot;};&#10;&#9;&#9;String pick6[]={&quot;gold&quot;, &quot;adventurer&quot;};&#10;&#9;&#9;Random randomness=new Random();&#10;&#9;&#9;&#10;&#9;&#9;switch(treasure){&#10;&#9;&#9;case 1: //no card costs 1, therefore default to purchasing copper &#10;&#9;&#9;case 0:&#10;&#9;&#9;&#9;if(theSupply.copper.quantity&gt;0){&#10;&#9;&#9;&#9;&#9;player.discard.addCard(&quot;copper&quot;);&#10;&#9;&#9;&#9;&#9;theSupply.removeCard(&quot;copper&quot;);&#10;&#9;&#9;&#9;&#9;whatCard=&quot;copper&quot;;&#10;&#9;&#9;&#9;}&#10;&#9;&#9;&#9;break;&#10;&#9;&#9;case 2:&#10;&#9;&#9;&#9;whatCard = pick2[randomness.nextInt(2)];&#10;&#9;&#9;&#9;if(theSupply.howMany(whatCard)&lt;1) whatCard=pick2[randomness.nextInt(2)];&#10;&#9;&#9;&#9;player.discard.addCard(whatCard);&#10;&#9;&#9;&#9;theSupply.removeCard(whatCard);&#10;&#9;&#9;&#9;spend(2, player);&#10;&#9;&#9;&#9;break;&#10;&#9;&#9;case 3:&#10;&#9;&#9;&#9;whatCard= pick3[randomness.nextInt(5)];&#10;&#9;&#9;&#9;if(theSupply.howMany(whatCard)&lt;1){&#10;&#9;&#9;&#9;&#9;for(int i=0; i&lt;5; i++){ //make sure we're not looking forever&#10;&#9;&#9;&#9;&#9;&#9;whatCard= pick3[randomness.nextInt(5)];&#10;&#9;&#9;&#9;&#9;&#9;if(theSupply.howMany(whatCard)&gt;0) break;&#10;&#9;&#9;&#9;&#9;}&#9;&#9;&#9;&#9;&#9;&#10;&#9;&#9;&#9;}&#10;&#9;&#9;&#9;player.discard.addCard(whatCard);&#10;&#9;&#9;&#9;theSupply.removeCard(whatCard);&#10;&#9;&#9;&#9;spend(3, player);&#10;&#9;&#9;&#9;break;&#10;&#9;&#9;case 4:&#10;&#9;&#9;&#9;whatCard= pick4[randomness.nextInt(5)];&#10;&#9;&#9;&#9;if(theSupply.howMany(whatCard)&lt;1){&#10;&#9;&#9;&#9;&#9;for(int i=0; i&lt;5; i++){ //make sure we're not looking forever&#10;&#9;&#9;&#9;&#9;&#9;whatCard= pick4[randomness.nextInt(5)];&#10;&#9;&#9;&#9;&#9;&#9;if(theSupply.howMany(whatCard)&gt;0) break;&#10;&#9;&#9;&#9;&#9;}&#9;&#9;&#9;&#9;&#9;&#10;&#9;&#9;&#9;}&#10;&#9;&#9;&#9;player.discard.addCard(whatCard);&#10;&#9;&#9;&#9;theSupply.removeCard(whatCard);&#10;&#9;&#9;&#9;spend(3, player);&#10;&#9;&#9;&#9;break;&#10;&#9;&#9;case 5:&#10;&#9;&#9;&#9;whatCard= pick5[randomness.nextInt(2)];&#10;&#9;&#9;&#9;if(theSupply.howMany(whatCard)&lt;1){&#10;&#9;&#9;&#9;&#9;for(int i=0; i&lt;5; i++){ //make sure we're not looking forever&#10;&#9;&#9;&#9;&#9;&#9;whatCard= pick5[randomness.nextInt(2)];&#10;&#9;&#9;&#9;&#9;&#9;if(theSupply.howMany(whatCard)&gt;0) break;&#10;&#9;&#9;&#9;&#9;}&#9;&#9;&#9;&#9;&#9;&#10;&#9;&#9;&#9;}&#10;&#9;&#9;&#9;player.discard.addCard(whatCard);&#10;&#9;&#9;&#9;theSupply.removeCard(whatCard);&#10;&#9;&#9;&#9;spend(5, player);&#10;&#9;&#9;&#9;break;&#10;&#9;&#9;case 6:&#10;&#9;&#9;&#9;whatCard= pick6[randomness.nextInt(2)];&#10;&#9;&#9;&#9;if(theSupply.howMany(whatCard)&lt;1){&#10;&#9;&#9;&#9;&#9;for(int i=0; i&lt;5; i++){ //make sure we're not looking forever&#10;&#9;&#9;&#9;&#9;&#9;whatCard= pick6[randomness.nextInt(2)];&#10;&#9;&#9;&#9;&#9;&#9;if(theSupply.howMany(whatCard)&gt;0) break;&#10;&#9;&#9;&#9;&#9;}&#9;&#9;&#9;&#9;&#9;&#10;&#9;&#9;&#9;}&#10;&#9;&#9;&#9;player.discard.addCard(whatCard);&#10;&#9;&#9;&#9;theSupply.removeCard(whatCard);&#10;&#9;&#9;&#9;spend(6, player);&#10;&#9;&#9;&#9;break;&#10;&#9;&#9;default: &#10;&#9;&#9;&#9;if(theSupply.province.quantity&gt;0)&#10;&#9;&#9;&#9;&#9;{&#10;&#9;&#9;&#9;&#9;player.discard.addCard(&quot;province&quot;);&#10;&#9;&#9;&#9;&#9;theSupply.removeCard(&quot;province&quot;);&#10;&#9;&#9;&#9;&#9;spend(8, player);&#10;&#9;&#9;&#9;&#9;whatCard=&quot;province&quot;;&#10;&#9;&#9;&#9;&#9;}&#10;&#9;&#9;}&#10;&#9;&#9;player.discard.addCard(&quot;curse&quot;, theSupply.isEmbargod(whatCard));&#10;&#9;&#9;//System.out.println(&quot;I purchased &quot;+whatCard);&#10;&#9;&#9;return;&#10;&#9;&#9;&#10;&#9;}&#10;&#10;&#9;public void spend(int i, Player player) {&#10;&#9;&#9;ListIterator&lt;Card&gt; iterator = hand.listIterator();&#10;&#9;&#9;Card myCard;&#10;&#9;&#9;while(iterator.hasNext()){&#10;&#9;&#9;&#9;myCard=iterator.next();&#10;&#9;&#9;&#9;if(myCard.worth&gt;0){&#10;&#9;&#9;&#9;&#9;i-=myCard.worth;&#10;&#9;&#9;&#9;&#9;player.discard.addCard(myCard.cardType);&#10;&#9;&#9;&#9;&#9;&#10;&#9;&#9;&#9;&#9;if(i&lt;1) return;&#10;&#9;&#9;&#9;}&#10;&#9;&#9;}&#10;&#9;&#9;&#10;&#9;}&#10;&#10;&#9;public void endTurn(Player player) {&#10;&#9;&#9;for(int i=0; i&lt;hand.size(); i++){&#10;&#9;&#9;&#9;player.discard.addCard(hand.get(i).cardType);&#10;&#9;&#9;}&#10;&#9;&#9;hand.clear();&#10;&#9;}&#10;&#9;&#10;&#9;public void takeTurn(Player player, Player[] players, CardSupply theSupply){&#10;&#9;&#9;while(actions &gt; 0){&#10;&#9;&#9;&#9;playAction(player, players, theSupply);&#10;&#9;&#9;&#9;actions--;&#10;&#9;&#9;}&#10;&#9;&#9;&#10;&#10;&#9;&#9;&#10;&#9;&#9;while(buys &gt; 0){&#10;&#9;&#9;&#9;for(int i=0; i&lt;hand.size(); i++){&#10;&#9;&#9;&#9;&#9;treasure+=hand.get(i).worth; //calculate worth.&#10;&#9;&#9;&#9;}&#10;&#9;&#9;&#9;buyCards(player, theSupply);&#10;&#9;&#9;&#9;buys--;&#10;&#9;&#9;}&#10;&#9;&#9;&#10;&#9;&#9;endTurn(player);&#9;&#10;&#9;}&#10;&#10;&#9;public void playAction(Player player, Player[] players, CardSupply theSupply) {&#10;&#9;&#9;for(int i=0; i&lt;hand.size()+1; i++) //go through each card in hand.&#10;&#9;&#9;{&#10;&#9;&#9;&#9;if(i==hand.size()) break;&#10;&#9;&#9;&#9;if(hand.get(i).action){&#10;&#9;&#9;&#9;&#9;//System.out.println(&quot;I play &quot;+hand.get(i).cardType);&#10;&#9;&#9;&#9;&#9;actions+=hand.get(i).actionsGranted;;&#10;&#9;&#9;&#9;&#9;buys+=hand.get(i).buysGranted;&#10;&#9;&#9;&#9;&#9;treasure+=hand.get(i).worth;&#10;&#9;&#9;&#9;&#9;for(int j=0; j&lt;hand.get(i).cardsGranted; j++){&#10;&#9;&#9;&#9;&#9;&#9;hand.add(player.drawCard());&#10;&#9;&#9;&#9;&#9;}&#10;&#9;&#9;&#9;&#9;Card card=hand.get(i);&#10;&#9;&#9;&#9;&#9;if(hand.get(i).special) doTheThing(hand.get(i), player, players, theSupply);&#10;&#9;&#9;&#9;&#9;else player.discard.addCard(hand.get(i).cardType);&#10;&#9;&#9;&#9;&#9;hand.remove(card);&#10;&#9;&#9;&#9;&#9;return;&#10;&#9;&#9;&#9;}&#10;&#9;&#9;}&#10;&#9;&#9;//System.out.println(&quot;I forfitted an action&quot;);&#10;&#9;&#9;return;&#10;&#9;}&#10;&#10;&#9;public void doTheThing(Card card, Player player, Player[] players, CardSupply theSupply) {&#10;&#9;&#9;String whatCard;&#10;&#9;&#9;Random randomness = new Random();&#10;&#9;&#9;switch(card.cardType){&#10;&#9;&#9;case &quot;mine&quot;:&#10;&#9;&#9;&#9;ListIterator&lt;Card&gt; myHand = hand.listIterator();&#10;&#9;&#9;&#9;Card thisCard;&#10;&#9;&#9;&#9;&#10;&#9;&#9;&#9;while(myHand.hasNext()){&#10;&#9;&#9;&#9;&#9;thisCard=myHand.next();&#10;&#9;&#9;&#9;&#9;if(thisCard.cardType==&quot;copper&quot;)&#10;&#9;&#9;&#9;&#9;{&#10;&#9;&#9;&#9;&#9;&#9;hand.remove(card);&#10;&#9;&#9;&#9;&#9;&#9;hand.add(new Card(&quot;silver&quot;));&#10;&#9;&#9;&#9;&#9;&#9;return;&#10;&#9;&#9;&#9;&#9;}&#10;&#9;&#9;&#9;&#9;else if(thisCard.cardType==&quot;silver&quot;)&#10;&#9;&#9;&#9;&#9;{&#10;&#9;&#9;&#9;&#9;&#9;hand.remove(card);&#10;&#9;&#9;&#9;&#9;&#9;hand.add(new Card(&quot;gold&quot;));&#10;&#9;&#9;&#9;&#9;&#9;return;&#10;&#9;&#9;&#9;&#9;}&#10;&#9;&#9;&#9;}&#10;&#9;&#9;&#9;//System.out.println(&quot;I chose to forfit my use of Mine&quot;);&#10;&#9;&#9;&#9;break;&#10;&#9;&#9;case &quot;feast&quot;:&#10;&#9;&#9;&#9;hand.remove(card);&#10;&#9;&#9;&#9;String pick[]={&quot;estate&quot;, &quot;embargo&quot;, &quot;silver&quot;, &quot;ambassador&quot;, &quot;great hall&quot;, &quot;village&quot;, &quot;woodcutter&quot;, &quot;baron&quot;, &quot;cutpurse&quot;, &quot;feast&quot;, &quot;gardens&quot;, &quot;smithy&quot;, &quot;council room&quot;, &quot;mine&quot;};&#10;&#9;&#9;&#9;whatCard= pick[randomness.nextInt(14)];&#10;&#9;&#9;&#9;if(theSupply.howMany(whatCard)&lt;1){&#10;&#9;&#9;&#9;&#9;for(int i=0; i&lt;14; i++){ //make sure we're not looking forever&#10;&#9;&#9;&#9;&#9;&#9;whatCard= pick[randomness.nextInt(2)];&#10;&#9;&#9;&#9;&#9;&#9;if(theSupply.howMany(whatCard)&gt;0) break;&#10;&#9;&#9;&#9;&#9;}&#10;&#9;&#9;&#9;if(whatCard==null); //System.out.println(&quot;I didn't find a card to pick up&quot;);&#10;&#9;&#9;&#9;else hand.add(new Card(whatCard));&#10;&#9;&#9;&#9;return;&#10;&#9;&#9;&#9;}&#10;&#9;&#9;case &quot;embargo&quot;:&#10;&#9;&#9;&#9;hand.remove(card);&#10;&#9;&#9;&#9;String embargo = theSupply.kingdomCards.get(randomness.nextInt(theSupply.kingdomCards.size()));&#10;&#9;&#9;&#9;theSupply.embargo(embargo);&#10;&#9;&#9;&#9;return;&#10;&#9;&#9;&#10;&#9;&#9;&#9;}&#10;&#9;&#9;&#10;&#9;&#9;return;&#10;&#9;&#9;}&#9;&#9;&#10;&#9;&#10;}&#10;" Filename="Turn.java" Intrnl_Id="6"/>
</SrcFileList>
<CritList>
<CritListEntry Name="org.codecover.model.utils.criteria.LoopCoverage" PluginName="org.codecover"/>
<CritListEntry Name="org.codecover.model.utils.criteria.QMOCoverage" PluginName="org.codecover"/>
<CritListEntry Name="org.codecover.model.utils.criteria.ConditionCoverage" PluginName="org.codecover"/>
<CritListEntry Name="org.codecover.model.utils.criteria.BranchCoverage" PluginName="org.codecover"/>
<CritListEntry Name="org.codecover.model.utils.criteria.SynchronizedStatementCoverage" PluginName="org.codecover"/>
<CritListEntry Name="org.codecover.model.utils.criteria.StatementCoverage" PluginName="org.codecover"/>
</CritList>
<BoolOpList>
<BoolOp Arity="1" Intrnl_Id="7" Name="not (!)">
<BoolAssgnmntBoolMapList>
<MapEntry BoolAssgnmnt="1" Value="false"/>
<MapEntry BoolAssgnmnt="0" Value="true"/>
</BoolAssgnmntBoolMapList>
</BoolOp>
</BoolOpList>
<HierarchyLvlTypeList>
<HierarchyLvlType EnglishName="package" IntrnlName="package" Intrnl_Id="8"/>
<HierarchyLvlType EnglishName="method" IntrnlName="method" Intrnl_Id="9"/>
<HierarchyLvlType EnglishName="class" IntrnlName="class" Intrnl_Id="10"/>
<HierarchyLvlType EnglishName="default package" IntrnlName="default package" Intrnl_Id="11"/>
</HierarchyLvlTypeList>
<MASTRoot>
<HierarchyLvl HierarchyLvlId="250" HierarchyLvlTypeId="11" Intrnl_Id="12" Name="default package">
<Header/>
<LocList/>
<HierarchyLvl HierarchyLvlId="249" HierarchyLvlTypeId="8" Intrnl_Id="13" Name="org">
<Header/>
<LocList/>
<HierarchyLvl HierarchyLvlId="248" HierarchyLvlTypeId="8" Intrnl_Id="14" Name="cs362">
<Header/>
<LocList/>
<HierarchyLvl HierarchyLvlId="247" HierarchyLvlTypeId="8" Intrnl_Id="15" Name="dominion">
<Header/>
<LocList/>
<HierarchyLvl HierarchyLvlId="212" HierarchyLvlTypeId="10" Intrnl_Id="16" Name="Card">
<Header>
<Loc EndOffset="47" SrcFileId="1" StartOffset="30"/>
</Header>
<LocList>
<Loc EndOffset="7041" SrcFileId="1" StartOffset="30"/>
</LocList>
<HierarchyLvl HierarchyLvlId="189" HierarchyLvlTypeId="9" Intrnl_Id="17" Name="Card">
<Header>
<Loc EndOffset="196" SrcFileId="1" StartOffset="172"/>
</Header>
<LocList>
<Loc EndOffset="1526" SrcFileId="1" StartOffset="172"/>
</LocList>
<StmntSeq Intrnl_Id="18">
<LocList>
<Loc EndOffset="216" SrcFileId="1" StartOffset="202"/>
<Loc EndOffset="232" SrcFileId="1" StartOffset="219"/>
<Loc EndOffset="1520" SrcFileId="1" StartOffset="238"/>
</LocList>
<BasicStmnt CovItemId="S1" CovItemPrefix="org.cs362.dominion.Card.java" Intrnl_Id="19">
<LocList>
<Loc EndOffset="216" SrcFileId="1" StartOffset="202"/>
</LocList>
</BasicStmnt>
<BasicStmnt CovItemId="S2" CovItemPrefix="org.cs362.dominion.Card.java" Intrnl_Id="20">
<LocList>
<Loc EndOffset="232" SrcFileId="1" StartOffset="219"/>
</LocList>
</BasicStmnt>
<CondStmnt CovItemId="S3" CovItemPrefix="org.cs362.dominion.Card.java" Intrnl_Id="21">
<Branch CovItemId="B1" CovItemPrefix="org.cs362.dominion.Card.java" Implct="false" Intrnl_Id="22">
<Cond>
<Loc EndOffset="268" SrcFileId="1" StartOffset="255"/>
</Cond>
<LocList>
<Loc EndOffset="302" SrcFileId="1" StartOffset="274"/>
</LocList>
<StmntSeq Intrnl_Id="23">
<LocList>
<Loc EndOffset="291" SrcFileId="1" StartOffset="274"/>
<Loc EndOffset="302" SrcFileId="1" StartOffset="296"/>
</LocList>
<BasicStmnt CovItemId="S4" CovItemPrefix="org.cs362.dominion.Card.java" Intrnl_Id="24">
<LocList>
<Loc EndOffset="291" SrcFileId="1" StartOffset="274"/>
</LocList>
</BasicStmnt>
<BasicStmnt CovItemId="S5" CovItemPrefix="org.cs362.dominion.Card.java" Intrnl_Id="25">
<LocList>
<Loc EndOffset="302" SrcFileId="1" StartOffset="296"/>
</LocList>
</BasicStmnt>
</StmntSeq>
</Branch>
<Branch CovItemId="B2" CovItemPrefix="org.cs362.dominion.Card.java" Implct="false" Intrnl_Id="26">
<Cond>
<Loc EndOffset="319" SrcFileId="1" StartOffset="306"/>
</Cond>
<LocList>
<Loc EndOffset="353" SrcFileId="1" StartOffset="325"/>
</LocList>
<StmntSeq Intrnl_Id="27">
<LocList>
<Loc EndOffset="342" SrcFileId="1" StartOffset="325"/>
<Loc EndOffset="353" SrcFileId="1" StartOffset="347"/>
</LocList>
<BasicStmnt CovItemId="S6" CovItemPrefix="org.cs362.dominion.Card.java" Intrnl_Id="28">
<LocList>
<Loc EndOffset="342" SrcFileId="1" StartOffset="325"/>
</LocList>
</BasicStmnt>
<BasicStmnt CovItemId="S7" CovItemPrefix="org.cs362.dominion.Card.java" Intrnl_Id="29">
<LocList>
<Loc EndOffset="353" SrcFileId="1" StartOffset="347"/>
</LocList>
</BasicStmnt>
</StmntSeq>
</Branch>
<Branch CovItemId="B3" CovItemPrefix="org.cs362.dominion.Card.java" Implct="false" Intrnl_Id="30">
<Cond>
<Loc EndOffset="368" SrcFileId="1" StartOffset="357"/>
</Cond>
<LocList>
<Loc EndOffset="400" SrcFileId="1" StartOffset="374"/>
</LocList>
<StmntSeq Intrnl_Id="31">
<LocList>
<Loc EndOffset="389" SrcFileId="1" StartOffset="374"/>
<Loc EndOffset="400" SrcFileId="1" StartOffset="394"/>
</LocList>
<BasicStmnt CovItemId="S8" CovItemPrefix="org.cs362.dominion.Card.java" Intrnl_Id="32">
<LocList>
<Loc EndOffset="389" SrcFileId="1" StartOffset="374"/>
</LocList>
</BasicStmnt>
<BasicStmnt CovItemId="S9" CovItemPrefix="org.cs362.dominion.Card.java" Intrnl_Id="33">
<LocList>
<Loc EndOffset="400" SrcFileId="1" StartOffset="394"/>
</LocList>
</BasicStmnt>
</StmntSeq>
</Branch>
<Branch CovItemId="B4" CovItemPrefix="org.cs362.dominion.Card.java" Implct="false" Intrnl_Id="34">
<Cond>
<Loc EndOffset="417" SrcFileId="1" StartOffset="404"/>
</Cond>
<LocList>
<Loc EndOffset="451" SrcFileId="1" StartOffset="423"/>
</LocList>
<StmntSeq Intrnl_Id="35">
<LocList>
<Loc EndOffset="440" SrcFileId="1" StartOffset="423"/>
<Loc EndOffset="451" SrcFileId="1" StartOffset="445"/>
</LocList>
<BasicStmnt CovItemId="S10" CovItemPrefix="org.cs362.dominion.Card.java" Intrnl_Id="36">
<LocList>
<Loc EndOffset="440" SrcFileId="1" StartOffset="423"/>
</LocList>
</BasicStmnt>
<BasicStmnt CovItemId="S11" CovItemPrefix="org.cs362.dominion.Card.java" Intrnl_Id="37">
<LocList>
<Loc EndOffset="451" SrcFileId="1" StartOffset="445"/>
</LocList>
</BasicStmnt>
</StmntSeq>
</Branch>
<Branch CovItemId="B5" CovItemPrefix="org.cs362.dominion.Card.java" Implct="false" Intrnl_Id="38">
<Cond>
<Loc EndOffset="467" SrcFileId="1" StartOffset="455"/>
</Cond>
<LocList>
<Loc EndOffset="500" SrcFileId="1" StartOffset="473"/>
</LocList>
<StmntSeq Intrnl_Id="39">
<LocList>
<Loc EndOffset="489" SrcFileId="1" StartOffset="473"/>
<Loc EndOffset="500" SrcFileId="1" StartOffset="494"/>
</LocList>
<BasicStmnt CovItemId="S12" CovItemPrefix="org.cs362.dominion.Card.java" Intrnl_Id="40">
<LocList>
<Loc EndOffset="489" SrcFileId="1" StartOffset="473"/>
</LocList>
</BasicStmnt>
<BasicStmnt CovItemId="S13" CovItemPrefix="org.cs362.dominion.Card.java" Intrnl_Id="41">
<LocList>
<Loc EndOffset="500" SrcFileId="1" StartOffset="494"/>
</LocList>
</BasicStmnt>
</StmntSeq>
</Branch>
<Branch CovItemId="B6" CovItemPrefix="org.cs362.dominion.Card.java" Implct="false" Intrnl_Id="42">
<Cond>
<Loc EndOffset="519" SrcFileId="1" StartOffset="504"/>
</Cond>
<LocList>
<Loc EndOffset="555" SrcFileId="1" StartOffset="525"/>
</LocList>
<StmntSeq Intrnl_Id="43">
<LocList>
<Loc EndOffset="544" SrcFileId="1" StartOffset="525"/>
<Loc EndOffset="555" SrcFileId="1" StartOffset="549"/>
</LocList>
<BasicStmnt CovItemId="S14" CovItemPrefix="org.cs362.dominion.Card.java" Intrnl_Id="44">
<LocList>
<Loc EndOffset="544" SrcFileId="1" StartOffset="525"/>
</LocList>
</BasicStmnt>
<BasicStmnt CovItemId="S15" CovItemPrefix="org.cs362.dominion.Card.java" Intrnl_Id="45">
<LocList>
<Loc EndOffset="555" SrcFileId="1" StartOffset="549"/>
</LocList>
</BasicStmnt>
</StmntSeq>
</Branch>
<Branch CovItemId="B7" CovItemPrefix="org.cs362.dominion.Card.java" Implct="false" Intrnl_Id="46">
<Cond>
<Loc EndOffset="576" SrcFileId="1" StartOffset="559"/>
</Cond>
<LocList>
<Loc EndOffset="631" SrcFileId="1" StartOffset="582"/>
</LocList>
<StmntSeq Intrnl_Id="47">
<LocList>
<Loc EndOffset="603" SrcFileId="1" StartOffset="582"/>
<Loc EndOffset="620" SrcFileId="1" StartOffset="608"/>
<Loc EndOffset="631" SrcFileId="1" StartOffset="625"/>
</LocList>
<BasicStmnt CovItemId="S16" CovItemPrefix="org.cs362.dominion.Card.java" Intrnl_Id="48">
<LocList>
<Loc EndOffset="603" SrcFileId="1" StartOffset="582"/>
</LocList>
</BasicStmnt>
<BasicStmnt CovItemId="S17" CovItemPrefix="org.cs362.dominion.Card.java" Intrnl_Id="49">
<LocList>
<Loc EndOffset="620" SrcFileId="1" StartOffset="608"/>
</LocList>
</BasicStmnt>
<BasicStmnt CovItemId="S18" CovItemPrefix="org.cs362.dominion.Card.java" Intrnl_Id="50">
<LocList>
<Loc EndOffset="631" SrcFileId="1" StartOffset="625"/>
</LocList>
</BasicStmnt>
</StmntSeq>
</Branch>
<Branch CovItemId="B8" CovItemPrefix="org.cs362.dominion.Card.java" Implct="false" Intrnl_Id="51">
<Cond>
<Loc EndOffset="652" SrcFileId="1" StartOffset="635"/>
</Cond>
<LocList>
<Loc EndOffset="707" SrcFileId="1" StartOffset="658"/>
</LocList>
<StmntSeq Intrnl_Id="52">
<LocList>
<Loc EndOffset="679" SrcFileId="1" StartOffset="658"/>
<Loc EndOffset="696" SrcFileId="1" StartOffset="684"/>
<Loc EndOffset="707" SrcFileId="1" StartOffset="701"/>
</LocList>
<BasicStmnt CovItemId="S19" CovItemPrefix="org.cs362.dominion.Card.java" Intrnl_Id="53">
<LocList>
<Loc EndOffset="679" SrcFileId="1" StartOffset="658"/>
</LocList>
</BasicStmnt>
<BasicStmnt CovItemId="S20" CovItemPrefix="org.cs362.dominion.Card.java" Intrnl_Id="54">
<LocList>
<Loc EndOffset="696" SrcFileId="1" StartOffset="684"/>
</LocList>
</BasicStmnt>
<BasicStmnt CovItemId="S21" CovItemPrefix="org.cs362.dominion.Card.java" Intrnl_Id="55">
<LocList>
<Loc EndOffset="707" SrcFileId="1" StartOffset="701"/>
</LocList>
</BasicStmnt>
</StmntSeq>
</Branch>
<Branch CovItemId="B9" CovItemPrefix="org.cs362.dominion.Card.java" Implct="false" Intrnl_Id="56">
<Cond>
<Loc EndOffset="723" SrcFileId="1" StartOffset="711"/>
</Cond>
<LocList>
<Loc EndOffset="773" SrcFileId="1" StartOffset="729"/>
</LocList>
<StmntSeq Intrnl_Id="57">
<LocList>
<Loc EndOffset="745" SrcFileId="1" StartOffset="729"/>
<Loc EndOffset="762" SrcFileId="1" StartOffset="750"/>
<Loc EndOffset="773" SrcFileId="1" StartOffset="767"/>
</LocList>
<BasicStmnt CovItemId="S22" CovItemPrefix="org.cs362.dominion.Card.java" Intrnl_Id="58">
<LocList>
<Loc EndOffset="745" SrcFileId="1" StartOffset="729"/>
</LocList>
</BasicStmnt>
<BasicStmnt CovItemId="S23" CovItemPrefix="org.cs362.dominion.Card.java" Intrnl_Id="59">
<LocList>
<Loc EndOffset="762" SrcFileId="1" StartOffset="750"/>
</LocList>
</BasicStmnt>
<BasicStmnt CovItemId="S24" CovItemPrefix="org.cs362.dominion.Card.java" Intrnl_Id="60">
<LocList>
<Loc EndOffset="773" SrcFileId="1" StartOffset="767"/>
</LocList>
</BasicStmnt>
</StmntSeq>
</Branch>
<Branch CovItemId="B10" CovItemPrefix="org.cs362.dominion.Card.java" Implct="false" Intrnl_Id="61">
<Cond>
<Loc EndOffset="796" SrcFileId="1" StartOffset="777"/>
</Cond>
<LocList>
<Loc EndOffset="852" SrcFileId="1" StartOffset="802"/>
</LocList>
<StmntSeq Intrnl_Id="62">
<LocList>
<Loc EndOffset="824" SrcFileId="1" StartOffset="802"/>
<Loc EndOffset="841" SrcFileId="1" StartOffset="829"/>
<Loc EndOffset="852" SrcFileId="1" StartOffset="846"/>
</LocList>
<BasicStmnt CovItemId="S25" CovItemPrefix="org.cs362.dominion.Card.java" Intrnl_Id="63">
<LocList>
<Loc EndOffset="824" SrcFileId="1" StartOffset="802"/>
</LocList>
</BasicStmnt>
<BasicStmnt CovItemId="S26" CovItemPrefix="org.cs362.dominion.Card.java" Intrnl_Id="64">
<LocList>
<Loc EndOffset="841" SrcFileId="1" StartOffset="829"/>
</LocList>
</BasicStmnt>
<BasicStmnt CovItemId="S27" CovItemPrefix="org.cs362.dominion.Card.java" Intrnl_Id="65">
<LocList>
<Loc EndOffset="852" SrcFileId="1" StartOffset="846"/>
</LocList>
</BasicStmnt>
</StmntSeq>
</Branch>
<Branch CovItemId="B11" CovItemPrefix="org.cs362.dominion.Card.java" Implct="false" Intrnl_Id="66">
<Cond>
<Loc EndOffset="871" SrcFileId="1" StartOffset="856"/>
</Cond>
<LocList>
<Loc EndOffset="924" SrcFileId="1" StartOffset="877"/>
</LocList>
<StmntSeq Intrnl_Id="67">
<LocList>
<Loc EndOffset="896" SrcFileId="1" StartOffset="877"/>
<Loc EndOffset="913" SrcFileId="1" StartOffset="901"/>
<Loc EndOffset="924" SrcFileId="1" StartOffset="918"/>
</LocList>
<BasicStmnt CovItemId="S28" CovItemPrefix="org.cs362.dominion.Card.java" Intrnl_Id="68">
<LocList>
<Loc EndOffset="896" SrcFileId="1" StartOffset="877"/>
</LocList>
</BasicStmnt>
<BasicStmnt CovItemId="S29" CovItemPrefix="org.cs362.dominion.Card.java" Intrnl_Id="69">
<LocList>
<Loc EndOffset="913" SrcFileId="1" StartOffset="901"/>
</LocList>
</BasicStmnt>
<BasicStmnt CovItemId="S30" CovItemPrefix="org.cs362.dominion.Card.java" Intrnl_Id="70">
<LocList>
<Loc EndOffset="924" SrcFileId="1" StartOffset="918"/>
</LocList>
</BasicStmnt>
</StmntSeq>
</Branch>
<Branch CovItemId="B12" CovItemPrefix="org.cs362.dominion.Card.java" Implct="false" Intrnl_Id="71">
<Cond>
<Loc EndOffset="942" SrcFileId="1" StartOffset="928"/>
</Cond>
<LocList>
<Loc EndOffset="994" SrcFileId="1" StartOffset="948"/>
</LocList>
<StmntSeq Intrnl_Id="72">
<LocList>
<Loc EndOffset="966" SrcFileId="1" StartOffset="948"/>
<Loc EndOffset="983" SrcFileId="1" StartOffset="971"/>
<Loc EndOffset="994" SrcFileId="1" StartOffset="988"/>
</LocList>
<BasicStmnt CovItemId="S31" CovItemPrefix="org.cs362.dominion.Card.java" Intrnl_Id="73">
<LocList>
<Loc EndOffset="966" SrcFileId="1" StartOffset="948"/>
</LocList>
</BasicStmnt>
<BasicStmnt CovItemId="S32" CovItemPrefix="org.cs362.dominion.Card.java" Intrnl_Id="74">
<LocList>
<Loc EndOffset="983" SrcFileId="1" StartOffset="971"/>
</LocList>
</BasicStmnt>
<BasicStmnt CovItemId="S33" CovItemPrefix="org.cs362.dominion.Card.java" Intrnl_Id="75">
<LocList>
<Loc EndOffset="994" SrcFileId="1" StartOffset="988"/>
</LocList>
</BasicStmnt>
</StmntSeq>
</Branch>
<Branch CovItemId="B13" CovItemPrefix="org.cs362.dominion.Card.java" Implct="false" Intrnl_Id="76">
<Cond>
<Loc EndOffset="1010" SrcFileId="1" StartOffset="998"/>
</Cond>
<LocList>
<Loc EndOffset="1060" SrcFileId="1" StartOffset="1016"/>
</LocList>
<StmntSeq Intrnl_Id="77">
<LocList>
<Loc EndOffset="1032" SrcFileId="1" StartOffset="1016"/>
<Loc EndOffset="1049" SrcFileId="1" StartOffset="1037"/>
<Loc EndOffset="1060" SrcFileId="1" StartOffset="1054"/>
</LocList>
<BasicStmnt CovItemId="S34" CovItemPrefix="org.cs362.dominion.Card.java" Intrnl_Id="78">
<LocList>
<Loc EndOffset="1032" SrcFileId="1" StartOffset="1016"/>
</LocList>
</BasicStmnt>
<BasicStmnt CovItemId="S35" CovItemPrefix="org.cs362.dominion.Card.java" Intrnl_Id="79">
<LocList>
<Loc EndOffset="1049" SrcFileId="1" StartOffset="1037"/>
</LocList>
</BasicStmnt>
<BasicStmnt CovItemId="S36" CovItemPrefix="org.cs362.dominion.Card.java" Intrnl_Id="80">
<LocList>
<Loc EndOffset="1060" SrcFileId="1" StartOffset="1054"/>
</LocList>
</BasicStmnt>
</StmntSeq>
</Branch>
<Branch CovItemId="B14" CovItemPrefix="org.cs362.dominion.Card.java" Implct="false" Intrnl_Id="81">
<Cond>
<Loc EndOffset="1078" SrcFileId="1" StartOffset="1064"/>
</Cond>
<LocList>
<Loc EndOffset="1113" SrcFileId="1" StartOffset="1084"/>
</LocList>
<StmntSeq Intrnl_Id="82">
<LocList>
<Loc EndOffset="1102" SrcFileId="1" StartOffset="1084"/>
<Loc EndOffset="1113" SrcFileId="1" StartOffset="1107"/>
</LocList>
<BasicStmnt CovItemId="S37" CovItemPrefix="org.cs362.dominion.Card.java" Intrnl_Id="83">
<LocList>
<Loc EndOffset="1102" SrcFileId="1" StartOffset="1084"/>
</LocList>
</BasicStmnt>
<BasicStmnt CovItemId="S38" CovItemPrefix="org.cs362.dominion.Card.java" Intrnl_Id="84">
<LocList>
<Loc EndOffset="1113" SrcFileId="1" StartOffset="1107"/>
</LocList>
</BasicStmnt>
</StmntSeq>
</Branch>
<Branch CovItemId="B15" CovItemPrefix="org.cs362.dominion.Card.java" Implct="false" Intrnl_Id="85">
<Cond>
<Loc EndOffset="1134" SrcFileId="1" StartOffset="1117"/>
</Cond>
<LocList>
<Loc EndOffset="1188" SrcFileId="1" StartOffset="1140"/>
</LocList>
<StmntSeq Intrnl_Id="86">
<LocList>
<Loc EndOffset="1160" SrcFileId="1" StartOffset="1140"/>
<Loc EndOffset="1177" SrcFileId="1" StartOffset="1165"/>
<Loc EndOffset="1188" SrcFileId="1" StartOffset="1182"/>
</LocList>
<BasicStmnt CovItemId="S39" CovItemPrefix="org.cs362.dominion.Card.java" Intrnl_Id="87">
<LocList>
<Loc EndOffset="1160" SrcFileId="1" StartOffset="1140"/>
</LocList>
</BasicStmnt>
<BasicStmnt CovItemId="S40" CovItemPrefix="org.cs362.dominion.Card.java" Intrnl_Id="88">
<LocList>
<Loc EndOffset="1177" SrcFileId="1" StartOffset="1165"/>
</LocList>
</BasicStmnt>
<BasicStmnt CovItemId="S41" CovItemPrefix="org.cs362.dominion.Card.java" Intrnl_Id="89">
<LocList>
<Loc EndOffset="1188" SrcFileId="1" StartOffset="1182"/>
</LocList>
</BasicStmnt>
</StmntSeq>
</Branch>
<Branch CovItemId="B16" CovItemPrefix="org.cs362.dominion.Card.java" Implct="false" Intrnl_Id="90">
<Cond>
<Loc EndOffset="1203" SrcFileId="1" StartOffset="1192"/>
</Cond>
<LocList>
<Loc EndOffset="1252" SrcFileId="1" StartOffset="1209"/>
</LocList>
<StmntSeq Intrnl_Id="91">
<LocList>
<Loc EndOffset="1224" SrcFileId="1" StartOffset="1209"/>
<Loc EndOffset="1241" SrcFileId="1" StartOffset="1229"/>
<Loc EndOffset="1252" SrcFileId="1" StartOffset="1246"/>
</LocList>
<BasicStmnt CovItemId="S42" CovItemPrefix="org.cs362.dominion.Card.java" Intrnl_Id="92">
<LocList>
<Loc EndOffset="1224" SrcFileId="1" StartOffset="1209"/>
</LocList>
</BasicStmnt>
<BasicStmnt CovItemId="S43" CovItemPrefix="org.cs362.dominion.Card.java" Intrnl_Id="93">
<LocList>
<Loc EndOffset="1241" SrcFileId="1" StartOffset="1229"/>
</LocList>
</BasicStmnt>
<BasicStmnt CovItemId="S44" CovItemPrefix="org.cs362.dominion.Card.java" Intrnl_Id="94">
<LocList>
<Loc EndOffset="1252" SrcFileId="1" StartOffset="1246"/>
</LocList>
</BasicStmnt>
</StmntSeq>
</Branch>
<Branch CovItemId="B17" CovItemPrefix="org.cs362.dominion.Card.java" Implct="false" Intrnl_Id="95">
<Cond>
<Loc EndOffset="1269" SrcFileId="1" StartOffset="1256"/>
</Cond>
<LocList>
<Loc EndOffset="1320" SrcFileId="1" StartOffset="1275"/>
</LocList>
<StmntSeq Intrnl_Id="96">
<LocList>
<Loc EndOffset="1292" SrcFileId="1" StartOffset="1275"/>
<Loc EndOffset="1309" SrcFileId="1" StartOffset="1297"/>
<Loc EndOffset="1320" SrcFileId="1" StartOffset="1314"/>
</LocList>
<BasicStmnt CovItemId="S45" CovItemPrefix="org.cs362.dominion.Card.java" Intrnl_Id="97">
<LocList>
<Loc EndOffset="1292" SrcFileId="1" StartOffset="1275"/>
</LocList>
</BasicStmnt>
<BasicStmnt CovItemId="S46" CovItemPrefix="org.cs362.dominion.Card.java" Intrnl_Id="98">
<LocList>
<Loc EndOffset="1309" SrcFileId="1" StartOffset="1297"/>
</LocList>
</BasicStmnt>
<BasicStmnt CovItemId="S47" CovItemPrefix="org.cs362.dominion.Card.java" Intrnl_Id="99">
<LocList>
<Loc EndOffset="1320" SrcFileId="1" StartOffset="1314"/>
</LocList>
</BasicStmnt>
</StmntSeq>
</Branch>
<Branch CovItemId="B18" CovItemPrefix="org.cs362.dominion.Card.java" Implct="false" Intrnl_Id="100">
<Cond>
<Loc EndOffset="1338" SrcFileId="1" StartOffset="1324"/>
</Cond>
<LocList>
<Loc EndOffset="1390" SrcFileId="1" StartOffset="1344"/>
</LocList>
<StmntSeq Intrnl_Id="101">
<LocList>
<Loc EndOffset="1362" SrcFileId="1" StartOffset="1344"/>
<Loc EndOffset="1379" SrcFileId="1" StartOffset="1367"/>
<Loc EndOffset="1390" SrcFileId="1" StartOffset="1384"/>
</LocList>
<BasicStmnt CovItemId="S48" CovItemPrefix="org.cs362.dominion.Card.java" Intrnl_Id="102">
<LocList>
<Loc EndOffset="1362" SrcFileId="1" StartOffset="1344"/>
</LocList>
</BasicStmnt>
<BasicStmnt CovItemId="S49" CovItemPrefix="org.cs362.dominion.Card.java" Intrnl_Id="103">
<LocList>
<Loc EndOffset="1379" SrcFileId="1" StartOffset="1367"/>
</LocList>
</BasicStmnt>
<BasicStmnt CovItemId="S50" CovItemPrefix="org.cs362.dominion.Card.java" Intrnl_Id="104">
<LocList>
<Loc EndOffset="1390" SrcFileId="1" StartOffset="1384"/>
</LocList>
</BasicStmnt>
</StmntSeq>
</Branch>
<Branch CovItemId="B19" CovItemPrefix="org.cs362.dominion.Card.java" Implct="false" Intrnl_Id="105">
<Cond>
<Loc EndOffset="1411" SrcFileId="1" StartOffset="1394"/>
</Cond>
<LocList>
<Loc EndOffset="1466" SrcFileId="1" StartOffset="1417"/>
</LocList>
<StmntSeq Intrnl_Id="106">
<LocList>
<Loc EndOffset="1438" SrcFileId="1" StartOffset="1417"/>
<Loc EndOffset="1455" SrcFileId="1" StartOffset="1443"/>
<Loc EndOffset="1466" SrcFileId="1" StartOffset="1460"/>
</LocList>
<BasicStmnt CovItemId="S51" CovItemPrefix="org.cs362.dominion.Card.java" Intrnl_Id="107">
<LocList>
<Loc EndOffset="1438" SrcFileId="1" StartOffset="1417"/>
</LocList>
</BasicStmnt>
<BasicStmnt CovItemId="S52" CovItemPrefix="org.cs362.dominion.Card.java" Intrnl_Id="108">
<LocList>
<Loc EndOffset="1455" SrcFileId="1" StartOffset="1443"/>
</LocList>
</BasicStmnt>
<BasicStmnt CovItemId="S53" CovItemPrefix="org.cs362.dominion.Card.java" Intrnl_Id="109">
<LocList>
<Loc EndOffset="1466" SrcFileId="1" StartOffset="1460"/>
</LocList>
</BasicStmnt>
</StmntSeq>
</Branch>
<Branch CovItemId="B20" CovItemPrefix="org.cs362.dominion.Card.java" Implct="false" Intrnl_Id="110">
<Cond>
<Loc EndOffset="1482" SrcFileId="1" StartOffset="1470"/>
</Cond>
<LocList>
<Loc EndOffset="1515" SrcFileId="1" StartOffset="1488"/>
</LocList>
<StmntSeq Intrnl_Id="111">
<LocList>
<Loc EndOffset="1504" SrcFileId="1" StartOffset="1488"/>
<Loc EndOffset="1515" SrcFileId="1" StartOffset="1509"/>
</LocList>
<BasicStmnt CovItemId="S54" CovItemPrefix="org.cs362.dominion.Card.java" Intrnl_Id="112">
<LocList>
<Loc EndOffset="1504" SrcFileId="1" StartOffset="1488"/>
</LocList>
</BasicStmnt>
<BasicStmnt CovItemId="S55" CovItemPrefix="org.cs362.dominion.Card.java" Intrnl_Id="113">
<LocList>
<Loc EndOffset="1515" SrcFileId="1" StartOffset="1509"/>
</LocList>
</BasicStmnt>
</StmntSeq>
</Branch>
<Branch CovItemId="B21" CovItemPrefix="org.cs362.dominion.Card.java" Implct="true" Intrnl_Id="114">
<Cond/>
<LocList/>
<StmntSeq Intrnl_Id="115">
<LocList/>
</StmntSeq>
</Branch>
<Keyword EndOffset="244" SrcFileId="1" StartOffset="238"/>
<LocList>
<Loc EndOffset="1520" SrcFileId="1" StartOffset="238"/>
</LocList>
</CondStmnt>
</StmntSeq>
</HierarchyLvl>
<HierarchyLvl HierarchyLvlId="190" HierarchyLvlTypeId="9" Intrnl_Id="116" Name="makeCurse">
<Header>
<Loc EndOffset="1561" SrcFileId="1" StartOffset="1528"/>
</Header>
<LocList>
<Loc EndOffset="1725" SrcFileId="1" StartOffset="1528"/>
</LocList>
<StmntSeq Intrnl_Id="117">
<LocList>
<Loc EndOffset="1578" SrcFileId="1" StartOffset="1566"/>
<Loc EndOffset="1594" SrcFileId="1" StartOffset="1581"/>
<Loc EndOffset="1619" SrcFileId="1" StartOffset="1597"/>
<Loc EndOffset="1641" SrcFileId="1" StartOffset="1622"/>
<Loc EndOffset="1664" SrcFileId="1" StartOffset="1644"/>
<Loc EndOffset="1691" SrcFileId="1" StartOffset="1667"/>
<Loc EndOffset="1708" SrcFileId="1" StartOffset="1694"/>
<Loc EndOffset="1719" SrcFileId="1" StartOffset="1712"/>
</LocList>
<BasicStmnt CovItemId="S56" CovItemPrefix="org.cs362.dominion.Card.java" Intrnl_Id="118">
<LocList>
<Loc EndOffset="1578" SrcFileId="1" StartOffset="1566"/>
</LocList>
</BasicStmnt>
<BasicStmnt CovItemId="S57" CovItemPrefix="org.cs362.dominion.Card.java" Intrnl_Id="119">
<LocList>
<Loc EndOffset="1594" SrcFileId="1" StartOffset="1581"/>
</LocList>
</BasicStmnt>
<BasicStmnt CovItemId="S58" CovItemPrefix="org.cs362.dominion.Card.java" Intrnl_Id="120">
<LocList>
<Loc EndOffset="1619" SrcFileId="1" StartOffset="1597"/>
</LocList>
</BasicStmnt>
<BasicStmnt CovItemId="S59" CovItemPrefix="org.cs362.dominion.Card.java" Intrnl_Id="121">
<LocList>
<Loc EndOffset="1641" SrcFileId="1" StartOffset="1622"/>
</LocList>
</BasicStmnt>
<BasicStmnt CovItemId="S60" CovItemPrefix="org.cs362.dominion.Card.java" Intrnl_Id="122">
<LocList>
<Loc EndOffset="1664" SrcFileId="1" StartOffset="1644"/>
</LocList>
</BasicStmnt>
<BasicStmnt CovItemId="S61" CovItemPrefix="org.cs362.dominion.Card.java" Intrnl_Id="123">
<LocList>
<Loc EndOffset="1691" SrcFileId="1" StartOffset="1667"/>
</LocList>
</BasicStmnt>
<BasicStmnt CovItemId="S62" CovItemPrefix="org.cs362.dominion.Card.java" Intrnl_Id="124">
<LocList>
<Loc EndOffset="1708" SrcFileId="1" StartOffset="1694"/>
</LocList>
</BasicStmnt>
<BasicStmnt CovItemId="S63" CovItemPrefix="org.cs362.dominion.Card.java" Intrnl_Id="125">
<LocList>
<Loc EndOffset="1719" SrcFileId="1" StartOffset="1712"/>
</LocList>
</BasicStmnt>
</StmntSeq>
</HierarchyLvl>
<HierarchyLvl HierarchyLvlId="191" HierarchyLvlTypeId="9" Intrnl_Id="126" Name="makeMine">
<Header>
<Loc EndOffset="1759" SrcFileId="1" StartOffset="1727"/>
</Header>
<LocList>
<Loc EndOffset="2006" SrcFileId="1" StartOffset="1727"/>
</LocList>
<StmntSeq Intrnl_Id="127">
<LocList>
<Loc EndOffset="1776" SrcFileId="1" StartOffset="1764"/>
<Loc EndOffset="1792" SrcFileId="1" StartOffset="1779"/>
<Loc EndOffset="1817" SrcFileId="1" StartOffset="1795"/>
<Loc EndOffset="1839" SrcFileId="1" StartOffset="1820"/>
<Loc EndOffset="1862" SrcFileId="1" StartOffset="1842"/>
<Loc EndOffset="1886" SrcFileId="1" StartOffset="1865"/>
<Loc EndOffset="1902" SrcFileId="1" StartOffset="1889"/>
<Loc EndOffset="2000" SrcFileId="1" StartOffset="1993"/>
</LocList>
<BasicStmnt CovItemId="S64" CovItemPrefix="org.cs362.dominion.Card.java" Intrnl_Id="128">
<LocList>
<Loc EndOffset="1776" SrcFileId="1" StartOffset="1764"/>
</LocList>
</BasicStmnt>
<BasicStmnt CovItemId="S65" CovItemPrefix="org.cs362.dominion.Card.java" Intrnl_Id="129">
<LocList>
<Loc EndOffset="1792" SrcFileId="1" StartOffset="1779"/>
</LocList>
</BasicStmnt>
<BasicStmnt CovItemId="S66" CovItemPrefix="org.cs362.dominion.Card.java" Intrnl_Id="130">
<LocList>
<Loc EndOffset="1817" SrcFileId="1" StartOffset="1795"/>
</LocList>
</BasicStmnt>
<BasicStmnt CovItemId="S67" CovItemPrefix="org.cs362.dominion.Card.java" Intrnl_Id="131">
<LocList>
<Loc EndOffset="1839" SrcFileId="1" StartOffset="1820"/>
</LocList>
</BasicStmnt>
<BasicStmnt CovItemId="S68" CovItemPrefix="org.cs362.dominion.Card.java" Intrnl_Id="132">
<LocList>
<Loc EndOffset="1862" SrcFileId="1" StartOffset="1842"/>
</LocList>
</BasicStmnt>
<BasicStmnt CovItemId="S69" CovItemPrefix="org.cs362.dominion.Card.java" Intrnl_Id="133">
<LocList>
<Loc EndOffset="1886" SrcFileId="1" StartOffset="1865"/>
</LocList>
</BasicStmnt>
<BasicStmnt CovItemId="S70" CovItemPrefix="org.cs362.dominion.Card.java" Intrnl_Id="134">
<LocList>
<Loc EndOffset="1902" SrcFileId="1" StartOffset="1889"/>
</LocList>
</BasicStmnt>
<BasicStmnt CovItemId="S71" CovItemPrefix="org.cs362.dominion.Card.java" Intrnl_Id="135">
<LocList>
<Loc EndOffset="2000" SrcFileId="1" StartOffset="1993"/>
</LocList>
</BasicStmnt>
</StmntSeq>
</HierarchyLvl>
<HierarchyLvl HierarchyLvlId="192" HierarchyLvlTypeId="9" Intrnl_Id="136" Name="makeGreatHall">
<Header>
<Loc EndOffset="2045" SrcFileId="1" StartOffset="2008"/>
</Header>
<LocList>
<Loc EndOffset="2208" SrcFileId="1" StartOffset="2008"/>
</LocList>
<StmntSeq Intrnl_Id="137">
<LocList>
<Loc EndOffset="2062" SrcFileId="1" StartOffset="2050"/>
<Loc EndOffset="2078" SrcFileId="1" StartOffset="2065"/>
<Loc EndOffset="2103" SrcFileId="1" StartOffset="2081"/>
<Loc EndOffset="2125" SrcFileId="1" StartOffset="2106"/>
<Loc EndOffset="2148" SrcFileId="1" StartOffset="2128"/>
<Loc EndOffset="2172" SrcFileId="1" StartOffset="2151"/>
<Loc EndOffset="2189" SrcFileId="1" StartOffset="2175"/>
<Loc EndOffset="2201" SrcFileId="1" StartOffset="2194"/>
</LocList>
<BasicStmnt CovItemId="S72" CovItemPrefix="org.cs362.dominion.Card.java" Intrnl_Id="138">
<LocList>
<Loc EndOffset="2062" SrcFileId="1" StartOffset="2050"/>
</LocList>
</BasicStmnt>
<BasicStmnt CovItemId="S73" CovItemPrefix="org.cs362.dominion.Card.java" Intrnl_Id="139">
<LocList>
<Loc EndOffset="2078" SrcFileId="1" StartOffset="2065"/>
</LocList>
</BasicStmnt>
<BasicStmnt CovItemId="S74" CovItemPrefix="org.cs362.dominion.Card.java" Intrnl_Id="140">
<LocList>
<Loc EndOffset="2103" SrcFileId="1" StartOffset="2081"/>
</LocList>
</BasicStmnt>
<BasicStmnt CovItemId="S75" CovItemPrefix="org.cs362.dominion.Card.java" Intrnl_Id="141">
<LocList>
<Loc EndOffset="2125" SrcFileId="1" StartOffset="2106"/>
</LocList>
</BasicStmnt>
<BasicStmnt CovItemId="S76" CovItemPrefix="org.cs362.dominion.Card.java" Intrnl_Id="142">
<LocList>
<Loc EndOffset="2148" SrcFileId="1" StartOffset="2128"/>
</LocList>
</BasicStmnt>
<BasicStmnt CovItemId="S77" CovItemPrefix="org.cs362.dominion.Card.java" Intrnl_Id="143">
<LocList>
<Loc EndOffset="2172" SrcFileId="1" StartOffset="2151"/>
</LocList>
</BasicStmnt>
<BasicStmnt CovItemId="S78" CovItemPrefix="org.cs362.dominion.Card.java" Intrnl_Id="144">
<LocList>
<Loc EndOffset="2189" SrcFileId="1" StartOffset="2175"/>
</LocList>
</BasicStmnt>
<BasicStmnt CovItemId="S79" CovItemPrefix="org.cs362.dominion.Card.java" Intrnl_Id="145">
<LocList>
<Loc EndOffset="2201" SrcFileId="1" StartOffset="2194"/>
</LocList>
</BasicStmnt>
</StmntSeq>
</HierarchyLvl>
<HierarchyLvl HierarchyLvlId="193" HierarchyLvlTypeId="9" Intrnl_Id="146" Name="makeGardens">
<Header>
<Loc EndOffset="2245" SrcFileId="1" StartOffset="2210"/>
</Header>
<LocList>
<Loc EndOffset="2462" SrcFileId="1" StartOffset="2210"/>
</LocList>
<StmntSeq Intrnl_Id="147">
<LocList>
<Loc EndOffset="2262" SrcFileId="1" StartOffset="2250"/>
<Loc EndOffset="2278" SrcFileId="1" StartOffset="2265"/>
<Loc EndOffset="2303" SrcFileId="1" StartOffset="2281"/>
<Loc EndOffset="2325" SrcFileId="1" StartOffset="2306"/>
<Loc EndOffset="2348" SrcFileId="1" StartOffset="2328"/>
<Loc EndOffset="2372" SrcFileId="1" StartOffset="2351"/>
<Loc EndOffset="2388" SrcFileId="1" StartOffset="2375"/>
<Loc EndOffset="2455" SrcFileId="1" StartOffset="2448"/>
</LocList>
<BasicStmnt CovItemId="S80" CovItemPrefix="org.cs362.dominion.Card.java" Intrnl_Id="148">
<LocList>
<Loc EndOffset="2262" SrcFileId="1" StartOffset="2250"/>
</LocList>
</BasicStmnt>
<BasicStmnt CovItemId="S81" CovItemPrefix="org.cs362.dominion.Card.java" Intrnl_Id="149">
<LocList>
<Loc EndOffset="2278" SrcFileId="1" StartOffset="2265"/>
</LocList>
</BasicStmnt>
<BasicStmnt CovItemId="S82" CovItemPrefix="org.cs362.dominion.Card.java" Intrnl_Id="150">
<LocList>
<Loc EndOffset="2303" SrcFileId="1" StartOffset="2281"/>
</LocList>
</BasicStmnt>
<BasicStmnt CovItemId="S83" CovItemPrefix="org.cs362.dominion.Card.java" Intrnl_Id="151">
<LocList>
<Loc EndOffset="2325" SrcFileId="1" StartOffset="2306"/>
</LocList>
</BasicStmnt>
<BasicStmnt CovItemId="S84" CovItemPrefix="org.cs362.dominion.Card.java" Intrnl_Id="152">
<LocList>
<Loc EndOffset="2348" SrcFileId="1" StartOffset="2328"/>
</LocList>
</BasicStmnt>
<BasicStmnt CovItemId="S85" CovItemPrefix="org.cs362.dominion.Card.java" Intrnl_Id="153">
<LocList>
<Loc EndOffset="2372" SrcFileId="1" StartOffset="2351"/>
</LocList>
</BasicStmnt>
<BasicStmnt CovItemId="S86" CovItemPrefix="org.cs362.dominion.Card.java" Intrnl_Id="154">
<LocList>
<Loc EndOffset="2388" SrcFileId="1" StartOffset="2375"/>
</LocList>
</BasicStmnt>
<BasicStmnt CovItemId="S87" CovItemPrefix="org.cs362.dominion.Card.java" Intrnl_Id="155">
<LocList>
<Loc EndOffset="2455" SrcFileId="1" StartOffset="2448"/>
</LocList>
</BasicStmnt>
</StmntSeq>
</HierarchyLvl>
<HierarchyLvl HierarchyLvlId="194" HierarchyLvlTypeId="9" Intrnl_Id="156" Name="makeFeast">
<Header>
<Loc EndOffset="2497" SrcFileId="1" StartOffset="2464"/>
</Header>
<LocList>
<Loc EndOffset="2710" SrcFileId="1" StartOffset="2464"/>
</LocList>
<StmntSeq Intrnl_Id="157">
<LocList>
<Loc EndOffset="2514" SrcFileId="1" StartOffset="2502"/>
<Loc EndOffset="2530" SrcFileId="1" StartOffset="2517"/>
<Loc EndOffset="2555" SrcFileId="1" StartOffset="2533"/>
<Loc EndOffset="2577" SrcFileId="1" StartOffset="2558"/>
<Loc EndOffset="2600" SrcFileId="1" StartOffset="2580"/>
<Loc EndOffset="2624" SrcFileId="1" StartOffset="2603"/>
<Loc EndOffset="2640" SrcFileId="1" StartOffset="2627"/>
<Loc EndOffset="2703" SrcFileId="1" StartOffset="2696"/>
</LocList>
<BasicStmnt CovItemId="S88" CovItemPrefix="org.cs362.dominion.Card.java" Intrnl_Id="158">
<LocList>
<Loc EndOffset="2514" SrcFileId="1" StartOffset="2502"/>
</LocList>
</BasicStmnt>
<BasicStmnt CovItemId="S89" CovItemPrefix="org.cs362.dominion.Card.java" Intrnl_Id="159">
<LocList>
<Loc EndOffset="2530" SrcFileId="1" StartOffset="2517"/>
</LocList>
</BasicStmnt>
<BasicStmnt CovItemId="S90" CovItemPrefix="org.cs362.dominion.Card.java" Intrnl_Id="160">
<LocList>
<Loc EndOffset="2555" SrcFileId="1" StartOffset="2533"/>
</LocList>
</BasicStmnt>
<BasicStmnt CovItemId="S91" CovItemPrefix="org.cs362.dominion.Card.java" Intrnl_Id="161">
<LocList>
<Loc EndOffset="2577" SrcFileId="1" StartOffset="2558"/>
</LocList>
</BasicStmnt>
<BasicStmnt CovItemId="S92" CovItemPrefix="org.cs362.dominion.Card.java" Intrnl_Id="162">
<LocList>
<Loc EndOffset="2600" SrcFileId="1" StartOffset="2580"/>
</LocList>
</BasicStmnt>
<BasicStmnt CovItemId="S93" CovItemPrefix="org.cs362.dominion.Card.java" Intrnl_Id="163">
<LocList>
<Loc EndOffset="2624" SrcFileId="1" StartOffset="2603"/>
</LocList>
</BasicStmnt>
<BasicStmnt CovItemId="S94" CovItemPrefix="org.cs362.dominion.Card.java" Intrnl_Id="164">
<LocList>
<Loc EndOffset="2640" SrcFileId="1" StartOffset="2627"/>
</LocList>
</BasicStmnt>
<BasicStmnt CovItemId="S95" CovItemPrefix="org.cs362.dominion.Card.java" Intrnl_Id="165">
<LocList>
<Loc EndOffset="2703" SrcFileId="1" StartOffset="2696"/>
</LocList>
</BasicStmnt>
</StmntSeq>
</HierarchyLvl>
<HierarchyLvl HierarchyLvlId="195" HierarchyLvlTypeId="9" Intrnl_Id="166" Name="makeEmbargo">
<Header>
<Loc EndOffset="2747" SrcFileId="1" StartOffset="2712"/>
</Header>
<LocList>
<Loc EndOffset="3054" SrcFileId="1" StartOffset="2712"/>
</LocList>
<StmntSeq Intrnl_Id="167">
<LocList>
<Loc EndOffset="2764" SrcFileId="1" StartOffset="2752"/>
<Loc EndOffset="2780" SrcFileId="1" StartOffset="2767"/>
<Loc EndOffset="2805" SrcFileId="1" StartOffset="2783"/>
<Loc EndOffset="2827" SrcFileId="1" StartOffset="2808"/>
<Loc EndOffset="2850" SrcFileId="1" StartOffset="2830"/>
<Loc EndOffset="2874" SrcFileId="1" StartOffset="2853"/>
<Loc EndOffset="2890" SrcFileId="1" StartOffset="2877"/>
<Loc EndOffset="3047" SrcFileId="1" StartOffset="3040"/>
</LocList>
<BasicStmnt CovItemId="S96" CovItemPrefix="org.cs362.dominion.Card.java" Intrnl_Id="168">
<LocList>
<Loc EndOffset="2764" SrcFileId="1" StartOffset="2752"/>
</LocList>
</BasicStmnt>
<BasicStmnt CovItemId="S97" CovItemPrefix="org.cs362.dominion.Card.java" Intrnl_Id="169">
<LocList>
<Loc EndOffset="2780" SrcFileId="1" StartOffset="2767"/>
</LocList>
</BasicStmnt>
<BasicStmnt CovItemId="S98" CovItemPrefix="org.cs362.dominion.Card.java" Intrnl_Id="170">
<LocList>
<Loc EndOffset="2805" SrcFileId="1" StartOffset="2783"/>
</LocList>
</BasicStmnt>
<BasicStmnt CovItemId="S99" CovItemPrefix="org.cs362.dominion.Card.java" Intrnl_Id="171">
<LocList>
<Loc EndOffset="2827" SrcFileId="1" StartOffset="2808"/>
</LocList>
</BasicStmnt>
<BasicStmnt CovItemId="S100" CovItemPrefix="org.cs362.dominion.Card.java" Intrnl_Id="172">
<LocList>
<Loc EndOffset="2850" SrcFileId="1" StartOffset="2830"/>
</LocList>
</BasicStmnt>
<BasicStmnt CovItemId="S101" CovItemPrefix="org.cs362.dominion.Card.java" Intrnl_Id="173">
<LocList>
<Loc EndOffset="2874" SrcFileId="1" StartOffset="2853"/>
</LocList>
</BasicStmnt>
<BasicStmnt CovItemId="S102" CovItemPrefix="org.cs362.dominion.Card.java" Intrnl_Id="174">
<LocList>
<Loc EndOffset="2890" SrcFileId="1" StartOffset="2877"/>
</LocList>
</BasicStmnt>
<BasicStmnt CovItemId="S103" CovItemPrefix="org.cs362.dominion.Card.java" Intrnl_Id="175">
<LocList>
<Loc EndOffset="3047" SrcFileId="1" StartOffset="3040"/>
</LocList>
</BasicStmnt>
</StmntSeq>
</HierarchyLvl>
<HierarchyLvl HierarchyLvlId="196" HierarchyLvlTypeId="9" Intrnl_Id="176" Name="makeCutpurse">
<Header>
<Loc EndOffset="3092" SrcFileId="1" StartOffset="3056"/>
</Header>
<LocList>
<Loc EndOffset="3330" SrcFileId="1" StartOffset="3056"/>
</LocList>
<StmntSeq Intrnl_Id="177">
<LocList>
<Loc EndOffset="3109" SrcFileId="1" StartOffset="3097"/>
<Loc EndOffset="3125" SrcFileId="1" StartOffset="3112"/>
<Loc EndOffset="3150" SrcFileId="1" StartOffset="3128"/>
<Loc EndOffset="3172" SrcFileId="1" StartOffset="3153"/>
<Loc EndOffset="3195" SrcFileId="1" StartOffset="3175"/>
<Loc EndOffset="3219" SrcFileId="1" StartOffset="3198"/>
<Loc EndOffset="3235" SrcFileId="1" StartOffset="3222"/>
<Loc EndOffset="3323" SrcFileId="1" StartOffset="3316"/>
</LocList>
<BasicStmnt CovItemId="S104" CovItemPrefix="org.cs362.dominion.Card.java" Intrnl_Id="178">
<LocList>
<Loc EndOffset="3109" SrcFileId="1" StartOffset="3097"/>
</LocList>
</BasicStmnt>
<BasicStmnt CovItemId="S105" CovItemPrefix="org.cs362.dominion.Card.java" Intrnl_Id="179">
<LocList>
<Loc EndOffset="3125" SrcFileId="1" StartOffset="3112"/>
</LocList>
</BasicStmnt>
<BasicStmnt CovItemId="S106" CovItemPrefix="org.cs362.dominion.Card.java" Intrnl_Id="180">
<LocList>
<Loc EndOffset="3150" SrcFileId="1" StartOffset="3128"/>
</LocList>
</BasicStmnt>
<BasicStmnt CovItemId="S107" CovItemPrefix="org.cs362.dominion.Card.java" Intrnl_Id="181">
<LocList>
<Loc EndOffset="3172" SrcFileId="1" StartOffset="3153"/>
</LocList>
</BasicStmnt>
<BasicStmnt CovItemId="S108" CovItemPrefix="org.cs362.dominion.Card.java" Intrnl_Id="182">
<LocList>
<Loc EndOffset="3195" SrcFileId="1" StartOffset="3175"/>
</LocList>
</BasicStmnt>
<BasicStmnt CovItemId="S109" CovItemPrefix="org.cs362.dominion.Card.java" Intrnl_Id="183">
<LocList>
<Loc EndOffset="3219" SrcFileId="1" StartOffset="3198"/>
</LocList>
</BasicStmnt>
<BasicStmnt CovItemId="S110" CovItemPrefix="org.cs362.dominion.Card.java" Intrnl_Id="184">
<LocList>
<Loc EndOffset="3235" SrcFileId="1" StartOffset="3222"/>
</LocList>
</BasicStmnt>
<BasicStmnt CovItemId="S111" CovItemPrefix="org.cs362.dominion.Card.java" Intrnl_Id="185">
<LocList>
<Loc EndOffset="3323" SrcFileId="1" StartOffset="3316"/>
</LocList>
</BasicStmnt>
</StmntSeq>
</HierarchyLvl>
<HierarchyLvl HierarchyLvlId="197" HierarchyLvlTypeId="9" Intrnl_Id="186" Name="makeBaron">
<Header>
<Loc EndOffset="3365" SrcFileId="1" StartOffset="3332"/>
</Header>
<LocList>
<Loc EndOffset="3594" SrcFileId="1" StartOffset="3332"/>
</LocList>
<StmntSeq Intrnl_Id="187">
<LocList>
<Loc EndOffset="3382" SrcFileId="1" StartOffset="3370"/>
<Loc EndOffset="3398" SrcFileId="1" StartOffset="3385"/>
<Loc EndOffset="3423" SrcFileId="1" StartOffset="3401"/>
<Loc EndOffset="3445" SrcFileId="1" StartOffset="3426"/>
<Loc EndOffset="3468" SrcFileId="1" StartOffset="3448"/>
<Loc EndOffset="3492" SrcFileId="1" StartOffset="3471"/>
<Loc EndOffset="3508" SrcFileId="1" StartOffset="3495"/>
<Loc EndOffset="3587" SrcFileId="1" StartOffset="3580"/>
</LocList>
<BasicStmnt CovItemId="S112" CovItemPrefix="org.cs362.dominion.Card.java" Intrnl_Id="188">
<LocList>
<Loc EndOffset="3382" SrcFileId="1" StartOffset="3370"/>
</LocList>
</BasicStmnt>
<BasicStmnt CovItemId="S113" CovItemPrefix="org.cs362.dominion.Card.java" Intrnl_Id="189">
<LocList>
<Loc EndOffset="3398" SrcFileId="1" StartOffset="3385"/>
</LocList>
</BasicStmnt>
<BasicStmnt CovItemId="S114" CovItemPrefix="org.cs362.dominion.Card.java" Intrnl_Id="190">
<LocList>
<Loc EndOffset="3423" SrcFileId="1" StartOffset="3401"/>
</LocList>
</BasicStmnt>
<BasicStmnt CovItemId="S115" CovItemPrefix="org.cs362.dominion.Card.java" Intrnl_Id="191">
<LocList>
<Loc EndOffset="3445" SrcFileId="1" StartOffset="3426"/>
</LocList>
</BasicStmnt>
<BasicStmnt CovItemId="S116" CovItemPrefix="org.cs362.dominion.Card.java" Intrnl_Id="192">
<LocList>
<Loc EndOffset="3468" SrcFileId="1" StartOffset="3448"/>
</LocList>
</BasicStmnt>
<BasicStmnt CovItemId="S117" CovItemPrefix="org.cs362.dominion.Card.java" Intrnl_Id="193">
<LocList>
<Loc EndOffset="3492" SrcFileId="1" StartOffset="3471"/>
</LocList>
</BasicStmnt>
<BasicStmnt CovItemId="S118" CovItemPrefix="org.cs362.dominion.Card.java" Intrnl_Id="194">
<LocList>
<Loc EndOffset="3508" SrcFileId="1" StartOffset="3495"/>
</LocList>
</BasicStmnt>
<BasicStmnt CovItemId="S119" CovItemPrefix="org.cs362.dominion.Card.java" Intrnl_Id="195">
<LocList>
<Loc EndOffset="3587" SrcFileId="1" StartOffset="3580"/>
</LocList>
</BasicStmnt>
</StmntSeq>
</HierarchyLvl>
<HierarchyLvl HierarchyLvlId="198" HierarchyLvlTypeId="9" Intrnl_Id="196" Name="makeAmbassador">
<Header>
<Loc EndOffset="3634" SrcFileId="1" StartOffset="3596"/>
</Header>
<LocList>
<Loc EndOffset="3933" SrcFileId="1" StartOffset="3596"/>
</LocList>
<StmntSeq Intrnl_Id="197">
<LocList>
<Loc EndOffset="3651" SrcFileId="1" StartOffset="3639"/>
<Loc EndOffset="3667" SrcFileId="1" StartOffset="3654"/>
<Loc EndOffset="3692" SrcFileId="1" StartOffset="3670"/>
<Loc EndOffset="3714" SrcFileId="1" StartOffset="3695"/>
<Loc EndOffset="3737" SrcFileId="1" StartOffset="3717"/>
<Loc EndOffset="3761" SrcFileId="1" StartOffset="3740"/>
<Loc EndOffset="3777" SrcFileId="1" StartOffset="3764"/>
<Loc EndOffset="3926" SrcFileId="1" StartOffset="3919"/>
</LocList>
<BasicStmnt CovItemId="S120" CovItemPrefix="org.cs362.dominion.Card.java" Intrnl_Id="198">
<LocList>
<Loc EndOffset="3651" SrcFileId="1" StartOffset="3639"/>
</LocList>
</BasicStmnt>
<BasicStmnt CovItemId="S121" CovItemPrefix="org.cs362.dominion.Card.java" Intrnl_Id="199">
<LocList>
<Loc EndOffset="3667" SrcFileId="1" StartOffset="3654"/>
</LocList>
</BasicStmnt>
<BasicStmnt CovItemId="S122" CovItemPrefix="org.cs362.dominion.Card.java" Intrnl_Id="200">
<LocList>
<Loc EndOffset="3692" SrcFileId="1" StartOffset="3670"/>
</LocList>
</BasicStmnt>
<BasicStmnt CovItemId="S123" CovItemPrefix="org.cs362.dominion.Card.java" Intrnl_Id="201">
<LocList>
<Loc EndOffset="3714" SrcFileId="1" StartOffset="3695"/>
</LocList>
</BasicStmnt>
<BasicStmnt CovItemId="S124" CovItemPrefix="org.cs362.dominion.Card.java" Intrnl_Id="202">
<LocList>
<Loc EndOffset="3737" SrcFileId="1" StartOffset="3717"/>
</LocList>
</BasicStmnt>
<BasicStmnt CovItemId="S125" CovItemPrefix="org.cs362.dominion.Card.java" Intrnl_Id="203">
<LocList>
<Loc EndOffset="3761" SrcFileId="1" StartOffset="3740"/>
</LocList>
</BasicStmnt>
<BasicStmnt CovItemId="S126" CovItemPrefix="org.cs362.dominion.Card.java" Intrnl_Id="204">
<LocList>
<Loc EndOffset="3777" SrcFileId="1" StartOffset="3764"/>
</LocList>
</BasicStmnt>
<BasicStmnt CovItemId="S127" CovItemPrefix="org.cs362.dominion.Card.java" Intrnl_Id="205">
<LocList>
<Loc EndOffset="3926" SrcFileId="1" StartOffset="3919"/>
</LocList>
</BasicStmnt>
</StmntSeq>
</HierarchyLvl>
<HierarchyLvl HierarchyLvlId="199" HierarchyLvlTypeId="9" Intrnl_Id="206" Name="makeWoodcutter">
<Header>
<Loc EndOffset="3973" SrcFileId="1" StartOffset="3935"/>
</Header>
<LocList>
<Loc EndOffset="4134" SrcFileId="1" StartOffset="3935"/>
</LocList>
<StmntSeq Intrnl_Id="207">
<LocList>
<Loc EndOffset="3990" SrcFileId="1" StartOffset="3978"/>
<Loc EndOffset="4006" SrcFileId="1" StartOffset="3993"/>
<Loc EndOffset="4031" SrcFileId="1" StartOffset="4009"/>
<Loc EndOffset="4053" SrcFileId="1" StartOffset="4034"/>
<Loc EndOffset="4076" SrcFileId="1" StartOffset="4056"/>
<Loc EndOffset="4100" SrcFileId="1" StartOffset="4079"/>
<Loc EndOffset="4117" SrcFileId="1" StartOffset="4103"/>
<Loc EndOffset="4127" SrcFileId="1" StartOffset="4120"/>
</LocList>
<BasicStmnt CovItemId="S128" CovItemPrefix="org.cs362.dominion.Card.java" Intrnl_Id="208">
<LocList>
<Loc EndOffset="3990" SrcFileId="1" StartOffset="3978"/>
</LocList>
</BasicStmnt>
<BasicStmnt CovItemId="S129" CovItemPrefix="org.cs362.dominion.Card.java" Intrnl_Id="209">
<LocList>
<Loc EndOffset="4006" SrcFileId="1" StartOffset="3993"/>
</LocList>
</BasicStmnt>
<BasicStmnt CovItemId="S130" CovItemPrefix="org.cs362.dominion.Card.java" Intrnl_Id="210">
<LocList>
<Loc EndOffset="4031" SrcFileId="1" StartOffset="4009"/>
</LocList>
</BasicStmnt>
<BasicStmnt CovItemId="S131" CovItemPrefix="org.cs362.dominion.Card.java" Intrnl_Id="211">
<LocList>
<Loc EndOffset="4053" SrcFileId="1" StartOffset="4034"/>
</LocList>
</BasicStmnt>
<BasicStmnt CovItemId="S132" CovItemPrefix="org.cs362.dominion.Card.java" Intrnl_Id="212">
<LocList>
<Loc EndOffset="4076" SrcFileId="1" StartOffset="4056"/>
</LocList>
</BasicStmnt>
<BasicStmnt CovItemId="S133" CovItemPrefix="org.cs362.dominion.Card.java" Intrnl_Id="213">
<LocList>
<Loc EndOffset="4100" SrcFileId="1" StartOffset="4079"/>
</LocList>
</BasicStmnt>
<BasicStmnt CovItemId="S134" CovItemPrefix="org.cs362.dominion.Card.java" Intrnl_Id="214">
<LocList>
<Loc EndOffset="4117" SrcFileId="1" StartOffset="4103"/>
</LocList>
</BasicStmnt>
<BasicStmnt CovItemId="S135" CovItemPrefix="org.cs362.dominion.Card.java" Intrnl_Id="215">
<LocList>
<Loc EndOffset="4127" SrcFileId="1" StartOffset="4120"/>
</LocList>
</BasicStmnt>
</StmntSeq>
</HierarchyLvl>
<HierarchyLvl HierarchyLvlId="200" HierarchyLvlTypeId="9" Intrnl_Id="216" Name="makeVillage">
<Header>
<Loc EndOffset="4171" SrcFileId="1" StartOffset="4136"/>
</Header>
<LocList>
<Loc EndOffset="4332" SrcFileId="1" StartOffset="4136"/>
</LocList>
<StmntSeq Intrnl_Id="217">
<LocList>
<Loc EndOffset="4188" SrcFileId="1" StartOffset="4176"/>
<Loc EndOffset="4204" SrcFileId="1" StartOffset="4191"/>
<Loc EndOffset="4229" SrcFileId="1" StartOffset="4207"/>
<Loc EndOffset="4251" SrcFileId="1" StartOffset="4232"/>
<Loc EndOffset="4274" SrcFileId="1" StartOffset="4254"/>
<Loc EndOffset="4298" SrcFileId="1" StartOffset="4277"/>
<Loc EndOffset="4315" SrcFileId="1" StartOffset="4301"/>
<Loc EndOffset="4325" SrcFileId="1" StartOffset="4318"/>
</LocList>
<BasicStmnt CovItemId="S136" CovItemPrefix="org.cs362.dominion.Card.java" Intrnl_Id="218">
<LocList>
<Loc EndOffset="4188" SrcFileId="1" StartOffset="4176"/>
</LocList>
</BasicStmnt>
<BasicStmnt CovItemId="S137" CovItemPrefix="org.cs362.dominion.Card.java" Intrnl_Id="219">
<LocList>
<Loc EndOffset="4204" SrcFileId="1" StartOffset="4191"/>
</LocList>
</BasicStmnt>
<BasicStmnt CovItemId="S138" CovItemPrefix="org.cs362.dominion.Card.java" Intrnl_Id="220">
<LocList>
<Loc EndOffset="4229" SrcFileId="1" StartOffset="4207"/>
</LocList>
</BasicStmnt>
<BasicStmnt CovItemId="S139" CovItemPrefix="org.cs362.dominion.Card.java" Intrnl_Id="221">
<LocList>
<Loc EndOffset="4251" SrcFileId="1" StartOffset="4232"/>
</LocList>
</BasicStmnt>
<BasicStmnt CovItemId="S140" CovItemPrefix="org.cs362.dominion.Card.java" Intrnl_Id="222">
<LocList>
<Loc EndOffset="4274" SrcFileId="1" StartOffset="4254"/>
</LocList>
</BasicStmnt>
<BasicStmnt CovItemId="S141" CovItemPrefix="org.cs362.dominion.Card.java" Intrnl_Id="223">
<LocList>
<Loc EndOffset="4298" SrcFileId="1" StartOffset="4277"/>
</LocList>
</BasicStmnt>
<BasicStmnt CovItemId="S142" CovItemPrefix="org.cs362.dominion.Card.java" Intrnl_Id="224">
<LocList>
<Loc EndOffset="4315" SrcFileId="1" StartOffset="4301"/>
</LocList>
</BasicStmnt>
<BasicStmnt CovItemId="S143" CovItemPrefix="org.cs362.dominion.Card.java" Intrnl_Id="225">
<LocList>
<Loc EndOffset="4325" SrcFileId="1" StartOffset="4318"/>
</LocList>
</BasicStmnt>
</StmntSeq>
</HierarchyLvl>
<HierarchyLvl HierarchyLvlId="201" HierarchyLvlTypeId="9" Intrnl_Id="226" Name="makeSmithy">
<Header>
<Loc EndOffset="4368" SrcFileId="1" StartOffset="4334"/>
</Header>
<LocList>
<Loc EndOffset="4529" SrcFileId="1" StartOffset="4334"/>
</LocList>
<StmntSeq Intrnl_Id="227">
<LocList>
<Loc EndOffset="4385" SrcFileId="1" StartOffset="4373"/>
<Loc EndOffset="4401" SrcFileId="1" StartOffset="4388"/>
<Loc EndOffset="4426" SrcFileId="1" StartOffset="4404"/>
<Loc EndOffset="4448" SrcFileId="1" StartOffset="4429"/>
<Loc EndOffset="4471" SrcFileId="1" StartOffset="4451"/>
<Loc EndOffset="4495" SrcFileId="1" StartOffset="4474"/>
<Loc EndOffset="4512" SrcFileId="1" StartOffset="4498"/>
<Loc EndOffset="4522" SrcFileId="1" StartOffset="4515"/>
</LocList>
<BasicStmnt CovItemId="S144" CovItemPrefix="org.cs362.dominion.Card.java" Intrnl_Id="228">
<LocList>
<Loc EndOffset="4385" SrcFileId="1" StartOffset="4373"/>
</LocList>
</BasicStmnt>
<BasicStmnt CovItemId="S145" CovItemPrefix="org.cs362.dominion.Card.java" Intrnl_Id="229">
<LocList>
<Loc EndOffset="4401" SrcFileId="1" StartOffset="4388"/>
</LocList>
</BasicStmnt>
<BasicStmnt CovItemId="S146" CovItemPrefix="org.cs362.dominion.Card.java" Intrnl_Id="230">
<LocList>
<Loc EndOffset="4426" SrcFileId="1" StartOffset="4404"/>
</LocList>
</BasicStmnt>
<BasicStmnt CovItemId="S147" CovItemPrefix="org.cs362.dominion.Card.java" Intrnl_Id="231">
<LocList>
<Loc EndOffset="4448" SrcFileId="1" StartOffset="4429"/>
</LocList>
</BasicStmnt>
<BasicStmnt CovItemId="S148" CovItemPrefix="org.cs362.dominion.Card.java" Intrnl_Id="232">
<LocList>
<Loc EndOffset="4471" SrcFileId="1" StartOffset="4451"/>
</LocList>
</BasicStmnt>
<BasicStmnt CovItemId="S149" CovItemPrefix="org.cs362.dominion.Card.java" Intrnl_Id="233">
<LocList>
<Loc EndOffset="4495" SrcFileId="1" StartOffset="4474"/>
</LocList>
</BasicStmnt>
<BasicStmnt CovItemId="S150" CovItemPrefix="org.cs362.dominion.Card.java" Intrnl_Id="234">
<LocList>
<Loc EndOffset="4512" SrcFileId="1" StartOffset="4498"/>
</LocList>
</BasicStmnt>
<BasicStmnt CovItemId="S151" CovItemPrefix="org.cs362.dominion.Card.java" Intrnl_Id="235">
<LocList>
<Loc EndOffset="4522" SrcFileId="1" StartOffset="4515"/>
</LocList>
</BasicStmnt>
</StmntSeq>
</HierarchyLvl>
<HierarchyLvl HierarchyLvlId="202" HierarchyLvlTypeId="9" Intrnl_Id="236" Name="makeCouncilRoom">
<Header>
<Loc EndOffset="4572" SrcFileId="1" StartOffset="4533"/>
</Header>
<LocList>
<Loc EndOffset="4765" SrcFileId="1" StartOffset="4533"/>
</LocList>
<StmntSeq Intrnl_Id="237">
<LocList>
<Loc EndOffset="4589" SrcFileId="1" StartOffset="4577"/>
<Loc EndOffset="4605" SrcFileId="1" StartOffset="4592"/>
<Loc EndOffset="4630" SrcFileId="1" StartOffset="4608"/>
<Loc EndOffset="4652" SrcFileId="1" StartOffset="4633"/>
<Loc EndOffset="4675" SrcFileId="1" StartOffset="4655"/>
<Loc EndOffset="4699" SrcFileId="1" StartOffset="4678"/>
<Loc EndOffset="4715" SrcFileId="1" StartOffset="4702"/>
<Loc EndOffset="4758" SrcFileId="1" StartOffset="4751"/>
</LocList>
<BasicStmnt CovItemId="S152" CovItemPrefix="org.cs362.dominion.Card.java" Intrnl_Id="238">
<LocList>
<Loc EndOffset="4589" SrcFileId="1" StartOffset="4577"/>
</LocList>
</BasicStmnt>
<BasicStmnt CovItemId="S153" CovItemPrefix="org.cs362.dominion.Card.java" Intrnl_Id="239">
<LocList>
<Loc EndOffset="4605" SrcFileId="1" StartOffset="4592"/>
</LocList>
</BasicStmnt>
<BasicStmnt CovItemId="S154" CovItemPrefix="org.cs362.dominion.Card.java" Intrnl_Id="240">
<LocList>
<Loc EndOffset="4630" SrcFileId="1" StartOffset="4608"/>
</LocList>
</BasicStmnt>
<BasicStmnt CovItemId="S155" CovItemPrefix="org.cs362.dominion.Card.java" Intrnl_Id="241">
<LocList>
<Loc EndOffset="4652" SrcFileId="1" StartOffset="4633"/>
</LocList>
</BasicStmnt>
<BasicStmnt CovItemId="S156" CovItemPrefix="org.cs362.dominion.Card.java" Intrnl_Id="242">
<LocList>
<Loc EndOffset="4675" SrcFileId="1" StartOffset="4655"/>
</LocList>
</BasicStmnt>
<BasicStmnt CovItemId="S157" CovItemPrefix="org.cs362.dominion.Card.java" Intrnl_Id="243">
<LocList>
<Loc EndOffset="4699" SrcFileId="1" StartOffset="4678"/>
</LocList>
</BasicStmnt>
<BasicStmnt CovItemId="S158" CovItemPrefix="org.cs362.dominion.Card.java" Intrnl_Id="244">
<LocList>
<Loc EndOffset="4715" SrcFileId="1" StartOffset="4702"/>
</LocList>
</BasicStmnt>
<BasicStmnt CovItemId="S159" CovItemPrefix="org.cs362.dominion.Card.java" Intrnl_Id="245">
<LocList>
<Loc EndOffset="4758" SrcFileId="1" StartOffset="4751"/>
</LocList>
</BasicStmnt>
</StmntSeq>
</HierarchyLvl>
<HierarchyLvl HierarchyLvlId="203" HierarchyLvlTypeId="9" Intrnl_Id="246" Name="makeAdventurer">
<Header>
<Loc EndOffset="4806" SrcFileId="1" StartOffset="4768"/>
</Header>
<LocList>
<Loc EndOffset="4967" SrcFileId="1" StartOffset="4768"/>
</LocList>
<StmntSeq Intrnl_Id="247">
<LocList>
<Loc EndOffset="4823" SrcFileId="1" StartOffset="4811"/>
<Loc EndOffset="4839" SrcFileId="1" StartOffset="4826"/>
<Loc EndOffset="4864" SrcFileId="1" StartOffset="4842"/>
<Loc EndOffset="4886" SrcFileId="1" StartOffset="4867"/>
<Loc EndOffset="4909" SrcFileId="1" StartOffset="4889"/>
<Loc EndOffset="4933" SrcFileId="1" StartOffset="4912"/>
<Loc EndOffset="4950" SrcFileId="1" StartOffset="4936"/>
<Loc EndOffset="4960" SrcFileId="1" StartOffset="4953"/>
</LocList>
<BasicStmnt CovItemId="S160" CovItemPrefix="org.cs362.dominion.Card.java" Intrnl_Id="248">
<LocList>
<Loc EndOffset="4823" SrcFileId="1" StartOffset="4811"/>
</LocList>
</BasicStmnt>
<BasicStmnt CovItemId="S161" CovItemPrefix="org.cs362.dominion.Card.java" Intrnl_Id="249">
<LocList>
<Loc EndOffset="4839" SrcFileId="1" StartOffset="4826"/>
</LocList>
</BasicStmnt>
<BasicStmnt CovItemId="S162" CovItemPrefix="org.cs362.dominion.Card.java" Intrnl_Id="250">
<LocList>
<Loc EndOffset="4864" SrcFileId="1" StartOffset="4842"/>
</LocList>
</BasicStmnt>
<BasicStmnt CovItemId="S163" CovItemPrefix="org.cs362.dominion.Card.java" Intrnl_Id="251">
<LocList>
<Loc EndOffset="4886" SrcFileId="1" StartOffset="4867"/>
</LocList>
</BasicStmnt>
<BasicStmnt CovItemId="S164" CovItemPrefix="org.cs362.dominion.Card.java" Intrnl_Id="252">
<LocList>
<Loc EndOffset="4909" SrcFileId="1" StartOffset="4889"/>
</LocList>
</BasicStmnt>
<BasicStmnt CovItemId="S165" CovItemPrefix="org.cs362.dominion.Card.java" Intrnl_Id="253">
<LocList>
<Loc EndOffset="4933" SrcFileId="1" StartOffset="4912"/>
</LocList>
</BasicStmnt>
<BasicStmnt CovItemId="S166" CovItemPrefix="org.cs362.dominion.Card.java" Intrnl_Id="254">
<LocList>
<Loc EndOffset="4950" SrcFileId="1" StartOffset="4936"/>
</LocList>
</BasicStmnt>
<BasicStmnt CovItemId="S167" CovItemPrefix="org.cs362.dominion.Card.java" Intrnl_Id="255">
<LocList>
<Loc EndOffset="4960" SrcFileId="1" StartOffset="4953"/>
</LocList>
</BasicStmnt>
</StmntSeq>
</HierarchyLvl>
<HierarchyLvl HierarchyLvlId="204" HierarchyLvlTypeId="9" Intrnl_Id="256" Name="makeProvince">
<Header>
<Loc EndOffset="5005" SrcFileId="1" StartOffset="4969"/>
</Header>
<LocList>
<Loc EndOffset="5166" SrcFileId="1" StartOffset="4969"/>
</LocList>
<StmntSeq Intrnl_Id="257">
<LocList>
<Loc EndOffset="5022" SrcFileId="1" StartOffset="5010"/>
<Loc EndOffset="5038" SrcFileId="1" StartOffset="5025"/>
<Loc EndOffset="5063" SrcFileId="1" StartOffset="5041"/>
<Loc EndOffset="5085" SrcFileId="1" StartOffset="5066"/>
<Loc EndOffset="5108" SrcFileId="1" StartOffset="5088"/>
<Loc EndOffset="5132" SrcFileId="1" StartOffset="5111"/>
<Loc EndOffset="5149" SrcFileId="1" StartOffset="5135"/>
<Loc EndOffset="5159" SrcFileId="1" StartOffset="5152"/>
</LocList>
<BasicStmnt CovItemId="S168" CovItemPrefix="org.cs362.dominion.Card.java" Intrnl_Id="258">
<LocList>
<Loc EndOffset="5022" SrcFileId="1" StartOffset="5010"/>
</LocList>
</BasicStmnt>
<BasicStmnt CovItemId="S169" CovItemPrefix="org.cs362.dominion.Card.java" Intrnl_Id="259">
<LocList>
<Loc EndOffset="5038" SrcFileId="1" StartOffset="5025"/>
</LocList>
</BasicStmnt>
<BasicStmnt CovItemId="S170" CovItemPrefix="org.cs362.dominion.Card.java" Intrnl_Id="260">
<LocList>
<Loc EndOffset="5063" SrcFileId="1" StartOffset="5041"/>
</LocList>
</BasicStmnt>
<BasicStmnt CovItemId="S171" CovItemPrefix="org.cs362.dominion.Card.java" Intrnl_Id="261">
<LocList>
<Loc EndOffset="5085" SrcFileId="1" StartOffset="5066"/>
</LocList>
</BasicStmnt>
<BasicStmnt CovItemId="S172" CovItemPrefix="org.cs362.dominion.Card.java" Intrnl_Id="262">
<LocList>
<Loc EndOffset="5108" SrcFileId="1" StartOffset="5088"/>
</LocList>
</BasicStmnt>
<BasicStmnt CovItemId="S173" CovItemPrefix="org.cs362.dominion.Card.java" Intrnl_Id="263">
<LocList>
<Loc EndOffset="5132" SrcFileId="1" StartOffset="5111"/>
</LocList>
</BasicStmnt>
<BasicStmnt CovItemId="S174" CovItemPrefix="org.cs362.dominion.Card.java" Intrnl_Id="264">
<LocList>
<Loc EndOffset="5149" SrcFileId="1" StartOffset="5135"/>
</LocList>
</BasicStmnt>
<BasicStmnt CovItemId="S175" CovItemPrefix="org.cs362.dominion.Card.java" Intrnl_Id="265">
<LocList>
<Loc EndOffset="5159" SrcFileId="1" StartOffset="5152"/>
</LocList>
</BasicStmnt>
</StmntSeq>
</HierarchyLvl>
<HierarchyLvl HierarchyLvlId="205" HierarchyLvlTypeId="9" Intrnl_Id="266" Name="makeDuchy">
<Header>
<Loc EndOffset="5201" SrcFileId="1" StartOffset="5168"/>
</Header>
<LocList>
<Loc EndOffset="5362" SrcFileId="1" StartOffset="5168"/>
</LocList>
<StmntSeq Intrnl_Id="267">
<LocList>
<Loc EndOffset="5218" SrcFileId="1" StartOffset="5206"/>
<Loc EndOffset="5234" SrcFileId="1" StartOffset="5221"/>
<Loc EndOffset="5259" SrcFileId="1" StartOffset="5237"/>
<Loc EndOffset="5281" SrcFileId="1" StartOffset="5262"/>
<Loc EndOffset="5304" SrcFileId="1" StartOffset="5284"/>
<Loc EndOffset="5328" SrcFileId="1" StartOffset="5307"/>
<Loc EndOffset="5345" SrcFileId="1" StartOffset="5331"/>
<Loc EndOffset="5355" SrcFileId="1" StartOffset="5348"/>
</LocList>
<BasicStmnt CovItemId="S176" CovItemPrefix="org.cs362.dominion.Card.java" Intrnl_Id="268">
<LocList>
<Loc EndOffset="5218" SrcFileId="1" StartOffset="5206"/>
</LocList>
</BasicStmnt>
<BasicStmnt CovItemId="S177" CovItemPrefix="org.cs362.dominion.Card.java" Intrnl_Id="269">
<LocList>
<Loc EndOffset="5234" SrcFileId="1" StartOffset="5221"/>
</LocList>
</BasicStmnt>
<BasicStmnt CovItemId="S178" CovItemPrefix="org.cs362.dominion.Card.java" Intrnl_Id="270">
<LocList>
<Loc EndOffset="5259" SrcFileId="1" StartOffset="5237"/>
</LocList>
</BasicStmnt>
<BasicStmnt CovItemId="S179" CovItemPrefix="org.cs362.dominion.Card.java" Intrnl_Id="271">
<LocList>
<Loc EndOffset="5281" SrcFileId="1" StartOffset="5262"/>
</LocList>
</BasicStmnt>
<BasicStmnt CovItemId="S180" CovItemPrefix="org.cs362.dominion.Card.java" Intrnl_Id="272">
<LocList>
<Loc EndOffset="5304" SrcFileId="1" StartOffset="5284"/>
</LocList>
</BasicStmnt>
<BasicStmnt CovItemId="S181" CovItemPrefix="org.cs362.dominion.Card.java" Intrnl_Id="273">
<LocList>
<Loc EndOffset="5328" SrcFileId="1" StartOffset="5307"/>
</LocList>
</BasicStmnt>
<BasicStmnt CovItemId="S182" CovItemPrefix="org.cs362.dominion.Card.java" Intrnl_Id="274">
<LocList>
<Loc EndOffset="5345" SrcFileId="1" StartOffset="5331"/>
</LocList>
</BasicStmnt>
<BasicStmnt CovItemId="S183" CovItemPrefix="org.cs362.dominion.Card.java" Intrnl_Id="275">
<LocList>
<Loc EndOffset="5355" SrcFileId="1" StartOffset="5348"/>
</LocList>
</BasicStmnt>
</StmntSeq>
</HierarchyLvl>
<HierarchyLvl HierarchyLvlId="206" HierarchyLvlTypeId="9" Intrnl_Id="276" Name="makeEstate">
<Header>
<Loc EndOffset="5398" SrcFileId="1" StartOffset="5364"/>
</Header>
<LocList>
<Loc EndOffset="5559" SrcFileId="1" StartOffset="5364"/>
</LocList>
<StmntSeq Intrnl_Id="277">
<LocList>
<Loc EndOffset="5415" SrcFileId="1" StartOffset="5403"/>
<Loc EndOffset="5431" SrcFileId="1" StartOffset="5418"/>
<Loc EndOffset="5456" SrcFileId="1" StartOffset="5434"/>
<Loc EndOffset="5478" SrcFileId="1" StartOffset="5459"/>
<Loc EndOffset="5501" SrcFileId="1" StartOffset="5481"/>
<Loc EndOffset="5525" SrcFileId="1" StartOffset="5504"/>
<Loc EndOffset="5542" SrcFileId="1" StartOffset="5528"/>
<Loc EndOffset="5552" SrcFileId="1" StartOffset="5545"/>
</LocList>
<BasicStmnt CovItemId="S184" CovItemPrefix="org.cs362.dominion.Card.java" Intrnl_Id="278">
<LocList>
<Loc EndOffset="5415" SrcFileId="1" StartOffset="5403"/>
</LocList>
</BasicStmnt>
<BasicStmnt CovItemId="S185" CovItemPrefix="org.cs362.dominion.Card.java" Intrnl_Id="279">
<LocList>
<Loc EndOffset="5431" SrcFileId="1" StartOffset="5418"/>
</LocList>
</BasicStmnt>
<BasicStmnt CovItemId="S186" CovItemPrefix="org.cs362.dominion.Card.java" Intrnl_Id="280">
<LocList>
<Loc EndOffset="5456" SrcFileId="1" StartOffset="5434"/>
</LocList>
</BasicStmnt>
<BasicStmnt CovItemId="S187" CovItemPrefix="org.cs362.dominion.Card.java" Intrnl_Id="281">
<LocList>
<Loc EndOffset="5478" SrcFileId="1" StartOffset="5459"/>
</LocList>
</BasicStmnt>
<BasicStmnt CovItemId="S188" CovItemPrefix="org.cs362.dominion.Card.java" Intrnl_Id="282">
<LocList>
<Loc EndOffset="5501" SrcFileId="1" StartOffset="5481"/>
</LocList>
</BasicStmnt>
<BasicStmnt CovItemId="S189" CovItemPrefix="org.cs362.dominion.Card.java" Intrnl_Id="283">
<LocList>
<Loc EndOffset="5525" SrcFileId="1" StartOffset="5504"/>
</LocList>
</BasicStmnt>
<BasicStmnt CovItemId="S190" CovItemPrefix="org.cs362.dominion.Card.java" Intrnl_Id="284">
<LocList>
<Loc EndOffset="5542" SrcFileId="1" StartOffset="5528"/>
</LocList>
</BasicStmnt>
<BasicStmnt CovItemId="S191" CovItemPrefix="org.cs362.dominion.Card.java" Intrnl_Id="285">
<LocList>
<Loc EndOffset="5552" SrcFileId="1" StartOffset="5545"/>
</LocList>
</BasicStmnt>
</StmntSeq>
</HierarchyLvl>
<HierarchyLvl HierarchyLvlId="207" HierarchyLvlTypeId="9" Intrnl_Id="286" Name="makeGold">
<Header>
<Loc EndOffset="5594" SrcFileId="1" StartOffset="5562"/>
</Header>
<LocList>
<Loc EndOffset="5753" SrcFileId="1" StartOffset="5562"/>
</LocList>
<StmntSeq Intrnl_Id="287">
<LocList>
<Loc EndOffset="5611" SrcFileId="1" StartOffset="5599"/>
<Loc EndOffset="5627" SrcFileId="1" StartOffset="5614"/>
<Loc EndOffset="5652" SrcFileId="1" StartOffset="5630"/>
<Loc EndOffset="5674" SrcFileId="1" StartOffset="5655"/>
<Loc EndOffset="5697" SrcFileId="1" StartOffset="5677"/>
<Loc EndOffset="5721" SrcFileId="1" StartOffset="5700"/>
<Loc EndOffset="5738" SrcFileId="1" StartOffset="5724"/>
<Loc EndOffset="5748" SrcFileId="1" StartOffset="5741"/>
</LocList>
<BasicStmnt CovItemId="S192" CovItemPrefix="org.cs362.dominion.Card.java" Intrnl_Id="288">
<LocList>
<Loc EndOffset="5611" SrcFileId="1" StartOffset="5599"/>
</LocList>
</BasicStmnt>
<BasicStmnt CovItemId="S193" CovItemPrefix="org.cs362.dominion.Card.java" Intrnl_Id="289">
<LocList>
<Loc EndOffset="5627" SrcFileId="1" StartOffset="5614"/>
</LocList>
</BasicStmnt>
<BasicStmnt CovItemId="S194" CovItemPrefix="org.cs362.dominion.Card.java" Intrnl_Id="290">
<LocList>
<Loc EndOffset="5652" SrcFileId="1" StartOffset="5630"/>
</LocList>
</BasicStmnt>
<BasicStmnt CovItemId="S195" CovItemPrefix="org.cs362.dominion.Card.java" Intrnl_Id="291">
<LocList>
<Loc EndOffset="5674" SrcFileId="1" StartOffset="5655"/>
</LocList>
</BasicStmnt>
<BasicStmnt CovItemId="S196" CovItemPrefix="org.cs362.dominion.Card.java" Intrnl_Id="292">
<LocList>
<Loc EndOffset="5697" SrcFileId="1" StartOffset="5677"/>
</LocList>
</BasicStmnt>
<BasicStmnt CovItemId="S197" CovItemPrefix="org.cs362.dominion.Card.java" Intrnl_Id="293">
<LocList>
<Loc EndOffset="5721" SrcFileId="1" StartOffset="5700"/>
</LocList>
</BasicStmnt>
<BasicStmnt CovItemId="S198" CovItemPrefix="org.cs362.dominion.Card.java" Intrnl_Id="294">
<LocList>
<Loc EndOffset="5738" SrcFileId="1" StartOffset="5724"/>
</LocList>
</BasicStmnt>
<BasicStmnt CovItemId="S199" CovItemPrefix="org.cs362.dominion.Card.java" Intrnl_Id="295">
<LocList>
<Loc EndOffset="5748" SrcFileId="1" StartOffset="5741"/>
</LocList>
</BasicStmnt>
</StmntSeq>
</HierarchyLvl>
<HierarchyLvl HierarchyLvlId="208" HierarchyLvlTypeId="9" Intrnl_Id="296" Name="makeSilver">
<Header>
<Loc EndOffset="5790" SrcFileId="1" StartOffset="5756"/>
</Header>
<LocList>
<Loc EndOffset="5950" SrcFileId="1" StartOffset="5756"/>
</LocList>
<StmntSeq Intrnl_Id="297">
<LocList>
<Loc EndOffset="5807" SrcFileId="1" StartOffset="5795"/>
<Loc EndOffset="5823" SrcFileId="1" StartOffset="5810"/>
<Loc EndOffset="5848" SrcFileId="1" StartOffset="5826"/>
<Loc EndOffset="5870" SrcFileId="1" StartOffset="5851"/>
<Loc EndOffset="5893" SrcFileId="1" StartOffset="5873"/>
<Loc EndOffset="5917" SrcFileId="1" StartOffset="5896"/>
<Loc EndOffset="5934" SrcFileId="1" StartOffset="5920"/>
<Loc EndOffset="5944" SrcFileId="1" StartOffset="5937"/>
</LocList>
<BasicStmnt CovItemId="S200" CovItemPrefix="org.cs362.dominion.Card.java" Intrnl_Id="298">
<LocList>
<Loc EndOffset="5807" SrcFileId="1" StartOffset="5795"/>
</LocList>
</BasicStmnt>
<BasicStmnt CovItemId="S201" CovItemPrefix="org.cs362.dominion.Card.java" Intrnl_Id="299">
<LocList>
<Loc EndOffset="5823" SrcFileId="1" StartOffset="5810"/>
</LocList>
</BasicStmnt>
<BasicStmnt CovItemId="S202" CovItemPrefix="org.cs362.dominion.Card.java" Intrnl_Id="300">
<LocList>
<Loc EndOffset="5848" SrcFileId="1" StartOffset="5826"/>
</LocList>
</BasicStmnt>
<BasicStmnt CovItemId="S203" CovItemPrefix="org.cs362.dominion.Card.java" Intrnl_Id="301">
<LocList>
<Loc EndOffset="5870" SrcFileId="1" StartOffset="5851"/>
</LocList>
</BasicStmnt>
<BasicStmnt CovItemId="S204" CovItemPrefix="org.cs362.dominion.Card.java" Intrnl_Id="302">
<LocList>
<Loc EndOffset="5893" SrcFileId="1" StartOffset="5873"/>
</LocList>
</BasicStmnt>
<BasicStmnt CovItemId="S205" CovItemPrefix="org.cs362.dominion.Card.java" Intrnl_Id="303">
<LocList>
<Loc EndOffset="5917" SrcFileId="1" StartOffset="5896"/>
</LocList>
</BasicStmnt>
<BasicStmnt CovItemId="S206" CovItemPrefix="org.cs362.dominion.Card.java" Intrnl_Id="304">
<LocList>
<Loc EndOffset="5934" SrcFileId="1" StartOffset="5920"/>
</LocList>
</BasicStmnt>
<BasicStmnt CovItemId="S207" CovItemPrefix="org.cs362.dominion.Card.java" Intrnl_Id="305">
<LocList>
<Loc EndOffset="5944" SrcFileId="1" StartOffset="5937"/>
</LocList>
</BasicStmnt>
</StmntSeq>
</HierarchyLvl>
<HierarchyLvl HierarchyLvlId="209" HierarchyLvlTypeId="9" Intrnl_Id="306" Name="makeCopper">
<Header>
<Loc EndOffset="5987" SrcFileId="1" StartOffset="5953"/>
</Header>
<LocList>
<Loc EndOffset="6149" SrcFileId="1" StartOffset="5953"/>
</LocList>
<StmntSeq Intrnl_Id="307">
<LocList>
<Loc EndOffset="6004" SrcFileId="1" StartOffset="5992"/>
<Loc EndOffset="6020" SrcFileId="1" StartOffset="6007"/>
<Loc EndOffset="6045" SrcFileId="1" StartOffset="6023"/>
<Loc EndOffset="6067" SrcFileId="1" StartOffset="6048"/>
<Loc EndOffset="6090" SrcFileId="1" StartOffset="6070"/>
<Loc EndOffset="6114" SrcFileId="1" StartOffset="6093"/>
<Loc EndOffset="6131" SrcFileId="1" StartOffset="6117"/>
<Loc EndOffset="6141" SrcFileId="1" StartOffset="6134"/>
</LocList>
<BasicStmnt CovItemId="S208" CovItemPrefix="org.cs362.dominion.Card.java" Intrnl_Id="308">
<LocList>
<Loc EndOffset="6004" SrcFileId="1" StartOffset="5992"/>
</LocList>
</BasicStmnt>
<BasicStmnt CovItemId="S209" CovItemPrefix="org.cs362.dominion.Card.java" Intrnl_Id="309">
<LocList>
<Loc EndOffset="6020" SrcFileId="1" StartOffset="6007"/>
</LocList>
</BasicStmnt>
<BasicStmnt CovItemId="S210" CovItemPrefix="org.cs362.dominion.Card.java" Intrnl_Id="310">
<LocList>
<Loc EndOffset="6045" SrcFileId="1" StartOffset="6023"/>
</LocList>
</BasicStmnt>
<BasicStmnt CovItemId="S211" CovItemPrefix="org.cs362.dominion.Card.java" Intrnl_Id="311">
<LocList>
<Loc EndOffset="6067" SrcFileId="1" StartOffset="6048"/>
</LocList>
</BasicStmnt>
<BasicStmnt CovItemId="S212" CovItemPrefix="org.cs362.dominion.Card.java" Intrnl_Id="312">
<LocList>
<Loc EndOffset="6090" SrcFileId="1" StartOffset="6070"/>
</LocList>
</BasicStmnt>
<BasicStmnt CovItemId="S213" CovItemPrefix="org.cs362.dominion.Card.java" Intrnl_Id="313">
<LocList>
<Loc EndOffset="6114" SrcFileId="1" StartOffset="6093"/>
</LocList>
</BasicStmnt>
<BasicStmnt CovItemId="S214" CovItemPrefix="org.cs362.dominion.Card.java" Intrnl_Id="314">
<LocList>
<Loc EndOffset="6131" SrcFileId="1" StartOffset="6117"/>
</LocList>
</BasicStmnt>
<BasicStmnt CovItemId="S215" CovItemPrefix="org.cs362.dominion.Card.java" Intrnl_Id="315">
<LocList>
<Loc EndOffset="6141" SrcFileId="1" StartOffset="6134"/>
</LocList>
</BasicStmnt>
</StmntSeq>
</HierarchyLvl>
<HierarchyLvl HierarchyLvlId="210" HierarchyLvlTypeId="9" Intrnl_Id="316" Name="toString">
<Header>
<Loc EndOffset="6177" SrcFileId="1" StartOffset="6153"/>
</Header>
<LocList>
<Loc EndOffset="6741" SrcFileId="1" StartOffset="6153"/>
</LocList>
<StmntSeq Intrnl_Id="317">
<LocList>
<Loc EndOffset="6219" SrcFileId="1" StartOffset="6198"/>
<Loc EndOffset="6738" SrcFileId="1" StartOffset="6724"/>
</LocList>
<BasicStmnt CovItemId="S216" CovItemPrefix="org.cs362.dominion.Card.java" Intrnl_Id="318">
<LocList>
<Loc EndOffset="6219" SrcFileId="1" StartOffset="6198"/>
</LocList>
</BasicStmnt>
<BasicStmnt CovItemId="S217" CovItemPrefix="org.cs362.dominion.Card.java" Intrnl_Id="319">
<LocList>
<Loc EndOffset="6738" SrcFileId="1" StartOffset="6724"/>
</LocList>
</BasicStmnt>
</StmntSeq>
</HierarchyLvl>
<HierarchyLvl HierarchyLvlId="211" HierarchyLvlTypeId="9" Intrnl_Id="320" Name="allCards">
<Header>
<Loc EndOffset="6771" SrcFileId="1" StartOffset="6745"/>
</Header>
<LocList>
<Loc EndOffset="7038" SrcFileId="1" StartOffset="6745"/>
</LocList>
<StmntSeq Intrnl_Id="321">
<LocList>
<Loc EndOffset="7016" SrcFileId="1" StartOffset="6775"/>
<Loc EndOffset="7035" SrcFileId="1" StartOffset="7019"/>
</LocList>
<BasicStmnt CovItemId="S218" CovItemPrefix="org.cs362.dominion.Card.java" Intrnl_Id="322">
<LocList>
<Loc EndOffset="7016" SrcFileId="1" StartOffset="6775"/>
</LocList>
</BasicStmnt>
<BasicStmnt CovItemId="S219" CovItemPrefix="org.cs362.dominion.Card.java" Intrnl_Id="323">
<LocList>
<Loc EndOffset="7035" SrcFileId="1" StartOffset="7019"/>
</LocList>
</BasicStmnt>
</StmntSeq>
</HierarchyLvl>
</HierarchyLvl>
<HierarchyLvl HierarchyLvlId="226" HierarchyLvlTypeId="10" Intrnl_Id="324" Name="CardSupply">
<Header>
<Loc EndOffset="130" SrcFileId="2" StartOffset="107"/>
</Header>
<LocList>
<Loc EndOffset="12234" SrcFileId="2" StartOffset="107"/>
</LocList>
<StmntSeq Intrnl_Id="325">
<LocList>
<Loc EndOffset="405" SrcFileId="2" StartOffset="352"/>
</LocList>
<BasicStmnt CovItemId="S1" CovItemPrefix="org.cs362.dominion.CardSupply.java" Intrnl_Id="326">
<LocList>
<Loc EndOffset="405" SrcFileId="2" StartOffset="352"/>
</LocList>
</BasicStmnt>
</StmntSeq>
<HierarchyLvl HierarchyLvlId="213" HierarchyLvlTypeId="9" Intrnl_Id="327" Name="CardSupply">
<Header>
<Loc EndOffset="477" SrcFileId="2" StartOffset="448"/>
</Header>
<LocList>
<Loc EndOffset="1613" SrcFileId="2" StartOffset="448"/>
</LocList>
<StmntSeq Intrnl_Id="328">
<LocList>
<Loc EndOffset="519" SrcFileId="2" StartOffset="481"/>
<Loc EndOffset="582" SrcFileId="2" StartOffset="544"/>
<Loc EndOffset="641" SrcFileId="2" StartOffset="606"/>
<Loc EndOffset="691" SrcFileId="2" StartOffset="653"/>
<Loc EndOffset="740" SrcFileId="2" StartOffset="704"/>
<Loc EndOffset="795" SrcFileId="2" StartOffset="753"/>
<Loc EndOffset="845" SrcFileId="2" StartOffset="808"/>
<Loc EndOffset="917" SrcFileId="2" StartOffset="872"/>
<Loc EndOffset="974" SrcFileId="2" StartOffset="930"/>
<Loc EndOffset="1024" SrcFileId="2" StartOffset="987"/>
<Loc EndOffset="1084" SrcFileId="2" StartOffset="1037"/>
<Loc EndOffset="1139" SrcFileId="2" StartOffset="1097"/>
<Loc EndOffset="1192" SrcFileId="2" StartOffset="1152"/>
<Loc EndOffset="1242" SrcFileId="2" StartOffset="1205"/>
<Loc EndOffset="1295" SrcFileId="2" StartOffset="1255"/>
<Loc EndOffset="1353" SrcFileId="2" StartOffset="1308"/>
<Loc EndOffset="1401" SrcFileId="2" StartOffset="1366"/>
<Loc EndOffset="1452" SrcFileId="2" StartOffset="1414"/>
<Loc EndOffset="1505" SrcFileId="2" StartOffset="1465"/>
<Loc EndOffset="1563" SrcFileId="2" StartOffset="1518"/>
<Loc EndOffset="1609" SrcFileId="2" StartOffset="1576"/>
</LocList>
<BasicStmnt CovItemId="S2" CovItemPrefix="org.cs362.dominion.CardSupply.java" Intrnl_Id="329">
<LocList>
<Loc EndOffset="519" SrcFileId="2" StartOffset="481"/>
</LocList>
</BasicStmnt>
<BasicStmnt CovItemId="S3" CovItemPrefix="org.cs362.dominion.CardSupply.java" Intrnl_Id="330">
<LocList>
<Loc EndOffset="582" SrcFileId="2" StartOffset="544"/>
</LocList>
</BasicStmnt>
<BasicStmnt CovItemId="S4" CovItemPrefix="org.cs362.dominion.CardSupply.java" Intrnl_Id="331">
<LocList>
<Loc EndOffset="641" SrcFileId="2" StartOffset="606"/>
</LocList>
</BasicStmnt>
<BasicStmnt CovItemId="S5" CovItemPrefix="org.cs362.dominion.CardSupply.java" Intrnl_Id="332">
<LocList>
<Loc EndOffset="691" SrcFileId="2" StartOffset="653"/>
</LocList>
</BasicStmnt>
<BasicStmnt CovItemId="S6" CovItemPrefix="org.cs362.dominion.CardSupply.java" Intrnl_Id="333">
<LocList>
<Loc EndOffset="740" SrcFileId="2" StartOffset="704"/>
</LocList>
</BasicStmnt>
<BasicStmnt CovItemId="S7" CovItemPrefix="org.cs362.dominion.CardSupply.java" Intrnl_Id="334">
<LocList>
<Loc EndOffset="795" SrcFileId="2" StartOffset="753"/>
</LocList>
</BasicStmnt>
<BasicStmnt CovItemId="S8" CovItemPrefix="org.cs362.dominion.CardSupply.java" Intrnl_Id="335">
<LocList>
<Loc EndOffset="845" SrcFileId="2" StartOffset="808"/>
</LocList>
</BasicStmnt>
<BasicStmnt CovItemId="S9" CovItemPrefix="org.cs362.dominion.CardSupply.java" Intrnl_Id="336">
<LocList>
<Loc EndOffset="917" SrcFileId="2" StartOffset="872"/>
</LocList>
</BasicStmnt>
<BasicStmnt CovItemId="S10" CovItemPrefix="org.cs362.dominion.CardSupply.java" Intrnl_Id="337">
<LocList>
<Loc EndOffset="974" SrcFileId="2" StartOffset="930"/>
</LocList>
</BasicStmnt>
<BasicStmnt CovItemId="S11" CovItemPrefix="org.cs362.dominion.CardSupply.java" Intrnl_Id="338">
<LocList>
<Loc EndOffset="1024" SrcFileId="2" StartOffset="987"/>
</LocList>
</BasicStmnt>
<BasicStmnt CovItemId="S12" CovItemPrefix="org.cs362.dominion.CardSupply.java" Intrnl_Id="339">
<LocList>
<Loc EndOffset="1084" SrcFileId="2" StartOffset="1037"/>
</LocList>
</BasicStmnt>
<BasicStmnt CovItemId="S13" CovItemPrefix="org.cs362.dominion.CardSupply.java" Intrnl_Id="340">
<LocList>
<Loc EndOffset="1139" SrcFileId="2" StartOffset="1097"/>
</LocList>
</BasicStmnt>
<BasicStmnt CovItemId="S14" CovItemPrefix="org.cs362.dominion.CardSupply.java" Intrnl_Id="341">
<LocList>
<Loc EndOffset="1192" SrcFileId="2" StartOffset="1152"/>
</LocList>
</BasicStmnt>
<BasicStmnt CovItemId="S15" CovItemPrefix="org.cs362.dominion.CardSupply.java" Intrnl_Id="342">
<LocList>
<Loc EndOffset="1242" SrcFileId="2" StartOffset="1205"/>
</LocList>
</BasicStmnt>
<BasicStmnt CovItemId="S16" CovItemPrefix="org.cs362.dominion.CardSupply.java" Intrnl_Id="343">
<LocList>
<Loc EndOffset="1295" SrcFileId="2" StartOffset="1255"/>
</LocList>
</BasicStmnt>
<BasicStmnt CovItemId="S17" CovItemPrefix="org.cs362.dominion.CardSupply.java" Intrnl_Id="344">
<LocList>
<Loc EndOffset="1353" SrcFileId="2" StartOffset="1308"/>
</LocList>
</BasicStmnt>
<BasicStmnt CovItemId="S18" CovItemPrefix="org.cs362.dominion.CardSupply.java" Intrnl_Id="345">
<LocList>
<Loc EndOffset="1401" SrcFileId="2" StartOffset="1366"/>
</LocList>
</BasicStmnt>
<BasicStmnt CovItemId="S19" CovItemPrefix="org.cs362.dominion.CardSupply.java" Intrnl_Id="346">
<LocList>
<Loc EndOffset="1452" SrcFileId="2" StartOffset="1414"/>
</LocList>
</BasicStmnt>
<BasicStmnt CovItemId="S20" CovItemPrefix="org.cs362.dominion.CardSupply.java" Intrnl_Id="347">
<LocList>
<Loc EndOffset="1505" SrcFileId="2" StartOffset="1465"/>
</LocList>
</BasicStmnt>
<BasicStmnt CovItemId="S21" CovItemPrefix="org.cs362.dominion.CardSupply.java" Intrnl_Id="348">
<LocList>
<Loc EndOffset="1563" SrcFileId="2" StartOffset="1518"/>
</LocList>
</BasicStmnt>
<BasicStmnt CovItemId="S22" CovItemPrefix="org.cs362.dominion.CardSupply.java" Intrnl_Id="349">
<LocList>
<Loc EndOffset="1609" SrcFileId="2" StartOffset="1576"/>
</LocList>
</BasicStmnt>
</StmntSeq>
</HierarchyLvl>
<HierarchyLvl HierarchyLvlId="214" HierarchyLvlTypeId="9" Intrnl_Id="350" Name="CardSupply">
<Header>
<Loc EndOffset="1632" SrcFileId="2" StartOffset="1620"/>
</Header>
<LocList>
<Loc EndOffset="2795" SrcFileId="2" StartOffset="1620"/>
</LocList>
<StmntSeq Intrnl_Id="351">
<LocList>
<Loc EndOffset="1675" SrcFileId="2" StartOffset="1636"/>
<Loc EndOffset="1740" SrcFileId="2" StartOffset="1700"/>
<Loc EndOffset="1801" SrcFileId="2" StartOffset="1764"/>
<Loc EndOffset="1853" SrcFileId="2" StartOffset="1813"/>
<Loc EndOffset="1904" SrcFileId="2" StartOffset="1866"/>
<Loc EndOffset="1961" SrcFileId="2" StartOffset="1917"/>
<Loc EndOffset="2013" SrcFileId="2" StartOffset="1974"/>
<Loc EndOffset="2087" SrcFileId="2" StartOffset="2040"/>
<Loc EndOffset="2146" SrcFileId="2" StartOffset="2100"/>
<Loc EndOffset="2198" SrcFileId="2" StartOffset="2159"/>
<Loc EndOffset="2260" SrcFileId="2" StartOffset="2211"/>
<Loc EndOffset="2317" SrcFileId="2" StartOffset="2273"/>
<Loc EndOffset="2372" SrcFileId="2" StartOffset="2330"/>
<Loc EndOffset="2424" SrcFileId="2" StartOffset="2385"/>
<Loc EndOffset="2479" SrcFileId="2" StartOffset="2437"/>
<Loc EndOffset="2539" SrcFileId="2" StartOffset="2492"/>
<Loc EndOffset="2589" SrcFileId="2" StartOffset="2552"/>
<Loc EndOffset="2642" SrcFileId="2" StartOffset="2602"/>
<Loc EndOffset="2697" SrcFileId="2" StartOffset="2655"/>
<Loc EndOffset="2757" SrcFileId="2" StartOffset="2710"/>
<Loc EndOffset="2791" SrcFileId="2" StartOffset="2770"/>
</LocList>
<BasicStmnt CovItemId="S23" CovItemPrefix="org.cs362.dominion.CardSupply.java" Intrnl_Id="352">
<LocList>
<Loc EndOffset="1675" SrcFileId="2" StartOffset="1636"/>
</LocList>
</BasicStmnt>
<BasicStmnt CovItemId="S24" CovItemPrefix="org.cs362.dominion.CardSupply.java" Intrnl_Id="353">
<LocList>
<Loc EndOffset="1740" SrcFileId="2" StartOffset="1700"/>
</LocList>
</BasicStmnt>
<BasicStmnt CovItemId="S25" CovItemPrefix="org.cs362.dominion.CardSupply.java" Intrnl_Id="354">
<LocList>
<Loc EndOffset="1801" SrcFileId="2" StartOffset="1764"/>
</LocList>
</BasicStmnt>
<BasicStmnt CovItemId="S26" CovItemPrefix="org.cs362.dominion.CardSupply.java" Intrnl_Id="355">
<LocList>
<Loc EndOffset="1853" SrcFileId="2" StartOffset="1813"/>
</LocList>
</BasicStmnt>
<BasicStmnt CovItemId="S27" CovItemPrefix="org.cs362.dominion.CardSupply.java" Intrnl_Id="356">
<LocList>
<Loc EndOffset="1904" SrcFileId="2" StartOffset="1866"/>
</LocList>
</BasicStmnt>
<BasicStmnt CovItemId="S28" CovItemPrefix="org.cs362.dominion.CardSupply.java" Intrnl_Id="357">
<LocList>
<Loc EndOffset="1961" SrcFileId="2" StartOffset="1917"/>
</LocList>
</BasicStmnt>
<BasicStmnt CovItemId="S29" CovItemPrefix="org.cs362.dominion.CardSupply.java" Intrnl_Id="358">
<LocList>
<Loc EndOffset="2013" SrcFileId="2" StartOffset="1974"/>
</LocList>
</BasicStmnt>
<BasicStmnt CovItemId="S30" CovItemPrefix="org.cs362.dominion.CardSupply.java" Intrnl_Id="359">
<LocList>
<Loc EndOffset="2087" SrcFileId="2" StartOffset="2040"/>
</LocList>
</BasicStmnt>
<BasicStmnt CovItemId="S31" CovItemPrefix="org.cs362.dominion.CardSupply.java" Intrnl_Id="360">
<LocList>
<Loc EndOffset="2146" SrcFileId="2" StartOffset="2100"/>
</LocList>
</BasicStmnt>
<BasicStmnt CovItemId="S32" CovItemPrefix="org.cs362.dominion.CardSupply.java" Intrnl_Id="361">
<LocList>
<Loc EndOffset="2198" SrcFileId="2" StartOffset="2159"/>
</LocList>
</BasicStmnt>
<BasicStmnt CovItemId="S33" CovItemPrefix="org.cs362.dominion.CardSupply.java" Intrnl_Id="362">
<LocList>
<Loc EndOffset="2260" SrcFileId="2" StartOffset="2211"/>
</LocList>
</BasicStmnt>
<BasicStmnt CovItemId="S34" CovItemPrefix="org.cs362.dominion.CardSupply.java" Intrnl_Id="363">
<LocList>
<Loc EndOffset="2317" SrcFileId="2" StartOffset="2273"/>
</LocList>
</BasicStmnt>
<BasicStmnt CovItemId="S35" CovItemPrefix="org.cs362.dominion.CardSupply.java" Intrnl_Id="364">
<LocList>
<Loc EndOffset="2372" SrcFileId="2" StartOffset="2330"/>
</LocList>
</BasicStmnt>
<BasicStmnt CovItemId="S36" CovItemPrefix="org.cs362.dominion.CardSupply.java" Intrnl_Id="365">
<LocList>
<Loc EndOffset="2424" SrcFileId="2" StartOffset="2385"/>
</LocList>
</BasicStmnt>
<BasicStmnt CovItemId="S37" CovItemPrefix="org.cs362.dominion.CardSupply.java" Intrnl_Id="366">
<LocList>
<Loc EndOffset="2479" SrcFileId="2" StartOffset="2437"/>
</LocList>
</BasicStmnt>
<BasicStmnt CovItemId="S38" CovItemPrefix="org.cs362.dominion.CardSupply.java" Intrnl_Id="367">
<LocList>
<Loc EndOffset="2539" SrcFileId="2" StartOffset="2492"/>
</LocList>
</BasicStmnt>
<BasicStmnt CovItemId="S39" CovItemPrefix="org.cs362.dominion.CardSupply.java" Intrnl_Id="368">
<LocList>
<Loc EndOffset="2589" SrcFileId="2" StartOffset="2552"/>
</LocList>
</BasicStmnt>
<BasicStmnt CovItemId="S40" CovItemPrefix="org.cs362.dominion.CardSupply.java" Intrnl_Id="369">
<LocList>
<Loc EndOffset="2642" SrcFileId="2" StartOffset="2602"/>
</LocList>
</BasicStmnt>
<BasicStmnt CovItemId="S41" CovItemPrefix="org.cs362.dominion.CardSupply.java" Intrnl_Id="370">
<LocList>
<Loc EndOffset="2697" SrcFileId="2" StartOffset="2655"/>
</LocList>
</BasicStmnt>
<BasicStmnt CovItemId="S42" CovItemPrefix="org.cs362.dominion.CardSupply.java" Intrnl_Id="371">
<LocList>
<Loc EndOffset="2757" SrcFileId="2" StartOffset="2710"/>
</LocList>
</BasicStmnt>
<BasicStmnt CovItemId="S43" CovItemPrefix="org.cs362.dominion.CardSupply.java" Intrnl_Id="372">
<LocList>
<Loc EndOffset="2791" SrcFileId="2" StartOffset="2770"/>
</LocList>
</BasicStmnt>
</StmntSeq>
</HierarchyLvl>
<HierarchyLvl HierarchyLvlId="215" HierarchyLvlTypeId="9" Intrnl_Id="373" Name="selectKingdomCards">
<Header>
<Loc EndOffset="2832" SrcFileId="2" StartOffset="2799"/>
</Header>
<LocList>
<Loc EndOffset="3217" SrcFileId="2" StartOffset="2799"/>
</LocList>
<StmntSeq Intrnl_Id="374">
<LocList>
<Loc EndOffset="3009" SrcFileId="2" StartOffset="2837"/>
<Loc EndOffset="3043" SrcFileId="2" StartOffset="3012"/>
<Loc EndOffset="3211" SrcFileId="2" StartOffset="3062"/>
</LocList>
<BasicStmnt CovItemId="S44" CovItemPrefix="org.cs362.dominion.CardSupply.java" Intrnl_Id="375">
<LocList>
<Loc EndOffset="3009" SrcFileId="2" StartOffset="2837"/>
</LocList>
</BasicStmnt>
<BasicStmnt CovItemId="S45" CovItemPrefix="org.cs362.dominion.CardSupply.java" Intrnl_Id="376">
<LocList>
<Loc EndOffset="3043" SrcFileId="2" StartOffset="3012"/>
</LocList>
</BasicStmnt>
<LoopStmnt CovItemId="S46" CovItemPrefix="org.cs362.dominion.CardSupply.java" Intrnl_Id="377" MltplExecId="L1-2" MltplExecPrefix="org.cs362.dominion.CardSupply.java" NvrExecId="L1-0" NvrExecPrefix="org.cs362.dominion.CardSupply.java" OnceExecutedId="L1-1" OnceExecutedPrefix="org.cs362.dominion.CardSupply.java" OptBodyExec="true">
<StmntSeq Intrnl_Id="378">
<LocList>
<Loc EndOffset="3125" SrcFileId="2" StartOffset="3096"/>
<Loc EndOffset="3207" SrcFileId="2" StartOffset="3129"/>
</LocList>
<BasicStmnt CovItemId="S47" CovItemPrefix="org.cs362.dominion.CardSupply.java" Intrnl_Id="379">
<LocList>
<Loc EndOffset="3125" SrcFileId="2" StartOffset="3096"/>
</LocList>
</BasicStmnt>
<CondStmnt CovItemId="S48" CovItemPrefix="org.cs362.dominion.CardSupply.java" Intrnl_Id="380">
<Branch CovItemId="B1" CovItemPrefix="org.cs362.dominion.CardSupply.java" Implct="false" Intrnl_Id="381">
<Cond/>
<LocList>
<Loc EndOffset="3207" SrcFileId="2" StartOffset="3173"/>
</LocList>
<StmntSeq Intrnl_Id="382">
<LocList>
<Loc EndOffset="3207" SrcFileId="2" StartOffset="3173"/>
</LocList>
<BasicStmnt CovItemId="S49" CovItemPrefix="org.cs362.dominion.CardSupply.java" Intrnl_Id="383">
<LocList>
<Loc EndOffset="3207" SrcFileId="2" StartOffset="3173"/>
</LocList>
</BasicStmnt>
</StmntSeq>
</Branch>
<Branch CovItemId="B2" CovItemPrefix="org.cs362.dominion.CardSupply.java" Implct="true" Intrnl_Id="384">
<Cond/>
<LocList/>
<StmntSeq Intrnl_Id="385">
<LocList/>
</StmntSeq>
</Branch>
<Keyword EndOffset="3131" SrcFileId="2" StartOffset="3129"/>
<LocList>
<Loc EndOffset="3207" SrcFileId="2" StartOffset="3129"/>
</LocList>
<RootTerm CovItemId="C2" CovItemPrefix="org.cs362.dominion.CardSupply.java" Intrnl_Id="386">
<OpTerm BooleanOpId="7" Intrnl_Id="387">
<BasicBoolTerm Intrnl_Id="388">
<LocList>
<Loc EndOffset="3171" SrcFileId="2" StartOffset="3133"/>
</LocList>
</BasicBoolTerm>
<LocList>
<Loc EndOffset="3133" SrcFileId="2" StartOffset="3132"/>
</LocList>
</OpTerm>
</RootTerm>
</CondStmnt>
</StmntSeq>
<Keyword EndOffset="3067" SrcFileId="2" StartOffset="3062"/>
<LocList>
<Loc EndOffset="3211" SrcFileId="2" StartOffset="3062"/>
</LocList>
<RootTerm CovItemId="C1" CovItemPrefix="org.cs362.dominion.CardSupply.java" Intrnl_Id="389">
<BasicBoolTerm Intrnl_Id="390">
<LocList>
<Loc EndOffset="3090" SrcFileId="2" StartOffset="3068"/>
</LocList>
</BasicBoolTerm>
</RootTerm>
</LoopStmnt>
</StmntSeq>
</HierarchyLvl>
<HierarchyLvl HierarchyLvlId="216" HierarchyLvlTypeId="9" Intrnl_Id="391" Name="drawCard">
<Header>
<Loc EndOffset="3243" SrcFileId="2" StartOffset="3221"/>
</Header>
<LocList>
<Loc EndOffset="3730" SrcFileId="2" StartOffset="3221"/>
</LocList>
<StmntSeq Intrnl_Id="392">
<LocList>
<Loc EndOffset="3294" SrcFileId="2" StartOffset="3247"/>
<Loc EndOffset="3339" SrcFileId="2" StartOffset="3297"/>
<Loc EndOffset="3397" SrcFileId="2" StartOffset="3342"/>
<Loc EndOffset="3432" SrcFileId="2" StartOffset="3400"/>
<Loc EndOffset="3491" SrcFileId="2" StartOffset="3462"/>
<Loc EndOffset="3635" SrcFileId="2" StartOffset="3494"/>
<Loc EndOffset="3674" SrcFileId="2" StartOffset="3638"/>
<Loc EndOffset="3708" SrcFileId="2" StartOffset="3677"/>
<Loc EndOffset="3723" SrcFileId="2" StartOffset="3711"/>
</LocList>
<BasicStmnt CovItemId="S50" CovItemPrefix="org.cs362.dominion.CardSupply.java" Intrnl_Id="393">
<LocList>
<Loc EndOffset="3294" SrcFileId="2" StartOffset="3247"/>
</LocList>
</BasicStmnt>
<BasicStmnt CovItemId="S51" CovItemPrefix="org.cs362.dominion.CardSupply.java" Intrnl_Id="394">
<LocList>
<Loc EndOffset="3339" SrcFileId="2" StartOffset="3297"/>
</LocList>
</BasicStmnt>
<LoopStmnt CovItemId="S52" CovItemPrefix="org.cs362.dominion.CardSupply.java" Intrnl_Id="395" MltplExecId="L2-2" MltplExecPrefix="org.cs362.dominion.CardSupply.java" NvrExecId="L2-0" NvrExecPrefix="org.cs362.dominion.CardSupply.java" OnceExecutedId="L2-1" OnceExecutedPrefix="org.cs362.dominion.CardSupply.java" OptBodyExec="true">
<StmntSeq Intrnl_Id="396">
<LocList>
<Loc EndOffset="3393" SrcFileId="2" StartOffset="3375"/>
</LocList>
<BasicStmnt CovItemId="S53" CovItemPrefix="org.cs362.dominion.CardSupply.java" Intrnl_Id="397">
<LocList>
<Loc EndOffset="3393" SrcFileId="2" StartOffset="3375"/>
</LocList>
</BasicStmnt>
</StmntSeq>
<Keyword EndOffset="3345" SrcFileId="2" StartOffset="3342"/>
<LocList>
<Loc EndOffset="3397" SrcFileId="2" StartOffset="3342"/>
</LocList>
</LoopStmnt>
<BasicStmnt CovItemId="S54" CovItemPrefix="org.cs362.dominion.CardSupply.java" Intrnl_Id="398">
<LocList>
<Loc EndOffset="3432" SrcFileId="2" StartOffset="3400"/>
</LocList>
</BasicStmnt>
<BasicStmnt CovItemId="S55" CovItemPrefix="org.cs362.dominion.CardSupply.java" Intrnl_Id="399">
<LocList>
<Loc EndOffset="3491" SrcFileId="2" StartOffset="3462"/>
</LocList>
</BasicStmnt>
<LoopStmnt CovItemId="S56" CovItemPrefix="org.cs362.dominion.CardSupply.java" Intrnl_Id="400" MltplExecId="L3-2" MltplExecPrefix="org.cs362.dominion.CardSupply.java" NvrExecId="L3-0" NvrExecPrefix="org.cs362.dominion.CardSupply.java" OnceExecutedId="L3-1" OnceExecutedPrefix="org.cs362.dominion.CardSupply.java" OptBodyExec="true">
<StmntSeq Intrnl_Id="401">
<LocList>
<Loc EndOffset="3631" SrcFileId="2" StartOffset="3602"/>
</LocList>
<BasicStmnt CovItemId="S57" CovItemPrefix="org.cs362.dominion.CardSupply.java" Intrnl_Id="402">
<LocList>
<Loc EndOffset="3631" SrcFileId="2" StartOffset="3602"/>
</LocList>
</BasicStmnt>
</StmntSeq>
<Keyword EndOffset="3499" SrcFileId="2" StartOffset="3494"/>
<LocList>
<Loc EndOffset="3635" SrcFileId="2" StartOffset="3494"/>
</LocList>
<RootTerm CovItemId="C3" CovItemPrefix="org.cs362.dominion.CardSupply.java" Intrnl_Id="403">
<BasicBoolTerm Intrnl_Id="404">
<LocList>
<Loc EndOffset="3530" SrcFileId="2" StartOffset="3500"/>
</LocList>
</BasicBoolTerm>
</RootTerm>
</LoopStmnt>
<BasicStmnt CovItemId="S58" CovItemPrefix="org.cs362.dominion.CardSupply.java" Intrnl_Id="405">
<LocList>
<Loc EndOffset="3674" SrcFileId="2" StartOffset="3638"/>
</LocList>
</BasicStmnt>
<BasicStmnt CovItemId="S59" CovItemPrefix="org.cs362.dominion.CardSupply.java" Intrnl_Id="406">
<LocList>
<Loc EndOffset="3708" SrcFileId="2" StartOffset="3677"/>
</LocList>
</BasicStmnt>
<BasicStmnt CovItemId="S60" CovItemPrefix="org.cs362.dominion.CardSupply.java" Intrnl_Id="407">
<LocList>
<Loc EndOffset="3723" SrcFileId="2" StartOffset="3711"/>
</LocList>
</BasicStmnt>
</StmntSeq>
</HierarchyLvl>
<HierarchyLvl HierarchyLvlId="217" HierarchyLvlTypeId="9" Intrnl_Id="408" Name="removeCard">
<Header>
<Loc EndOffset="3771" SrcFileId="2" StartOffset="3734"/>
</Header>
<LocList>
<Loc EndOffset="4842" SrcFileId="2" StartOffset="3734"/>
</LocList>
<StmntSeq Intrnl_Id="409">
<LocList>
<Loc EndOffset="4836" SrcFileId="2" StartOffset="3776"/>
</LocList>
<CondStmnt CovItemId="S61" CovItemPrefix="org.cs362.dominion.CardSupply.java" Intrnl_Id="410">
<Branch CovItemId="B3" CovItemPrefix="org.cs362.dominion.CardSupply.java" Implct="false" Intrnl_Id="411">
<Cond>
<Loc EndOffset="3807" SrcFileId="2" StartOffset="3794"/>
</Cond>
<LocList>
<Loc EndOffset="3841" SrcFileId="2" StartOffset="3812"/>
</LocList>
<StmntSeq Intrnl_Id="412">
<LocList>
<Loc EndOffset="3830" SrcFileId="2" StartOffset="3812"/>
<Loc EndOffset="3841" SrcFileId="2" StartOffset="3834"/>
</LocList>
<BasicStmnt CovItemId="S62" CovItemPrefix="org.cs362.dominion.CardSupply.java" Intrnl_Id="413">
<LocList>
<Loc EndOffset="3830" SrcFileId="2" StartOffset="3812"/>
</LocList>
</BasicStmnt>
<BasicStmnt CovItemId="S63" CovItemPrefix="org.cs362.dominion.CardSupply.java" Intrnl_Id="414">
<LocList>
<Loc EndOffset="3841" SrcFileId="2" StartOffset="3834"/>
</LocList>
</BasicStmnt>
</StmntSeq>
</Branch>
<Branch CovItemId="B4" CovItemPrefix="org.cs362.dominion.CardSupply.java" Implct="false" Intrnl_Id="415">
<Cond>
<Loc EndOffset="3857" SrcFileId="2" StartOffset="3844"/>
</Cond>
<LocList>
<Loc EndOffset="3891" SrcFileId="2" StartOffset="3862"/>
</LocList>
<StmntSeq Intrnl_Id="416">
<LocList>
<Loc EndOffset="3880" SrcFileId="2" StartOffset="3862"/>
<Loc EndOffset="3891" SrcFileId="2" StartOffset="3884"/>
</LocList>
<BasicStmnt CovItemId="S64" CovItemPrefix="org.cs362.dominion.CardSupply.java" Intrnl_Id="417">
<LocList>
<Loc EndOffset="3880" SrcFileId="2" StartOffset="3862"/>
</LocList>
</BasicStmnt>
<BasicStmnt CovItemId="S65" CovItemPrefix="org.cs362.dominion.CardSupply.java" Intrnl_Id="418">
<LocList>
<Loc EndOffset="3891" SrcFileId="2" StartOffset="3884"/>
</LocList>
</BasicStmnt>
</StmntSeq>
</Branch>
<Branch CovItemId="B5" CovItemPrefix="org.cs362.dominion.CardSupply.java" Implct="false" Intrnl_Id="419">
<Cond>
<Loc EndOffset="3905" SrcFileId="2" StartOffset="3894"/>
</Cond>
<LocList>
<Loc EndOffset="3937" SrcFileId="2" StartOffset="3910"/>
</LocList>
<StmntSeq Intrnl_Id="420">
<LocList>
<Loc EndOffset="3926" SrcFileId="2" StartOffset="3910"/>
<Loc EndOffset="3937" SrcFileId="2" StartOffset="3930"/>
</LocList>
<BasicStmnt CovItemId="S66" CovItemPrefix="org.cs362.dominion.CardSupply.java" Intrnl_Id="421">
<LocList>
<Loc EndOffset="3926" SrcFileId="2" StartOffset="3910"/>
</LocList>
</BasicStmnt>
<BasicStmnt CovItemId="S67" CovItemPrefix="org.cs362.dominion.CardSupply.java" Intrnl_Id="422">
<LocList>
<Loc EndOffset="3937" SrcFileId="2" StartOffset="3930"/>
</LocList>
</BasicStmnt>
</StmntSeq>
</Branch>
<Branch CovItemId="B6" CovItemPrefix="org.cs362.dominion.CardSupply.java" Implct="false" Intrnl_Id="423">
<Cond>
<Loc EndOffset="3953" SrcFileId="2" StartOffset="3940"/>
</Cond>
<LocList>
<Loc EndOffset="3987" SrcFileId="2" StartOffset="3958"/>
</LocList>
<StmntSeq Intrnl_Id="424">
<LocList>
<Loc EndOffset="3976" SrcFileId="2" StartOffset="3958"/>
<Loc EndOffset="3987" SrcFileId="2" StartOffset="3980"/>
</LocList>
<BasicStmnt CovItemId="S68" CovItemPrefix="org.cs362.dominion.CardSupply.java" Intrnl_Id="425">
<LocList>
<Loc EndOffset="3976" SrcFileId="2" StartOffset="3958"/>
</LocList>
</BasicStmnt>
<BasicStmnt CovItemId="S69" CovItemPrefix="org.cs362.dominion.CardSupply.java" Intrnl_Id="426">
<LocList>
<Loc EndOffset="3987" SrcFileId="2" StartOffset="3980"/>
</LocList>
</BasicStmnt>
</StmntSeq>
</Branch>
<Branch CovItemId="B7" CovItemPrefix="org.cs362.dominion.CardSupply.java" Implct="false" Intrnl_Id="427">
<Cond>
<Loc EndOffset="4002" SrcFileId="2" StartOffset="3990"/>
</Cond>
<LocList>
<Loc EndOffset="4035" SrcFileId="2" StartOffset="4007"/>
</LocList>
<StmntSeq Intrnl_Id="428">
<LocList>
<Loc EndOffset="4024" SrcFileId="2" StartOffset="4007"/>
<Loc EndOffset="4035" SrcFileId="2" StartOffset="4028"/>
</LocList>
<BasicStmnt CovItemId="S70" CovItemPrefix="org.cs362.dominion.CardSupply.java" Intrnl_Id="429">
<LocList>
<Loc EndOffset="4024" SrcFileId="2" StartOffset="4007"/>
</LocList>
</BasicStmnt>
<BasicStmnt CovItemId="S71" CovItemPrefix="org.cs362.dominion.CardSupply.java" Intrnl_Id="430">
<LocList>
<Loc EndOffset="4035" SrcFileId="2" StartOffset="4028"/>
</LocList>
</BasicStmnt>
</StmntSeq>
</Branch>
<Branch CovItemId="B8" CovItemPrefix="org.cs362.dominion.CardSupply.java" Implct="false" Intrnl_Id="431">
<Cond>
<Loc EndOffset="4053" SrcFileId="2" StartOffset="4038"/>
</Cond>
<LocList>
<Loc EndOffset="4089" SrcFileId="2" StartOffset="4058"/>
</LocList>
<StmntSeq Intrnl_Id="432">
<LocList>
<Loc EndOffset="4078" SrcFileId="2" StartOffset="4058"/>
<Loc EndOffset="4089" SrcFileId="2" StartOffset="4082"/>
</LocList>
<BasicStmnt CovItemId="S72" CovItemPrefix="org.cs362.dominion.CardSupply.java" Intrnl_Id="433">
<LocList>
<Loc EndOffset="4078" SrcFileId="2" StartOffset="4058"/>
</LocList>
</BasicStmnt>
<BasicStmnt CovItemId="S73" CovItemPrefix="org.cs362.dominion.CardSupply.java" Intrnl_Id="434">
<LocList>
<Loc EndOffset="4089" SrcFileId="2" StartOffset="4082"/>
</LocList>
</BasicStmnt>
</StmntSeq>
</Branch>
<Branch CovItemId="B9" CovItemPrefix="org.cs362.dominion.CardSupply.java" Implct="false" Intrnl_Id="435">
<Cond>
<Loc EndOffset="4109" SrcFileId="2" StartOffset="4092"/>
</Cond>
<LocList>
<Loc EndOffset="4147" SrcFileId="2" StartOffset="4114"/>
</LocList>
<StmntSeq Intrnl_Id="436">
<LocList>
<Loc EndOffset="4136" SrcFileId="2" StartOffset="4114"/>
<Loc EndOffset="4147" SrcFileId="2" StartOffset="4140"/>
</LocList>
<BasicStmnt CovItemId="S74" CovItemPrefix="org.cs362.dominion.CardSupply.java" Intrnl_Id="437">
<LocList>
<Loc EndOffset="4136" SrcFileId="2" StartOffset="4114"/>
</LocList>
</BasicStmnt>
<BasicStmnt CovItemId="S75" CovItemPrefix="org.cs362.dominion.CardSupply.java" Intrnl_Id="438">
<LocList>
<Loc EndOffset="4147" SrcFileId="2" StartOffset="4140"/>
</LocList>
</BasicStmnt>
</StmntSeq>
</Branch>
<Branch CovItemId="B10" CovItemPrefix="org.cs362.dominion.CardSupply.java" Implct="false" Intrnl_Id="439">
<Cond>
<Loc EndOffset="4167" SrcFileId="2" StartOffset="4150"/>
</Cond>
<LocList>
<Loc EndOffset="4205" SrcFileId="2" StartOffset="4172"/>
</LocList>
<StmntSeq Intrnl_Id="440">
<LocList>
<Loc EndOffset="4194" SrcFileId="2" StartOffset="4172"/>
<Loc EndOffset="4205" SrcFileId="2" StartOffset="4198"/>
</LocList>
<BasicStmnt CovItemId="S76" CovItemPrefix="org.cs362.dominion.CardSupply.java" Intrnl_Id="441">
<LocList>
<Loc EndOffset="4194" SrcFileId="2" StartOffset="4172"/>
</LocList>
</BasicStmnt>
<BasicStmnt CovItemId="S77" CovItemPrefix="org.cs362.dominion.CardSupply.java" Intrnl_Id="442">
<LocList>
<Loc EndOffset="4205" SrcFileId="2" StartOffset="4198"/>
</LocList>
</BasicStmnt>
</StmntSeq>
</Branch>
<Branch CovItemId="B11" CovItemPrefix="org.cs362.dominion.CardSupply.java" Implct="false" Intrnl_Id="443">
<Cond>
<Loc EndOffset="4220" SrcFileId="2" StartOffset="4208"/>
</Cond>
<LocList>
<Loc EndOffset="4253" SrcFileId="2" StartOffset="4225"/>
</LocList>
<StmntSeq Intrnl_Id="444">
<LocList>
<Loc EndOffset="4242" SrcFileId="2" StartOffset="4225"/>
<Loc EndOffset="4253" SrcFileId="2" StartOffset="4246"/>
</LocList>
<BasicStmnt CovItemId="S78" CovItemPrefix="org.cs362.dominion.CardSupply.java" Intrnl_Id="445">
<LocList>
<Loc EndOffset="4242" SrcFileId="2" StartOffset="4225"/>
</LocList>
</BasicStmnt>
<BasicStmnt CovItemId="S79" CovItemPrefix="org.cs362.dominion.CardSupply.java" Intrnl_Id="446">
<LocList>
<Loc EndOffset="4253" SrcFileId="2" StartOffset="4246"/>
</LocList>
</BasicStmnt>
</StmntSeq>
</Branch>
<Branch CovItemId="B12" CovItemPrefix="org.cs362.dominion.CardSupply.java" Implct="false" Intrnl_Id="447">
<Cond>
<Loc EndOffset="4275" SrcFileId="2" StartOffset="4256"/>
</Cond>
<LocList>
<Loc EndOffset="4314" SrcFileId="2" StartOffset="4280"/>
</LocList>
<StmntSeq Intrnl_Id="448">
<LocList>
<Loc EndOffset="4303" SrcFileId="2" StartOffset="4280"/>
<Loc EndOffset="4314" SrcFileId="2" StartOffset="4307"/>
</LocList>
<BasicStmnt CovItemId="S80" CovItemPrefix="org.cs362.dominion.CardSupply.java" Intrnl_Id="449">
<LocList>
<Loc EndOffset="4303" SrcFileId="2" StartOffset="4280"/>
</LocList>
</BasicStmnt>
<BasicStmnt CovItemId="S81" CovItemPrefix="org.cs362.dominion.CardSupply.java" Intrnl_Id="450">
<LocList>
<Loc EndOffset="4314" SrcFileId="2" StartOffset="4307"/>
</LocList>
</BasicStmnt>
</StmntSeq>
</Branch>
<Branch CovItemId="B13" CovItemPrefix="org.cs362.dominion.CardSupply.java" Implct="false" Intrnl_Id="451">
<Cond>
<Loc EndOffset="4332" SrcFileId="2" StartOffset="4317"/>
</Cond>
<LocList>
<Loc EndOffset="4368" SrcFileId="2" StartOffset="4337"/>
</LocList>
<StmntSeq Intrnl_Id="452">
<LocList>
<Loc EndOffset="4357" SrcFileId="2" StartOffset="4337"/>
<Loc EndOffset="4368" SrcFileId="2" StartOffset="4361"/>
</LocList>
<BasicStmnt CovItemId="S82" CovItemPrefix="org.cs362.dominion.CardSupply.java" Intrnl_Id="453">
<LocList>
<Loc EndOffset="4357" SrcFileId="2" StartOffset="4337"/>
</LocList>
</BasicStmnt>
<BasicStmnt CovItemId="S83" CovItemPrefix="org.cs362.dominion.CardSupply.java" Intrnl_Id="454">
<LocList>
<Loc EndOffset="4368" SrcFileId="2" StartOffset="4361"/>
</LocList>
</BasicStmnt>
</StmntSeq>
</Branch>
<Branch CovItemId="B14" CovItemPrefix="org.cs362.dominion.CardSupply.java" Implct="false" Intrnl_Id="455">
<Cond>
<Loc EndOffset="4386" SrcFileId="2" StartOffset="4372"/>
</Cond>
<LocList>
<Loc EndOffset="4421" SrcFileId="2" StartOffset="4391"/>
</LocList>
<StmntSeq Intrnl_Id="456">
<LocList>
<Loc EndOffset="4410" SrcFileId="2" StartOffset="4391"/>
<Loc EndOffset="4421" SrcFileId="2" StartOffset="4414"/>
</LocList>
<BasicStmnt CovItemId="S84" CovItemPrefix="org.cs362.dominion.CardSupply.java" Intrnl_Id="457">
<LocList>
<Loc EndOffset="4410" SrcFileId="2" StartOffset="4391"/>
</LocList>
</BasicStmnt>
<BasicStmnt CovItemId="S85" CovItemPrefix="org.cs362.dominion.CardSupply.java" Intrnl_Id="458">
<LocList>
<Loc EndOffset="4421" SrcFileId="2" StartOffset="4414"/>
</LocList>
</BasicStmnt>
</StmntSeq>
</Branch>
<Branch CovItemId="B15" CovItemPrefix="org.cs362.dominion.CardSupply.java" Implct="false" Intrnl_Id="459">
<Cond>
<Loc EndOffset="4436" SrcFileId="2" StartOffset="4424"/>
</Cond>
<LocList>
<Loc EndOffset="4469" SrcFileId="2" StartOffset="4441"/>
</LocList>
<StmntSeq Intrnl_Id="460">
<LocList>
<Loc EndOffset="4458" SrcFileId="2" StartOffset="4441"/>
<Loc EndOffset="4469" SrcFileId="2" StartOffset="4462"/>
</LocList>
<BasicStmnt CovItemId="S86" CovItemPrefix="org.cs362.dominion.CardSupply.java" Intrnl_Id="461">
<LocList>
<Loc EndOffset="4458" SrcFileId="2" StartOffset="4441"/>
</LocList>
</BasicStmnt>
<BasicStmnt CovItemId="S87" CovItemPrefix="org.cs362.dominion.CardSupply.java" Intrnl_Id="462">
<LocList>
<Loc EndOffset="4469" SrcFileId="2" StartOffset="4462"/>
</LocList>
</BasicStmnt>
</StmntSeq>
</Branch>
<Branch CovItemId="B16" CovItemPrefix="org.cs362.dominion.CardSupply.java" Implct="false" Intrnl_Id="463">
<Cond>
<Loc EndOffset="4486" SrcFileId="2" StartOffset="4472"/>
</Cond>
<LocList>
<Loc EndOffset="4521" SrcFileId="2" StartOffset="4491"/>
</LocList>
<StmntSeq Intrnl_Id="464">
<LocList>
<Loc EndOffset="4510" SrcFileId="2" StartOffset="4491"/>
<Loc EndOffset="4521" SrcFileId="2" StartOffset="4514"/>
</LocList>
<BasicStmnt CovItemId="S88" CovItemPrefix="org.cs362.dominion.CardSupply.java" Intrnl_Id="465">
<LocList>
<Loc EndOffset="4510" SrcFileId="2" StartOffset="4491"/>
</LocList>
</BasicStmnt>
<BasicStmnt CovItemId="S89" CovItemPrefix="org.cs362.dominion.CardSupply.java" Intrnl_Id="466">
<LocList>
<Loc EndOffset="4521" SrcFileId="2" StartOffset="4514"/>
</LocList>
</BasicStmnt>
</StmntSeq>
</Branch>
<Branch CovItemId="B17" CovItemPrefix="org.cs362.dominion.CardSupply.java" Implct="false" Intrnl_Id="467">
<Cond>
<Loc EndOffset="4541" SrcFileId="2" StartOffset="4524"/>
</Cond>
<LocList>
<Loc EndOffset="4578" SrcFileId="2" StartOffset="4546"/>
</LocList>
<StmntSeq Intrnl_Id="468">
<LocList>
<Loc EndOffset="4567" SrcFileId="2" StartOffset="4546"/>
<Loc EndOffset="4578" SrcFileId="2" StartOffset="4571"/>
</LocList>
<BasicStmnt CovItemId="S90" CovItemPrefix="org.cs362.dominion.CardSupply.java" Intrnl_Id="469">
<LocList>
<Loc EndOffset="4567" SrcFileId="2" StartOffset="4546"/>
</LocList>
</BasicStmnt>
<BasicStmnt CovItemId="S91" CovItemPrefix="org.cs362.dominion.CardSupply.java" Intrnl_Id="470">
<LocList>
<Loc EndOffset="4578" SrcFileId="2" StartOffset="4571"/>
</LocList>
</BasicStmnt>
</StmntSeq>
</Branch>
<Branch CovItemId="B18" CovItemPrefix="org.cs362.dominion.CardSupply.java" Implct="false" Intrnl_Id="471">
<Cond>
<Loc EndOffset="4592" SrcFileId="2" StartOffset="4581"/>
</Cond>
<LocList>
<Loc EndOffset="4624" SrcFileId="2" StartOffset="4597"/>
</LocList>
<StmntSeq Intrnl_Id="472">
<LocList>
<Loc EndOffset="4613" SrcFileId="2" StartOffset="4597"/>
<Loc EndOffset="4624" SrcFileId="2" StartOffset="4617"/>
</LocList>
<BasicStmnt CovItemId="S92" CovItemPrefix="org.cs362.dominion.CardSupply.java" Intrnl_Id="473">
<LocList>
<Loc EndOffset="4613" SrcFileId="2" StartOffset="4597"/>
</LocList>
</BasicStmnt>
<BasicStmnt CovItemId="S93" CovItemPrefix="org.cs362.dominion.CardSupply.java" Intrnl_Id="474">
<LocList>
<Loc EndOffset="4624" SrcFileId="2" StartOffset="4617"/>
</LocList>
</BasicStmnt>
</StmntSeq>
</Branch>
<Branch CovItemId="B19" CovItemPrefix="org.cs362.dominion.CardSupply.java" Implct="false" Intrnl_Id="475">
<Cond>
<Loc EndOffset="4640" SrcFileId="2" StartOffset="4627"/>
</Cond>
<LocList>
<Loc EndOffset="4674" SrcFileId="2" StartOffset="4645"/>
</LocList>
<StmntSeq Intrnl_Id="476">
<LocList>
<Loc EndOffset="4663" SrcFileId="2" StartOffset="4645"/>
<Loc EndOffset="4674" SrcFileId="2" StartOffset="4667"/>
</LocList>
<BasicStmnt CovItemId="S94" CovItemPrefix="org.cs362.dominion.CardSupply.java" Intrnl_Id="477">
<LocList>
<Loc EndOffset="4663" SrcFileId="2" StartOffset="4645"/>
</LocList>
</BasicStmnt>
<BasicStmnt CovItemId="S95" CovItemPrefix="org.cs362.dominion.CardSupply.java" Intrnl_Id="478">
<LocList>
<Loc EndOffset="4674" SrcFileId="2" StartOffset="4667"/>
</LocList>
</BasicStmnt>
</StmntSeq>
</Branch>
<Branch CovItemId="B20" CovItemPrefix="org.cs362.dominion.CardSupply.java" Implct="false" Intrnl_Id="479">
<Cond>
<Loc EndOffset="4691" SrcFileId="2" StartOffset="4677"/>
</Cond>
<LocList>
<Loc EndOffset="4726" SrcFileId="2" StartOffset="4696"/>
</LocList>
<StmntSeq Intrnl_Id="480">
<LocList>
<Loc EndOffset="4715" SrcFileId="2" StartOffset="4696"/>
<Loc EndOffset="4726" SrcFileId="2" StartOffset="4719"/>
</LocList>
<BasicStmnt CovItemId="S96" CovItemPrefix="org.cs362.dominion.CardSupply.java" Intrnl_Id="481">
<LocList>
<Loc EndOffset="4715" SrcFileId="2" StartOffset="4696"/>
</LocList>
</BasicStmnt>
<BasicStmnt CovItemId="S97" CovItemPrefix="org.cs362.dominion.CardSupply.java" Intrnl_Id="482">
<LocList>
<Loc EndOffset="4726" SrcFileId="2" StartOffset="4719"/>
</LocList>
</BasicStmnt>
</StmntSeq>
</Branch>
<Branch CovItemId="B21" CovItemPrefix="org.cs362.dominion.CardSupply.java" Implct="false" Intrnl_Id="483">
<Cond>
<Loc EndOffset="4746" SrcFileId="2" StartOffset="4729"/>
</Cond>
<LocList>
<Loc EndOffset="4784" SrcFileId="2" StartOffset="4751"/>
</LocList>
<StmntSeq Intrnl_Id="484">
<LocList>
<Loc EndOffset="4773" SrcFileId="2" StartOffset="4751"/>
<Loc EndOffset="4784" SrcFileId="2" StartOffset="4777"/>
</LocList>
<BasicStmnt CovItemId="S98" CovItemPrefix="org.cs362.dominion.CardSupply.java" Intrnl_Id="485">
<LocList>
<Loc EndOffset="4773" SrcFileId="2" StartOffset="4751"/>
</LocList>
</BasicStmnt>
<BasicStmnt CovItemId="S99" CovItemPrefix="org.cs362.dominion.CardSupply.java" Intrnl_Id="486">
<LocList>
<Loc EndOffset="4784" SrcFileId="2" StartOffset="4777"/>
</LocList>
</BasicStmnt>
</StmntSeq>
</Branch>
<Branch CovItemId="B22" CovItemPrefix="org.cs362.dominion.CardSupply.java" Implct="false" Intrnl_Id="487">
<Cond>
<Loc EndOffset="4799" SrcFileId="2" StartOffset="4787"/>
</Cond>
<LocList>
<Loc EndOffset="4832" SrcFileId="2" StartOffset="4804"/>
</LocList>
<StmntSeq Intrnl_Id="488">
<LocList>
<Loc EndOffset="4821" SrcFileId="2" StartOffset="4804"/>
<Loc EndOffset="4832" SrcFileId="2" StartOffset="4825"/>
</LocList>
<BasicStmnt CovItemId="S100" CovItemPrefix="org.cs362.dominion.CardSupply.java" Intrnl_Id="489">
<LocList>
<Loc EndOffset="4821" SrcFileId="2" StartOffset="4804"/>
</LocList>
</BasicStmnt>
<BasicStmnt CovItemId="S101" CovItemPrefix="org.cs362.dominion.CardSupply.java" Intrnl_Id="490">
<LocList>
<Loc EndOffset="4832" SrcFileId="2" StartOffset="4825"/>
</LocList>
</BasicStmnt>
</StmntSeq>
</Branch>
<Branch CovItemId="B23" CovItemPrefix="org.cs362.dominion.CardSupply.java" Implct="true" Intrnl_Id="491">
<Cond/>
<LocList/>
<StmntSeq Intrnl_Id="492">
<LocList/>
</StmntSeq>
</Branch>
<Keyword EndOffset="3782" SrcFileId="2" StartOffset="3776"/>
<LocList>
<Loc EndOffset="4836" SrcFileId="2" StartOffset="3776"/>
</LocList>
</CondStmnt>
</StmntSeq>
</HierarchyLvl>
<HierarchyLvl HierarchyLvlId="218" HierarchyLvlTypeId="9" Intrnl_Id="493" Name="addCard">
<Header>
<Loc EndOffset="4879" SrcFileId="2" StartOffset="4845"/>
</Header>
<LocList>
<Loc EndOffset="5950" SrcFileId="2" StartOffset="4845"/>
</LocList>
<StmntSeq Intrnl_Id="494">
<LocList>
<Loc EndOffset="5944" SrcFileId="2" StartOffset="4884"/>
</LocList>
<CondStmnt CovItemId="S102" CovItemPrefix="org.cs362.dominion.CardSupply.java" Intrnl_Id="495">
<Branch CovItemId="B24" CovItemPrefix="org.cs362.dominion.CardSupply.java" Implct="false" Intrnl_Id="496">
<Cond>
<Loc EndOffset="4915" SrcFileId="2" StartOffset="4902"/>
</Cond>
<LocList>
<Loc EndOffset="4949" SrcFileId="2" StartOffset="4920"/>
</LocList>
<StmntSeq Intrnl_Id="497">
<LocList>
<Loc EndOffset="4938" SrcFileId="2" StartOffset="4920"/>
<Loc EndOffset="4949" SrcFileId="2" StartOffset="4942"/>
</LocList>
<BasicStmnt CovItemId="S103" CovItemPrefix="org.cs362.dominion.CardSupply.java" Intrnl_Id="498">
<LocList>
<Loc EndOffset="4938" SrcFileId="2" StartOffset="4920"/>
</LocList>
</BasicStmnt>
<BasicStmnt CovItemId="S104" CovItemPrefix="org.cs362.dominion.CardSupply.java" Intrnl_Id="499">
<LocList>
<Loc EndOffset="4949" SrcFileId="2" StartOffset="4942"/>
</LocList>
</BasicStmnt>
</StmntSeq>
</Branch>
<Branch CovItemId="B25" CovItemPrefix="org.cs362.dominion.CardSupply.java" Implct="false" Intrnl_Id="500">
<Cond>
<Loc EndOffset="4965" SrcFileId="2" StartOffset="4952"/>
</Cond>
<LocList>
<Loc EndOffset="4999" SrcFileId="2" StartOffset="4970"/>
</LocList>
<StmntSeq Intrnl_Id="501">
<LocList>
<Loc EndOffset="4988" SrcFileId="2" StartOffset="4970"/>
<Loc EndOffset="4999" SrcFileId="2" StartOffset="4992"/>
</LocList>
<BasicStmnt CovItemId="S105" CovItemPrefix="org.cs362.dominion.CardSupply.java" Intrnl_Id="502">
<LocList>
<Loc EndOffset="4988" SrcFileId="2" StartOffset="4970"/>
</LocList>
</BasicStmnt>
<BasicStmnt CovItemId="S106" CovItemPrefix="org.cs362.dominion.CardSupply.java" Intrnl_Id="503">
<LocList>
<Loc EndOffset="4999" SrcFileId="2" StartOffset="4992"/>
</LocList>
</BasicStmnt>
</StmntSeq>
</Branch>
<Branch CovItemId="B26" CovItemPrefix="org.cs362.dominion.CardSupply.java" Implct="false" Intrnl_Id="504">
<Cond>
<Loc EndOffset="5013" SrcFileId="2" StartOffset="5002"/>
</Cond>
<LocList>
<Loc EndOffset="5045" SrcFileId="2" StartOffset="5018"/>
</LocList>
<StmntSeq Intrnl_Id="505">
<LocList>
<Loc EndOffset="5034" SrcFileId="2" StartOffset="5018"/>
<Loc EndOffset="5045" SrcFileId="2" StartOffset="5038"/>
</LocList>
<BasicStmnt CovItemId="S107" CovItemPrefix="org.cs362.dominion.CardSupply.java" Intrnl_Id="506">
<LocList>
<Loc EndOffset="5034" SrcFileId="2" StartOffset="5018"/>
</LocList>
</BasicStmnt>
<BasicStmnt CovItemId="S108" CovItemPrefix="org.cs362.dominion.CardSupply.java" Intrnl_Id="507">
<LocList>
<Loc EndOffset="5045" SrcFileId="2" StartOffset="5038"/>
</LocList>
</BasicStmnt>
</StmntSeq>
</Branch>
<Branch CovItemId="B27" CovItemPrefix="org.cs362.dominion.CardSupply.java" Implct="false" Intrnl_Id="508">
<Cond>
<Loc EndOffset="5061" SrcFileId="2" StartOffset="5048"/>
</Cond>
<LocList>
<Loc EndOffset="5095" SrcFileId="2" StartOffset="5066"/>
</LocList>
<StmntSeq Intrnl_Id="509">
<LocList>
<Loc EndOffset="5084" SrcFileId="2" StartOffset="5066"/>
<Loc EndOffset="5095" SrcFileId="2" StartOffset="5088"/>
</LocList>
<BasicStmnt CovItemId="S109" CovItemPrefix="org.cs362.dominion.CardSupply.java" Intrnl_Id="510">
<LocList>
<Loc EndOffset="5084" SrcFileId="2" StartOffset="5066"/>
</LocList>
</BasicStmnt>
<BasicStmnt CovItemId="S110" CovItemPrefix="org.cs362.dominion.CardSupply.java" Intrnl_Id="511">
<LocList>
<Loc EndOffset="5095" SrcFileId="2" StartOffset="5088"/>
</LocList>
</BasicStmnt>
</StmntSeq>
</Branch>
<Branch CovItemId="B28" CovItemPrefix="org.cs362.dominion.CardSupply.java" Implct="false" Intrnl_Id="512">
<Cond>
<Loc EndOffset="5110" SrcFileId="2" StartOffset="5098"/>
</Cond>
<LocList>
<Loc EndOffset="5143" SrcFileId="2" StartOffset="5115"/>
</LocList>
<StmntSeq Intrnl_Id="513">
<LocList>
<Loc EndOffset="5132" SrcFileId="2" StartOffset="5115"/>
<Loc EndOffset="5143" SrcFileId="2" StartOffset="5136"/>
</LocList>
<BasicStmnt CovItemId="S111" CovItemPrefix="org.cs362.dominion.CardSupply.java" Intrnl_Id="514">
<LocList>
<Loc EndOffset="5132" SrcFileId="2" StartOffset="5115"/>
</LocList>
</BasicStmnt>
<BasicStmnt CovItemId="S112" CovItemPrefix="org.cs362.dominion.CardSupply.java" Intrnl_Id="515">
<LocList>
<Loc EndOffset="5143" SrcFileId="2" StartOffset="5136"/>
</LocList>
</BasicStmnt>
</StmntSeq>
</Branch>
<Branch CovItemId="B29" CovItemPrefix="org.cs362.dominion.CardSupply.java" Implct="false" Intrnl_Id="516">
<Cond>
<Loc EndOffset="5161" SrcFileId="2" StartOffset="5146"/>
</Cond>
<LocList>
<Loc EndOffset="5197" SrcFileId="2" StartOffset="5166"/>
</LocList>
<StmntSeq Intrnl_Id="517">
<LocList>
<Loc EndOffset="5186" SrcFileId="2" StartOffset="5166"/>
<Loc EndOffset="5197" SrcFileId="2" StartOffset="5190"/>
</LocList>
<BasicStmnt CovItemId="S113" CovItemPrefix="org.cs362.dominion.CardSupply.java" Intrnl_Id="518">
<LocList>
<Loc EndOffset="5186" SrcFileId="2" StartOffset="5166"/>
</LocList>
</BasicStmnt>
<BasicStmnt CovItemId="S114" CovItemPrefix="org.cs362.dominion.CardSupply.java" Intrnl_Id="519">
<LocList>
<Loc EndOffset="5197" SrcFileId="2" StartOffset="5190"/>
</LocList>
</BasicStmnt>
</StmntSeq>
</Branch>
<Branch CovItemId="B30" CovItemPrefix="org.cs362.dominion.CardSupply.java" Implct="false" Intrnl_Id="520">
<Cond>
<Loc EndOffset="5217" SrcFileId="2" StartOffset="5200"/>
</Cond>
<LocList>
<Loc EndOffset="5255" SrcFileId="2" StartOffset="5222"/>
</LocList>
<StmntSeq Intrnl_Id="521">
<LocList>
<Loc EndOffset="5244" SrcFileId="2" StartOffset="5222"/>
<Loc EndOffset="5255" SrcFileId="2" StartOffset="5248"/>
</LocList>
<BasicStmnt CovItemId="S115" CovItemPrefix="org.cs362.dominion.CardSupply.java" Intrnl_Id="522">
<LocList>
<Loc EndOffset="5244" SrcFileId="2" StartOffset="5222"/>
</LocList>
</BasicStmnt>
<BasicStmnt CovItemId="S116" CovItemPrefix="org.cs362.dominion.CardSupply.java" Intrnl_Id="523">
<LocList>
<Loc EndOffset="5255" SrcFileId="2" StartOffset="5248"/>
</LocList>
</BasicStmnt>
</StmntSeq>
</Branch>
<Branch CovItemId="B31" CovItemPrefix="org.cs362.dominion.CardSupply.java" Implct="false" Intrnl_Id="524">
<Cond>
<Loc EndOffset="5275" SrcFileId="2" StartOffset="5258"/>
</Cond>
<LocList>
<Loc EndOffset="5313" SrcFileId="2" StartOffset="5280"/>
</LocList>
<StmntSeq Intrnl_Id="525">
<LocList>
<Loc EndOffset="5302" SrcFileId="2" StartOffset="5280"/>
<Loc EndOffset="5313" SrcFileId="2" StartOffset="5306"/>
</LocList>
<BasicStmnt CovItemId="S117" CovItemPrefix="org.cs362.dominion.CardSupply.java" Intrnl_Id="526">
<LocList>
<Loc EndOffset="5302" SrcFileId="2" StartOffset="5280"/>
</LocList>
</BasicStmnt>
<BasicStmnt CovItemId="S118" CovItemPrefix="org.cs362.dominion.CardSupply.java" Intrnl_Id="527">
<LocList>
<Loc EndOffset="5313" SrcFileId="2" StartOffset="5306"/>
</LocList>
</BasicStmnt>
</StmntSeq>
</Branch>
<Branch CovItemId="B32" CovItemPrefix="org.cs362.dominion.CardSupply.java" Implct="false" Intrnl_Id="528">
<Cond>
<Loc EndOffset="5328" SrcFileId="2" StartOffset="5316"/>
</Cond>
<LocList>
<Loc EndOffset="5361" SrcFileId="2" StartOffset="5333"/>
</LocList>
<StmntSeq Intrnl_Id="529">
<LocList>
<Loc EndOffset="5350" SrcFileId="2" StartOffset="5333"/>
<Loc EndOffset="5361" SrcFileId="2" StartOffset="5354"/>
</LocList>
<BasicStmnt CovItemId="S119" CovItemPrefix="org.cs362.dominion.CardSupply.java" Intrnl_Id="530">
<LocList>
<Loc EndOffset="5350" SrcFileId="2" StartOffset="5333"/>
</LocList>
</BasicStmnt>
<BasicStmnt CovItemId="S120" CovItemPrefix="org.cs362.dominion.CardSupply.java" Intrnl_Id="531">
<LocList>
<Loc EndOffset="5361" SrcFileId="2" StartOffset="5354"/>
</LocList>
</BasicStmnt>
</StmntSeq>
</Branch>
<Branch CovItemId="B33" CovItemPrefix="org.cs362.dominion.CardSupply.java" Implct="false" Intrnl_Id="532">
<Cond>
<Loc EndOffset="5383" SrcFileId="2" StartOffset="5364"/>
</Cond>
<LocList>
<Loc EndOffset="5422" SrcFileId="2" StartOffset="5388"/>
</LocList>
<StmntSeq Intrnl_Id="533">
<LocList>
<Loc EndOffset="5411" SrcFileId="2" StartOffset="5388"/>
<Loc EndOffset="5422" SrcFileId="2" StartOffset="5415"/>
</LocList>
<BasicStmnt CovItemId="S121" CovItemPrefix="org.cs362.dominion.CardSupply.java" Intrnl_Id="534">
<LocList>
<Loc EndOffset="5411" SrcFileId="2" StartOffset="5388"/>
</LocList>
</BasicStmnt>
<BasicStmnt CovItemId="S122" CovItemPrefix="org.cs362.dominion.CardSupply.java" Intrnl_Id="535">
<LocList>
<Loc EndOffset="5422" SrcFileId="2" StartOffset="5415"/>
</LocList>
</BasicStmnt>
</StmntSeq>
</Branch>
<Branch CovItemId="B34" CovItemPrefix="org.cs362.dominion.CardSupply.java" Implct="false" Intrnl_Id="536">
<Cond>
<Loc EndOffset="5440" SrcFileId="2" StartOffset="5425"/>
</Cond>
<LocList>
<Loc EndOffset="5476" SrcFileId="2" StartOffset="5445"/>
</LocList>
<StmntSeq Intrnl_Id="537">
<LocList>
<Loc EndOffset="5465" SrcFileId="2" StartOffset="5445"/>
<Loc EndOffset="5476" SrcFileId="2" StartOffset="5469"/>
</LocList>
<BasicStmnt CovItemId="S123" CovItemPrefix="org.cs362.dominion.CardSupply.java" Intrnl_Id="538">
<LocList>
<Loc EndOffset="5465" SrcFileId="2" StartOffset="5445"/>
</LocList>
</BasicStmnt>
<BasicStmnt CovItemId="S124" CovItemPrefix="org.cs362.dominion.CardSupply.java" Intrnl_Id="539">
<LocList>
<Loc EndOffset="5476" SrcFileId="2" StartOffset="5469"/>
</LocList>
</BasicStmnt>
</StmntSeq>
</Branch>
<Branch CovItemId="B35" CovItemPrefix="org.cs362.dominion.CardSupply.java" Implct="false" Intrnl_Id="540">
<Cond>
<Loc EndOffset="5494" SrcFileId="2" StartOffset="5480"/>
</Cond>
<LocList>
<Loc EndOffset="5529" SrcFileId="2" StartOffset="5499"/>
</LocList>
<StmntSeq Intrnl_Id="541">
<LocList>
<Loc EndOffset="5518" SrcFileId="2" StartOffset="5499"/>
<Loc EndOffset="5529" SrcFileId="2" StartOffset="5522"/>
</LocList>
<BasicStmnt CovItemId="S125" CovItemPrefix="org.cs362.dominion.CardSupply.java" Intrnl_Id="542">
<LocList>
<Loc EndOffset="5518" SrcFileId="2" StartOffset="5499"/>
</LocList>
</BasicStmnt>
<BasicStmnt CovItemId="S126" CovItemPrefix="org.cs362.dominion.CardSupply.java" Intrnl_Id="543">
<LocList>
<Loc EndOffset="5529" SrcFileId="2" StartOffset="5522"/>
</LocList>
</BasicStmnt>
</StmntSeq>
</Branch>
<Branch CovItemId="B36" CovItemPrefix="org.cs362.dominion.CardSupply.java" Implct="false" Intrnl_Id="544">
<Cond>
<Loc EndOffset="5544" SrcFileId="2" StartOffset="5532"/>
</Cond>
<LocList>
<Loc EndOffset="5577" SrcFileId="2" StartOffset="5549"/>
</LocList>
<StmntSeq Intrnl_Id="545">
<LocList>
<Loc EndOffset="5566" SrcFileId="2" StartOffset="5549"/>
<Loc EndOffset="5577" SrcFileId="2" StartOffset="5570"/>
</LocList>
<BasicStmnt CovItemId="S127" CovItemPrefix="org.cs362.dominion.CardSupply.java" Intrnl_Id="546">
<LocList>
<Loc EndOffset="5566" SrcFileId="2" StartOffset="5549"/>
</LocList>
</BasicStmnt>
<BasicStmnt CovItemId="S128" CovItemPrefix="org.cs362.dominion.CardSupply.java" Intrnl_Id="547">
<LocList>
<Loc EndOffset="5577" SrcFileId="2" StartOffset="5570"/>
</LocList>
</BasicStmnt>
</StmntSeq>
</Branch>
<Branch CovItemId="B37" CovItemPrefix="org.cs362.dominion.CardSupply.java" Implct="false" Intrnl_Id="548">
<Cond>
<Loc EndOffset="5594" SrcFileId="2" StartOffset="5580"/>
</Cond>
<LocList>
<Loc EndOffset="5629" SrcFileId="2" StartOffset="5599"/>
</LocList>
<StmntSeq Intrnl_Id="549">
<LocList>
<Loc EndOffset="5618" SrcFileId="2" StartOffset="5599"/>
<Loc EndOffset="5629" SrcFileId="2" StartOffset="5622"/>
</LocList>
<BasicStmnt CovItemId="S129" CovItemPrefix="org.cs362.dominion.CardSupply.java" Intrnl_Id="550">
<LocList>
<Loc EndOffset="5618" SrcFileId="2" StartOffset="5599"/>
</LocList>
</BasicStmnt>
<BasicStmnt CovItemId="S130" CovItemPrefix="org.cs362.dominion.CardSupply.java" Intrnl_Id="551">
<LocList>
<Loc EndOffset="5629" SrcFileId="2" StartOffset="5622"/>
</LocList>
</BasicStmnt>
</StmntSeq>
</Branch>
<Branch CovItemId="B38" CovItemPrefix="org.cs362.dominion.CardSupply.java" Implct="false" Intrnl_Id="552">
<Cond>
<Loc EndOffset="5649" SrcFileId="2" StartOffset="5632"/>
</Cond>
<LocList>
<Loc EndOffset="5686" SrcFileId="2" StartOffset="5654"/>
</LocList>
<StmntSeq Intrnl_Id="553">
<LocList>
<Loc EndOffset="5675" SrcFileId="2" StartOffset="5654"/>
<Loc EndOffset="5686" SrcFileId="2" StartOffset="5679"/>
</LocList>
<BasicStmnt CovItemId="S131" CovItemPrefix="org.cs362.dominion.CardSupply.java" Intrnl_Id="554">
<LocList>
<Loc EndOffset="5675" SrcFileId="2" StartOffset="5654"/>
</LocList>
</BasicStmnt>
<BasicStmnt CovItemId="S132" CovItemPrefix="org.cs362.dominion.CardSupply.java" Intrnl_Id="555">
<LocList>
<Loc EndOffset="5686" SrcFileId="2" StartOffset="5679"/>
</LocList>
</BasicStmnt>
</StmntSeq>
</Branch>
<Branch CovItemId="B39" CovItemPrefix="org.cs362.dominion.CardSupply.java" Implct="false" Intrnl_Id="556">
<Cond>
<Loc EndOffset="5700" SrcFileId="2" StartOffset="5689"/>
</Cond>
<LocList>
<Loc EndOffset="5732" SrcFileId="2" StartOffset="5705"/>
</LocList>
<StmntSeq Intrnl_Id="557">
<LocList>
<Loc EndOffset="5721" SrcFileId="2" StartOffset="5705"/>
<Loc EndOffset="5732" SrcFileId="2" StartOffset="5725"/>
</LocList>
<BasicStmnt CovItemId="S133" CovItemPrefix="org.cs362.dominion.CardSupply.java" Intrnl_Id="558">
<LocList>
<Loc EndOffset="5721" SrcFileId="2" StartOffset="5705"/>
</LocList>
</BasicStmnt>
<BasicStmnt CovItemId="S134" CovItemPrefix="org.cs362.dominion.CardSupply.java" Intrnl_Id="559">
<LocList>
<Loc EndOffset="5732" SrcFileId="2" StartOffset="5725"/>
</LocList>
</BasicStmnt>
</StmntSeq>
</Branch>
<Branch CovItemId="B40" CovItemPrefix="org.cs362.dominion.CardSupply.java" Implct="false" Intrnl_Id="560">
<Cond>
<Loc EndOffset="5748" SrcFileId="2" StartOffset="5735"/>
</Cond>
<LocList>
<Loc EndOffset="5782" SrcFileId="2" StartOffset="5753"/>
</LocList>
<StmntSeq Intrnl_Id="561">
<LocList>
<Loc EndOffset="5771" SrcFileId="2" StartOffset="5753"/>
<Loc EndOffset="5782" SrcFileId="2" StartOffset="5775"/>
</LocList>
<BasicStmnt CovItemId="S135" CovItemPrefix="org.cs362.dominion.CardSupply.java" Intrnl_Id="562">
<LocList>
<Loc EndOffset="5771" SrcFileId="2" StartOffset="5753"/>
</LocList>
</BasicStmnt>
<BasicStmnt CovItemId="S136" CovItemPrefix="org.cs362.dominion.CardSupply.java" Intrnl_Id="563">
<LocList>
<Loc EndOffset="5782" SrcFileId="2" StartOffset="5775"/>
</LocList>
</BasicStmnt>
</StmntSeq>
</Branch>
<Branch CovItemId="B41" CovItemPrefix="org.cs362.dominion.CardSupply.java" Implct="false" Intrnl_Id="564">
<Cond>
<Loc EndOffset="5799" SrcFileId="2" StartOffset="5785"/>
</Cond>
<LocList>
<Loc EndOffset="5834" SrcFileId="2" StartOffset="5804"/>
</LocList>
<StmntSeq Intrnl_Id="565">
<LocList>
<Loc EndOffset="5823" SrcFileId="2" StartOffset="5804"/>
<Loc EndOffset="5834" SrcFileId="2" StartOffset="5827"/>
</LocList>
<BasicStmnt CovItemId="S137" CovItemPrefix="org.cs362.dominion.CardSupply.java" Intrnl_Id="566">
<LocList>
<Loc EndOffset="5823" SrcFileId="2" StartOffset="5804"/>
</LocList>
</BasicStmnt>
<BasicStmnt CovItemId="S138" CovItemPrefix="org.cs362.dominion.CardSupply.java" Intrnl_Id="567">
<LocList>
<Loc EndOffset="5834" SrcFileId="2" StartOffset="5827"/>
</LocList>
</BasicStmnt>
</StmntSeq>
</Branch>
<Branch CovItemId="B42" CovItemPrefix="org.cs362.dominion.CardSupply.java" Implct="false" Intrnl_Id="568">
<Cond>
<Loc EndOffset="5854" SrcFileId="2" StartOffset="5837"/>
</Cond>
<LocList>
<Loc EndOffset="5892" SrcFileId="2" StartOffset="5859"/>
</LocList>
<StmntSeq Intrnl_Id="569">
<LocList>
<Loc EndOffset="5881" SrcFileId="2" StartOffset="5859"/>
<Loc EndOffset="5892" SrcFileId="2" StartOffset="5885"/>
</LocList>
<BasicStmnt CovItemId="S139" CovItemPrefix="org.cs362.dominion.CardSupply.java" Intrnl_Id="570">
<LocList>
<Loc EndOffset="5881" SrcFileId="2" StartOffset="5859"/>
</LocList>
</BasicStmnt>
<BasicStmnt CovItemId="S140" CovItemPrefix="org.cs362.dominion.CardSupply.java" Intrnl_Id="571">
<LocList>
<Loc EndOffset="5892" SrcFileId="2" StartOffset="5885"/>
</LocList>
</BasicStmnt>
</StmntSeq>
</Branch>
<Branch CovItemId="B43" CovItemPrefix="org.cs362.dominion.CardSupply.java" Implct="false" Intrnl_Id="572">
<Cond>
<Loc EndOffset="5907" SrcFileId="2" StartOffset="5895"/>
</Cond>
<LocList>
<Loc EndOffset="5940" SrcFileId="2" StartOffset="5912"/>
</LocList>
<StmntSeq Intrnl_Id="573">
<LocList>
<Loc EndOffset="5929" SrcFileId="2" StartOffset="5912"/>
<Loc EndOffset="5940" SrcFileId="2" StartOffset="5933"/>
</LocList>
<BasicStmnt CovItemId="S141" CovItemPrefix="org.cs362.dominion.CardSupply.java" Intrnl_Id="574">
<LocList>
<Loc EndOffset="5929" SrcFileId="2" StartOffset="5912"/>
</LocList>
</BasicStmnt>
<BasicStmnt CovItemId="S142" CovItemPrefix="org.cs362.dominion.CardSupply.java" Intrnl_Id="575">
<LocList>
<Loc EndOffset="5940" SrcFileId="2" StartOffset="5933"/>
</LocList>
</BasicStmnt>
</StmntSeq>
</Branch>
<Branch CovItemId="B44" CovItemPrefix="org.cs362.dominion.CardSupply.java" Implct="true" Intrnl_Id="576">
<Cond/>
<LocList/>
<StmntSeq Intrnl_Id="577">
<LocList/>
</StmntSeq>
</Branch>
<Keyword EndOffset="4890" SrcFileId="2" StartOffset="4884"/>
<LocList>
<Loc EndOffset="5944" SrcFileId="2" StartOffset="4884"/>
</LocList>
</CondStmnt>
</StmntSeq>
</HierarchyLvl>
<HierarchyLvl HierarchyLvlId="219" HierarchyLvlTypeId="9" Intrnl_Id="578" Name="howMany">
<Header>
<Loc EndOffset="5986" SrcFileId="2" StartOffset="5953"/>
</Header>
<LocList>
<Loc EndOffset="6949" SrcFileId="2" StartOffset="5953"/>
</LocList>
<StmntSeq Intrnl_Id="579">
<LocList>
<Loc EndOffset="6930" SrcFileId="2" StartOffset="5990"/>
<Loc EndOffset="6945" SrcFileId="2" StartOffset="6936"/>
</LocList>
<CondStmnt CovItemId="S143" CovItemPrefix="org.cs362.dominion.CardSupply.java" Intrnl_Id="580">
<Branch CovItemId="B45" CovItemPrefix="org.cs362.dominion.CardSupply.java" Implct="false" Intrnl_Id="581">
<Cond>
<Loc EndOffset="6021" SrcFileId="2" StartOffset="6008"/>
</Cond>
<LocList>
<Loc EndOffset="6049" SrcFileId="2" StartOffset="6026"/>
</LocList>
<StmntSeq Intrnl_Id="582">
<LocList>
<Loc EndOffset="6049" SrcFileId="2" StartOffset="6026"/>
</LocList>
<BasicStmnt CovItemId="S144" CovItemPrefix="org.cs362.dominion.CardSupply.java" Intrnl_Id="583">
<LocList>
<Loc EndOffset="6049" SrcFileId="2" StartOffset="6026"/>
</LocList>
</BasicStmnt>
</StmntSeq>
</Branch>
<Branch CovItemId="B46" CovItemPrefix="org.cs362.dominion.CardSupply.java" Implct="false" Intrnl_Id="584">
<Cond>
<Loc EndOffset="6065" SrcFileId="2" StartOffset="6052"/>
</Cond>
<LocList>
<Loc EndOffset="6093" SrcFileId="2" StartOffset="6070"/>
</LocList>
<StmntSeq Intrnl_Id="585">
<LocList>
<Loc EndOffset="6093" SrcFileId="2" StartOffset="6070"/>
</LocList>
<BasicStmnt CovItemId="S145" CovItemPrefix="org.cs362.dominion.CardSupply.java" Intrnl_Id="586">
<LocList>
<Loc EndOffset="6093" SrcFileId="2" StartOffset="6070"/>
</LocList>
</BasicStmnt>
</StmntSeq>
</Branch>
<Branch CovItemId="B47" CovItemPrefix="org.cs362.dominion.CardSupply.java" Implct="false" Intrnl_Id="587">
<Cond>
<Loc EndOffset="6107" SrcFileId="2" StartOffset="6096"/>
</Cond>
<LocList>
<Loc EndOffset="6133" SrcFileId="2" StartOffset="6112"/>
</LocList>
<StmntSeq Intrnl_Id="588">
<LocList>
<Loc EndOffset="6133" SrcFileId="2" StartOffset="6112"/>
</LocList>
<BasicStmnt CovItemId="S146" CovItemPrefix="org.cs362.dominion.CardSupply.java" Intrnl_Id="589">
<LocList>
<Loc EndOffset="6133" SrcFileId="2" StartOffset="6112"/>
</LocList>
</BasicStmnt>
</StmntSeq>
</Branch>
<Branch CovItemId="B48" CovItemPrefix="org.cs362.dominion.CardSupply.java" Implct="false" Intrnl_Id="590">
<Cond>
<Loc EndOffset="6149" SrcFileId="2" StartOffset="6136"/>
</Cond>
<LocList>
<Loc EndOffset="6177" SrcFileId="2" StartOffset="6154"/>
</LocList>
<StmntSeq Intrnl_Id="591">
<LocList>
<Loc EndOffset="6177" SrcFileId="2" StartOffset="6154"/>
</LocList>
<BasicStmnt CovItemId="S147" CovItemPrefix="org.cs362.dominion.CardSupply.java" Intrnl_Id="592">
<LocList>
<Loc EndOffset="6177" SrcFileId="2" StartOffset="6154"/>
</LocList>
</BasicStmnt>
</StmntSeq>
</Branch>
<Branch CovItemId="B49" CovItemPrefix="org.cs362.dominion.CardSupply.java" Implct="false" Intrnl_Id="593">
<Cond>
<Loc EndOffset="6192" SrcFileId="2" StartOffset="6180"/>
</Cond>
<LocList>
<Loc EndOffset="6219" SrcFileId="2" StartOffset="6197"/>
</LocList>
<StmntSeq Intrnl_Id="594">
<LocList>
<Loc EndOffset="6219" SrcFileId="2" StartOffset="6197"/>
</LocList>
<BasicStmnt CovItemId="S148" CovItemPrefix="org.cs362.dominion.CardSupply.java" Intrnl_Id="595">
<LocList>
<Loc EndOffset="6219" SrcFileId="2" StartOffset="6197"/>
</LocList>
</BasicStmnt>
</StmntSeq>
</Branch>
<Branch CovItemId="B50" CovItemPrefix="org.cs362.dominion.CardSupply.java" Implct="false" Intrnl_Id="596">
<Cond>
<Loc EndOffset="6237" SrcFileId="2" StartOffset="6222"/>
</Cond>
<LocList>
<Loc EndOffset="6267" SrcFileId="2" StartOffset="6242"/>
</LocList>
<StmntSeq Intrnl_Id="597">
<LocList>
<Loc EndOffset="6267" SrcFileId="2" StartOffset="6242"/>
</LocList>
<BasicStmnt CovItemId="S149" CovItemPrefix="org.cs362.dominion.CardSupply.java" Intrnl_Id="598">
<LocList>
<Loc EndOffset="6267" SrcFileId="2" StartOffset="6242"/>
</LocList>
</BasicStmnt>
</StmntSeq>
</Branch>
<Branch CovItemId="B51" CovItemPrefix="org.cs362.dominion.CardSupply.java" Implct="false" Intrnl_Id="599">
<Cond>
<Loc EndOffset="6287" SrcFileId="2" StartOffset="6270"/>
</Cond>
<LocList>
<Loc EndOffset="6319" SrcFileId="2" StartOffset="6292"/>
</LocList>
<StmntSeq Intrnl_Id="600">
<LocList>
<Loc EndOffset="6319" SrcFileId="2" StartOffset="6292"/>
</LocList>
<BasicStmnt CovItemId="S150" CovItemPrefix="org.cs362.dominion.CardSupply.java" Intrnl_Id="601">
<LocList>
<Loc EndOffset="6319" SrcFileId="2" StartOffset="6292"/>
</LocList>
</BasicStmnt>
</StmntSeq>
</Branch>
<Branch CovItemId="B52" CovItemPrefix="org.cs362.dominion.CardSupply.java" Implct="false" Intrnl_Id="602">
<Cond>
<Loc EndOffset="6339" SrcFileId="2" StartOffset="6322"/>
</Cond>
<LocList>
<Loc EndOffset="6371" SrcFileId="2" StartOffset="6344"/>
</LocList>
<StmntSeq Intrnl_Id="603">
<LocList>
<Loc EndOffset="6371" SrcFileId="2" StartOffset="6344"/>
</LocList>
<BasicStmnt CovItemId="S151" CovItemPrefix="org.cs362.dominion.CardSupply.java" Intrnl_Id="604">
<LocList>
<Loc EndOffset="6371" SrcFileId="2" StartOffset="6344"/>
</LocList>
</BasicStmnt>
</StmntSeq>
</Branch>
<Branch CovItemId="B53" CovItemPrefix="org.cs362.dominion.CardSupply.java" Implct="false" Intrnl_Id="605">
<Cond>
<Loc EndOffset="6386" SrcFileId="2" StartOffset="6374"/>
</Cond>
<LocList>
<Loc EndOffset="6413" SrcFileId="2" StartOffset="6391"/>
</LocList>
<StmntSeq Intrnl_Id="606">
<LocList>
<Loc EndOffset="6413" SrcFileId="2" StartOffset="6391"/>
</LocList>
<BasicStmnt CovItemId="S152" CovItemPrefix="org.cs362.dominion.CardSupply.java" Intrnl_Id="607">
<LocList>
<Loc EndOffset="6413" SrcFileId="2" StartOffset="6391"/>
</LocList>
</BasicStmnt>
</StmntSeq>
</Branch>
<Branch CovItemId="B54" CovItemPrefix="org.cs362.dominion.CardSupply.java" Implct="false" Intrnl_Id="608">
<Cond>
<Loc EndOffset="6435" SrcFileId="2" StartOffset="6416"/>
</Cond>
<LocList>
<Loc EndOffset="6468" SrcFileId="2" StartOffset="6440"/>
</LocList>
<StmntSeq Intrnl_Id="609">
<LocList>
<Loc EndOffset="6468" SrcFileId="2" StartOffset="6440"/>
</LocList>
<BasicStmnt CovItemId="S153" CovItemPrefix="org.cs362.dominion.CardSupply.java" Intrnl_Id="610">
<LocList>
<Loc EndOffset="6468" SrcFileId="2" StartOffset="6440"/>
</LocList>
</BasicStmnt>
</StmntSeq>
</Branch>
<Branch CovItemId="B55" CovItemPrefix="org.cs362.dominion.CardSupply.java" Implct="false" Intrnl_Id="611">
<Cond>
<Loc EndOffset="6486" SrcFileId="2" StartOffset="6471"/>
</Cond>
<LocList>
<Loc EndOffset="6516" SrcFileId="2" StartOffset="6491"/>
</LocList>
<StmntSeq Intrnl_Id="612">
<LocList>
<Loc EndOffset="6516" SrcFileId="2" StartOffset="6491"/>
</LocList>
<BasicStmnt CovItemId="S154" CovItemPrefix="org.cs362.dominion.CardSupply.java" Intrnl_Id="613">
<LocList>
<Loc EndOffset="6516" SrcFileId="2" StartOffset="6491"/>
</LocList>
</BasicStmnt>
</StmntSeq>
</Branch>
<Branch CovItemId="B56" CovItemPrefix="org.cs362.dominion.CardSupply.java" Implct="false" Intrnl_Id="614">
<Cond>
<Loc EndOffset="6534" SrcFileId="2" StartOffset="6520"/>
</Cond>
<LocList>
<Loc EndOffset="6563" SrcFileId="2" StartOffset="6539"/>
</LocList>
<StmntSeq Intrnl_Id="615">
<LocList>
<Loc EndOffset="6563" SrcFileId="2" StartOffset="6539"/>
</LocList>
<BasicStmnt CovItemId="S155" CovItemPrefix="org.cs362.dominion.CardSupply.java" Intrnl_Id="616">
<LocList>
<Loc EndOffset="6563" SrcFileId="2" StartOffset="6539"/>
</LocList>
</BasicStmnt>
</StmntSeq>
</Branch>
<Branch CovItemId="B57" CovItemPrefix="org.cs362.dominion.CardSupply.java" Implct="false" Intrnl_Id="617">
<Cond>
<Loc EndOffset="6578" SrcFileId="2" StartOffset="6566"/>
</Cond>
<LocList>
<Loc EndOffset="6605" SrcFileId="2" StartOffset="6583"/>
</LocList>
<StmntSeq Intrnl_Id="618">
<LocList>
<Loc EndOffset="6605" SrcFileId="2" StartOffset="6583"/>
</LocList>
<BasicStmnt CovItemId="S156" CovItemPrefix="org.cs362.dominion.CardSupply.java" Intrnl_Id="619">
<LocList>
<Loc EndOffset="6605" SrcFileId="2" StartOffset="6583"/>
</LocList>
</BasicStmnt>
</StmntSeq>
</Branch>
<Branch CovItemId="B58" CovItemPrefix="org.cs362.dominion.CardSupply.java" Implct="false" Intrnl_Id="620">
<Cond>
<Loc EndOffset="6622" SrcFileId="2" StartOffset="6608"/>
</Cond>
<LocList>
<Loc EndOffset="6651" SrcFileId="2" StartOffset="6627"/>
</LocList>
<StmntSeq Intrnl_Id="621">
<LocList>
<Loc EndOffset="6651" SrcFileId="2" StartOffset="6627"/>
</LocList>
<BasicStmnt CovItemId="S157" CovItemPrefix="org.cs362.dominion.CardSupply.java" Intrnl_Id="622">
<LocList>
<Loc EndOffset="6651" SrcFileId="2" StartOffset="6627"/>
</LocList>
</BasicStmnt>
</StmntSeq>
</Branch>
<Branch CovItemId="B59" CovItemPrefix="org.cs362.dominion.CardSupply.java" Implct="false" Intrnl_Id="623">
<Cond>
<Loc EndOffset="6671" SrcFileId="2" StartOffset="6654"/>
</Cond>
<LocList>
<Loc EndOffset="6702" SrcFileId="2" StartOffset="6676"/>
</LocList>
<StmntSeq Intrnl_Id="624">
<LocList>
<Loc EndOffset="6702" SrcFileId="2" StartOffset="6676"/>
</LocList>
<BasicStmnt CovItemId="S158" CovItemPrefix="org.cs362.dominion.CardSupply.java" Intrnl_Id="625">
<LocList>
<Loc EndOffset="6702" SrcFileId="2" StartOffset="6676"/>
</LocList>
</BasicStmnt>
</StmntSeq>
</Branch>
<Branch CovItemId="B60" CovItemPrefix="org.cs362.dominion.CardSupply.java" Implct="false" Intrnl_Id="626">
<Cond>
<Loc EndOffset="6716" SrcFileId="2" StartOffset="6705"/>
</Cond>
<LocList>
<Loc EndOffset="6742" SrcFileId="2" StartOffset="6721"/>
</LocList>
<StmntSeq Intrnl_Id="627">
<LocList>
<Loc EndOffset="6742" SrcFileId="2" StartOffset="6721"/>
</LocList>
<BasicStmnt CovItemId="S159" CovItemPrefix="org.cs362.dominion.CardSupply.java" Intrnl_Id="628">
<LocList>
<Loc EndOffset="6742" SrcFileId="2" StartOffset="6721"/>
</LocList>
</BasicStmnt>
</StmntSeq>
</Branch>
<Branch CovItemId="B61" CovItemPrefix="org.cs362.dominion.CardSupply.java" Implct="false" Intrnl_Id="629">
<Cond>
<Loc EndOffset="6758" SrcFileId="2" StartOffset="6745"/>
</Cond>
<LocList>
<Loc EndOffset="6786" SrcFileId="2" StartOffset="6763"/>
</LocList>
<StmntSeq Intrnl_Id="630">
<LocList>
<Loc EndOffset="6786" SrcFileId="2" StartOffset="6763"/>
</LocList>
<BasicStmnt CovItemId="S160" CovItemPrefix="org.cs362.dominion.CardSupply.java" Intrnl_Id="631">
<LocList>
<Loc EndOffset="6786" SrcFileId="2" StartOffset="6763"/>
</LocList>
</BasicStmnt>
</StmntSeq>
</Branch>
<Branch CovItemId="B62" CovItemPrefix="org.cs362.dominion.CardSupply.java" Implct="false" Intrnl_Id="632">
<Cond>
<Loc EndOffset="6803" SrcFileId="2" StartOffset="6789"/>
</Cond>
<LocList>
<Loc EndOffset="6832" SrcFileId="2" StartOffset="6808"/>
</LocList>
<StmntSeq Intrnl_Id="633">
<LocList>
<Loc EndOffset="6832" SrcFileId="2" StartOffset="6808"/>
</LocList>
<BasicStmnt CovItemId="S161" CovItemPrefix="org.cs362.dominion.CardSupply.java" Intrnl_Id="634">
<LocList>
<Loc EndOffset="6832" SrcFileId="2" StartOffset="6808"/>
</LocList>
</BasicStmnt>
</StmntSeq>
</Branch>
<Branch CovItemId="B63" CovItemPrefix="org.cs362.dominion.CardSupply.java" Implct="false" Intrnl_Id="635">
<Cond>
<Loc EndOffset="6852" SrcFileId="2" StartOffset="6835"/>
</Cond>
<LocList>
<Loc EndOffset="6884" SrcFileId="2" StartOffset="6857"/>
</LocList>
<StmntSeq Intrnl_Id="636">
<LocList>
<Loc EndOffset="6884" SrcFileId="2" StartOffset="6857"/>
</LocList>
<BasicStmnt CovItemId="S162" CovItemPrefix="org.cs362.dominion.CardSupply.java" Intrnl_Id="637">
<LocList>
<Loc EndOffset="6884" SrcFileId="2" StartOffset="6857"/>
</LocList>
</BasicStmnt>
</StmntSeq>
</Branch>
<Branch CovItemId="B64" CovItemPrefix="org.cs362.dominion.CardSupply.java" Implct="false" Intrnl_Id="638">
<Cond>
<Loc EndOffset="6899" SrcFileId="2" StartOffset="6887"/>
</Cond>
<LocList>
<Loc EndOffset="6926" SrcFileId="2" StartOffset="6904"/>
</LocList>
<StmntSeq Intrnl_Id="639">
<LocList>
<Loc EndOffset="6926" SrcFileId="2" StartOffset="6904"/>
</LocList>
<BasicStmnt CovItemId="S163" CovItemPrefix="org.cs362.dominion.CardSupply.java" Intrnl_Id="640">
<LocList>
<Loc EndOffset="6926" SrcFileId="2" StartOffset="6904"/>
</LocList>
</BasicStmnt>
</StmntSeq>
</Branch>
<Branch CovItemId="B65" CovItemPrefix="org.cs362.dominion.CardSupply.java" Implct="true" Intrnl_Id="641">
<Cond/>
<LocList/>
<StmntSeq Intrnl_Id="642">
<LocList/>
</StmntSeq>
</Branch>
<Keyword EndOffset="5996" SrcFileId="2" StartOffset="5990"/>
<LocList>
<Loc EndOffset="6930" SrcFileId="2" StartOffset="5990"/>
</LocList>
</CondStmnt>
<BasicStmnt CovItemId="S164" CovItemPrefix="org.cs362.dominion.CardSupply.java" Intrnl_Id="643">
<LocList>
<Loc EndOffset="6945" SrcFileId="2" StartOffset="6936"/>
</LocList>
</BasicStmnt>
</StmntSeq>
</HierarchyLvl>
<HierarchyLvl HierarchyLvlId="220" HierarchyLvlTypeId="9" Intrnl_Id="644" Name="cardVP">
<Header>
<Loc EndOffset="6985" SrcFileId="2" StartOffset="6953"/>
</Header>
<LocList>
<Loc EndOffset="8148" SrcFileId="2" StartOffset="6953"/>
</LocList>
<StmntSeq Intrnl_Id="645">
<LocList>
<Loc EndOffset="8129" SrcFileId="2" StartOffset="6989"/>
<Loc EndOffset="8144" SrcFileId="2" StartOffset="8135"/>
</LocList>
<CondStmnt CovItemId="S165" CovItemPrefix="org.cs362.dominion.CardSupply.java" Intrnl_Id="646">
<Branch CovItemId="B66" CovItemPrefix="org.cs362.dominion.CardSupply.java" Implct="false" Intrnl_Id="647">
<Cond>
<Loc EndOffset="7020" SrcFileId="2" StartOffset="7007"/>
</Cond>
<LocList>
<Loc EndOffset="7058" SrcFileId="2" StartOffset="7025"/>
</LocList>
<StmntSeq Intrnl_Id="648">
<LocList>
<Loc EndOffset="7058" SrcFileId="2" StartOffset="7025"/>
</LocList>
<BasicStmnt CovItemId="S166" CovItemPrefix="org.cs362.dominion.CardSupply.java" Intrnl_Id="649">
<LocList>
<Loc EndOffset="7058" SrcFileId="2" StartOffset="7025"/>
</LocList>
</BasicStmnt>
</StmntSeq>
</Branch>
<Branch CovItemId="B67" CovItemPrefix="org.cs362.dominion.CardSupply.java" Implct="false" Intrnl_Id="650">
<Cond>
<Loc EndOffset="7074" SrcFileId="2" StartOffset="7061"/>
</Cond>
<LocList>
<Loc EndOffset="7112" SrcFileId="2" StartOffset="7079"/>
</LocList>
<StmntSeq Intrnl_Id="651">
<LocList>
<Loc EndOffset="7112" SrcFileId="2" StartOffset="7079"/>
</LocList>
<BasicStmnt CovItemId="S167" CovItemPrefix="org.cs362.dominion.CardSupply.java" Intrnl_Id="652">
<LocList>
<Loc EndOffset="7112" SrcFileId="2" StartOffset="7079"/>
</LocList>
</BasicStmnt>
</StmntSeq>
</Branch>
<Branch CovItemId="B68" CovItemPrefix="org.cs362.dominion.CardSupply.java" Implct="false" Intrnl_Id="653">
<Cond>
<Loc EndOffset="7126" SrcFileId="2" StartOffset="7115"/>
</Cond>
<LocList>
<Loc EndOffset="7162" SrcFileId="2" StartOffset="7131"/>
</LocList>
<StmntSeq Intrnl_Id="654">
<LocList>
<Loc EndOffset="7162" SrcFileId="2" StartOffset="7131"/>
</LocList>
<BasicStmnt CovItemId="S168" CovItemPrefix="org.cs362.dominion.CardSupply.java" Intrnl_Id="655">
<LocList>
<Loc EndOffset="7162" SrcFileId="2" StartOffset="7131"/>
</LocList>
</BasicStmnt>
</StmntSeq>
</Branch>
<Branch CovItemId="B69" CovItemPrefix="org.cs362.dominion.CardSupply.java" Implct="false" Intrnl_Id="656">
<Cond>
<Loc EndOffset="7178" SrcFileId="2" StartOffset="7165"/>
</Cond>
<LocList>
<Loc EndOffset="7216" SrcFileId="2" StartOffset="7183"/>
</LocList>
<StmntSeq Intrnl_Id="657">
<LocList>
<Loc EndOffset="7216" SrcFileId="2" StartOffset="7183"/>
</LocList>
<BasicStmnt CovItemId="S169" CovItemPrefix="org.cs362.dominion.CardSupply.java" Intrnl_Id="658">
<LocList>
<Loc EndOffset="7216" SrcFileId="2" StartOffset="7183"/>
</LocList>
</BasicStmnt>
</StmntSeq>
</Branch>
<Branch CovItemId="B70" CovItemPrefix="org.cs362.dominion.CardSupply.java" Implct="false" Intrnl_Id="659">
<Cond>
<Loc EndOffset="7231" SrcFileId="2" StartOffset="7219"/>
</Cond>
<LocList>
<Loc EndOffset="7268" SrcFileId="2" StartOffset="7236"/>
</LocList>
<StmntSeq Intrnl_Id="660">
<LocList>
<Loc EndOffset="7268" SrcFileId="2" StartOffset="7236"/>
</LocList>
<BasicStmnt CovItemId="S170" CovItemPrefix="org.cs362.dominion.CardSupply.java" Intrnl_Id="661">
<LocList>
<Loc EndOffset="7268" SrcFileId="2" StartOffset="7236"/>
</LocList>
</BasicStmnt>
</StmntSeq>
</Branch>
<Branch CovItemId="B71" CovItemPrefix="org.cs362.dominion.CardSupply.java" Implct="false" Intrnl_Id="662">
<Cond>
<Loc EndOffset="7286" SrcFileId="2" StartOffset="7271"/>
</Cond>
<LocList>
<Loc EndOffset="7326" SrcFileId="2" StartOffset="7291"/>
</LocList>
<StmntSeq Intrnl_Id="663">
<LocList>
<Loc EndOffset="7326" SrcFileId="2" StartOffset="7291"/>
</LocList>
<BasicStmnt CovItemId="S171" CovItemPrefix="org.cs362.dominion.CardSupply.java" Intrnl_Id="664">
<LocList>
<Loc EndOffset="7326" SrcFileId="2" StartOffset="7291"/>
</LocList>
</BasicStmnt>
</StmntSeq>
</Branch>
<Branch CovItemId="B72" CovItemPrefix="org.cs362.dominion.CardSupply.java" Implct="false" Intrnl_Id="665">
<Cond>
<Loc EndOffset="7346" SrcFileId="2" StartOffset="7329"/>
</Cond>
<LocList>
<Loc EndOffset="7388" SrcFileId="2" StartOffset="7351"/>
</LocList>
<StmntSeq Intrnl_Id="666">
<LocList>
<Loc EndOffset="7388" SrcFileId="2" StartOffset="7351"/>
</LocList>
<BasicStmnt CovItemId="S172" CovItemPrefix="org.cs362.dominion.CardSupply.java" Intrnl_Id="667">
<LocList>
<Loc EndOffset="7388" SrcFileId="2" StartOffset="7351"/>
</LocList>
</BasicStmnt>
</StmntSeq>
</Branch>
<Branch CovItemId="B73" CovItemPrefix="org.cs362.dominion.CardSupply.java" Implct="false" Intrnl_Id="668">
<Cond>
<Loc EndOffset="7408" SrcFileId="2" StartOffset="7391"/>
</Cond>
<LocList>
<Loc EndOffset="7450" SrcFileId="2" StartOffset="7413"/>
</LocList>
<StmntSeq Intrnl_Id="669">
<LocList>
<Loc EndOffset="7450" SrcFileId="2" StartOffset="7413"/>
</LocList>
<BasicStmnt CovItemId="S173" CovItemPrefix="org.cs362.dominion.CardSupply.java" Intrnl_Id="670">
<LocList>
<Loc EndOffset="7450" SrcFileId="2" StartOffset="7413"/>
</LocList>
</BasicStmnt>
</StmntSeq>
</Branch>
<Branch CovItemId="B74" CovItemPrefix="org.cs362.dominion.CardSupply.java" Implct="false" Intrnl_Id="671">
<Cond>
<Loc EndOffset="7465" SrcFileId="2" StartOffset="7453"/>
</Cond>
<LocList>
<Loc EndOffset="7502" SrcFileId="2" StartOffset="7470"/>
</LocList>
<StmntSeq Intrnl_Id="672">
<LocList>
<Loc EndOffset="7502" SrcFileId="2" StartOffset="7470"/>
</LocList>
<BasicStmnt CovItemId="S174" CovItemPrefix="org.cs362.dominion.CardSupply.java" Intrnl_Id="673">
<LocList>
<Loc EndOffset="7502" SrcFileId="2" StartOffset="7470"/>
</LocList>
</BasicStmnt>
</StmntSeq>
</Branch>
<Branch CovItemId="B75" CovItemPrefix="org.cs362.dominion.CardSupply.java" Implct="false" Intrnl_Id="674">
<Cond>
<Loc EndOffset="7524" SrcFileId="2" StartOffset="7505"/>
</Cond>
<LocList>
<Loc EndOffset="7567" SrcFileId="2" StartOffset="7529"/>
</LocList>
<StmntSeq Intrnl_Id="675">
<LocList>
<Loc EndOffset="7567" SrcFileId="2" StartOffset="7529"/>
</LocList>
<BasicStmnt CovItemId="S175" CovItemPrefix="org.cs362.dominion.CardSupply.java" Intrnl_Id="676">
<LocList>
<Loc EndOffset="7567" SrcFileId="2" StartOffset="7529"/>
</LocList>
</BasicStmnt>
</StmntSeq>
</Branch>
<Branch CovItemId="B76" CovItemPrefix="org.cs362.dominion.CardSupply.java" Implct="false" Intrnl_Id="677">
<Cond>
<Loc EndOffset="7585" SrcFileId="2" StartOffset="7570"/>
</Cond>
<LocList>
<Loc EndOffset="7625" SrcFileId="2" StartOffset="7590"/>
</LocList>
<StmntSeq Intrnl_Id="678">
<LocList>
<Loc EndOffset="7625" SrcFileId="2" StartOffset="7590"/>
</LocList>
<BasicStmnt CovItemId="S176" CovItemPrefix="org.cs362.dominion.CardSupply.java" Intrnl_Id="679">
<LocList>
<Loc EndOffset="7625" SrcFileId="2" StartOffset="7590"/>
</LocList>
</BasicStmnt>
</StmntSeq>
</Branch>
<Branch CovItemId="B77" CovItemPrefix="org.cs362.dominion.CardSupply.java" Implct="false" Intrnl_Id="680">
<Cond>
<Loc EndOffset="7643" SrcFileId="2" StartOffset="7629"/>
</Cond>
<LocList>
<Loc EndOffset="7682" SrcFileId="2" StartOffset="7648"/>
</LocList>
<StmntSeq Intrnl_Id="681">
<LocList>
<Loc EndOffset="7682" SrcFileId="2" StartOffset="7648"/>
</LocList>
<BasicStmnt CovItemId="S177" CovItemPrefix="org.cs362.dominion.CardSupply.java" Intrnl_Id="682">
<LocList>
<Loc EndOffset="7682" SrcFileId="2" StartOffset="7648"/>
</LocList>
</BasicStmnt>
</StmntSeq>
</Branch>
<Branch CovItemId="B78" CovItemPrefix="org.cs362.dominion.CardSupply.java" Implct="false" Intrnl_Id="683">
<Cond>
<Loc EndOffset="7697" SrcFileId="2" StartOffset="7685"/>
</Cond>
<LocList>
<Loc EndOffset="7734" SrcFileId="2" StartOffset="7702"/>
</LocList>
<StmntSeq Intrnl_Id="684">
<LocList>
<Loc EndOffset="7734" SrcFileId="2" StartOffset="7702"/>
</LocList>
<BasicStmnt CovItemId="S178" CovItemPrefix="org.cs362.dominion.CardSupply.java" Intrnl_Id="685">
<LocList>
<Loc EndOffset="7734" SrcFileId="2" StartOffset="7702"/>
</LocList>
</BasicStmnt>
</StmntSeq>
</Branch>
<Branch CovItemId="B79" CovItemPrefix="org.cs362.dominion.CardSupply.java" Implct="false" Intrnl_Id="686">
<Cond>
<Loc EndOffset="7751" SrcFileId="2" StartOffset="7737"/>
</Cond>
<LocList>
<Loc EndOffset="7790" SrcFileId="2" StartOffset="7756"/>
</LocList>
<StmntSeq Intrnl_Id="687">
<LocList>
<Loc EndOffset="7790" SrcFileId="2" StartOffset="7756"/>
</LocList>
<BasicStmnt CovItemId="S179" CovItemPrefix="org.cs362.dominion.CardSupply.java" Intrnl_Id="688">
<LocList>
<Loc EndOffset="7790" SrcFileId="2" StartOffset="7756"/>
</LocList>
</BasicStmnt>
</StmntSeq>
</Branch>
<Branch CovItemId="B80" CovItemPrefix="org.cs362.dominion.CardSupply.java" Implct="false" Intrnl_Id="689">
<Cond>
<Loc EndOffset="7810" SrcFileId="2" StartOffset="7793"/>
</Cond>
<LocList>
<Loc EndOffset="7851" SrcFileId="2" StartOffset="7815"/>
</LocList>
<StmntSeq Intrnl_Id="690">
<LocList>
<Loc EndOffset="7851" SrcFileId="2" StartOffset="7815"/>
</LocList>
<BasicStmnt CovItemId="S180" CovItemPrefix="org.cs362.dominion.CardSupply.java" Intrnl_Id="691">
<LocList>
<Loc EndOffset="7851" SrcFileId="2" StartOffset="7815"/>
</LocList>
</BasicStmnt>
</StmntSeq>
</Branch>
<Branch CovItemId="B81" CovItemPrefix="org.cs362.dominion.CardSupply.java" Implct="false" Intrnl_Id="692">
<Cond>
<Loc EndOffset="7865" SrcFileId="2" StartOffset="7854"/>
</Cond>
<LocList>
<Loc EndOffset="7901" SrcFileId="2" StartOffset="7870"/>
</LocList>
<StmntSeq Intrnl_Id="693">
<LocList>
<Loc EndOffset="7901" SrcFileId="2" StartOffset="7870"/>
</LocList>
<BasicStmnt CovItemId="S181" CovItemPrefix="org.cs362.dominion.CardSupply.java" Intrnl_Id="694">
<LocList>
<Loc EndOffset="7901" SrcFileId="2" StartOffset="7870"/>
</LocList>
</BasicStmnt>
</StmntSeq>
</Branch>
<Branch CovItemId="B82" CovItemPrefix="org.cs362.dominion.CardSupply.java" Implct="false" Intrnl_Id="695">
<Cond>
<Loc EndOffset="7917" SrcFileId="2" StartOffset="7904"/>
</Cond>
<LocList>
<Loc EndOffset="7955" SrcFileId="2" StartOffset="7922"/>
</LocList>
<StmntSeq Intrnl_Id="696">
<LocList>
<Loc EndOffset="7955" SrcFileId="2" StartOffset="7922"/>
</LocList>
<BasicStmnt CovItemId="S182" CovItemPrefix="org.cs362.dominion.CardSupply.java" Intrnl_Id="697">
<LocList>
<Loc EndOffset="7955" SrcFileId="2" StartOffset="7922"/>
</LocList>
</BasicStmnt>
</StmntSeq>
</Branch>
<Branch CovItemId="B83" CovItemPrefix="org.cs362.dominion.CardSupply.java" Implct="false" Intrnl_Id="698">
<Cond>
<Loc EndOffset="7972" SrcFileId="2" StartOffset="7958"/>
</Cond>
<LocList>
<Loc EndOffset="8011" SrcFileId="2" StartOffset="7977"/>
</LocList>
<StmntSeq Intrnl_Id="699">
<LocList>
<Loc EndOffset="8011" SrcFileId="2" StartOffset="7977"/>
</LocList>
<BasicStmnt CovItemId="S183" CovItemPrefix="org.cs362.dominion.CardSupply.java" Intrnl_Id="700">
<LocList>
<Loc EndOffset="8011" SrcFileId="2" StartOffset="7977"/>
</LocList>
</BasicStmnt>
</StmntSeq>
</Branch>
<Branch CovItemId="B84" CovItemPrefix="org.cs362.dominion.CardSupply.java" Implct="false" Intrnl_Id="701">
<Cond>
<Loc EndOffset="8031" SrcFileId="2" StartOffset="8014"/>
</Cond>
<LocList>
<Loc EndOffset="8073" SrcFileId="2" StartOffset="8036"/>
</LocList>
<StmntSeq Intrnl_Id="702">
<LocList>
<Loc EndOffset="8073" SrcFileId="2" StartOffset="8036"/>
</LocList>
<BasicStmnt CovItemId="S184" CovItemPrefix="org.cs362.dominion.CardSupply.java" Intrnl_Id="703">
<LocList>
<Loc EndOffset="8073" SrcFileId="2" StartOffset="8036"/>
</LocList>
</BasicStmnt>
</StmntSeq>
</Branch>
<Branch CovItemId="B85" CovItemPrefix="org.cs362.dominion.CardSupply.java" Implct="false" Intrnl_Id="704">
<Cond>
<Loc EndOffset="8088" SrcFileId="2" StartOffset="8076"/>
</Cond>
<LocList>
<Loc EndOffset="8125" SrcFileId="2" StartOffset="8093"/>
</LocList>
<StmntSeq Intrnl_Id="705">
<LocList>
<Loc EndOffset="8125" SrcFileId="2" StartOffset="8093"/>
</LocList>
<BasicStmnt CovItemId="S185" CovItemPrefix="org.cs362.dominion.CardSupply.java" Intrnl_Id="706">
<LocList>
<Loc EndOffset="8125" SrcFileId="2" StartOffset="8093"/>
</LocList>
</BasicStmnt>
</StmntSeq>
</Branch>
<Branch CovItemId="B86" CovItemPrefix="org.cs362.dominion.CardSupply.java" Implct="true" Intrnl_Id="707">
<Cond/>
<LocList/>
<StmntSeq Intrnl_Id="708">
<LocList/>
</StmntSeq>
</Branch>
<Keyword EndOffset="6995" SrcFileId="2" StartOffset="6989"/>
<LocList>
<Loc EndOffset="8129" SrcFileId="2" StartOffset="6989"/>
</LocList>
</CondStmnt>
<BasicStmnt CovItemId="S186" CovItemPrefix="org.cs362.dominion.CardSupply.java" Intrnl_Id="709">
<LocList>
<Loc EndOffset="8144" SrcFileId="2" StartOffset="8135"/>
</LocList>
</BasicStmnt>
</StmntSeq>
</HierarchyLvl>
<HierarchyLvl HierarchyLvlId="221" HierarchyLvlTypeId="9" Intrnl_Id="710" Name="toString">
<Header>
<Loc EndOffset="8178" SrcFileId="2" StartOffset="8154"/>
</Header>
<LocList>
<Loc EndOffset="8393" SrcFileId="2" StartOffset="8154"/>
</LocList>
<StmntSeq Intrnl_Id="711">
<LocList>
<Loc EndOffset="8205" SrcFileId="2" StartOffset="8182"/>
<Loc EndOffset="8247" SrcFileId="2" StartOffset="8208"/>
<Loc EndOffset="8363" SrcFileId="2" StartOffset="8253"/>
<Loc EndOffset="8389" SrcFileId="2" StartOffset="8369"/>
</LocList>
<BasicStmnt CovItemId="S187" CovItemPrefix="org.cs362.dominion.CardSupply.java" Intrnl_Id="712">
<LocList>
<Loc EndOffset="8205" SrcFileId="2" StartOffset="8182"/>
</LocList>
</BasicStmnt>
<BasicStmnt CovItemId="S188" CovItemPrefix="org.cs362.dominion.CardSupply.java" Intrnl_Id="713">
<LocList>
<Loc EndOffset="8247" SrcFileId="2" StartOffset="8208"/>
</LocList>
</BasicStmnt>
<LoopStmnt CovItemId="S189" CovItemPrefix="org.cs362.dominion.CardSupply.java" Intrnl_Id="714" MltplExecId="L4-2" MltplExecPrefix="org.cs362.dominion.CardSupply.java" NvrExecId="L4-0" NvrExecPrefix="org.cs362.dominion.CardSupply.java" OnceExecutedId="L4-1" OnceExecutedPrefix="org.cs362.dominion.CardSupply.java" OptBodyExec="true">
<StmntSeq Intrnl_Id="715">
<LocList>
<Loc EndOffset="8359" SrcFileId="2" StartOffset="8288"/>
</LocList>
<BasicStmnt CovItemId="S190" CovItemPrefix="org.cs362.dominion.CardSupply.java" Intrnl_Id="716">
<LocList>
<Loc EndOffset="8359" SrcFileId="2" StartOffset="8288"/>
</LocList>
</BasicStmnt>
</StmntSeq>
<Keyword EndOffset="8256" SrcFileId="2" StartOffset="8253"/>
<LocList>
<Loc EndOffset="8363" SrcFileId="2" StartOffset="8253"/>
</LocList>
</LoopStmnt>
<BasicStmnt CovItemId="S191" CovItemPrefix="org.cs362.dominion.CardSupply.java" Intrnl_Id="717">
<LocList>
<Loc EndOffset="8389" SrcFileId="2" StartOffset="8369"/>
</LocList>
</BasicStmnt>
</StmntSeq>
</HierarchyLvl>
<HierarchyLvl HierarchyLvlId="222" HierarchyLvlTypeId="9" Intrnl_Id="718" Name="addCard">
<Header>
<Loc EndOffset="8437" SrcFileId="2" StartOffset="8396"/>
</Header>
<LocList>
<Loc EndOffset="9548" SrcFileId="2" StartOffset="8396"/>
</LocList>
<StmntSeq Intrnl_Id="719">
<LocList>
<Loc EndOffset="8459" SrcFileId="2" StartOffset="8442"/>
<Loc EndOffset="9545" SrcFileId="2" StartOffset="8462"/>
</LocList>
<CondStmnt CovItemId="S192" CovItemPrefix="org.cs362.dominion.CardSupply.java" Intrnl_Id="720">
<Branch CovItemId="B87" CovItemPrefix="org.cs362.dominion.CardSupply.java" Implct="false" Intrnl_Id="721">
<Cond/>
<LocList>
<Loc EndOffset="8459" SrcFileId="2" StartOffset="8452"/>
</LocList>
<StmntSeq Intrnl_Id="722">
<LocList>
<Loc EndOffset="8459" SrcFileId="2" StartOffset="8452"/>
</LocList>
<BasicStmnt CovItemId="S193" CovItemPrefix="org.cs362.dominion.CardSupply.java" Intrnl_Id="723">
<LocList>
<Loc EndOffset="8459" SrcFileId="2" StartOffset="8452"/>
</LocList>
</BasicStmnt>
</StmntSeq>
</Branch>
<Branch CovItemId="B88" CovItemPrefix="org.cs362.dominion.CardSupply.java" Implct="true" Intrnl_Id="724">
<Cond/>
<LocList/>
<StmntSeq Intrnl_Id="725">
<LocList/>
</StmntSeq>
</Branch>
<Keyword EndOffset="8444" SrcFileId="2" StartOffset="8442"/>
<LocList>
<Loc EndOffset="8459" SrcFileId="2" StartOffset="8442"/>
</LocList>
<RootTerm CovItemId="C4" CovItemPrefix="org.cs362.dominion.CardSupply.java" Intrnl_Id="726">
<BasicBoolTerm Intrnl_Id="727">
<LocList>
<Loc EndOffset="8450" SrcFileId="2" StartOffset="8446"/>
</LocList>
</BasicBoolTerm>
</RootTerm>
</CondStmnt>
<CondStmnt CovItemId="S194" CovItemPrefix="org.cs362.dominion.CardSupply.java" Intrnl_Id="728">
<Branch CovItemId="B89" CovItemPrefix="org.cs362.dominion.CardSupply.java" Implct="false" Intrnl_Id="729">
<Cond>
<Loc EndOffset="8493" SrcFileId="2" StartOffset="8480"/>
</Cond>
<LocList>
<Loc EndOffset="8528" SrcFileId="2" StartOffset="8498"/>
</LocList>
<StmntSeq Intrnl_Id="730">
<LocList>
<Loc EndOffset="8517" SrcFileId="2" StartOffset="8498"/>
<Loc EndOffset="8528" SrcFileId="2" StartOffset="8521"/>
</LocList>
<BasicStmnt CovItemId="S195" CovItemPrefix="org.cs362.dominion.CardSupply.java" Intrnl_Id="731">
<LocList>
<Loc EndOffset="8517" SrcFileId="2" StartOffset="8498"/>
</LocList>
</BasicStmnt>
<BasicStmnt CovItemId="S196" CovItemPrefix="org.cs362.dominion.CardSupply.java" Intrnl_Id="732">
<LocList>
<Loc EndOffset="8528" SrcFileId="2" StartOffset="8521"/>
</LocList>
</BasicStmnt>
</StmntSeq>
</Branch>
<Branch CovItemId="B90" CovItemPrefix="org.cs362.dominion.CardSupply.java" Implct="false" Intrnl_Id="733">
<Cond>
<Loc EndOffset="8544" SrcFileId="2" StartOffset="8531"/>
</Cond>
<LocList>
<Loc EndOffset="8579" SrcFileId="2" StartOffset="8549"/>
</LocList>
<StmntSeq Intrnl_Id="734">
<LocList>
<Loc EndOffset="8568" SrcFileId="2" StartOffset="8549"/>
<Loc EndOffset="8579" SrcFileId="2" StartOffset="8572"/>
</LocList>
<BasicStmnt CovItemId="S197" CovItemPrefix="org.cs362.dominion.CardSupply.java" Intrnl_Id="735">
<LocList>
<Loc EndOffset="8568" SrcFileId="2" StartOffset="8549"/>
</LocList>
</BasicStmnt>
<BasicStmnt CovItemId="S198" CovItemPrefix="org.cs362.dominion.CardSupply.java" Intrnl_Id="736">
<LocList>
<Loc EndOffset="8579" SrcFileId="2" StartOffset="8572"/>
</LocList>
</BasicStmnt>
</StmntSeq>
</Branch>
<Branch CovItemId="B91" CovItemPrefix="org.cs362.dominion.CardSupply.java" Implct="false" Intrnl_Id="737">
<Cond>
<Loc EndOffset="8593" SrcFileId="2" StartOffset="8582"/>
</Cond>
<LocList>
<Loc EndOffset="8626" SrcFileId="2" StartOffset="8598"/>
</LocList>
<StmntSeq Intrnl_Id="738">
<LocList>
<Loc EndOffset="8615" SrcFileId="2" StartOffset="8598"/>
<Loc EndOffset="8626" SrcFileId="2" StartOffset="8619"/>
</LocList>
<BasicStmnt CovItemId="S199" CovItemPrefix="org.cs362.dominion.CardSupply.java" Intrnl_Id="739">
<LocList>
<Loc EndOffset="8615" SrcFileId="2" StartOffset="8598"/>
</LocList>
</BasicStmnt>
<BasicStmnt CovItemId="S200" CovItemPrefix="org.cs362.dominion.CardSupply.java" Intrnl_Id="740">
<LocList>
<Loc EndOffset="8626" SrcFileId="2" StartOffset="8619"/>
</LocList>
</BasicStmnt>
</StmntSeq>
</Branch>
<Branch CovItemId="B92" CovItemPrefix="org.cs362.dominion.CardSupply.java" Implct="false" Intrnl_Id="741">
<Cond>
<Loc EndOffset="8642" SrcFileId="2" StartOffset="8629"/>
</Cond>
<LocList>
<Loc EndOffset="8677" SrcFileId="2" StartOffset="8647"/>
</LocList>
<StmntSeq Intrnl_Id="742">
<LocList>
<Loc EndOffset="8666" SrcFileId="2" StartOffset="8647"/>
<Loc EndOffset="8677" SrcFileId="2" StartOffset="8670"/>
</LocList>
<BasicStmnt CovItemId="S201" CovItemPrefix="org.cs362.dominion.CardSupply.java" Intrnl_Id="743">
<LocList>
<Loc EndOffset="8666" SrcFileId="2" StartOffset="8647"/>
</LocList>
</BasicStmnt>
<BasicStmnt CovItemId="S202" CovItemPrefix="org.cs362.dominion.CardSupply.java" Intrnl_Id="744">
<LocList>
<Loc EndOffset="8677" SrcFileId="2" StartOffset="8670"/>
</LocList>
</BasicStmnt>
</StmntSeq>
</Branch>
<Branch CovItemId="B93" CovItemPrefix="org.cs362.dominion.CardSupply.java" Implct="false" Intrnl_Id="745">
<Cond>
<Loc EndOffset="8692" SrcFileId="2" StartOffset="8680"/>
</Cond>
<LocList>
<Loc EndOffset="8726" SrcFileId="2" StartOffset="8697"/>
</LocList>
<StmntSeq Intrnl_Id="746">
<LocList>
<Loc EndOffset="8715" SrcFileId="2" StartOffset="8697"/>
<Loc EndOffset="8726" SrcFileId="2" StartOffset="8719"/>
</LocList>
<BasicStmnt CovItemId="S203" CovItemPrefix="org.cs362.dominion.CardSupply.java" Intrnl_Id="747">
<LocList>
<Loc EndOffset="8715" SrcFileId="2" StartOffset="8697"/>
</LocList>
</BasicStmnt>
<BasicStmnt CovItemId="S204" CovItemPrefix="org.cs362.dominion.CardSupply.java" Intrnl_Id="748">
<LocList>
<Loc EndOffset="8726" SrcFileId="2" StartOffset="8719"/>
</LocList>
</BasicStmnt>
</StmntSeq>
</Branch>
<Branch CovItemId="B94" CovItemPrefix="org.cs362.dominion.CardSupply.java" Implct="false" Intrnl_Id="749">
<Cond>
<Loc EndOffset="8744" SrcFileId="2" StartOffset="8729"/>
</Cond>
<LocList>
<Loc EndOffset="8781" SrcFileId="2" StartOffset="8749"/>
</LocList>
<StmntSeq Intrnl_Id="750">
<LocList>
<Loc EndOffset="8770" SrcFileId="2" StartOffset="8749"/>
<Loc EndOffset="8781" SrcFileId="2" StartOffset="8774"/>
</LocList>
<BasicStmnt CovItemId="S205" CovItemPrefix="org.cs362.dominion.CardSupply.java" Intrnl_Id="751">
<LocList>
<Loc EndOffset="8770" SrcFileId="2" StartOffset="8749"/>
</LocList>
</BasicStmnt>
<BasicStmnt CovItemId="S206" CovItemPrefix="org.cs362.dominion.CardSupply.java" Intrnl_Id="752">
<LocList>
<Loc EndOffset="8781" SrcFileId="2" StartOffset="8774"/>
</LocList>
</BasicStmnt>
</StmntSeq>
</Branch>
<Branch CovItemId="B95" CovItemPrefix="org.cs362.dominion.CardSupply.java" Implct="false" Intrnl_Id="753">
<Cond>
<Loc EndOffset="8801" SrcFileId="2" StartOffset="8784"/>
</Cond>
<LocList>
<Loc EndOffset="8840" SrcFileId="2" StartOffset="8806"/>
</LocList>
<StmntSeq Intrnl_Id="754">
<LocList>
<Loc EndOffset="8829" SrcFileId="2" StartOffset="8806"/>
<Loc EndOffset="8840" SrcFileId="2" StartOffset="8833"/>
</LocList>
<BasicStmnt CovItemId="S207" CovItemPrefix="org.cs362.dominion.CardSupply.java" Intrnl_Id="755">
<LocList>
<Loc EndOffset="8829" SrcFileId="2" StartOffset="8806"/>
</LocList>
</BasicStmnt>
<BasicStmnt CovItemId="S208" CovItemPrefix="org.cs362.dominion.CardSupply.java" Intrnl_Id="756">
<LocList>
<Loc EndOffset="8840" SrcFileId="2" StartOffset="8833"/>
</LocList>
</BasicStmnt>
</StmntSeq>
</Branch>
<Branch CovItemId="B96" CovItemPrefix="org.cs362.dominion.CardSupply.java" Implct="false" Intrnl_Id="757">
<Cond>
<Loc EndOffset="8860" SrcFileId="2" StartOffset="8843"/>
</Cond>
<LocList>
<Loc EndOffset="8899" SrcFileId="2" StartOffset="8865"/>
</LocList>
<StmntSeq Intrnl_Id="758">
<LocList>
<Loc EndOffset="8888" SrcFileId="2" StartOffset="8865"/>
<Loc EndOffset="8899" SrcFileId="2" StartOffset="8892"/>
</LocList>
<BasicStmnt CovItemId="S209" CovItemPrefix="org.cs362.dominion.CardSupply.java" Intrnl_Id="759">
<LocList>
<Loc EndOffset="8888" SrcFileId="2" StartOffset="8865"/>
</LocList>
</BasicStmnt>
<BasicStmnt CovItemId="S210" CovItemPrefix="org.cs362.dominion.CardSupply.java" Intrnl_Id="760">
<LocList>
<Loc EndOffset="8899" SrcFileId="2" StartOffset="8892"/>
</LocList>
</BasicStmnt>
</StmntSeq>
</Branch>
<Branch CovItemId="B97" CovItemPrefix="org.cs362.dominion.CardSupply.java" Implct="false" Intrnl_Id="761">
<Cond>
<Loc EndOffset="8914" SrcFileId="2" StartOffset="8902"/>
</Cond>
<LocList>
<Loc EndOffset="8948" SrcFileId="2" StartOffset="8919"/>
</LocList>
<StmntSeq Intrnl_Id="762">
<LocList>
<Loc EndOffset="8937" SrcFileId="2" StartOffset="8919"/>
<Loc EndOffset="8948" SrcFileId="2" StartOffset="8941"/>
</LocList>
<BasicStmnt CovItemId="S211" CovItemPrefix="org.cs362.dominion.CardSupply.java" Intrnl_Id="763">
<LocList>
<Loc EndOffset="8937" SrcFileId="2" StartOffset="8919"/>
</LocList>
</BasicStmnt>
<BasicStmnt CovItemId="S212" CovItemPrefix="org.cs362.dominion.CardSupply.java" Intrnl_Id="764">
<LocList>
<Loc EndOffset="8948" SrcFileId="2" StartOffset="8941"/>
</LocList>
</BasicStmnt>
</StmntSeq>
</Branch>
<Branch CovItemId="B98" CovItemPrefix="org.cs362.dominion.CardSupply.java" Implct="false" Intrnl_Id="765">
<Cond>
<Loc EndOffset="8970" SrcFileId="2" StartOffset="8951"/>
</Cond>
<LocList>
<Loc EndOffset="9010" SrcFileId="2" StartOffset="8975"/>
</LocList>
<StmntSeq Intrnl_Id="766">
<LocList>
<Loc EndOffset="8999" SrcFileId="2" StartOffset="8975"/>
<Loc EndOffset="9010" SrcFileId="2" StartOffset="9003"/>
</LocList>
<BasicStmnt CovItemId="S213" CovItemPrefix="org.cs362.dominion.CardSupply.java" Intrnl_Id="767">
<LocList>
<Loc EndOffset="8999" SrcFileId="2" StartOffset="8975"/>
</LocList>
</BasicStmnt>
<BasicStmnt CovItemId="S214" CovItemPrefix="org.cs362.dominion.CardSupply.java" Intrnl_Id="768">
<LocList>
<Loc EndOffset="9010" SrcFileId="2" StartOffset="9003"/>
</LocList>
</BasicStmnt>
</StmntSeq>
</Branch>
<Branch CovItemId="B99" CovItemPrefix="org.cs362.dominion.CardSupply.java" Implct="false" Intrnl_Id="769">
<Cond>
<Loc EndOffset="9028" SrcFileId="2" StartOffset="9013"/>
</Cond>
<LocList>
<Loc EndOffset="9065" SrcFileId="2" StartOffset="9033"/>
</LocList>
<StmntSeq Intrnl_Id="770">
<LocList>
<Loc EndOffset="9054" SrcFileId="2" StartOffset="9033"/>
<Loc EndOffset="9065" SrcFileId="2" StartOffset="9058"/>
</LocList>
<BasicStmnt CovItemId="S215" CovItemPrefix="org.cs362.dominion.CardSupply.java" Intrnl_Id="771">
<LocList>
<Loc EndOffset="9054" SrcFileId="2" StartOffset="9033"/>
</LocList>
</BasicStmnt>
<BasicStmnt CovItemId="S216" CovItemPrefix="org.cs362.dominion.CardSupply.java" Intrnl_Id="772">
<LocList>
<Loc EndOffset="9065" SrcFileId="2" StartOffset="9058"/>
</LocList>
</BasicStmnt>
</StmntSeq>
</Branch>
<Branch CovItemId="B100" CovItemPrefix="org.cs362.dominion.CardSupply.java" Implct="false" Intrnl_Id="773">
<Cond>
<Loc EndOffset="9083" SrcFileId="2" StartOffset="9069"/>
</Cond>
<LocList>
<Loc EndOffset="9119" SrcFileId="2" StartOffset="9088"/>
</LocList>
<StmntSeq Intrnl_Id="774">
<LocList>
<Loc EndOffset="9108" SrcFileId="2" StartOffset="9088"/>
<Loc EndOffset="9119" SrcFileId="2" StartOffset="9112"/>
</LocList>
<BasicStmnt CovItemId="S217" CovItemPrefix="org.cs362.dominion.CardSupply.java" Intrnl_Id="775">
<LocList>
<Loc EndOffset="9108" SrcFileId="2" StartOffset="9088"/>
</LocList>
</BasicStmnt>
<BasicStmnt CovItemId="S218" CovItemPrefix="org.cs362.dominion.CardSupply.java" Intrnl_Id="776">
<LocList>
<Loc EndOffset="9119" SrcFileId="2" StartOffset="9112"/>
</LocList>
</BasicStmnt>
</StmntSeq>
</Branch>
<Branch CovItemId="B101" CovItemPrefix="org.cs362.dominion.CardSupply.java" Implct="false" Intrnl_Id="777">
<Cond>
<Loc EndOffset="9134" SrcFileId="2" StartOffset="9122"/>
</Cond>
<LocList>
<Loc EndOffset="9168" SrcFileId="2" StartOffset="9139"/>
</LocList>
<StmntSeq Intrnl_Id="778">
<LocList>
<Loc EndOffset="9157" SrcFileId="2" StartOffset="9139"/>
<Loc EndOffset="9168" SrcFileId="2" StartOffset="9161"/>
</LocList>
<BasicStmnt CovItemId="S219" CovItemPrefix="org.cs362.dominion.CardSupply.java" Intrnl_Id="779">
<LocList>
<Loc EndOffset="9157" SrcFileId="2" StartOffset="9139"/>
</LocList>
</BasicStmnt>
<BasicStmnt CovItemId="S220" CovItemPrefix="org.cs362.dominion.CardSupply.java" Intrnl_Id="780">
<LocList>
<Loc EndOffset="9168" SrcFileId="2" StartOffset="9161"/>
</LocList>
</BasicStmnt>
</StmntSeq>
</Branch>
<Branch CovItemId="B102" CovItemPrefix="org.cs362.dominion.CardSupply.java" Implct="false" Intrnl_Id="781">
<Cond>
<Loc EndOffset="9185" SrcFileId="2" StartOffset="9171"/>
</Cond>
<LocList>
<Loc EndOffset="9221" SrcFileId="2" StartOffset="9190"/>
</LocList>
<StmntSeq Intrnl_Id="782">
<LocList>
<Loc EndOffset="9210" SrcFileId="2" StartOffset="9190"/>
<Loc EndOffset="9221" SrcFileId="2" StartOffset="9214"/>
</LocList>
<BasicStmnt CovItemId="S221" CovItemPrefix="org.cs362.dominion.CardSupply.java" Intrnl_Id="783">
<LocList>
<Loc EndOffset="9210" SrcFileId="2" StartOffset="9190"/>
</LocList>
</BasicStmnt>
<BasicStmnt CovItemId="S222" CovItemPrefix="org.cs362.dominion.CardSupply.java" Intrnl_Id="784">
<LocList>
<Loc EndOffset="9221" SrcFileId="2" StartOffset="9214"/>
</LocList>
</BasicStmnt>
</StmntSeq>
</Branch>
<Branch CovItemId="B103" CovItemPrefix="org.cs362.dominion.CardSupply.java" Implct="false" Intrnl_Id="785">
<Cond>
<Loc EndOffset="9241" SrcFileId="2" StartOffset="9224"/>
</Cond>
<LocList>
<Loc EndOffset="9279" SrcFileId="2" StartOffset="9246"/>
</LocList>
<StmntSeq Intrnl_Id="786">
<LocList>
<Loc EndOffset="9268" SrcFileId="2" StartOffset="9246"/>
<Loc EndOffset="9279" SrcFileId="2" StartOffset="9272"/>
</LocList>
<BasicStmnt CovItemId="S223" CovItemPrefix="org.cs362.dominion.CardSupply.java" Intrnl_Id="787">
<LocList>
<Loc EndOffset="9268" SrcFileId="2" StartOffset="9246"/>
</LocList>
</BasicStmnt>
<BasicStmnt CovItemId="S224" CovItemPrefix="org.cs362.dominion.CardSupply.java" Intrnl_Id="788">
<LocList>
<Loc EndOffset="9279" SrcFileId="2" StartOffset="9272"/>
</LocList>
</BasicStmnt>
</StmntSeq>
</Branch>
<Branch CovItemId="B104" CovItemPrefix="org.cs362.dominion.CardSupply.java" Implct="false" Intrnl_Id="789">
<Cond>
<Loc EndOffset="9293" SrcFileId="2" StartOffset="9282"/>
</Cond>
<LocList>
<Loc EndOffset="9326" SrcFileId="2" StartOffset="9298"/>
</LocList>
<StmntSeq Intrnl_Id="790">
<LocList>
<Loc EndOffset="9315" SrcFileId="2" StartOffset="9298"/>
<Loc EndOffset="9326" SrcFileId="2" StartOffset="9319"/>
</LocList>
<BasicStmnt CovItemId="S225" CovItemPrefix="org.cs362.dominion.CardSupply.java" Intrnl_Id="791">
<LocList>
<Loc EndOffset="9315" SrcFileId="2" StartOffset="9298"/>
</LocList>
</BasicStmnt>
<BasicStmnt CovItemId="S226" CovItemPrefix="org.cs362.dominion.CardSupply.java" Intrnl_Id="792">
<LocList>
<Loc EndOffset="9326" SrcFileId="2" StartOffset="9319"/>
</LocList>
</BasicStmnt>
</StmntSeq>
</Branch>
<Branch CovItemId="B105" CovItemPrefix="org.cs362.dominion.CardSupply.java" Implct="false" Intrnl_Id="793">
<Cond>
<Loc EndOffset="9342" SrcFileId="2" StartOffset="9329"/>
</Cond>
<LocList>
<Loc EndOffset="9377" SrcFileId="2" StartOffset="9347"/>
</LocList>
<StmntSeq Intrnl_Id="794">
<LocList>
<Loc EndOffset="9366" SrcFileId="2" StartOffset="9347"/>
<Loc EndOffset="9377" SrcFileId="2" StartOffset="9370"/>
</LocList>
<BasicStmnt CovItemId="S227" CovItemPrefix="org.cs362.dominion.CardSupply.java" Intrnl_Id="795">
<LocList>
<Loc EndOffset="9366" SrcFileId="2" StartOffset="9347"/>
</LocList>
</BasicStmnt>
<BasicStmnt CovItemId="S228" CovItemPrefix="org.cs362.dominion.CardSupply.java" Intrnl_Id="796">
<LocList>
<Loc EndOffset="9377" SrcFileId="2" StartOffset="9370"/>
</LocList>
</BasicStmnt>
</StmntSeq>
</Branch>
<Branch CovItemId="B106" CovItemPrefix="org.cs362.dominion.CardSupply.java" Implct="false" Intrnl_Id="797">
<Cond>
<Loc EndOffset="9394" SrcFileId="2" StartOffset="9380"/>
</Cond>
<LocList>
<Loc EndOffset="9430" SrcFileId="2" StartOffset="9399"/>
</LocList>
<StmntSeq Intrnl_Id="798">
<LocList>
<Loc EndOffset="9419" SrcFileId="2" StartOffset="9399"/>
<Loc EndOffset="9430" SrcFileId="2" StartOffset="9423"/>
</LocList>
<BasicStmnt CovItemId="S229" CovItemPrefix="org.cs362.dominion.CardSupply.java" Intrnl_Id="799">
<LocList>
<Loc EndOffset="9419" SrcFileId="2" StartOffset="9399"/>
</LocList>
</BasicStmnt>
<BasicStmnt CovItemId="S230" CovItemPrefix="org.cs362.dominion.CardSupply.java" Intrnl_Id="800">
<LocList>
<Loc EndOffset="9430" SrcFileId="2" StartOffset="9423"/>
</LocList>
</BasicStmnt>
</StmntSeq>
</Branch>
<Branch CovItemId="B107" CovItemPrefix="org.cs362.dominion.CardSupply.java" Implct="false" Intrnl_Id="801">
<Cond>
<Loc EndOffset="9450" SrcFileId="2" StartOffset="9433"/>
</Cond>
<LocList>
<Loc EndOffset="9489" SrcFileId="2" StartOffset="9455"/>
</LocList>
<StmntSeq Intrnl_Id="802">
<LocList>
<Loc EndOffset="9478" SrcFileId="2" StartOffset="9455"/>
<Loc EndOffset="9489" SrcFileId="2" StartOffset="9482"/>
</LocList>
<BasicStmnt CovItemId="S231" CovItemPrefix="org.cs362.dominion.CardSupply.java" Intrnl_Id="803">
<LocList>
<Loc EndOffset="9478" SrcFileId="2" StartOffset="9455"/>
</LocList>
</BasicStmnt>
<BasicStmnt CovItemId="S232" CovItemPrefix="org.cs362.dominion.CardSupply.java" Intrnl_Id="804">
<LocList>
<Loc EndOffset="9489" SrcFileId="2" StartOffset="9482"/>
</LocList>
</BasicStmnt>
</StmntSeq>
</Branch>
<Branch CovItemId="B108" CovItemPrefix="org.cs362.dominion.CardSupply.java" Implct="false" Intrnl_Id="805">
<Cond>
<Loc EndOffset="9504" SrcFileId="2" StartOffset="9492"/>
</Cond>
<LocList>
<Loc EndOffset="9538" SrcFileId="2" StartOffset="9509"/>
</LocList>
<StmntSeq Intrnl_Id="806">
<LocList>
<Loc EndOffset="9527" SrcFileId="2" StartOffset="9509"/>
<Loc EndOffset="9538" SrcFileId="2" StartOffset="9531"/>
</LocList>
<BasicStmnt CovItemId="S233" CovItemPrefix="org.cs362.dominion.CardSupply.java" Intrnl_Id="807">
<LocList>
<Loc EndOffset="9527" SrcFileId="2" StartOffset="9509"/>
</LocList>
</BasicStmnt>
<BasicStmnt CovItemId="S234" CovItemPrefix="org.cs362.dominion.CardSupply.java" Intrnl_Id="808">
<LocList>
<Loc EndOffset="9538" SrcFileId="2" StartOffset="9531"/>
</LocList>
</BasicStmnt>
</StmntSeq>
</Branch>
<Branch CovItemId="B109" CovItemPrefix="org.cs362.dominion.CardSupply.java" Implct="true" Intrnl_Id="809">
<Cond/>
<LocList/>
<StmntSeq Intrnl_Id="810">
<LocList/>
</StmntSeq>
</Branch>
<Keyword EndOffset="8468" SrcFileId="2" StartOffset="8462"/>
<LocList>
<Loc EndOffset="9545" SrcFileId="2" StartOffset="8462"/>
</LocList>
</CondStmnt>
</StmntSeq>
</HierarchyLvl>
<HierarchyLvl HierarchyLvlId="223" HierarchyLvlTypeId="9" Intrnl_Id="811" Name="endgame">
<Header>
<Loc EndOffset="9576" SrcFileId="2" StartOffset="9552"/>
</Header>
<LocList>
<Loc EndOffset="9951" SrcFileId="2" StartOffset="9552"/>
</LocList>
<StmntSeq Intrnl_Id="812">
<LocList>
<Loc EndOffset="9598" SrcFileId="2" StartOffset="9581"/>
<Loc EndOffset="9682" SrcFileId="2" StartOffset="9601"/>
<Loc EndOffset="9721" SrcFileId="2" StartOffset="9685"/>
<Loc EndOffset="9791" SrcFileId="2" StartOffset="9724"/>
<Loc EndOffset="9824" SrcFileId="2" StartOffset="9794"/>
<Loc EndOffset="9896" SrcFileId="2" StartOffset="9827"/>
<Loc EndOffset="9929" SrcFileId="2" StartOffset="9899"/>
<Loc EndOffset="9948" SrcFileId="2" StartOffset="9935"/>
</LocList>
<BasicStmnt CovItemId="S235" CovItemPrefix="org.cs362.dominion.CardSupply.java" Intrnl_Id="813">
<LocList>
<Loc EndOffset="9598" SrcFileId="2" StartOffset="9581"/>
</LocList>
</BasicStmnt>
<BasicStmnt CovItemId="S236" CovItemPrefix="org.cs362.dominion.CardSupply.java" Intrnl_Id="814">
<LocList>
<Loc EndOffset="9682" SrcFileId="2" StartOffset="9601"/>
</LocList>
</BasicStmnt>
<CondStmnt CovItemId="S237" CovItemPrefix="org.cs362.dominion.CardSupply.java" Intrnl_Id="815">
<Branch CovItemId="B110" CovItemPrefix="org.cs362.dominion.CardSupply.java" Implct="false" Intrnl_Id="816">
<Cond/>
<LocList>
<Loc EndOffset="9721" SrcFileId="2" StartOffset="9709"/>
</LocList>
<StmntSeq Intrnl_Id="817">
<LocList>
<Loc EndOffset="9721" SrcFileId="2" StartOffset="9709"/>
</LocList>
<BasicStmnt CovItemId="S238" CovItemPrefix="org.cs362.dominion.CardSupply.java" Intrnl_Id="818">
<LocList>
<Loc EndOffset="9721" SrcFileId="2" StartOffset="9709"/>
</LocList>
</BasicStmnt>
</StmntSeq>
</Branch>
<Branch CovItemId="B111" CovItemPrefix="org.cs362.dominion.CardSupply.java" Implct="true" Intrnl_Id="819">
<Cond/>
<LocList/>
<StmntSeq Intrnl_Id="820">
<LocList/>
</StmntSeq>
</Branch>
<Keyword EndOffset="9687" SrcFileId="2" StartOffset="9685"/>
<LocList>
<Loc EndOffset="9721" SrcFileId="2" StartOffset="9685"/>
</LocList>
<RootTerm CovItemId="C5" CovItemPrefix="org.cs362.dominion.CardSupply.java" Intrnl_Id="821">
<BasicBoolTerm Intrnl_Id="822">
<LocList>
<Loc EndOffset="9707" SrcFileId="2" StartOffset="9688"/>
</LocList>
</BasicBoolTerm>
</RootTerm>
</CondStmnt>
<LoopStmnt CovItemId="S239" CovItemPrefix="org.cs362.dominion.CardSupply.java" Intrnl_Id="823" MltplExecId="L5-2" MltplExecPrefix="org.cs362.dominion.CardSupply.java" NvrExecId="L5-0" NvrExecPrefix="org.cs362.dominion.CardSupply.java" OnceExecutedId="L5-1" OnceExecutedPrefix="org.cs362.dominion.CardSupply.java" OptBodyExec="true">
<StmntSeq Intrnl_Id="824">
<LocList>
<Loc EndOffset="9791" SrcFileId="2" StartOffset="9758"/>
</LocList>
<CondStmnt CovItemId="S240" CovItemPrefix="org.cs362.dominion.CardSupply.java" Intrnl_Id="825">
<Branch CovItemId="B112" CovItemPrefix="org.cs362.dominion.CardSupply.java" Implct="false" Intrnl_Id="826">
<Cond/>
<LocList>
<Loc EndOffset="9791" SrcFileId="2" StartOffset="9778"/>
</LocList>
<StmntSeq Intrnl_Id="827">
<LocList>
<Loc EndOffset="9791" SrcFileId="2" StartOffset="9778"/>
</LocList>
<BasicStmnt CovItemId="S241" CovItemPrefix="org.cs362.dominion.CardSupply.java" Intrnl_Id="828">
<LocList>
<Loc EndOffset="9791" SrcFileId="2" StartOffset="9778"/>
</LocList>
</BasicStmnt>
</StmntSeq>
</Branch>
<Branch CovItemId="B113" CovItemPrefix="org.cs362.dominion.CardSupply.java" Implct="true" Intrnl_Id="829">
<Cond/>
<LocList/>
<StmntSeq Intrnl_Id="830">
<LocList/>
</StmntSeq>
</Branch>
<Keyword EndOffset="9760" SrcFileId="2" StartOffset="9758"/>
<LocList>
<Loc EndOffset="9791" SrcFileId="2" StartOffset="9758"/>
</LocList>
<RootTerm CovItemId="C6" CovItemPrefix="org.cs362.dominion.CardSupply.java" Intrnl_Id="831">
<BasicBoolTerm Intrnl_Id="832">
<LocList>
<Loc EndOffset="9776" SrcFileId="2" StartOffset="9761"/>
</LocList>
</BasicBoolTerm>
</RootTerm>
</CondStmnt>
</StmntSeq>
<Keyword EndOffset="9727" SrcFileId="2" StartOffset="9724"/>
<LocList>
<Loc EndOffset="9791" SrcFileId="2" StartOffset="9724"/>
</LocList>
</LoopStmnt>
<CondStmnt CovItemId="S242" CovItemPrefix="org.cs362.dominion.CardSupply.java" Intrnl_Id="833">
<Branch CovItemId="B114" CovItemPrefix="org.cs362.dominion.CardSupply.java" Implct="false" Intrnl_Id="834">
<Cond/>
<LocList>
<Loc EndOffset="9824" SrcFileId="2" StartOffset="9812"/>
</LocList>
<StmntSeq Intrnl_Id="835">
<LocList>
<Loc EndOffset="9824" SrcFileId="2" StartOffset="9812"/>
</LocList>
<BasicStmnt CovItemId="S243" CovItemPrefix="org.cs362.dominion.CardSupply.java" Intrnl_Id="836">
<LocList>
<Loc EndOffset="9824" SrcFileId="2" StartOffset="9812"/>
</LocList>
</BasicStmnt>
</StmntSeq>
</Branch>
<Branch CovItemId="B115" CovItemPrefix="org.cs362.dominion.CardSupply.java" Implct="true" Intrnl_Id="837">
<Cond/>
<LocList/>
<StmntSeq Intrnl_Id="838">
<LocList/>
</StmntSeq>
</Branch>
<Keyword EndOffset="9796" SrcFileId="2" StartOffset="9794"/>
<LocList>
<Loc EndOffset="9824" SrcFileId="2" StartOffset="9794"/>
</LocList>
<RootTerm CovItemId="C7" CovItemPrefix="org.cs362.dominion.CardSupply.java" Intrnl_Id="839">
<BasicBoolTerm Intrnl_Id="840">
<LocList>
<Loc EndOffset="9810" SrcFileId="2" StartOffset="9797"/>
</LocList>
</BasicBoolTerm>
</RootTerm>
</CondStmnt>
<LoopStmnt CovItemId="S244" CovItemPrefix="org.cs362.dominion.CardSupply.java" Intrnl_Id="841" MltplExecId="L6-2" MltplExecPrefix="org.cs362.dominion.CardSupply.java" NvrExecId="L6-0" NvrExecPrefix="org.cs362.dominion.CardSupply.java" OnceExecutedId="L6-1" OnceExecutedPrefix="org.cs362.dominion.CardSupply.java" OptBodyExec="true">
<StmntSeq Intrnl_Id="842">
<LocList>
<Loc EndOffset="9896" SrcFileId="2" StartOffset="9863"/>
</LocList>
<CondStmnt CovItemId="S245" CovItemPrefix="org.cs362.dominion.CardSupply.java" Intrnl_Id="843">
<Branch CovItemId="B116" CovItemPrefix="org.cs362.dominion.CardSupply.java" Implct="false" Intrnl_Id="844">
<Cond/>
<LocList>
<Loc EndOffset="9896" SrcFileId="2" StartOffset="9883"/>
</LocList>
<StmntSeq Intrnl_Id="845">
<LocList>
<Loc EndOffset="9896" SrcFileId="2" StartOffset="9883"/>
</LocList>
<BasicStmnt CovItemId="S246" CovItemPrefix="org.cs362.dominion.CardSupply.java" Intrnl_Id="846">
<LocList>
<Loc EndOffset="9896" SrcFileId="2" StartOffset="9883"/>
</LocList>
</BasicStmnt>
</StmntSeq>
</Branch>
<Branch CovItemId="B117" CovItemPrefix="org.cs362.dominion.CardSupply.java" Implct="true" Intrnl_Id="847">
<Cond/>
<LocList/>
<StmntSeq Intrnl_Id="848">
<LocList/>
</StmntSeq>
</Branch>
<Keyword EndOffset="9865" SrcFileId="2" StartOffset="9863"/>
<LocList>
<Loc EndOffset="9896" SrcFileId="2" StartOffset="9863"/>
</LocList>
<RootTerm CovItemId="C8" CovItemPrefix="org.cs362.dominion.CardSupply.java" Intrnl_Id="849">
<BasicBoolTerm Intrnl_Id="850">
<LocList>
<Loc EndOffset="9881" SrcFileId="2" StartOffset="9866"/>
</LocList>
</BasicBoolTerm>
</RootTerm>
</CondStmnt>
</StmntSeq>
<Keyword EndOffset="9830" SrcFileId="2" StartOffset="9827"/>
<LocList>
<Loc EndOffset="9896" SrcFileId="2" StartOffset="9827"/>
</LocList>
</LoopStmnt>
<CondStmnt CovItemId="S247" CovItemPrefix="org.cs362.dominion.CardSupply.java" Intrnl_Id="851">
<Branch CovItemId="B118" CovItemPrefix="org.cs362.dominion.CardSupply.java" Implct="false" Intrnl_Id="852">
<Cond/>
<LocList>
<Loc EndOffset="9929" SrcFileId="2" StartOffset="9917"/>
</LocList>
<StmntSeq Intrnl_Id="853">
<LocList>
<Loc EndOffset="9929" SrcFileId="2" StartOffset="9917"/>
</LocList>
<BasicStmnt CovItemId="S248" CovItemPrefix="org.cs362.dominion.CardSupply.java" Intrnl_Id="854">
<LocList>
<Loc EndOffset="9929" SrcFileId="2" StartOffset="9917"/>
</LocList>
</BasicStmnt>
</StmntSeq>
</Branch>
<Branch CovItemId="B119" CovItemPrefix="org.cs362.dominion.CardSupply.java" Implct="true" Intrnl_Id="855">
<Cond/>
<LocList/>
<StmntSeq Intrnl_Id="856">
<LocList/>
</StmntSeq>
</Branch>
<Keyword EndOffset="9901" SrcFileId="2" StartOffset="9899"/>
<LocList>
<Loc EndOffset="9929" SrcFileId="2" StartOffset="9899"/>
</LocList>
<RootTerm CovItemId="C9" CovItemPrefix="org.cs362.dominion.CardSupply.java" Intrnl_Id="857">
<BasicBoolTerm Intrnl_Id="858">
<LocList>
<Loc EndOffset="9915" SrcFileId="2" StartOffset="9902"/>
</LocList>
</BasicBoolTerm>
</RootTerm>
</CondStmnt>
<BasicStmnt CovItemId="S249" CovItemPrefix="org.cs362.dominion.CardSupply.java" Intrnl_Id="859">
<LocList>
<Loc EndOffset="9948" SrcFileId="2" StartOffset="9935"/>
</LocList>
</BasicStmnt>
</StmntSeq>
</HierarchyLvl>
<HierarchyLvl HierarchyLvlId="224" HierarchyLvlTypeId="9" Intrnl_Id="860" Name="embargo">
<Header>
<Loc EndOffset="9994" SrcFileId="2" StartOffset="9958"/>
</Header>
<LocList>
<Loc EndOffset="11126" SrcFileId="2" StartOffset="9958"/>
</LocList>
<StmntSeq Intrnl_Id="861">
<LocList>
<Loc EndOffset="11120" SrcFileId="2" StartOffset="9999"/>
</LocList>
<CondStmnt CovItemId="S250" CovItemPrefix="org.cs362.dominion.CardSupply.java" Intrnl_Id="862">
<Branch CovItemId="B120" CovItemPrefix="org.cs362.dominion.CardSupply.java" Implct="false" Intrnl_Id="863">
<Cond>
<Loc EndOffset="10032" SrcFileId="2" StartOffset="10019"/>
</Cond>
<LocList>
<Loc EndOffset="10070" SrcFileId="2" StartOffset="10037"/>
</LocList>
<StmntSeq Intrnl_Id="864">
<LocList>
<Loc EndOffset="10060" SrcFileId="2" StartOffset="10037"/>
<Loc EndOffset="10070" SrcFileId="2" StartOffset="10064"/>
</LocList>
<BasicStmnt CovItemId="S251" CovItemPrefix="org.cs362.dominion.CardSupply.java" Intrnl_Id="865">
<LocList>
<Loc EndOffset="10060" SrcFileId="2" StartOffset="10037"/>
</LocList>
</BasicStmnt>
<BasicStmnt CovItemId="S252" CovItemPrefix="org.cs362.dominion.CardSupply.java" Intrnl_Id="866">
<LocList>
<Loc EndOffset="10070" SrcFileId="2" StartOffset="10064"/>
</LocList>
</BasicStmnt>
</StmntSeq>
</Branch>
<Branch CovItemId="B121" CovItemPrefix="org.cs362.dominion.CardSupply.java" Implct="false" Intrnl_Id="867">
<Cond>
<Loc EndOffset="10086" SrcFileId="2" StartOffset="10073"/>
</Cond>
<LocList>
<Loc EndOffset="10124" SrcFileId="2" StartOffset="10091"/>
</LocList>
<StmntSeq Intrnl_Id="868">
<LocList>
<Loc EndOffset="10114" SrcFileId="2" StartOffset="10091"/>
<Loc EndOffset="10124" SrcFileId="2" StartOffset="10118"/>
</LocList>
<BasicStmnt CovItemId="S253" CovItemPrefix="org.cs362.dominion.CardSupply.java" Intrnl_Id="869">
<LocList>
<Loc EndOffset="10114" SrcFileId="2" StartOffset="10091"/>
</LocList>
</BasicStmnt>
<BasicStmnt CovItemId="S254" CovItemPrefix="org.cs362.dominion.CardSupply.java" Intrnl_Id="870">
<LocList>
<Loc EndOffset="10124" SrcFileId="2" StartOffset="10118"/>
</LocList>
</BasicStmnt>
</StmntSeq>
</Branch>
<Branch CovItemId="B122" CovItemPrefix="org.cs362.dominion.CardSupply.java" Implct="false" Intrnl_Id="871">
<Cond>
<Loc EndOffset="10138" SrcFileId="2" StartOffset="10127"/>
</Cond>
<LocList>
<Loc EndOffset="10174" SrcFileId="2" StartOffset="10143"/>
</LocList>
<StmntSeq Intrnl_Id="872">
<LocList>
<Loc EndOffset="10164" SrcFileId="2" StartOffset="10143"/>
<Loc EndOffset="10174" SrcFileId="2" StartOffset="10168"/>
</LocList>
<BasicStmnt CovItemId="S255" CovItemPrefix="org.cs362.dominion.CardSupply.java" Intrnl_Id="873">
<LocList>
<Loc EndOffset="10164" SrcFileId="2" StartOffset="10143"/>
</LocList>
</BasicStmnt>
<BasicStmnt CovItemId="S256" CovItemPrefix="org.cs362.dominion.CardSupply.java" Intrnl_Id="874">
<LocList>
<Loc EndOffset="10174" SrcFileId="2" StartOffset="10168"/>
</LocList>
</BasicStmnt>
</StmntSeq>
</Branch>
<Branch CovItemId="B123" CovItemPrefix="org.cs362.dominion.CardSupply.java" Implct="false" Intrnl_Id="875">
<Cond>
<Loc EndOffset="10190" SrcFileId="2" StartOffset="10177"/>
</Cond>
<LocList>
<Loc EndOffset="10228" SrcFileId="2" StartOffset="10195"/>
</LocList>
<StmntSeq Intrnl_Id="876">
<LocList>
<Loc EndOffset="10218" SrcFileId="2" StartOffset="10195"/>
<Loc EndOffset="10228" SrcFileId="2" StartOffset="10222"/>
</LocList>
<BasicStmnt CovItemId="S257" CovItemPrefix="org.cs362.dominion.CardSupply.java" Intrnl_Id="877">
<LocList>
<Loc EndOffset="10218" SrcFileId="2" StartOffset="10195"/>
</LocList>
</BasicStmnt>
<BasicStmnt CovItemId="S258" CovItemPrefix="org.cs362.dominion.CardSupply.java" Intrnl_Id="878">
<LocList>
<Loc EndOffset="10228" SrcFileId="2" StartOffset="10222"/>
</LocList>
</BasicStmnt>
</StmntSeq>
</Branch>
<Branch CovItemId="B124" CovItemPrefix="org.cs362.dominion.CardSupply.java" Implct="false" Intrnl_Id="879">
<Cond>
<Loc EndOffset="10243" SrcFileId="2" StartOffset="10231"/>
</Cond>
<LocList>
<Loc EndOffset="10280" SrcFileId="2" StartOffset="10248"/>
</LocList>
<StmntSeq Intrnl_Id="880">
<LocList>
<Loc EndOffset="10270" SrcFileId="2" StartOffset="10248"/>
<Loc EndOffset="10280" SrcFileId="2" StartOffset="10274"/>
</LocList>
<BasicStmnt CovItemId="S259" CovItemPrefix="org.cs362.dominion.CardSupply.java" Intrnl_Id="881">
<LocList>
<Loc EndOffset="10270" SrcFileId="2" StartOffset="10248"/>
</LocList>
</BasicStmnt>
<BasicStmnt CovItemId="S260" CovItemPrefix="org.cs362.dominion.CardSupply.java" Intrnl_Id="882">
<LocList>
<Loc EndOffset="10280" SrcFileId="2" StartOffset="10274"/>
</LocList>
</BasicStmnt>
</StmntSeq>
</Branch>
<Branch CovItemId="B125" CovItemPrefix="org.cs362.dominion.CardSupply.java" Implct="false" Intrnl_Id="883">
<Cond>
<Loc EndOffset="10298" SrcFileId="2" StartOffset="10283"/>
</Cond>
<LocList>
<Loc EndOffset="10338" SrcFileId="2" StartOffset="10303"/>
</LocList>
<StmntSeq Intrnl_Id="884">
<LocList>
<Loc EndOffset="10328" SrcFileId="2" StartOffset="10303"/>
<Loc EndOffset="10338" SrcFileId="2" StartOffset="10332"/>
</LocList>
<BasicStmnt CovItemId="S261" CovItemPrefix="org.cs362.dominion.CardSupply.java" Intrnl_Id="885">
<LocList>
<Loc EndOffset="10328" SrcFileId="2" StartOffset="10303"/>
</LocList>
</BasicStmnt>
<BasicStmnt CovItemId="S262" CovItemPrefix="org.cs362.dominion.CardSupply.java" Intrnl_Id="886">
<LocList>
<Loc EndOffset="10338" SrcFileId="2" StartOffset="10332"/>
</LocList>
</BasicStmnt>
</StmntSeq>
</Branch>
<Branch CovItemId="B126" CovItemPrefix="org.cs362.dominion.CardSupply.java" Implct="false" Intrnl_Id="887">
<Cond>
<Loc EndOffset="10358" SrcFileId="2" StartOffset="10341"/>
</Cond>
<LocList>
<Loc EndOffset="10400" SrcFileId="2" StartOffset="10363"/>
</LocList>
<StmntSeq Intrnl_Id="888">
<LocList>
<Loc EndOffset="10390" SrcFileId="2" StartOffset="10363"/>
<Loc EndOffset="10400" SrcFileId="2" StartOffset="10394"/>
</LocList>
<BasicStmnt CovItemId="S263" CovItemPrefix="org.cs362.dominion.CardSupply.java" Intrnl_Id="889">
<LocList>
<Loc EndOffset="10390" SrcFileId="2" StartOffset="10363"/>
</LocList>
</BasicStmnt>
<BasicStmnt CovItemId="S264" CovItemPrefix="org.cs362.dominion.CardSupply.java" Intrnl_Id="890">
<LocList>
<Loc EndOffset="10400" SrcFileId="2" StartOffset="10394"/>
</LocList>
</BasicStmnt>
</StmntSeq>
</Branch>
<Branch CovItemId="B127" CovItemPrefix="org.cs362.dominion.CardSupply.java" Implct="false" Intrnl_Id="891">
<Cond>
<Loc EndOffset="10420" SrcFileId="2" StartOffset="10403"/>
</Cond>
<LocList>
<Loc EndOffset="10462" SrcFileId="2" StartOffset="10425"/>
</LocList>
<StmntSeq Intrnl_Id="892">
<LocList>
<Loc EndOffset="10452" SrcFileId="2" StartOffset="10425"/>
<Loc EndOffset="10462" SrcFileId="2" StartOffset="10456"/>
</LocList>
<BasicStmnt CovItemId="S265" CovItemPrefix="org.cs362.dominion.CardSupply.java" Intrnl_Id="893">
<LocList>
<Loc EndOffset="10452" SrcFileId="2" StartOffset="10425"/>
</LocList>
</BasicStmnt>
<BasicStmnt CovItemId="S266" CovItemPrefix="org.cs362.dominion.CardSupply.java" Intrnl_Id="894">
<LocList>
<Loc EndOffset="10462" SrcFileId="2" StartOffset="10456"/>
</LocList>
</BasicStmnt>
</StmntSeq>
</Branch>
<Branch CovItemId="B128" CovItemPrefix="org.cs362.dominion.CardSupply.java" Implct="false" Intrnl_Id="895">
<Cond>
<Loc EndOffset="10477" SrcFileId="2" StartOffset="10465"/>
</Cond>
<LocList>
<Loc EndOffset="10514" SrcFileId="2" StartOffset="10482"/>
</LocList>
<StmntSeq Intrnl_Id="896">
<LocList>
<Loc EndOffset="10504" SrcFileId="2" StartOffset="10482"/>
<Loc EndOffset="10514" SrcFileId="2" StartOffset="10508"/>
</LocList>
<BasicStmnt CovItemId="S267" CovItemPrefix="org.cs362.dominion.CardSupply.java" Intrnl_Id="897">
<LocList>
<Loc EndOffset="10504" SrcFileId="2" StartOffset="10482"/>
</LocList>
</BasicStmnt>
<BasicStmnt CovItemId="S268" CovItemPrefix="org.cs362.dominion.CardSupply.java" Intrnl_Id="898">
<LocList>
<Loc EndOffset="10514" SrcFileId="2" StartOffset="10508"/>
</LocList>
</BasicStmnt>
</StmntSeq>
</Branch>
<Branch CovItemId="B129" CovItemPrefix="org.cs362.dominion.CardSupply.java" Implct="false" Intrnl_Id="899">
<Cond>
<Loc EndOffset="10536" SrcFileId="2" StartOffset="10517"/>
</Cond>
<LocList>
<Loc EndOffset="10569" SrcFileId="2" StartOffset="10541"/>
</LocList>
<StmntSeq Intrnl_Id="900">
<LocList>
<Loc EndOffset="10569" SrcFileId="2" StartOffset="10541"/>
</LocList>
<BasicStmnt CovItemId="S269" CovItemPrefix="org.cs362.dominion.CardSupply.java" Intrnl_Id="901">
<LocList>
<Loc EndOffset="10569" SrcFileId="2" StartOffset="10541"/>
</LocList>
</BasicStmnt>
</StmntSeq>
</Branch>
<Branch CovItemId="B130" CovItemPrefix="org.cs362.dominion.CardSupply.java" Implct="false" Intrnl_Id="902">
<Cond>
<Loc EndOffset="10587" SrcFileId="2" StartOffset="10572"/>
</Cond>
<LocList>
<Loc EndOffset="10617" SrcFileId="2" StartOffset="10592"/>
</LocList>
<StmntSeq Intrnl_Id="903">
<LocList>
<Loc EndOffset="10617" SrcFileId="2" StartOffset="10592"/>
</LocList>
<BasicStmnt CovItemId="S270" CovItemPrefix="org.cs362.dominion.CardSupply.java" Intrnl_Id="904">
<LocList>
<Loc EndOffset="10617" SrcFileId="2" StartOffset="10592"/>
</LocList>
</BasicStmnt>
</StmntSeq>
</Branch>
<Branch CovItemId="B131" CovItemPrefix="org.cs362.dominion.CardSupply.java" Implct="false" Intrnl_Id="905">
<Cond>
<Loc EndOffset="10634" SrcFileId="2" StartOffset="10620"/>
</Cond>
<LocList>
<Loc EndOffset="10673" SrcFileId="2" StartOffset="10639"/>
</LocList>
<StmntSeq Intrnl_Id="906">
<LocList>
<Loc EndOffset="10663" SrcFileId="2" StartOffset="10639"/>
<Loc EndOffset="10673" SrcFileId="2" StartOffset="10667"/>
</LocList>
<BasicStmnt CovItemId="S271" CovItemPrefix="org.cs362.dominion.CardSupply.java" Intrnl_Id="907">
<LocList>
<Loc EndOffset="10663" SrcFileId="2" StartOffset="10639"/>
</LocList>
</BasicStmnt>
<BasicStmnt CovItemId="S272" CovItemPrefix="org.cs362.dominion.CardSupply.java" Intrnl_Id="908">
<LocList>
<Loc EndOffset="10673" SrcFileId="2" StartOffset="10667"/>
</LocList>
</BasicStmnt>
</StmntSeq>
</Branch>
<Branch CovItemId="B132" CovItemPrefix="org.cs362.dominion.CardSupply.java" Implct="false" Intrnl_Id="909">
<Cond>
<Loc EndOffset="10688" SrcFileId="2" StartOffset="10676"/>
</Cond>
<LocList>
<Loc EndOffset="10725" SrcFileId="2" StartOffset="10693"/>
</LocList>
<StmntSeq Intrnl_Id="910">
<LocList>
<Loc EndOffset="10715" SrcFileId="2" StartOffset="10693"/>
<Loc EndOffset="10725" SrcFileId="2" StartOffset="10719"/>
</LocList>
<BasicStmnt CovItemId="S273" CovItemPrefix="org.cs362.dominion.CardSupply.java" Intrnl_Id="911">
<LocList>
<Loc EndOffset="10715" SrcFileId="2" StartOffset="10693"/>
</LocList>
</BasicStmnt>
<BasicStmnt CovItemId="S274" CovItemPrefix="org.cs362.dominion.CardSupply.java" Intrnl_Id="912">
<LocList>
<Loc EndOffset="10725" SrcFileId="2" StartOffset="10719"/>
</LocList>
</BasicStmnt>
</StmntSeq>
</Branch>
<Branch CovItemId="B133" CovItemPrefix="org.cs362.dominion.CardSupply.java" Implct="false" Intrnl_Id="913">
<Cond>
<Loc EndOffset="10742" SrcFileId="2" StartOffset="10728"/>
</Cond>
<LocList>
<Loc EndOffset="10781" SrcFileId="2" StartOffset="10747"/>
</LocList>
<StmntSeq Intrnl_Id="914">
<LocList>
<Loc EndOffset="10771" SrcFileId="2" StartOffset="10747"/>
<Loc EndOffset="10781" SrcFileId="2" StartOffset="10775"/>
</LocList>
<BasicStmnt CovItemId="S275" CovItemPrefix="org.cs362.dominion.CardSupply.java" Intrnl_Id="915">
<LocList>
<Loc EndOffset="10771" SrcFileId="2" StartOffset="10747"/>
</LocList>
</BasicStmnt>
<BasicStmnt CovItemId="S276" CovItemPrefix="org.cs362.dominion.CardSupply.java" Intrnl_Id="916">
<LocList>
<Loc EndOffset="10781" SrcFileId="2" StartOffset="10775"/>
</LocList>
</BasicStmnt>
</StmntSeq>
</Branch>
<Branch CovItemId="B134" CovItemPrefix="org.cs362.dominion.CardSupply.java" Implct="false" Intrnl_Id="917">
<Cond>
<Loc EndOffset="10801" SrcFileId="2" StartOffset="10784"/>
</Cond>
<LocList>
<Loc EndOffset="10842" SrcFileId="2" StartOffset="10806"/>
</LocList>
<StmntSeq Intrnl_Id="918">
<LocList>
<Loc EndOffset="10832" SrcFileId="2" StartOffset="10806"/>
<Loc EndOffset="10842" SrcFileId="2" StartOffset="10836"/>
</LocList>
<BasicStmnt CovItemId="S277" CovItemPrefix="org.cs362.dominion.CardSupply.java" Intrnl_Id="919">
<LocList>
<Loc EndOffset="10832" SrcFileId="2" StartOffset="10806"/>
</LocList>
</BasicStmnt>
<BasicStmnt CovItemId="S278" CovItemPrefix="org.cs362.dominion.CardSupply.java" Intrnl_Id="920">
<LocList>
<Loc EndOffset="10842" SrcFileId="2" StartOffset="10836"/>
</LocList>
</BasicStmnt>
</StmntSeq>
</Branch>
<Branch CovItemId="B135" CovItemPrefix="org.cs362.dominion.CardSupply.java" Implct="false" Intrnl_Id="921">
<Cond>
<Loc EndOffset="10856" SrcFileId="2" StartOffset="10845"/>
</Cond>
<LocList>
<Loc EndOffset="10892" SrcFileId="2" StartOffset="10861"/>
</LocList>
<StmntSeq Intrnl_Id="922">
<LocList>
<Loc EndOffset="10882" SrcFileId="2" StartOffset="10861"/>
<Loc EndOffset="10892" SrcFileId="2" StartOffset="10886"/>
</LocList>
<BasicStmnt CovItemId="S279" CovItemPrefix="org.cs362.dominion.CardSupply.java" Intrnl_Id="923">
<LocList>
<Loc EndOffset="10882" SrcFileId="2" StartOffset="10861"/>
</LocList>
</BasicStmnt>
<BasicStmnt CovItemId="S280" CovItemPrefix="org.cs362.dominion.CardSupply.java" Intrnl_Id="924">
<LocList>
<Loc EndOffset="10892" SrcFileId="2" StartOffset="10886"/>
</LocList>
</BasicStmnt>
</StmntSeq>
</Branch>
<Branch CovItemId="B136" CovItemPrefix="org.cs362.dominion.CardSupply.java" Implct="false" Intrnl_Id="925">
<Cond>
<Loc EndOffset="10908" SrcFileId="2" StartOffset="10895"/>
</Cond>
<LocList>
<Loc EndOffset="10946" SrcFileId="2" StartOffset="10913"/>
</LocList>
<StmntSeq Intrnl_Id="926">
<LocList>
<Loc EndOffset="10936" SrcFileId="2" StartOffset="10913"/>
<Loc EndOffset="10946" SrcFileId="2" StartOffset="10940"/>
</LocList>
<BasicStmnt CovItemId="S281" CovItemPrefix="org.cs362.dominion.CardSupply.java" Intrnl_Id="927">
<LocList>
<Loc EndOffset="10936" SrcFileId="2" StartOffset="10913"/>
</LocList>
</BasicStmnt>
<BasicStmnt CovItemId="S282" CovItemPrefix="org.cs362.dominion.CardSupply.java" Intrnl_Id="928">
<LocList>
<Loc EndOffset="10946" SrcFileId="2" StartOffset="10940"/>
</LocList>
</BasicStmnt>
</StmntSeq>
</Branch>
<Branch CovItemId="B137" CovItemPrefix="org.cs362.dominion.CardSupply.java" Implct="false" Intrnl_Id="929">
<Cond>
<Loc EndOffset="10963" SrcFileId="2" StartOffset="10949"/>
</Cond>
<LocList>
<Loc EndOffset="11002" SrcFileId="2" StartOffset="10968"/>
</LocList>
<StmntSeq Intrnl_Id="930">
<LocList>
<Loc EndOffset="10992" SrcFileId="2" StartOffset="10968"/>
<Loc EndOffset="11002" SrcFileId="2" StartOffset="10996"/>
</LocList>
<BasicStmnt CovItemId="S283" CovItemPrefix="org.cs362.dominion.CardSupply.java" Intrnl_Id="931">
<LocList>
<Loc EndOffset="10992" SrcFileId="2" StartOffset="10968"/>
</LocList>
</BasicStmnt>
<BasicStmnt CovItemId="S284" CovItemPrefix="org.cs362.dominion.CardSupply.java" Intrnl_Id="932">
<LocList>
<Loc EndOffset="11002" SrcFileId="2" StartOffset="10996"/>
</LocList>
</BasicStmnt>
</StmntSeq>
</Branch>
<Branch CovItemId="B138" CovItemPrefix="org.cs362.dominion.CardSupply.java" Implct="false" Intrnl_Id="933">
<Cond>
<Loc EndOffset="11022" SrcFileId="2" StartOffset="11005"/>
</Cond>
<LocList>
<Loc EndOffset="11064" SrcFileId="2" StartOffset="11027"/>
</LocList>
<StmntSeq Intrnl_Id="934">
<LocList>
<Loc EndOffset="11054" SrcFileId="2" StartOffset="11027"/>
<Loc EndOffset="11064" SrcFileId="2" StartOffset="11058"/>
</LocList>
<BasicStmnt CovItemId="S285" CovItemPrefix="org.cs362.dominion.CardSupply.java" Intrnl_Id="935">
<LocList>
<Loc EndOffset="11054" SrcFileId="2" StartOffset="11027"/>
</LocList>
</BasicStmnt>
<BasicStmnt CovItemId="S286" CovItemPrefix="org.cs362.dominion.CardSupply.java" Intrnl_Id="936">
<LocList>
<Loc EndOffset="11064" SrcFileId="2" StartOffset="11058"/>
</LocList>
</BasicStmnt>
</StmntSeq>
</Branch>
<Branch CovItemId="B139" CovItemPrefix="org.cs362.dominion.CardSupply.java" Implct="false" Intrnl_Id="937">
<Cond>
<Loc EndOffset="11079" SrcFileId="2" StartOffset="11067"/>
</Cond>
<LocList>
<Loc EndOffset="11116" SrcFileId="2" StartOffset="11084"/>
</LocList>
<StmntSeq Intrnl_Id="938">
<LocList>
<Loc EndOffset="11106" SrcFileId="2" StartOffset="11084"/>
<Loc EndOffset="11116" SrcFileId="2" StartOffset="11110"/>
</LocList>
<BasicStmnt CovItemId="S287" CovItemPrefix="org.cs362.dominion.CardSupply.java" Intrnl_Id="939">
<LocList>
<Loc EndOffset="11106" SrcFileId="2" StartOffset="11084"/>
</LocList>
</BasicStmnt>
<BasicStmnt CovItemId="S288" CovItemPrefix="org.cs362.dominion.CardSupply.java" Intrnl_Id="940">
<LocList>
<Loc EndOffset="11116" SrcFileId="2" StartOffset="11110"/>
</LocList>
</BasicStmnt>
</StmntSeq>
</Branch>
<Branch CovItemId="B140" CovItemPrefix="org.cs362.dominion.CardSupply.java" Implct="true" Intrnl_Id="941">
<Cond/>
<LocList/>
<StmntSeq Intrnl_Id="942">
<LocList/>
</StmntSeq>
</Branch>
<Keyword EndOffset="10005" SrcFileId="2" StartOffset="9999"/>
<LocList>
<Loc EndOffset="11120" SrcFileId="2" StartOffset="9999"/>
</LocList>
</CondStmnt>
</StmntSeq>
</HierarchyLvl>
<HierarchyLvl HierarchyLvlId="225" HierarchyLvlTypeId="9" Intrnl_Id="943" Name="isEmbargod">
<Header>
<Loc EndOffset="11167" SrcFileId="2" StartOffset="11129"/>
</Header>
<LocList>
<Loc EndOffset="12232" SrcFileId="2" StartOffset="11129"/>
</LocList>
<StmntSeq Intrnl_Id="944">
<LocList>
<Loc EndOffset="12214" SrcFileId="2" StartOffset="11172"/>
<Loc EndOffset="12229" SrcFileId="2" StartOffset="12220"/>
</LocList>
<CondStmnt CovItemId="S289" CovItemPrefix="org.cs362.dominion.CardSupply.java" Intrnl_Id="945">
<Branch CovItemId="B141" CovItemPrefix="org.cs362.dominion.CardSupply.java" Implct="false" Intrnl_Id="946">
<Cond>
<Loc EndOffset="11205" SrcFileId="2" StartOffset="11192"/>
</Cond>
<LocList>
<Loc EndOffset="11238" SrcFileId="2" StartOffset="11210"/>
</LocList>
<StmntSeq Intrnl_Id="947">
<LocList>
<Loc EndOffset="11238" SrcFileId="2" StartOffset="11210"/>
</LocList>
<BasicStmnt CovItemId="S290" CovItemPrefix="org.cs362.dominion.CardSupply.java" Intrnl_Id="948">
<LocList>
<Loc EndOffset="11238" SrcFileId="2" StartOffset="11210"/>
</LocList>
</BasicStmnt>
</StmntSeq>
</Branch>
<Branch CovItemId="B142" CovItemPrefix="org.cs362.dominion.CardSupply.java" Implct="false" Intrnl_Id="949">
<Cond>
<Loc EndOffset="11254" SrcFileId="2" StartOffset="11241"/>
</Cond>
<LocList>
<Loc EndOffset="11287" SrcFileId="2" StartOffset="11259"/>
</LocList>
<StmntSeq Intrnl_Id="950">
<LocList>
<Loc EndOffset="11287" SrcFileId="2" StartOffset="11259"/>
</LocList>
<BasicStmnt CovItemId="S291" CovItemPrefix="org.cs362.dominion.CardSupply.java" Intrnl_Id="951">
<LocList>
<Loc EndOffset="11287" SrcFileId="2" StartOffset="11259"/>
</LocList>
</BasicStmnt>
</StmntSeq>
</Branch>
<Branch CovItemId="B143" CovItemPrefix="org.cs362.dominion.CardSupply.java" Implct="false" Intrnl_Id="952">
<Cond>
<Loc EndOffset="11301" SrcFileId="2" StartOffset="11290"/>
</Cond>
<LocList>
<Loc EndOffset="11332" SrcFileId="2" StartOffset="11306"/>
</LocList>
<StmntSeq Intrnl_Id="953">
<LocList>
<Loc EndOffset="11332" SrcFileId="2" StartOffset="11306"/>
</LocList>
<BasicStmnt CovItemId="S292" CovItemPrefix="org.cs362.dominion.CardSupply.java" Intrnl_Id="954">
<LocList>
<Loc EndOffset="11332" SrcFileId="2" StartOffset="11306"/>
</LocList>
</BasicStmnt>
</StmntSeq>
</Branch>
<Branch CovItemId="B144" CovItemPrefix="org.cs362.dominion.CardSupply.java" Implct="false" Intrnl_Id="955">
<Cond>
<Loc EndOffset="11348" SrcFileId="2" StartOffset="11335"/>
</Cond>
<LocList>
<Loc EndOffset="11381" SrcFileId="2" StartOffset="11353"/>
</LocList>
<StmntSeq Intrnl_Id="956">
<LocList>
<Loc EndOffset="11381" SrcFileId="2" StartOffset="11353"/>
</LocList>
<BasicStmnt CovItemId="S293" CovItemPrefix="org.cs362.dominion.CardSupply.java" Intrnl_Id="957">
<LocList>
<Loc EndOffset="11381" SrcFileId="2" StartOffset="11353"/>
</LocList>
</BasicStmnt>
</StmntSeq>
</Branch>
<Branch CovItemId="B145" CovItemPrefix="org.cs362.dominion.CardSupply.java" Implct="false" Intrnl_Id="958">
<Cond>
<Loc EndOffset="11396" SrcFileId="2" StartOffset="11384"/>
</Cond>
<LocList>
<Loc EndOffset="11428" SrcFileId="2" StartOffset="11401"/>
</LocList>
<StmntSeq Intrnl_Id="959">
<LocList>
<Loc EndOffset="11428" SrcFileId="2" StartOffset="11401"/>
</LocList>
<BasicStmnt CovItemId="S294" CovItemPrefix="org.cs362.dominion.CardSupply.java" Intrnl_Id="960">
<LocList>
<Loc EndOffset="11428" SrcFileId="2" StartOffset="11401"/>
</LocList>
</BasicStmnt>
</StmntSeq>
</Branch>
<Branch CovItemId="B146" CovItemPrefix="org.cs362.dominion.CardSupply.java" Implct="false" Intrnl_Id="961">
<Cond>
<Loc EndOffset="11446" SrcFileId="2" StartOffset="11431"/>
</Cond>
<LocList>
<Loc EndOffset="11481" SrcFileId="2" StartOffset="11451"/>
</LocList>
<StmntSeq Intrnl_Id="962">
<LocList>
<Loc EndOffset="11481" SrcFileId="2" StartOffset="11451"/>
</LocList>
<BasicStmnt CovItemId="S295" CovItemPrefix="org.cs362.dominion.CardSupply.java" Intrnl_Id="963">
<LocList>
<Loc EndOffset="11481" SrcFileId="2" StartOffset="11451"/>
</LocList>
</BasicStmnt>
</StmntSeq>
</Branch>
<Branch CovItemId="B147" CovItemPrefix="org.cs362.dominion.CardSupply.java" Implct="false" Intrnl_Id="964">
<Cond>
<Loc EndOffset="11501" SrcFileId="2" StartOffset="11484"/>
</Cond>
<LocList>
<Loc EndOffset="11538" SrcFileId="2" StartOffset="11506"/>
</LocList>
<StmntSeq Intrnl_Id="965">
<LocList>
<Loc EndOffset="11538" SrcFileId="2" StartOffset="11506"/>
</LocList>
<BasicStmnt CovItemId="S296" CovItemPrefix="org.cs362.dominion.CardSupply.java" Intrnl_Id="966">
<LocList>
<Loc EndOffset="11538" SrcFileId="2" StartOffset="11506"/>
</LocList>
</BasicStmnt>
</StmntSeq>
</Branch>
<Branch CovItemId="B148" CovItemPrefix="org.cs362.dominion.CardSupply.java" Implct="false" Intrnl_Id="967">
<Cond>
<Loc EndOffset="11558" SrcFileId="2" StartOffset="11541"/>
</Cond>
<LocList>
<Loc EndOffset="11595" SrcFileId="2" StartOffset="11563"/>
</LocList>
<StmntSeq Intrnl_Id="968">
<LocList>
<Loc EndOffset="11595" SrcFileId="2" StartOffset="11563"/>
</LocList>
<BasicStmnt CovItemId="S297" CovItemPrefix="org.cs362.dominion.CardSupply.java" Intrnl_Id="969">
<LocList>
<Loc EndOffset="11595" SrcFileId="2" StartOffset="11563"/>
</LocList>
</BasicStmnt>
</StmntSeq>
</Branch>
<Branch CovItemId="B149" CovItemPrefix="org.cs362.dominion.CardSupply.java" Implct="false" Intrnl_Id="970">
<Cond>
<Loc EndOffset="11610" SrcFileId="2" StartOffset="11598"/>
</Cond>
<LocList>
<Loc EndOffset="11642" SrcFileId="2" StartOffset="11615"/>
</LocList>
<StmntSeq Intrnl_Id="971">
<LocList>
<Loc EndOffset="11642" SrcFileId="2" StartOffset="11615"/>
</LocList>
<BasicStmnt CovItemId="S298" CovItemPrefix="org.cs362.dominion.CardSupply.java" Intrnl_Id="972">
<LocList>
<Loc EndOffset="11642" SrcFileId="2" StartOffset="11615"/>
</LocList>
</BasicStmnt>
</StmntSeq>
</Branch>
<Branch CovItemId="B150" CovItemPrefix="org.cs362.dominion.CardSupply.java" Implct="false" Intrnl_Id="973">
<Cond>
<Loc EndOffset="11664" SrcFileId="2" StartOffset="11645"/>
</Cond>
<LocList>
<Loc EndOffset="11702" SrcFileId="2" StartOffset="11669"/>
</LocList>
<StmntSeq Intrnl_Id="974">
<LocList>
<Loc EndOffset="11702" SrcFileId="2" StartOffset="11669"/>
</LocList>
<BasicStmnt CovItemId="S299" CovItemPrefix="org.cs362.dominion.CardSupply.java" Intrnl_Id="975">
<LocList>
<Loc EndOffset="11702" SrcFileId="2" StartOffset="11669"/>
</LocList>
</BasicStmnt>
</StmntSeq>
</Branch>
<Branch CovItemId="B151" CovItemPrefix="org.cs362.dominion.CardSupply.java" Implct="false" Intrnl_Id="976">
<Cond>
<Loc EndOffset="11720" SrcFileId="2" StartOffset="11705"/>
</Cond>
<LocList>
<Loc EndOffset="11755" SrcFileId="2" StartOffset="11725"/>
</LocList>
<StmntSeq Intrnl_Id="977">
<LocList>
<Loc EndOffset="11755" SrcFileId="2" StartOffset="11725"/>
</LocList>
<BasicStmnt CovItemId="S300" CovItemPrefix="org.cs362.dominion.CardSupply.java" Intrnl_Id="978">
<LocList>
<Loc EndOffset="11755" SrcFileId="2" StartOffset="11725"/>
</LocList>
</BasicStmnt>
</StmntSeq>
</Branch>
<Branch CovItemId="B152" CovItemPrefix="org.cs362.dominion.CardSupply.java" Implct="false" Intrnl_Id="979">
<Cond>
<Loc EndOffset="11773" SrcFileId="2" StartOffset="11759"/>
</Cond>
<LocList>
<Loc EndOffset="11807" SrcFileId="2" StartOffset="11778"/>
</LocList>
<StmntSeq Intrnl_Id="980">
<LocList>
<Loc EndOffset="11807" SrcFileId="2" StartOffset="11778"/>
</LocList>
<BasicStmnt CovItemId="S301" CovItemPrefix="org.cs362.dominion.CardSupply.java" Intrnl_Id="981">
<LocList>
<Loc EndOffset="11807" SrcFileId="2" StartOffset="11778"/>
</LocList>
</BasicStmnt>
</StmntSeq>
</Branch>
<Branch CovItemId="B153" CovItemPrefix="org.cs362.dominion.CardSupply.java" Implct="false" Intrnl_Id="982">
<Cond>
<Loc EndOffset="11822" SrcFileId="2" StartOffset="11810"/>
</Cond>
<LocList>
<Loc EndOffset="11854" SrcFileId="2" StartOffset="11827"/>
</LocList>
<StmntSeq Intrnl_Id="983">
<LocList>
<Loc EndOffset="11854" SrcFileId="2" StartOffset="11827"/>
</LocList>
<BasicStmnt CovItemId="S302" CovItemPrefix="org.cs362.dominion.CardSupply.java" Intrnl_Id="984">
<LocList>
<Loc EndOffset="11854" SrcFileId="2" StartOffset="11827"/>
</LocList>
</BasicStmnt>
</StmntSeq>
</Branch>
<Branch CovItemId="B154" CovItemPrefix="org.cs362.dominion.CardSupply.java" Implct="false" Intrnl_Id="985">
<Cond>
<Loc EndOffset="11871" SrcFileId="2" StartOffset="11857"/>
</Cond>
<LocList>
<Loc EndOffset="11905" SrcFileId="2" StartOffset="11876"/>
</LocList>
<StmntSeq Intrnl_Id="986">
<LocList>
<Loc EndOffset="11905" SrcFileId="2" StartOffset="11876"/>
</LocList>
<BasicStmnt CovItemId="S303" CovItemPrefix="org.cs362.dominion.CardSupply.java" Intrnl_Id="987">
<LocList>
<Loc EndOffset="11905" SrcFileId="2" StartOffset="11876"/>
</LocList>
</BasicStmnt>
</StmntSeq>
</Branch>
<Branch CovItemId="B155" CovItemPrefix="org.cs362.dominion.CardSupply.java" Implct="false" Intrnl_Id="988">
<Cond>
<Loc EndOffset="11925" SrcFileId="2" StartOffset="11908"/>
</Cond>
<LocList>
<Loc EndOffset="11961" SrcFileId="2" StartOffset="11930"/>
</LocList>
<StmntSeq Intrnl_Id="989">
<LocList>
<Loc EndOffset="11961" SrcFileId="2" StartOffset="11930"/>
</LocList>
<BasicStmnt CovItemId="S304" CovItemPrefix="org.cs362.dominion.CardSupply.java" Intrnl_Id="990">
<LocList>
<Loc EndOffset="11961" SrcFileId="2" StartOffset="11930"/>
</LocList>
</BasicStmnt>
</StmntSeq>
</Branch>
<Branch CovItemId="B156" CovItemPrefix="org.cs362.dominion.CardSupply.java" Implct="false" Intrnl_Id="991">
<Cond>
<Loc EndOffset="11975" SrcFileId="2" StartOffset="11964"/>
</Cond>
<LocList>
<Loc EndOffset="12006" SrcFileId="2" StartOffset="11980"/>
</LocList>
<StmntSeq Intrnl_Id="992">
<LocList>
<Loc EndOffset="12006" SrcFileId="2" StartOffset="11980"/>
</LocList>
<BasicStmnt CovItemId="S305" CovItemPrefix="org.cs362.dominion.CardSupply.java" Intrnl_Id="993">
<LocList>
<Loc EndOffset="12006" SrcFileId="2" StartOffset="11980"/>
</LocList>
</BasicStmnt>
</StmntSeq>
</Branch>
<Branch CovItemId="B157" CovItemPrefix="org.cs362.dominion.CardSupply.java" Implct="false" Intrnl_Id="994">
<Cond>
<Loc EndOffset="12022" SrcFileId="2" StartOffset="12009"/>
</Cond>
<LocList>
<Loc EndOffset="12055" SrcFileId="2" StartOffset="12027"/>
</LocList>
<StmntSeq Intrnl_Id="995">
<LocList>
<Loc EndOffset="12055" SrcFileId="2" StartOffset="12027"/>
</LocList>
<BasicStmnt CovItemId="S306" CovItemPrefix="org.cs362.dominion.CardSupply.java" Intrnl_Id="996">
<LocList>
<Loc EndOffset="12055" SrcFileId="2" StartOffset="12027"/>
</LocList>
</BasicStmnt>
</StmntSeq>
</Branch>
<Branch CovItemId="B158" CovItemPrefix="org.cs362.dominion.CardSupply.java" Implct="false" Intrnl_Id="997">
<Cond>
<Loc EndOffset="12072" SrcFileId="2" StartOffset="12058"/>
</Cond>
<LocList>
<Loc EndOffset="12106" SrcFileId="2" StartOffset="12077"/>
</LocList>
<StmntSeq Intrnl_Id="998">
<LocList>
<Loc EndOffset="12106" SrcFileId="2" StartOffset="12077"/>
</LocList>
<BasicStmnt CovItemId="S307" CovItemPrefix="org.cs362.dominion.CardSupply.java" Intrnl_Id="999">
<LocList>
<Loc EndOffset="12106" SrcFileId="2" StartOffset="12077"/>
</LocList>
</BasicStmnt>
</StmntSeq>
</Branch>
<Branch CovItemId="B159" CovItemPrefix="org.cs362.dominion.CardSupply.java" Implct="false" Intrnl_Id="1000">
<Cond>
<Loc EndOffset="12126" SrcFileId="2" StartOffset="12109"/>
</Cond>
<LocList>
<Loc EndOffset="12163" SrcFileId="2" StartOffset="12131"/>
</LocList>
<StmntSeq Intrnl_Id="1001">
<LocList>
<Loc EndOffset="12163" SrcFileId="2" StartOffset="12131"/>
</LocList>
<BasicStmnt CovItemId="S308" CovItemPrefix="org.cs362.dominion.CardSupply.java" Intrnl_Id="1002">
<LocList>
<Loc EndOffset="12163" SrcFileId="2" StartOffset="12131"/>
</LocList>
</BasicStmnt>
</StmntSeq>
</Branch>
<Branch CovItemId="B160" CovItemPrefix="org.cs362.dominion.CardSupply.java" Implct="false" Intrnl_Id="1003">
<Cond>
<Loc EndOffset="12178" SrcFileId="2" StartOffset="12166"/>
</Cond>
<LocList>
<Loc EndOffset="12210" SrcFileId="2" StartOffset="12183"/>
</LocList>
<StmntSeq Intrnl_Id="1004">
<LocList>
<Loc EndOffset="12210" SrcFileId="2" StartOffset="12183"/>
</LocList>
<BasicStmnt CovItemId="S309" CovItemPrefix="org.cs362.dominion.CardSupply.java" Intrnl_Id="1005">
<LocList>
<Loc EndOffset="12210" SrcFileId="2" StartOffset="12183"/>
</LocList>
</BasicStmnt>
</StmntSeq>
</Branch>
<Branch CovItemId="B161" CovItemPrefix="org.cs362.dominion.CardSupply.java" Implct="true" Intrnl_Id="1006">
<Cond/>
<LocList/>
<StmntSeq Intrnl_Id="1007">
<LocList/>
</StmntSeq>
</Branch>
<Keyword EndOffset="11178" SrcFileId="2" StartOffset="11172"/>
<LocList>
<Loc EndOffset="12214" SrcFileId="2" StartOffset="11172"/>
</LocList>
</CondStmnt>
<BasicStmnt CovItemId="S310" CovItemPrefix="org.cs362.dominion.CardSupply.java" Intrnl_Id="1008">
<LocList>
<Loc EndOffset="12229" SrcFileId="2" StartOffset="12220"/>
</LocList>
</BasicStmnt>
</StmntSeq>
</HierarchyLvl>
</HierarchyLvl>
<HierarchyLvl HierarchyLvlId="232" HierarchyLvlTypeId="10" Intrnl_Id="1009" Name="Player">
<Header>
<Loc EndOffset="101" SrcFileId="3" StartOffset="82"/>
</Header>
<LocList>
<Loc EndOffset="2945" SrcFileId="3" StartOffset="82"/>
</LocList>
<HierarchyLvl HierarchyLvlId="227" HierarchyLvlTypeId="9" Intrnl_Id="1010" Name="Player">
<Header>
<Loc EndOffset="170" SrcFileId="3" StartOffset="138"/>
</Header>
<LocList>
<Loc EndOffset="311" SrcFileId="3" StartOffset="138"/>
</LocList>
<StmntSeq Intrnl_Id="1011">
<LocList>
<Loc EndOffset="207" SrcFileId="3" StartOffset="176"/>
<Loc EndOffset="242" SrcFileId="3" StartOffset="210"/>
<Loc EndOffset="275" SrcFileId="3" StartOffset="245"/>
<Loc EndOffset="308" SrcFileId="3" StartOffset="278"/>
</LocList>
<BasicStmnt CovItemId="S1" CovItemPrefix="org.cs362.dominion.Player.java" Intrnl_Id="1012">
<LocList>
<Loc EndOffset="207" SrcFileId="3" StartOffset="176"/>
</LocList>
</BasicStmnt>
<BasicStmnt CovItemId="S2" CovItemPrefix="org.cs362.dominion.Player.java" Intrnl_Id="1013">
<LocList>
<Loc EndOffset="242" SrcFileId="3" StartOffset="210"/>
</LocList>
</BasicStmnt>
<BasicStmnt CovItemId="S3" CovItemPrefix="org.cs362.dominion.Player.java" Intrnl_Id="1014">
<LocList>
<Loc EndOffset="275" SrcFileId="3" StartOffset="245"/>
</LocList>
</BasicStmnt>
<BasicStmnt CovItemId="S4" CovItemPrefix="org.cs362.dominion.Player.java" Intrnl_Id="1015">
<LocList>
<Loc EndOffset="308" SrcFileId="3" StartOffset="278"/>
</LocList>
</BasicStmnt>
</StmntSeq>
</HierarchyLvl>
<HierarchyLvl HierarchyLvlId="228" HierarchyLvlTypeId="9" Intrnl_Id="1016" Name="shuffleDiscard">
<Header>
<Loc EndOffset="343" SrcFileId="3" StartOffset="315"/>
</Header>
<LocList>
<Loc EndOffset="2100" SrcFileId="3" StartOffset="315"/>
</LocList>
<StmntSeq Intrnl_Id="1017">
<LocList>
<Loc EndOffset="470" SrcFileId="3" StartOffset="413"/>
<Loc EndOffset="503" SrcFileId="3" StartOffset="473"/>
<Loc EndOffset="563" SrcFileId="3" StartOffset="506"/>
<Loc EndOffset="596" SrcFileId="3" StartOffset="566"/>
<Loc EndOffset="648" SrcFileId="3" StartOffset="599"/>
<Loc EndOffset="677" SrcFileId="3" StartOffset="651"/>
<Loc EndOffset="729" SrcFileId="3" StartOffset="680"/>
<Loc EndOffset="758" SrcFileId="3" StartOffset="732"/>
<Loc EndOffset="806" SrcFileId="3" StartOffset="761"/>
<Loc EndOffset="833" SrcFileId="3" StartOffset="809"/>
<Loc EndOffset="885" SrcFileId="3" StartOffset="836"/>
<Loc EndOffset="914" SrcFileId="3" StartOffset="888"/>
<Loc EndOffset="964" SrcFileId="3" StartOffset="917"/>
<Loc EndOffset="992" SrcFileId="3" StartOffset="967"/>
<Loc EndOffset="1042" SrcFileId="3" StartOffset="995"/>
<Loc EndOffset="1070" SrcFileId="3" StartOffset="1045"/>
<Loc EndOffset="1126" SrcFileId="3" StartOffset="1073"/>
<Loc EndOffset="1157" SrcFileId="3" StartOffset="1129"/>
<Loc EndOffset="1207" SrcFileId="3" StartOffset="1160"/>
<Loc EndOffset="1235" SrcFileId="3" StartOffset="1210"/>
<Loc EndOffset="1297" SrcFileId="3" StartOffset="1238"/>
<Loc EndOffset="1331" SrcFileId="3" StartOffset="1300"/>
<Loc EndOffset="1387" SrcFileId="3" StartOffset="1334"/>
<Loc EndOffset="1418" SrcFileId="3" StartOffset="1390"/>
<Loc EndOffset="1472" SrcFileId="3" StartOffset="1421"/>
<Loc EndOffset="1502" SrcFileId="3" StartOffset="1475"/>
<Loc EndOffset="1552" SrcFileId="3" StartOffset="1505"/>
<Loc EndOffset="1580" SrcFileId="3" StartOffset="1555"/>
<Loc EndOffset="1634" SrcFileId="3" StartOffset="1583"/>
<Loc EndOffset="1664" SrcFileId="3" StartOffset="1637"/>
<Loc EndOffset="1722" SrcFileId="3" StartOffset="1667"/>
<Loc EndOffset="1754" SrcFileId="3" StartOffset="1725"/>
<Loc EndOffset="1802" SrcFileId="3" StartOffset="1757"/>
<Loc EndOffset="1829" SrcFileId="3" StartOffset="1805"/>
<Loc EndOffset="1881" SrcFileId="3" StartOffset="1832"/>
<Loc EndOffset="1910" SrcFileId="3" StartOffset="1884"/>
<Loc EndOffset="1964" SrcFileId="3" StartOffset="1913"/>
<Loc EndOffset="1994" SrcFileId="3" StartOffset="1967"/>
<Loc EndOffset="2054" SrcFileId="3" StartOffset="1997"/>
<Loc EndOffset="2087" SrcFileId="3" StartOffset="2057"/>
<Loc EndOffset="2097" SrcFileId="3" StartOffset="2090"/>
</LocList>
<BasicStmnt CovItemId="S5" CovItemPrefix="org.cs362.dominion.Player.java" Intrnl_Id="1018">
<LocList>
<Loc EndOffset="470" SrcFileId="3" StartOffset="413"/>
</LocList>
</BasicStmnt>
<BasicStmnt CovItemId="S6" CovItemPrefix="org.cs362.dominion.Player.java" Intrnl_Id="1019">
<LocList>
<Loc EndOffset="503" SrcFileId="3" StartOffset="473"/>
</LocList>
</BasicStmnt>
<BasicStmnt CovItemId="S7" CovItemPrefix="org.cs362.dominion.Player.java" Intrnl_Id="1020">
<LocList>
<Loc EndOffset="563" SrcFileId="3" StartOffset="506"/>
</LocList>
</BasicStmnt>
<BasicStmnt CovItemId="S8" CovItemPrefix="org.cs362.dominion.Player.java" Intrnl_Id="1021">
<LocList>
<Loc EndOffset="596" SrcFileId="3" StartOffset="566"/>
</LocList>
</BasicStmnt>
<BasicStmnt CovItemId="S9" CovItemPrefix="org.cs362.dominion.Player.java" Intrnl_Id="1022">
<LocList>
<Loc EndOffset="648" SrcFileId="3" StartOffset="599"/>
</LocList>
</BasicStmnt>
<BasicStmnt CovItemId="S10" CovItemPrefix="org.cs362.dominion.Player.java" Intrnl_Id="1023">
<LocList>
<Loc EndOffset="677" SrcFileId="3" StartOffset="651"/>
</LocList>
</BasicStmnt>
<BasicStmnt CovItemId="S11" CovItemPrefix="org.cs362.dominion.Player.java" Intrnl_Id="1024">
<LocList>
<Loc EndOffset="729" SrcFileId="3" StartOffset="680"/>
</LocList>
</BasicStmnt>
<BasicStmnt CovItemId="S12" CovItemPrefix="org.cs362.dominion.Player.java" Intrnl_Id="1025">
<LocList>
<Loc EndOffset="758" SrcFileId="3" StartOffset="732"/>
</LocList>
</BasicStmnt>
<BasicStmnt CovItemId="S13" CovItemPrefix="org.cs362.dominion.Player.java" Intrnl_Id="1026">
<LocList>
<Loc EndOffset="806" SrcFileId="3" StartOffset="761"/>
</LocList>
</BasicStmnt>
<BasicStmnt CovItemId="S14" CovItemPrefix="org.cs362.dominion.Player.java" Intrnl_Id="1027">
<LocList>
<Loc EndOffset="833" SrcFileId="3" StartOffset="809"/>
</LocList>
</BasicStmnt>
<BasicStmnt CovItemId="S15" CovItemPrefix="org.cs362.dominion.Player.java" Intrnl_Id="1028">
<LocList>
<Loc EndOffset="885" SrcFileId="3" StartOffset="836"/>
</LocList>
</BasicStmnt>
<BasicStmnt CovItemId="S16" CovItemPrefix="org.cs362.dominion.Player.java" Intrnl_Id="1029">
<LocList>
<Loc EndOffset="914" SrcFileId="3" StartOffset="888"/>
</LocList>
</BasicStmnt>
<BasicStmnt CovItemId="S17" CovItemPrefix="org.cs362.dominion.Player.java" Intrnl_Id="1030">
<LocList>
<Loc EndOffset="964" SrcFileId="3" StartOffset="917"/>
</LocList>
</BasicStmnt>
<BasicStmnt CovItemId="S18" CovItemPrefix="org.cs362.dominion.Player.java" Intrnl_Id="1031">
<LocList>
<Loc EndOffset="992" SrcFileId="3" StartOffset="967"/>
</LocList>
</BasicStmnt>
<BasicStmnt CovItemId="S19" CovItemPrefix="org.cs362.dominion.Player.java" Intrnl_Id="1032">
<LocList>
<Loc EndOffset="1042" SrcFileId="3" StartOffset="995"/>
</LocList>
</BasicStmnt>
<BasicStmnt CovItemId="S20" CovItemPrefix="org.cs362.dominion.Player.java" Intrnl_Id="1033">
<LocList>
<Loc EndOffset="1070" SrcFileId="3" StartOffset="1045"/>
</LocList>
</BasicStmnt>
<BasicStmnt CovItemId="S21" CovItemPrefix="org.cs362.dominion.Player.java" Intrnl_Id="1034">
<LocList>
<Loc EndOffset="1126" SrcFileId="3" StartOffset="1073"/>
</LocList>
</BasicStmnt>
<BasicStmnt CovItemId="S22" CovItemPrefix="org.cs362.dominion.Player.java" Intrnl_Id="1035">
<LocList>
<Loc EndOffset="1157" SrcFileId="3" StartOffset="1129"/>
</LocList>
</BasicStmnt>
<BasicStmnt CovItemId="S23" CovItemPrefix="org.cs362.dominion.Player.java" Intrnl_Id="1036">
<LocList>
<Loc EndOffset="1207" SrcFileId="3" StartOffset="1160"/>
</LocList>
</BasicStmnt>
<BasicStmnt CovItemId="S24" CovItemPrefix="org.cs362.dominion.Player.java" Intrnl_Id="1037">
<LocList>
<Loc EndOffset="1235" SrcFileId="3" StartOffset="1210"/>
</LocList>
</BasicStmnt>
<BasicStmnt CovItemId="S25" CovItemPrefix="org.cs362.dominion.Player.java" Intrnl_Id="1038">
<LocList>
<Loc EndOffset="1297" SrcFileId="3" StartOffset="1238"/>
</LocList>
</BasicStmnt>
<BasicStmnt CovItemId="S26" CovItemPrefix="org.cs362.dominion.Player.java" Intrnl_Id="1039">
<LocList>
<Loc EndOffset="1331" SrcFileId="3" StartOffset="1300"/>
</LocList>
</BasicStmnt>
<BasicStmnt CovItemId="S27" CovItemPrefix="org.cs362.dominion.Player.java" Intrnl_Id="1040">
<LocList>
<Loc EndOffset="1387" SrcFileId="3" StartOffset="1334"/>
</LocList>
</BasicStmnt>
<BasicStmnt CovItemId="S28" CovItemPrefix="org.cs362.dominion.Player.java" Intrnl_Id="1041">
<LocList>
<Loc EndOffset="1418" SrcFileId="3" StartOffset="1390"/>
</LocList>
</BasicStmnt>
<BasicStmnt CovItemId="S29" CovItemPrefix="org.cs362.dominion.Player.java" Intrnl_Id="1042">
<LocList>
<Loc EndOffset="1472" SrcFileId="3" StartOffset="1421"/>
</LocList>
</BasicStmnt>
<BasicStmnt CovItemId="S30" CovItemPrefix="org.cs362.dominion.Player.java" Intrnl_Id="1043">
<LocList>
<Loc EndOffset="1502" SrcFileId="3" StartOffset="1475"/>
</LocList>
</BasicStmnt>
<BasicStmnt CovItemId="S31" CovItemPrefix="org.cs362.dominion.Player.java" Intrnl_Id="1044">
<LocList>
<Loc EndOffset="1552" SrcFileId="3" StartOffset="1505"/>
</LocList>
</BasicStmnt>
<BasicStmnt CovItemId="S32" CovItemPrefix="org.cs362.dominion.Player.java" Intrnl_Id="1045">
<LocList>
<Loc EndOffset="1580" SrcFileId="3" StartOffset="1555"/>
</LocList>
</BasicStmnt>
<BasicStmnt CovItemId="S33" CovItemPrefix="org.cs362.dominion.Player.java" Intrnl_Id="1046">
<LocList>
<Loc EndOffset="1634" SrcFileId="3" StartOffset="1583"/>
</LocList>
</BasicStmnt>
<BasicStmnt CovItemId="S34" CovItemPrefix="org.cs362.dominion.Player.java" Intrnl_Id="1047">
<LocList>
<Loc EndOffset="1664" SrcFileId="3" StartOffset="1637"/>
</LocList>
</BasicStmnt>
<BasicStmnt CovItemId="S35" CovItemPrefix="org.cs362.dominion.Player.java" Intrnl_Id="1048">
<LocList>
<Loc EndOffset="1722" SrcFileId="3" StartOffset="1667"/>
</LocList>
</BasicStmnt>
<BasicStmnt CovItemId="S36" CovItemPrefix="org.cs362.dominion.Player.java" Intrnl_Id="1049">
<LocList>
<Loc EndOffset="1754" SrcFileId="3" StartOffset="1725"/>
</LocList>
</BasicStmnt>
<BasicStmnt CovItemId="S37" CovItemPrefix="org.cs362.dominion.Player.java" Intrnl_Id="1050">
<LocList>
<Loc EndOffset="1802" SrcFileId="3" StartOffset="1757"/>
</LocList>
</BasicStmnt>
<BasicStmnt CovItemId="S38" CovItemPrefix="org.cs362.dominion.Player.java" Intrnl_Id="1051">
<LocList>
<Loc EndOffset="1829" SrcFileId="3" StartOffset="1805"/>
</LocList>
</BasicStmnt>
<BasicStmnt CovItemId="S39" CovItemPrefix="org.cs362.dominion.Player.java" Intrnl_Id="1052">
<LocList>
<Loc EndOffset="1881" SrcFileId="3" StartOffset="1832"/>
</LocList>
</BasicStmnt>
<BasicStmnt CovItemId="S40" CovItemPrefix="org.cs362.dominion.Player.java" Intrnl_Id="1053">
<LocList>
<Loc EndOffset="1910" SrcFileId="3" StartOffset="1884"/>
</LocList>
</BasicStmnt>
<BasicStmnt CovItemId="S41" CovItemPrefix="org.cs362.dominion.Player.java" Intrnl_Id="1054">
<LocList>
<Loc EndOffset="1964" SrcFileId="3" StartOffset="1913"/>
</LocList>
</BasicStmnt>
<BasicStmnt CovItemId="S42" CovItemPrefix="org.cs362.dominion.Player.java" Intrnl_Id="1055">
<LocList>
<Loc EndOffset="1994" SrcFileId="3" StartOffset="1967"/>
</LocList>
</BasicStmnt>
<BasicStmnt CovItemId="S43" CovItemPrefix="org.cs362.dominion.Player.java" Intrnl_Id="1056">
<LocList>
<Loc EndOffset="2054" SrcFileId="3" StartOffset="1997"/>
</LocList>
</BasicStmnt>
<BasicStmnt CovItemId="S44" CovItemPrefix="org.cs362.dominion.Player.java" Intrnl_Id="1057">
<LocList>
<Loc EndOffset="2087" SrcFileId="3" StartOffset="2057"/>
</LocList>
</BasicStmnt>
<BasicStmnt CovItemId="S45" CovItemPrefix="org.cs362.dominion.Player.java" Intrnl_Id="1058">
<LocList>
<Loc EndOffset="2097" SrcFileId="3" StartOffset="2090"/>
</LocList>
</BasicStmnt>
</StmntSeq>
</HierarchyLvl>
<HierarchyLvl HierarchyLvlId="229" HierarchyLvlTypeId="9" Intrnl_Id="1059" Name="drawCard">
<Header>
<Loc EndOffset="2125" SrcFileId="3" StartOffset="2103"/>
</Header>
<LocList>
<Loc EndOffset="2205" SrcFileId="3" StartOffset="2103"/>
</LocList>
<StmntSeq Intrnl_Id="1060">
<LocList>
<Loc EndOffset="2172" SrcFileId="3" StartOffset="2130"/>
<Loc EndOffset="2202" SrcFileId="3" StartOffset="2175"/>
</LocList>
<CondStmnt CovItemId="S46" CovItemPrefix="org.cs362.dominion.Player.java" Intrnl_Id="1061">
<Branch CovItemId="B1" CovItemPrefix="org.cs362.dominion.Player.java" Implct="false" Intrnl_Id="1062">
<Cond/>
<LocList>
<Loc EndOffset="2172" SrcFileId="3" StartOffset="2155"/>
</LocList>
<StmntSeq Intrnl_Id="1063">
<LocList>
<Loc EndOffset="2172" SrcFileId="3" StartOffset="2155"/>
</LocList>
<BasicStmnt CovItemId="S47" CovItemPrefix="org.cs362.dominion.Player.java" Intrnl_Id="1064">
<LocList>
<Loc EndOffset="2172" SrcFileId="3" StartOffset="2155"/>
</LocList>
</BasicStmnt>
</StmntSeq>
</Branch>
<Branch CovItemId="B2" CovItemPrefix="org.cs362.dominion.Player.java" Implct="true" Intrnl_Id="1065">
<Cond/>
<LocList/>
<StmntSeq Intrnl_Id="1066">
<LocList/>
</StmntSeq>
</Branch>
<Keyword EndOffset="2132" SrcFileId="3" StartOffset="2130"/>
<LocList>
<Loc EndOffset="2172" SrcFileId="3" StartOffset="2130"/>
</LocList>
<RootTerm CovItemId="C1" CovItemPrefix="org.cs362.dominion.Player.java" Intrnl_Id="1067">
<BasicBoolTerm Intrnl_Id="1068">
<LocList>
<Loc EndOffset="2153" SrcFileId="3" StartOffset="2133"/>
</LocList>
</BasicBoolTerm>
</RootTerm>
</CondStmnt>
<BasicStmnt CovItemId="S48" CovItemPrefix="org.cs362.dominion.Player.java" Intrnl_Id="1069">
<LocList>
<Loc EndOffset="2202" SrcFileId="3" StartOffset="2175"/>
</LocList>
</BasicStmnt>
</StmntSeq>
</HierarchyLvl>
<HierarchyLvl HierarchyLvlId="230" HierarchyLvlTypeId="9" Intrnl_Id="1070" Name="deckSize">
<Header>
<Loc EndOffset="2245" SrcFileId="3" StartOffset="2209"/>
</Header>
<LocList>
<Loc EndOffset="2671" SrcFileId="3" StartOffset="2209"/>
</LocList>
<StmntSeq Intrnl_Id="1071">
<LocList>
<Loc EndOffset="2299" SrcFileId="3" StartOffset="2250"/>
<Loc EndOffset="2323" SrcFileId="3" StartOffset="2302"/>
<Loc EndOffset="2386" SrcFileId="3" StartOffset="2326"/>
<Loc EndOffset="2413" SrcFileId="3" StartOffset="2389"/>
<Loc EndOffset="2440" SrcFileId="3" StartOffset="2416"/>
<Loc EndOffset="2465" SrcFileId="3" StartOffset="2443"/>
<Loc EndOffset="2491" SrcFileId="3" StartOffset="2468"/>
<Loc EndOffset="2518" SrcFileId="3" StartOffset="2494"/>
<Loc EndOffset="2547" SrcFileId="3" StartOffset="2521"/>
<Loc EndOffset="2573" SrcFileId="3" StartOffset="2550"/>
<Loc EndOffset="2643" SrcFileId="3" StartOffset="2576"/>
<Loc EndOffset="2668" SrcFileId="3" StartOffset="2646"/>
</LocList>
<BasicStmnt CovItemId="S49" CovItemPrefix="org.cs362.dominion.Player.java" Intrnl_Id="1072">
<LocList>
<Loc EndOffset="2299" SrcFileId="3" StartOffset="2250"/>
</LocList>
</BasicStmnt>
<BasicStmnt CovItemId="S50" CovItemPrefix="org.cs362.dominion.Player.java" Intrnl_Id="1073">
<LocList>
<Loc EndOffset="2323" SrcFileId="3" StartOffset="2302"/>
</LocList>
</BasicStmnt>
<LoopStmnt CovItemId="S51" CovItemPrefix="org.cs362.dominion.Player.java" Intrnl_Id="1074" MltplExecId="L1-2" MltplExecPrefix="org.cs362.dominion.Player.java" NvrExecId="L1-0" NvrExecPrefix="org.cs362.dominion.Player.java" OnceExecutedId="L1-1" OnceExecutedPrefix="org.cs362.dominion.Player.java" OptBodyExec="true">
<StmntSeq Intrnl_Id="1075">
<LocList>
<Loc EndOffset="2386" SrcFileId="3" StartOffset="2366"/>
</LocList>
<BasicStmnt CovItemId="S52" CovItemPrefix="org.cs362.dominion.Player.java" Intrnl_Id="1076">
<LocList>
<Loc EndOffset="2386" SrcFileId="3" StartOffset="2366"/>
</LocList>
</BasicStmnt>
</StmntSeq>
<Keyword EndOffset="2329" SrcFileId="3" StartOffset="2326"/>
<LocList>
<Loc EndOffset="2386" SrcFileId="3" StartOffset="2326"/>
</LocList>
</LoopStmnt>
<BasicStmnt CovItemId="S53" CovItemPrefix="org.cs362.dominion.Player.java" Intrnl_Id="1077">
<LocList>
<Loc EndOffset="2413" SrcFileId="3" StartOffset="2389"/>
</LocList>
</BasicStmnt>
<BasicStmnt CovItemId="S54" CovItemPrefix="org.cs362.dominion.Player.java" Intrnl_Id="1078">
<LocList>
<Loc EndOffset="2440" SrcFileId="3" StartOffset="2416"/>
</LocList>
</BasicStmnt>
<BasicStmnt CovItemId="S55" CovItemPrefix="org.cs362.dominion.Player.java" Intrnl_Id="1079">
<LocList>
<Loc EndOffset="2465" SrcFileId="3" StartOffset="2443"/>
</LocList>
</BasicStmnt>
<BasicStmnt CovItemId="S56" CovItemPrefix="org.cs362.dominion.Player.java" Intrnl_Id="1080">
<LocList>
<Loc EndOffset="2491" SrcFileId="3" StartOffset="2468"/>
</LocList>
</BasicStmnt>
<BasicStmnt CovItemId="S57" CovItemPrefix="org.cs362.dominion.Player.java" Intrnl_Id="1081">
<LocList>
<Loc EndOffset="2518" SrcFileId="3" StartOffset="2494"/>
</LocList>
</BasicStmnt>
<BasicStmnt CovItemId="S58" CovItemPrefix="org.cs362.dominion.Player.java" Intrnl_Id="1082">
<LocList>
<Loc EndOffset="2547" SrcFileId="3" StartOffset="2521"/>
</LocList>
</BasicStmnt>
<BasicStmnt CovItemId="S59" CovItemPrefix="org.cs362.dominion.Player.java" Intrnl_Id="1083">
<LocList>
<Loc EndOffset="2573" SrcFileId="3" StartOffset="2550"/>
</LocList>
</BasicStmnt>
<LoopStmnt CovItemId="S60" CovItemPrefix="org.cs362.dominion.Player.java" Intrnl_Id="1084" MltplExecId="L2-2" MltplExecPrefix="org.cs362.dominion.Player.java" NvrExecId="L2-0" NvrExecPrefix="org.cs362.dominion.Player.java" OnceExecutedId="L2-1" OnceExecutedPrefix="org.cs362.dominion.Player.java" OptBodyExec="true">
<StmntSeq Intrnl_Id="1085">
<LocList>
<Loc EndOffset="2643" SrcFileId="3" StartOffset="2608"/>
</LocList>
<BasicStmnt CovItemId="S61" CovItemPrefix="org.cs362.dominion.Player.java" Intrnl_Id="1086">
<LocList>
<Loc EndOffset="2643" SrcFileId="3" StartOffset="2608"/>
</LocList>
</BasicStmnt>
</StmntSeq>
<Keyword EndOffset="2579" SrcFileId="3" StartOffset="2576"/>
<LocList>
<Loc EndOffset="2643" SrcFileId="3" StartOffset="2576"/>
</LocList>
</LoopStmnt>
<BasicStmnt CovItemId="S62" CovItemPrefix="org.cs362.dominion.Player.java" Intrnl_Id="1087">
<LocList>
<Loc EndOffset="2668" SrcFileId="3" StartOffset="2646"/>
</LocList>
</BasicStmnt>
</StmntSeq>
</HierarchyLvl>
<HierarchyLvl HierarchyLvlId="231" HierarchyLvlTypeId="9" Intrnl_Id="1088" Name="countPoints">
<Header>
<Loc EndOffset="2699" SrcFileId="3" StartOffset="2675"/>
</Header>
<LocList>
<Loc EndOffset="2934" SrcFileId="3" StartOffset="2675"/>
</LocList>
<StmntSeq Intrnl_Id="1089">
<LocList>
<Loc EndOffset="2719" SrcFileId="3" StartOffset="2704"/>
<Loc EndOffset="2739" SrcFileId="3" StartOffset="2722"/>
<Loc EndOffset="2852" SrcFileId="3" StartOffset="2742"/>
<Loc EndOffset="2912" SrcFileId="3" StartOffset="2855"/>
<Loc EndOffset="2931" SrcFileId="3" StartOffset="2915"/>
</LocList>
<BasicStmnt CovItemId="S63" CovItemPrefix="org.cs362.dominion.Player.java" Intrnl_Id="1090">
<LocList>
<Loc EndOffset="2719" SrcFileId="3" StartOffset="2704"/>
</LocList>
</BasicStmnt>
<BasicStmnt CovItemId="S64" CovItemPrefix="org.cs362.dominion.Player.java" Intrnl_Id="1091">
<LocList>
<Loc EndOffset="2739" SrcFileId="3" StartOffset="2722"/>
</LocList>
</BasicStmnt>
<LoopStmnt CovItemId="S65" CovItemPrefix="org.cs362.dominion.Player.java" Intrnl_Id="1092" MltplExecId="L3-2" MltplExecPrefix="org.cs362.dominion.Player.java" NvrExecId="L3-0" NvrExecPrefix="org.cs362.dominion.Player.java" OnceExecutedId="L3-1" OnceExecutedPrefix="org.cs362.dominion.Player.java" OptBodyExec="true">
<StmntSeq Intrnl_Id="1093">
<LocList>
<Loc EndOffset="2852" SrcFileId="3" StartOffset="2794"/>
</LocList>
<BasicStmnt CovItemId="S66" CovItemPrefix="org.cs362.dominion.Player.java" Intrnl_Id="1094">
<LocList>
<Loc EndOffset="2852" SrcFileId="3" StartOffset="2794"/>
</LocList>
</BasicStmnt>
</StmntSeq>
<Keyword EndOffset="2745" SrcFileId="3" StartOffset="2742"/>
<LocList>
<Loc EndOffset="2852" SrcFileId="3" StartOffset="2742"/>
</LocList>
</LoopStmnt>
<BasicStmnt CovItemId="S67" CovItemPrefix="org.cs362.dominion.Player.java" Intrnl_Id="1095">
<LocList>
<Loc EndOffset="2912" SrcFileId="3" StartOffset="2855"/>
</LocList>
</BasicStmnt>
<BasicStmnt CovItemId="S68" CovItemPrefix="org.cs362.dominion.Player.java" Intrnl_Id="1096">
<LocList>
<Loc EndOffset="2931" SrcFileId="3" StartOffset="2915"/>
</LocList>
</BasicStmnt>
</StmntSeq>
</HierarchyLvl>
</HierarchyLvl>
<HierarchyLvl HierarchyLvlId="234" HierarchyLvlTypeId="10" Intrnl_Id="1097" Name="RandomTestDominion">
<Header>
<Loc EndOffset="134" SrcFileId="4" StartOffset="103"/>
</Header>
<LocList>
<Loc EndOffset="1236" SrcFileId="4" StartOffset="103"/>
</LocList>
<HierarchyLvl HierarchyLvlId="233" HierarchyLvlTypeId="9" Intrnl_Id="1098" Name="main">
<Header>
<Loc EndOffset="177" SrcFileId="4" StartOffset="139"/>
</Header>
<LocList>
<Loc EndOffset="1233" SrcFileId="4" StartOffset="139"/>
</LocList>
<StmntSeq Intrnl_Id="1099">
<LocList>
<Loc EndOffset="217" SrcFileId="4" StartOffset="182"/>
<Loc EndOffset="255" SrcFileId="4" StartOffset="220"/>
<Loc EndOffset="308" SrcFileId="4" StartOffset="275"/>
<Loc EndOffset="378" SrcFileId="4" StartOffset="331"/>
<Loc EndOffset="426" SrcFileId="4" StartOffset="384"/>
<Loc EndOffset="474" SrcFileId="4" StartOffset="429"/>
<Loc EndOffset="537" SrcFileId="4" StartOffset="480"/>
<Loc EndOffset="610" SrcFileId="4" StartOffset="543"/>
<Loc EndOffset="663" SrcFileId="4" StartOffset="616"/>
<Loc EndOffset="889" SrcFileId="4" StartOffset="669"/>
<Loc EndOffset="982" SrcFileId="4" StartOffset="893"/>
<Loc EndOffset="1125" SrcFileId="4" StartOffset="986"/>
<Loc EndOffset="1230" SrcFileId="4" StartOffset="1131"/>
</LocList>
<BasicStmnt CovItemId="S1" CovItemPrefix="org.cs362.dominion.RandomTestDominion.java" Intrnl_Id="1100">
<LocList>
<Loc EndOffset="217" SrcFileId="4" StartOffset="182"/>
</LocList>
</BasicStmnt>
<BasicStmnt CovItemId="S2" CovItemPrefix="org.cs362.dominion.RandomTestDominion.java" Intrnl_Id="1101">
<LocList>
<Loc EndOffset="255" SrcFileId="4" StartOffset="220"/>
</LocList>
</BasicStmnt>
<BasicStmnt CovItemId="S3" CovItemPrefix="org.cs362.dominion.RandomTestDominion.java" Intrnl_Id="1102">
<LocList>
<Loc EndOffset="308" SrcFileId="4" StartOffset="275"/>
</LocList>
</BasicStmnt>
<BasicStmnt CovItemId="S4" CovItemPrefix="org.cs362.dominion.RandomTestDominion.java" Intrnl_Id="1103">
<LocList>
<Loc EndOffset="378" SrcFileId="4" StartOffset="331"/>
</LocList>
</BasicStmnt>
<BasicStmnt CovItemId="S5" CovItemPrefix="org.cs362.dominion.RandomTestDominion.java" Intrnl_Id="1104">
<LocList>
<Loc EndOffset="426" SrcFileId="4" StartOffset="384"/>
</LocList>
</BasicStmnt>
<BasicStmnt CovItemId="S6" CovItemPrefix="org.cs362.dominion.RandomTestDominion.java" Intrnl_Id="1105">
<LocList>
<Loc EndOffset="474" SrcFileId="4" StartOffset="429"/>
</LocList>
</BasicStmnt>
<BasicStmnt CovItemId="S7" CovItemPrefix="org.cs362.dominion.RandomTestDominion.java" Intrnl_Id="1106">
<LocList>
<Loc EndOffset="537" SrcFileId="4" StartOffset="480"/>
</LocList>
</BasicStmnt>
<LoopStmnt CovItemId="S8" CovItemPrefix="org.cs362.dominion.RandomTestDominion.java" Intrnl_Id="1107" MltplExecId="L1-2" MltplExecPrefix="org.cs362.dominion.RandomTestDominion.java" NvrExecId="L1-0" NvrExecPrefix="org.cs362.dominion.RandomTestDominion.java" OnceExecutedId="L1-1" OnceExecutedPrefix="org.cs362.dominion.RandomTestDominion.java" OptBodyExec="true">
<StmntSeq Intrnl_Id="1108">
<LocList>
<Loc EndOffset="610" SrcFileId="4" StartOffset="580"/>
</LocList>
<BasicStmnt CovItemId="S9" CovItemPrefix="org.cs362.dominion.RandomTestDominion.java" Intrnl_Id="1109">
<LocList>
<Loc EndOffset="610" SrcFileId="4" StartOffset="580"/>
</LocList>
</BasicStmnt>
</StmntSeq>
<Keyword EndOffset="546" SrcFileId="4" StartOffset="543"/>
<LocList>
<Loc EndOffset="610" SrcFileId="4" StartOffset="543"/>
</LocList>
<RootTerm CovItemId="C1" CovItemPrefix="org.cs362.dominion.RandomTestDominion.java" Intrnl_Id="1110">
<BasicBoolTerm Intrnl_Id="1111">
<LocList>
<Loc EndOffset="573" SrcFileId="4" StartOffset="556"/>
</LocList>
</BasicBoolTerm>
</RootTerm>
</LoopStmnt>
<BasicStmnt CovItemId="S10" CovItemPrefix="org.cs362.dominion.RandomTestDominion.java" Intrnl_Id="1112">
<LocList>
<Loc EndOffset="663" SrcFileId="4" StartOffset="616"/>
</LocList>
</BasicStmnt>
<LoopStmnt CovItemId="S11" CovItemPrefix="org.cs362.dominion.RandomTestDominion.java" Intrnl_Id="1113" MltplExecId="L2-2" MltplExecPrefix="org.cs362.dominion.RandomTestDominion.java" NvrExecId="L2-0" NvrExecPrefix="org.cs362.dominion.RandomTestDominion.java" OnceExecutedId="L2-1" OnceExecutedPrefix="org.cs362.dominion.RandomTestDominion.java" OptBodyExec="true">
<StmntSeq Intrnl_Id="1114">
<LocList>
<Loc EndOffset="885" SrcFileId="4" StartOffset="701"/>
</LocList>
<LoopStmnt CovItemId="S12" CovItemPrefix="org.cs362.dominion.RandomTestDominion.java" Intrnl_Id="1115" MltplExecId="L3-2" MltplExecPrefix="org.cs362.dominion.RandomTestDominion.java" NvrExecId="L3-0" NvrExecPrefix="org.cs362.dominion.RandomTestDominion.java" OnceExecutedId="L3-1" OnceExecutedPrefix="org.cs362.dominion.RandomTestDominion.java" OptBodyExec="true">
<StmntSeq Intrnl_Id="1116">
<LocList>
<Loc EndOffset="781" SrcFileId="4" StartOffset="743"/>
<Loc EndOffset="880" SrcFileId="4" StartOffset="833"/>
</LocList>
<BasicStmnt CovItemId="S13" CovItemPrefix="org.cs362.dominion.RandomTestDominion.java" Intrnl_Id="1117">
<LocList>
<Loc EndOffset="781" SrcFileId="4" StartOffset="743"/>
</LocList>
</BasicStmnt>
<BasicStmnt CovItemId="S14" CovItemPrefix="org.cs362.dominion.RandomTestDominion.java" Intrnl_Id="1118">
<LocList>
<Loc EndOffset="880" SrcFileId="4" StartOffset="833"/>
</LocList>
</BasicStmnt>
</StmntSeq>
<Keyword EndOffset="704" SrcFileId="4" StartOffset="701"/>
<LocList>
<Loc EndOffset="885" SrcFileId="4" StartOffset="701"/>
</LocList>
<RootTerm CovItemId="C3" CovItemPrefix="org.cs362.dominion.RandomTestDominion.java" Intrnl_Id="1119">
<BasicBoolTerm Intrnl_Id="1120">
<LocList>
<Loc EndOffset="731" SrcFileId="4" StartOffset="714"/>
</LocList>
</BasicBoolTerm>
</RootTerm>
</LoopStmnt>
</StmntSeq>
<Keyword EndOffset="674" SrcFileId="4" StartOffset="669"/>
<LocList>
<Loc EndOffset="889" SrcFileId="4" StartOffset="669"/>
</LocList>
<RootTerm CovItemId="C2" CovItemPrefix="org.cs362.dominion.RandomTestDominion.java" Intrnl_Id="1121">
<OpTerm BooleanOpId="7" Intrnl_Id="1122">
<BasicBoolTerm Intrnl_Id="1123">
<LocList>
<Loc EndOffset="692" SrcFileId="4" StartOffset="676"/>
</LocList>
</BasicBoolTerm>
<LocList>
<Loc EndOffset="676" SrcFileId="4" StartOffset="675"/>
</LocList>
</OpTerm>
</RootTerm>
</LoopStmnt>
<LoopStmnt CovItemId="S15" CovItemPrefix="org.cs362.dominion.RandomTestDominion.java" Intrnl_Id="1124" MltplExecId="L4-2" MltplExecPrefix="org.cs362.dominion.RandomTestDominion.java" NvrExecId="L4-0" NvrExecPrefix="org.cs362.dominion.RandomTestDominion.java" OnceExecutedId="L4-1" OnceExecutedPrefix="org.cs362.dominion.RandomTestDominion.java" OptBodyExec="true">
<StmntSeq Intrnl_Id="1125">
<LocList>
<Loc EndOffset="978" SrcFileId="4" StartOffset="934"/>
</LocList>
<BasicStmnt CovItemId="S16" CovItemPrefix="org.cs362.dominion.RandomTestDominion.java" Intrnl_Id="1126">
<LocList>
<Loc EndOffset="978" SrcFileId="4" StartOffset="934"/>
</LocList>
</BasicStmnt>
</StmntSeq>
<Keyword EndOffset="896" SrcFileId="4" StartOffset="893"/>
<LocList>
<Loc EndOffset="982" SrcFileId="4" StartOffset="893"/>
</LocList>
<RootTerm CovItemId="C4" CovItemPrefix="org.cs362.dominion.RandomTestDominion.java" Intrnl_Id="1127">
<BasicBoolTerm Intrnl_Id="1128">
<LocList>
<Loc EndOffset="923" SrcFileId="4" StartOffset="906"/>
</LocList>
</BasicBoolTerm>
</RootTerm>
</LoopStmnt>
<LoopStmnt CovItemId="S17" CovItemPrefix="org.cs362.dominion.RandomTestDominion.java" Intrnl_Id="1129" MltplExecId="L5-2" MltplExecPrefix="org.cs362.dominion.RandomTestDominion.java" NvrExecId="L5-0" NvrExecPrefix="org.cs362.dominion.RandomTestDominion.java" OnceExecutedId="L5-1" OnceExecutedPrefix="org.cs362.dominion.RandomTestDominion.java" OptBodyExec="true">
<StmntSeq Intrnl_Id="1130">
<LocList>
<Loc EndOffset="1121" SrcFileId="4" StartOffset="1036"/>
</LocList>
<CondStmnt CovItemId="S18" CovItemPrefix="org.cs362.dominion.RandomTestDominion.java" Intrnl_Id="1131">
<Branch CovItemId="B1" CovItemPrefix="org.cs362.dominion.RandomTestDominion.java" Implct="false" Intrnl_Id="1132">
<Cond/>
<LocList>
<Loc EndOffset="1121" SrcFileId="4" StartOffset="1087"/>
</LocList>
<StmntSeq Intrnl_Id="1133">
<LocList>
<Loc EndOffset="1113" SrcFileId="4" StartOffset="1097"/>
</LocList>
<BasicStmnt CovItemId="S19" CovItemPrefix="org.cs362.dominion.RandomTestDominion.java" Intrnl_Id="1134">
<LocList>
<Loc EndOffset="1113" SrcFileId="4" StartOffset="1097"/>
</LocList>
</BasicStmnt>
</StmntSeq>
</Branch>
<Branch CovItemId="B2" CovItemPrefix="org.cs362.dominion.RandomTestDominion.java" Implct="true" Intrnl_Id="1135">
<Cond/>
<LocList/>
<StmntSeq Intrnl_Id="1136">
<LocList/>
</StmntSeq>
</Branch>
<Keyword EndOffset="1038" SrcFileId="4" StartOffset="1036"/>
<LocList>
<Loc EndOffset="1121" SrcFileId="4" StartOffset="1036"/>
</LocList>
<RootTerm CovItemId="C6" CovItemPrefix="org.cs362.dominion.RandomTestDominion.java" Intrnl_Id="1137">
<BasicBoolTerm Intrnl_Id="1138">
<LocList>
<Loc EndOffset="1085" SrcFileId="4" StartOffset="1040"/>
</LocList>
</BasicBoolTerm>
</RootTerm>
</CondStmnt>
</StmntSeq>
<Keyword EndOffset="989" SrcFileId="4" StartOffset="986"/>
<LocList>
<Loc EndOffset="1125" SrcFileId="4" StartOffset="986"/>
</LocList>
<RootTerm CovItemId="C5" CovItemPrefix="org.cs362.dominion.RandomTestDominion.java" Intrnl_Id="1139">
<BasicBoolTerm Intrnl_Id="1140">
<LocList>
<Loc EndOffset="1021" SrcFileId="4" StartOffset="1002"/>
</LocList>
</BasicBoolTerm>
</RootTerm>
</LoopStmnt>
<BasicStmnt CovItemId="S20" CovItemPrefix="org.cs362.dominion.RandomTestDominion.java" Intrnl_Id="1141">
<LocList>
<Loc EndOffset="1230" SrcFileId="4" StartOffset="1131"/>
</LocList>
</BasicStmnt>
</StmntSeq>
</HierarchyLvl>
</HierarchyLvl>
<HierarchyLvl HierarchyLvlId="238" HierarchyLvlTypeId="10" Intrnl_Id="1142" Name="SupplyStack">
<Header>
<Loc EndOffset="54" SrcFileId="5" StartOffset="30"/>
</Header>
<LocList>
<Loc EndOffset="326" SrcFileId="5" StartOffset="30"/>
</LocList>
<HierarchyLvl HierarchyLvlId="235" HierarchyLvlTypeId="9" Intrnl_Id="1143" Name="SupplyStack">
<Header>
<Loc EndOffset="144" SrcFileId="5" StartOffset="102"/>
</Header>
<LocList>
<Loc EndOffset="213" SrcFileId="5" StartOffset="102"/>
</LocList>
<StmntSeq Intrnl_Id="1144">
<LocList>
<Loc EndOffset="173" SrcFileId="5" StartOffset="148"/>
<Loc EndOffset="191" SrcFileId="5" StartOffset="176"/>
<Loc EndOffset="210" SrcFileId="5" StartOffset="194"/>
</LocList>
<BasicStmnt CovItemId="S1" CovItemPrefix="org.cs362.dominion.SupplyStack.java" Intrnl_Id="1145">
<LocList>
<Loc EndOffset="173" SrcFileId="5" StartOffset="148"/>
</LocList>
</BasicStmnt>
<BasicStmnt CovItemId="S2" CovItemPrefix="org.cs362.dominion.SupplyStack.java" Intrnl_Id="1146">
<LocList>
<Loc EndOffset="191" SrcFileId="5" StartOffset="176"/>
</LocList>
</BasicStmnt>
<BasicStmnt CovItemId="S3" CovItemPrefix="org.cs362.dominion.SupplyStack.java" Intrnl_Id="1147">
<LocList>
<Loc EndOffset="210" SrcFileId="5" StartOffset="194"/>
</LocList>
</BasicStmnt>
</StmntSeq>
</HierarchyLvl>
<HierarchyLvl HierarchyLvlId="236" HierarchyLvlTypeId="9" Intrnl_Id="1148" Name="getType">
<Header>
<Loc EndOffset="240" SrcFileId="5" StartOffset="217"/>
</Header>
<LocList>
<Loc EndOffset="268" SrcFileId="5" StartOffset="217"/>
</LocList>
<StmntSeq Intrnl_Id="1149">
<LocList>
<Loc EndOffset="265" SrcFileId="5" StartOffset="244"/>
</LocList>
<BasicStmnt CovItemId="S4" CovItemPrefix="org.cs362.dominion.SupplyStack.java" Intrnl_Id="1150">
<LocList>
<Loc EndOffset="265" SrcFileId="5" StartOffset="244"/>
</LocList>
</BasicStmnt>
</StmntSeq>
</HierarchyLvl>
<HierarchyLvl HierarchyLvlId="237" HierarchyLvlTypeId="9" Intrnl_Id="1151" Name="hasTreasure">
<Header>
<Loc EndOffset="296" SrcFileId="5" StartOffset="272"/>
</Header>
<LocList>
<Loc EndOffset="321" SrcFileId="5" StartOffset="272"/>
</LocList>
<StmntSeq Intrnl_Id="1152">
<LocList>
<Loc EndOffset="318" SrcFileId="5" StartOffset="300"/>
</LocList>
<BasicStmnt CovItemId="S5" CovItemPrefix="org.cs362.dominion.SupplyStack.java" Intrnl_Id="1153">
<LocList>
<Loc EndOffset="318" SrcFileId="5" StartOffset="300"/>
</LocList>
</BasicStmnt>
</StmntSeq>
</HierarchyLvl>
</HierarchyLvl>
<HierarchyLvl HierarchyLvlId="246" HierarchyLvlTypeId="10" Intrnl_Id="1154" Name="Turn">
<Header>
<Loc EndOffset="155" SrcFileId="6" StartOffset="138"/>
</Header>
<LocList>
<Loc EndOffset="6052" SrcFileId="6" StartOffset="138"/>
</LocList>
<HierarchyLvl HierarchyLvlId="239" HierarchyLvlTypeId="9" Intrnl_Id="1155" Name="Turn">
<Header>
<Loc EndOffset="257" SrcFileId="6" StartOffset="209"/>
</Header>
<LocList>
<Loc EndOffset="396" SrcFileId="6" StartOffset="209"/>
</LocList>
<StmntSeq Intrnl_Id="1156">
<LocList>
<Loc EndOffset="271" SrcFileId="6" StartOffset="261"/>
<Loc EndOffset="281" SrcFileId="6" StartOffset="274"/>
<Loc EndOffset="295" SrcFileId="6" StartOffset="284"/>
<Loc EndOffset="327" SrcFileId="6" StartOffset="298"/>
<Loc EndOffset="392" SrcFileId="6" StartOffset="333"/>
</LocList>
<BasicStmnt CovItemId="S1" CovItemPrefix="org.cs362.dominion.Turn.java" Intrnl_Id="1157">
<LocList>
<Loc EndOffset="271" SrcFileId="6" StartOffset="261"/>
</LocList>
</BasicStmnt>
<BasicStmnt CovItemId="S2" CovItemPrefix="org.cs362.dominion.Turn.java" Intrnl_Id="1158">
<LocList>
<Loc EndOffset="281" SrcFileId="6" StartOffset="274"/>
</LocList>
</BasicStmnt>
<BasicStmnt CovItemId="S3" CovItemPrefix="org.cs362.dominion.Turn.java" Intrnl_Id="1159">
<LocList>
<Loc EndOffset="295" SrcFileId="6" StartOffset="284"/>
</LocList>
</BasicStmnt>
<BasicStmnt CovItemId="S4" CovItemPrefix="org.cs362.dominion.Turn.java" Intrnl_Id="1160">
<LocList>
<Loc EndOffset="327" SrcFileId="6" StartOffset="298"/>
</LocList>
</BasicStmnt>
<LoopStmnt CovItemId="S5" CovItemPrefix="org.cs362.dominion.Turn.java" Intrnl_Id="1161" MltplExecId="L1-2" MltplExecPrefix="org.cs362.dominion.Turn.java" NvrExecId="L1-0" NvrExecPrefix="org.cs362.dominion.Turn.java" OnceExecutedId="L1-1" OnceExecutedPrefix="org.cs362.dominion.Turn.java" OptBodyExec="true">
<StmntSeq Intrnl_Id="1162">
<LocList>
<Loc EndOffset="388" SrcFileId="6" StartOffset="360"/>
</LocList>
<BasicStmnt CovItemId="S6" CovItemPrefix="org.cs362.dominion.Turn.java" Intrnl_Id="1163">
<LocList>
<Loc EndOffset="388" SrcFileId="6" StartOffset="360"/>
</LocList>
</BasicStmnt>
</StmntSeq>
<Keyword EndOffset="336" SrcFileId="6" StartOffset="333"/>
<LocList>
<Loc EndOffset="392" SrcFileId="6" StartOffset="333"/>
</LocList>
<RootTerm CovItemId="C1" CovItemPrefix="org.cs362.dominion.Turn.java" Intrnl_Id="1164">
<BasicBoolTerm Intrnl_Id="1165">
<LocList>
<Loc EndOffset="349" SrcFileId="6" StartOffset="346"/>
</LocList>
</BasicBoolTerm>
</RootTerm>
</LoopStmnt>
</StmntSeq>
</HierarchyLvl>
<HierarchyLvl HierarchyLvlId="240" HierarchyLvlTypeId="9" Intrnl_Id="1166" Name="buyCards">
<Header>
<Loc EndOffset="456" SrcFileId="6" StartOffset="399"/>
</Header>
<LocList>
<Loc EndOffset="3070" SrcFileId="6" StartOffset="399"/>
</LocList>
<StmntSeq Intrnl_Id="1167">
<LocList>
<Loc EndOffset="487" SrcFileId="6" StartOffset="461"/>
<Loc EndOffset="527" SrcFileId="6" StartOffset="490"/>
<Loc EndOffset="609" SrcFileId="6" StartOffset="530"/>
<Loc EndOffset="679" SrcFileId="6" StartOffset="612"/>
<Loc EndOffset="722" SrcFileId="6" StartOffset="682"/>
<Loc EndOffset="763" SrcFileId="6" StartOffset="725"/>
<Loc EndOffset="797" SrcFileId="6" StartOffset="766"/>
<Loc EndOffset="2938" SrcFileId="6" StartOffset="803"/>
<Loc EndOffset="3005" SrcFileId="6" StartOffset="2941"/>
<Loc EndOffset="3064" SrcFileId="6" StartOffset="3057"/>
</LocList>
<BasicStmnt CovItemId="S7" CovItemPrefix="org.cs362.dominion.Turn.java" Intrnl_Id="1168">
<LocList>
<Loc EndOffset="487" SrcFileId="6" StartOffset="461"/>
</LocList>
</BasicStmnt>
<BasicStmnt CovItemId="S8" CovItemPrefix="org.cs362.dominion.Turn.java" Intrnl_Id="1169">
<LocList>
<Loc EndOffset="527" SrcFileId="6" StartOffset="490"/>
</LocList>
</BasicStmnt>
<BasicStmnt CovItemId="S9" CovItemPrefix="org.cs362.dominion.Turn.java" Intrnl_Id="1170">
<LocList>
<Loc EndOffset="609" SrcFileId="6" StartOffset="530"/>
</LocList>
</BasicStmnt>
<BasicStmnt CovItemId="S10" CovItemPrefix="org.cs362.dominion.Turn.java" Intrnl_Id="1171">
<LocList>
<Loc EndOffset="679" SrcFileId="6" StartOffset="612"/>
</LocList>
</BasicStmnt>
<BasicStmnt CovItemId="S11" CovItemPrefix="org.cs362.dominion.Turn.java" Intrnl_Id="1172">
<LocList>
<Loc EndOffset="722" SrcFileId="6" StartOffset="682"/>
</LocList>
</BasicStmnt>
<BasicStmnt CovItemId="S12" CovItemPrefix="org.cs362.dominion.Turn.java" Intrnl_Id="1173">
<LocList>
<Loc EndOffset="763" SrcFileId="6" StartOffset="725"/>
</LocList>
</BasicStmnt>
<BasicStmnt CovItemId="S13" CovItemPrefix="org.cs362.dominion.Turn.java" Intrnl_Id="1174">
<LocList>
<Loc EndOffset="797" SrcFileId="6" StartOffset="766"/>
</LocList>
</BasicStmnt>
<CondStmnt CovItemId="S14" CovItemPrefix="org.cs362.dominion.Turn.java" Intrnl_Id="1175">
<Branch CovItemId="B1" CovItemPrefix="org.cs362.dominion.Turn.java" Implct="false" Intrnl_Id="1176">
<Cond>
<Loc EndOffset="829" SrcFileId="6" StartOffset="823"/>
</Cond>
<LocList/>
<StmntSeq Intrnl_Id="1177">
<LocList/>
</StmntSeq>
</Branch>
<Branch CovItemId="B2" CovItemPrefix="org.cs362.dominion.Turn.java" Implct="false" Intrnl_Id="1178">
<Cond>
<Loc EndOffset="898" SrcFileId="6" StartOffset="892"/>
</Cond>
<LocList>
<Loc EndOffset="1047" SrcFileId="6" StartOffset="903"/>
</LocList>
<StmntSeq Intrnl_Id="1179">
<LocList>
<Loc EndOffset="1037" SrcFileId="6" StartOffset="903"/>
<Loc EndOffset="1047" SrcFileId="6" StartOffset="1041"/>
</LocList>
<CondStmnt CovItemId="S15" CovItemPrefix="org.cs362.dominion.Turn.java" Intrnl_Id="1180">
<Branch CovItemId="B3" CovItemPrefix="org.cs362.dominion.Turn.java" Implct="false" Intrnl_Id="1181">
<Cond/>
<LocList>
<Loc EndOffset="1037" SrcFileId="6" StartOffset="934"/>
</LocList>
<StmntSeq Intrnl_Id="1182">
<LocList>
<Loc EndOffset="973" SrcFileId="6" StartOffset="940"/>
<Loc EndOffset="1009" SrcFileId="6" StartOffset="978"/>
<Loc EndOffset="1032" SrcFileId="6" StartOffset="1014"/>
</LocList>
<BasicStmnt CovItemId="S16" CovItemPrefix="org.cs362.dominion.Turn.java" Intrnl_Id="1183">
<LocList>
<Loc EndOffset="973" SrcFileId="6" StartOffset="940"/>
</LocList>
</BasicStmnt>
<BasicStmnt CovItemId="S17" CovItemPrefix="org.cs362.dominion.Turn.java" Intrnl_Id="1184">
<LocList>
<Loc EndOffset="1009" SrcFileId="6" StartOffset="978"/>
</LocList>
</BasicStmnt>
<BasicStmnt CovItemId="S18" CovItemPrefix="org.cs362.dominion.Turn.java" Intrnl_Id="1185">
<LocList>
<Loc EndOffset="1032" SrcFileId="6" StartOffset="1014"/>
</LocList>
</BasicStmnt>
</StmntSeq>
</Branch>
<Branch CovItemId="B4" CovItemPrefix="org.cs362.dominion.Turn.java" Implct="true" Intrnl_Id="1186">
<Cond/>
<LocList/>
<StmntSeq Intrnl_Id="1187">
<LocList/>
</StmntSeq>
</Branch>
<Keyword EndOffset="905" SrcFileId="6" StartOffset="903"/>
<LocList>
<Loc EndOffset="1037" SrcFileId="6" StartOffset="903"/>
</LocList>
<RootTerm CovItemId="C2" CovItemPrefix="org.cs362.dominion.Turn.java" Intrnl_Id="1188">
<BasicBoolTerm Intrnl_Id="1189">
<LocList>
<Loc EndOffset="933" SrcFileId="6" StartOffset="906"/>
</LocList>
</BasicBoolTerm>
</RootTerm>
</CondStmnt>
<BasicStmnt CovItemId="S19" CovItemPrefix="org.cs362.dominion.Turn.java" Intrnl_Id="1190">
<LocList>
<Loc EndOffset="1047" SrcFileId="6" StartOffset="1041"/>
</LocList>
</BasicStmnt>
</StmntSeq>
</Branch>
<Branch CovItemId="B5" CovItemPrefix="org.cs362.dominion.Turn.java" Implct="false" Intrnl_Id="1191">
<Cond>
<Loc EndOffset="1056" SrcFileId="6" StartOffset="1050"/>
</Cond>
<LocList>
<Loc EndOffset="1280" SrcFileId="6" StartOffset="1061"/>
</LocList>
<StmntSeq Intrnl_Id="1192">
<LocList>
<Loc EndOffset="1101" SrcFileId="6" StartOffset="1061"/>
<Loc EndOffset="1177" SrcFileId="6" StartOffset="1105"/>
<Loc EndOffset="1214" SrcFileId="6" StartOffset="1181"/>
<Loc EndOffset="1249" SrcFileId="6" StartOffset="1218"/>
<Loc EndOffset="1270" SrcFileId="6" StartOffset="1253"/>
<Loc EndOffset="1280" SrcFileId="6" StartOffset="1274"/>
</LocList>
<BasicStmnt CovItemId="S20" CovItemPrefix="org.cs362.dominion.Turn.java" Intrnl_Id="1193">
<LocList>
<Loc EndOffset="1101" SrcFileId="6" StartOffset="1061"/>
</LocList>
</BasicStmnt>
<CondStmnt CovItemId="S21" CovItemPrefix="org.cs362.dominion.Turn.java" Intrnl_Id="1194">
<Branch CovItemId="B6" CovItemPrefix="org.cs362.dominion.Turn.java" Implct="false" Intrnl_Id="1195">
<Cond/>
<LocList>
<Loc EndOffset="1177" SrcFileId="6" StartOffset="1139"/>
</LocList>
<StmntSeq Intrnl_Id="1196">
<LocList>
<Loc EndOffset="1177" SrcFileId="6" StartOffset="1139"/>
</LocList>
<BasicStmnt CovItemId="S22" CovItemPrefix="org.cs362.dominion.Turn.java" Intrnl_Id="1197">
<LocList>
<Loc EndOffset="1177" SrcFileId="6" StartOffset="1139"/>
</LocList>
</BasicStmnt>
</StmntSeq>
</Branch>
<Branch CovItemId="B7" CovItemPrefix="org.cs362.dominion.Turn.java" Implct="true" Intrnl_Id="1198">
<Cond/>
<LocList/>
<StmntSeq Intrnl_Id="1199">
<LocList/>
</StmntSeq>
</Branch>
<Keyword EndOffset="1107" SrcFileId="6" StartOffset="1105"/>
<LocList>
<Loc EndOffset="1177" SrcFileId="6" StartOffset="1105"/>
</LocList>
<RootTerm CovItemId="C3" CovItemPrefix="org.cs362.dominion.Turn.java" Intrnl_Id="1200">
<BasicBoolTerm Intrnl_Id="1201">
<LocList>
<Loc EndOffset="1137" SrcFileId="6" StartOffset="1108"/>
</LocList>
</BasicBoolTerm>
</RootTerm>
</CondStmnt>
<BasicStmnt CovItemId="S23" CovItemPrefix="org.cs362.dominion.Turn.java" Intrnl_Id="1202">
<LocList>
<Loc EndOffset="1214" SrcFileId="6" StartOffset="1181"/>
</LocList>
</BasicStmnt>
<BasicStmnt CovItemId="S24" CovItemPrefix="org.cs362.dominion.Turn.java" Intrnl_Id="1203">
<LocList>
<Loc EndOffset="1249" SrcFileId="6" StartOffset="1218"/>
</LocList>
</BasicStmnt>
<BasicStmnt CovItemId="S25" CovItemPrefix="org.cs362.dominion.Turn.java" Intrnl_Id="1204">
<LocList>
<Loc EndOffset="1270" SrcFileId="6" StartOffset="1253"/>
</LocList>
</BasicStmnt>
<BasicStmnt CovItemId="S26" CovItemPrefix="org.cs362.dominion.Turn.java" Intrnl_Id="1205">
<LocList>
<Loc EndOffset="1280" SrcFileId="6" StartOffset="1274"/>
</LocList>
</BasicStmnt>
</StmntSeq>
</Branch>
<Branch CovItemId="B8" CovItemPrefix="org.cs362.dominion.Turn.java" Implct="false" Intrnl_Id="1206">
<Cond>
<Loc EndOffset="1289" SrcFileId="6" StartOffset="1283"/>
</Cond>
<LocList>
<Loc EndOffset="1647" SrcFileId="6" StartOffset="1294"/>
</LocList>
<StmntSeq Intrnl_Id="1207">
<LocList>
<Loc EndOffset="1333" SrcFileId="6" StartOffset="1294"/>
<Loc EndOffset="1544" SrcFileId="6" StartOffset="1337"/>
<Loc EndOffset="1581" SrcFileId="6" StartOffset="1548"/>
<Loc EndOffset="1616" SrcFileId="6" StartOffset="1585"/>
<Loc EndOffset="1637" SrcFileId="6" StartOffset="1620"/>
<Loc EndOffset="1647" SrcFileId="6" StartOffset="1641"/>
</LocList>
<BasicStmnt CovItemId="S27" CovItemPrefix="org.cs362.dominion.Turn.java" Intrnl_Id="1208">
<LocList>
<Loc EndOffset="1333" SrcFileId="6" StartOffset="1294"/>
</LocList>
</BasicStmnt>
<CondStmnt CovItemId="S28" CovItemPrefix="org.cs362.dominion.Turn.java" Intrnl_Id="1209">
<Branch CovItemId="B9" CovItemPrefix="org.cs362.dominion.Turn.java" Implct="false" Intrnl_Id="1210">
<Cond/>
<LocList>
<Loc EndOffset="1544" SrcFileId="6" StartOffset="1370"/>
</LocList>
<StmntSeq Intrnl_Id="1211">
<LocList>
<Loc EndOffset="1534" SrcFileId="6" StartOffset="1376"/>
</LocList>
<LoopStmnt CovItemId="S29" CovItemPrefix="org.cs362.dominion.Turn.java" Intrnl_Id="1212" MltplExecId="L2-2" MltplExecPrefix="org.cs362.dominion.Turn.java" NvrExecId="L2-0" NvrExecPrefix="org.cs362.dominion.Turn.java" OnceExecutedId="L2-1" OnceExecutedPrefix="org.cs362.dominion.Turn.java" OptBodyExec="true">
<StmntSeq Intrnl_Id="1213">
<LocList>
<Loc EndOffset="1482" SrcFileId="6" StartOffset="1443"/>
<Loc EndOffset="1528" SrcFileId="6" StartOffset="1488"/>
</LocList>
<BasicStmnt CovItemId="S30" CovItemPrefix="org.cs362.dominion.Turn.java" Intrnl_Id="1214">
<LocList>
<Loc EndOffset="1482" SrcFileId="6" StartOffset="1443"/>
</LocList>
</BasicStmnt>
<CondStmnt CovItemId="S31" CovItemPrefix="org.cs362.dominion.Turn.java" Intrnl_Id="1215">
<Branch CovItemId="B11" CovItemPrefix="org.cs362.dominion.Turn.java" Implct="false" Intrnl_Id="1216">
<Cond/>
<LocList>
<Loc EndOffset="1528" SrcFileId="6" StartOffset="1522"/>
</LocList>
<StmntSeq Intrnl_Id="1217">
<LocList>
<Loc EndOffset="1528" SrcFileId="6" StartOffset="1522"/>
</LocList>
<BasicStmnt CovItemId="S32" CovItemPrefix="org.cs362.dominion.Turn.java" Intrnl_Id="1218">
<LocList>
<Loc EndOffset="1528" SrcFileId="6" StartOffset="1522"/>
</LocList>
</BasicStmnt>
</StmntSeq>
</Branch>
<Branch CovItemId="B12" CovItemPrefix="org.cs362.dominion.Turn.java" Implct="true" Intrnl_Id="1219">
<Cond/>
<LocList/>
<StmntSeq Intrnl_Id="1220">
<LocList/>
</StmntSeq>
</Branch>
<Keyword EndOffset="1490" SrcFileId="6" StartOffset="1488"/>
<LocList>
<Loc EndOffset="1528" SrcFileId="6" StartOffset="1488"/>
</LocList>
<RootTerm CovItemId="C6" CovItemPrefix="org.cs362.dominion.Turn.java" Intrnl_Id="1221">
<BasicBoolTerm Intrnl_Id="1222">
<LocList>
<Loc EndOffset="1520" SrcFileId="6" StartOffset="1491"/>
</LocList>
</BasicBoolTerm>
</RootTerm>
</CondStmnt>
</StmntSeq>
<Keyword EndOffset="1379" SrcFileId="6" StartOffset="1376"/>
<LocList>
<Loc EndOffset="1534" SrcFileId="6" StartOffset="1376"/>
</LocList>
<RootTerm CovItemId="C5" CovItemPrefix="org.cs362.dominion.Turn.java" Intrnl_Id="1223">
<BasicBoolTerm Intrnl_Id="1224">
<LocList>
<Loc EndOffset="1392" SrcFileId="6" StartOffset="1389"/>
</LocList>
</BasicBoolTerm>
</RootTerm>
</LoopStmnt>
</StmntSeq>
</Branch>
<Branch CovItemId="B10" CovItemPrefix="org.cs362.dominion.Turn.java" Implct="true" Intrnl_Id="1225">
<Cond/>
<LocList/>
<StmntSeq Intrnl_Id="1226">
<LocList/>
</StmntSeq>
</Branch>
<Keyword EndOffset="1339" SrcFileId="6" StartOffset="1337"/>
<LocList>
<Loc EndOffset="1544" SrcFileId="6" StartOffset="1337"/>
</LocList>
<RootTerm CovItemId="C4" CovItemPrefix="org.cs362.dominion.Turn.java" Intrnl_Id="1227">
<BasicBoolTerm Intrnl_Id="1228">
<LocList>
<Loc EndOffset="1369" SrcFileId="6" StartOffset="1340"/>
</LocList>
</BasicBoolTerm>
</RootTerm>
</CondStmnt>
<BasicStmnt CovItemId="S33" CovItemPrefix="org.cs362.dominion.Turn.java" Intrnl_Id="1229">
<LocList>
<Loc EndOffset="1581" SrcFileId="6" StartOffset="1548"/>
</LocList>
</BasicStmnt>
<BasicStmnt CovItemId="S34" CovItemPrefix="org.cs362.dominion.Turn.java" Intrnl_Id="1230">
<LocList>
<Loc EndOffset="1616" SrcFileId="6" StartOffset="1585"/>
</LocList>
</BasicStmnt>
<BasicStmnt CovItemId="S35" CovItemPrefix="org.cs362.dominion.Turn.java" Intrnl_Id="1231">
<LocList>
<Loc EndOffset="1637" SrcFileId="6" StartOffset="1620"/>
</LocList>
</BasicStmnt>
<BasicStmnt CovItemId="S36" CovItemPrefix="org.cs362.dominion.Turn.java" Intrnl_Id="1232">
<LocList>
<Loc EndOffset="1647" SrcFileId="6" StartOffset="1641"/>
</LocList>
</BasicStmnt>
</StmntSeq>
</Branch>
<Branch CovItemId="B13" CovItemPrefix="org.cs362.dominion.Turn.java" Implct="false" Intrnl_Id="1233">
<Cond>
<Loc EndOffset="1656" SrcFileId="6" StartOffset="1650"/>
</Cond>
<LocList>
<Loc EndOffset="2014" SrcFileId="6" StartOffset="1661"/>
</LocList>
<StmntSeq Intrnl_Id="1234">
<LocList>
<Loc EndOffset="1700" SrcFileId="6" StartOffset="1661"/>
<Loc EndOffset="1911" SrcFileId="6" StartOffset="1704"/>
<Loc EndOffset="1948" SrcFileId="6" StartOffset="1915"/>
<Loc EndOffset="1983" SrcFileId="6" StartOffset="1952"/>
<Loc EndOffset="2004" SrcFileId="6" StartOffset="1987"/>
<Loc EndOffset="2014" SrcFileId="6" StartOffset="2008"/>
</LocList>
<BasicStmnt CovItemId="S37" CovItemPrefix="org.cs362.dominion.Turn.java" Intrnl_Id="1235">
<LocList>
<Loc EndOffset="1700" SrcFileId="6" StartOffset="1661"/>
</LocList>
</BasicStmnt>
<CondStmnt CovItemId="S38" CovItemPrefix="org.cs362.dominion.Turn.java" Intrnl_Id="1236">
<Branch CovItemId="B14" CovItemPrefix="org.cs362.dominion.Turn.java" Implct="false" Intrnl_Id="1237">
<Cond/>
<LocList>
<Loc EndOffset="1911" SrcFileId="6" StartOffset="1737"/>
</LocList>
<StmntSeq Intrnl_Id="1238">
<LocList>
<Loc EndOffset="1901" SrcFileId="6" StartOffset="1743"/>
</LocList>
<LoopStmnt CovItemId="S39" CovItemPrefix="org.cs362.dominion.Turn.java" Intrnl_Id="1239" MltplExecId="L3-2" MltplExecPrefix="org.cs362.dominion.Turn.java" NvrExecId="L3-0" NvrExecPrefix="org.cs362.dominion.Turn.java" OnceExecutedId="L3-1" OnceExecutedPrefix="org.cs362.dominion.Turn.java" OptBodyExec="true">
<StmntSeq Intrnl_Id="1240">
<LocList>
<Loc EndOffset="1849" SrcFileId="6" StartOffset="1810"/>
<Loc EndOffset="1895" SrcFileId="6" StartOffset="1855"/>
</LocList>
<BasicStmnt CovItemId="S40" CovItemPrefix="org.cs362.dominion.Turn.java" Intrnl_Id="1241">
<LocList>
<Loc EndOffset="1849" SrcFileId="6" StartOffset="1810"/>
</LocList>
</BasicStmnt>
<CondStmnt CovItemId="S41" CovItemPrefix="org.cs362.dominion.Turn.java" Intrnl_Id="1242">
<Branch CovItemId="B16" CovItemPrefix="org.cs362.dominion.Turn.java" Implct="false" Intrnl_Id="1243">
<Cond/>
<LocList>
<Loc EndOffset="1895" SrcFileId="6" StartOffset="1889"/>
</LocList>
<StmntSeq Intrnl_Id="1244">
<LocList>
<Loc EndOffset="1895" SrcFileId="6" StartOffset="1889"/>
</LocList>
<BasicStmnt CovItemId="S42" CovItemPrefix="org.cs362.dominion.Turn.java" Intrnl_Id="1245">
<LocList>
<Loc EndOffset="1895" SrcFileId="6" StartOffset="1889"/>
</LocList>
</BasicStmnt>
</StmntSeq>
</Branch>
<Branch CovItemId="B17" CovItemPrefix="org.cs362.dominion.Turn.java" Implct="true" Intrnl_Id="1246">
<Cond/>
<LocList/>
<StmntSeq Intrnl_Id="1247">
<LocList/>
</StmntSeq>
</Branch>
<Keyword EndOffset="1857" SrcFileId="6" StartOffset="1855"/>
<LocList>
<Loc EndOffset="1895" SrcFileId="6" StartOffset="1855"/>
</LocList>
<RootTerm CovItemId="C9" CovItemPrefix="org.cs362.dominion.Turn.java" Intrnl_Id="1248">
<BasicBoolTerm Intrnl_Id="1249">
<LocList>
<Loc EndOffset="1887" SrcFileId="6" StartOffset="1858"/>
</LocList>
</BasicBoolTerm>
</RootTerm>
</CondStmnt>
</StmntSeq>
<Keyword EndOffset="1746" SrcFileId="6" StartOffset="1743"/>
<LocList>
<Loc EndOffset="1901" SrcFileId="6" StartOffset="1743"/>
</LocList>
<RootTerm CovItemId="C8" CovItemPrefix="org.cs362.dominion.Turn.java" Intrnl_Id="1250">
<BasicBoolTerm Intrnl_Id="1251">
<LocList>
<Loc EndOffset="1759" SrcFileId="6" StartOffset="1756"/>
</LocList>
</BasicBoolTerm>
</RootTerm>
</LoopStmnt>
</StmntSeq>
</Branch>
<Branch CovItemId="B15" CovItemPrefix="org.cs362.dominion.Turn.java" Implct="true" Intrnl_Id="1252">
<Cond/>
<LocList/>
<StmntSeq Intrnl_Id="1253">
<LocList/>
</StmntSeq>
</Branch>
<Keyword EndOffset="1706" SrcFileId="6" StartOffset="1704"/>
<LocList>
<Loc EndOffset="1911" SrcFileId="6" StartOffset="1704"/>
</LocList>
<RootTerm CovItemId="C7" CovItemPrefix="org.cs362.dominion.Turn.java" Intrnl_Id="1254">
<BasicBoolTerm Intrnl_Id="1255">
<LocList>
<Loc EndOffset="1736" SrcFileId="6" StartOffset="1707"/>
</LocList>
</BasicBoolTerm>
</RootTerm>
</CondStmnt>
<BasicStmnt CovItemId="S43" CovItemPrefix="org.cs362.dominion.Turn.java" Intrnl_Id="1256">
<LocList>
<Loc EndOffset="1948" SrcFileId="6" StartOffset="1915"/>
</LocList>
</BasicStmnt>
<BasicStmnt CovItemId="S44" CovItemPrefix="org.cs362.dominion.Turn.java" Intrnl_Id="1257">
<LocList>
<Loc EndOffset="1983" SrcFileId="6" StartOffset="1952"/>
</LocList>
</BasicStmnt>
<BasicStmnt CovItemId="S45" CovItemPrefix="org.cs362.dominion.Turn.java" Intrnl_Id="1258">
<LocList>
<Loc EndOffset="2004" SrcFileId="6" StartOffset="1987"/>
</LocList>
</BasicStmnt>
<BasicStmnt CovItemId="S46" CovItemPrefix="org.cs362.dominion.Turn.java" Intrnl_Id="1259">
<LocList>
<Loc EndOffset="2014" SrcFileId="6" StartOffset="2008"/>
</LocList>
</BasicStmnt>
</StmntSeq>
</Branch>
<Branch CovItemId="B18" CovItemPrefix="org.cs362.dominion.Turn.java" Implct="false" Intrnl_Id="1260">
<Cond>
<Loc EndOffset="2023" SrcFileId="6" StartOffset="2017"/>
</Cond>
<LocList>
<Loc EndOffset="2381" SrcFileId="6" StartOffset="2028"/>
</LocList>
<StmntSeq Intrnl_Id="1261">
<LocList>
<Loc EndOffset="2067" SrcFileId="6" StartOffset="2028"/>
<Loc EndOffset="2278" SrcFileId="6" StartOffset="2071"/>
<Loc EndOffset="2315" SrcFileId="6" StartOffset="2282"/>
<Loc EndOffset="2350" SrcFileId="6" StartOffset="2319"/>
<Loc EndOffset="2371" SrcFileId="6" StartOffset="2354"/>
<Loc EndOffset="2381" SrcFileId="6" StartOffset="2375"/>
</LocList>
<BasicStmnt CovItemId="S47" CovItemPrefix="org.cs362.dominion.Turn.java" Intrnl_Id="1262">
<LocList>
<Loc EndOffset="2067" SrcFileId="6" StartOffset="2028"/>
</LocList>
</BasicStmnt>
<CondStmnt CovItemId="S48" CovItemPrefix="org.cs362.dominion.Turn.java" Intrnl_Id="1263">
<Branch CovItemId="B19" CovItemPrefix="org.cs362.dominion.Turn.java" Implct="false" Intrnl_Id="1264">
<Cond/>
<LocList>
<Loc EndOffset="2278" SrcFileId="6" StartOffset="2104"/>
</LocList>
<StmntSeq Intrnl_Id="1265">
<LocList>
<Loc EndOffset="2268" SrcFileId="6" StartOffset="2110"/>
</LocList>
<LoopStmnt CovItemId="S49" CovItemPrefix="org.cs362.dominion.Turn.java" Intrnl_Id="1266" MltplExecId="L4-2" MltplExecPrefix="org.cs362.dominion.Turn.java" NvrExecId="L4-0" NvrExecPrefix="org.cs362.dominion.Turn.java" OnceExecutedId="L4-1" OnceExecutedPrefix="org.cs362.dominion.Turn.java" OptBodyExec="true">
<StmntSeq Intrnl_Id="1267">
<LocList>
<Loc EndOffset="2216" SrcFileId="6" StartOffset="2177"/>
<Loc EndOffset="2262" SrcFileId="6" StartOffset="2222"/>
</LocList>
<BasicStmnt CovItemId="S50" CovItemPrefix="org.cs362.dominion.Turn.java" Intrnl_Id="1268">
<LocList>
<Loc EndOffset="2216" SrcFileId="6" StartOffset="2177"/>
</LocList>
</BasicStmnt>
<CondStmnt CovItemId="S51" CovItemPrefix="org.cs362.dominion.Turn.java" Intrnl_Id="1269">
<Branch CovItemId="B21" CovItemPrefix="org.cs362.dominion.Turn.java" Implct="false" Intrnl_Id="1270">
<Cond/>
<LocList>
<Loc EndOffset="2262" SrcFileId="6" StartOffset="2256"/>
</LocList>
<StmntSeq Intrnl_Id="1271">
<LocList>
<Loc EndOffset="2262" SrcFileId="6" StartOffset="2256"/>
</LocList>
<BasicStmnt CovItemId="S52" CovItemPrefix="org.cs362.dominion.Turn.java" Intrnl_Id="1272">
<LocList>
<Loc EndOffset="2262" SrcFileId="6" StartOffset="2256"/>
</LocList>
</BasicStmnt>
</StmntSeq>
</Branch>
<Branch CovItemId="B22" CovItemPrefix="org.cs362.dominion.Turn.java" Implct="true" Intrnl_Id="1273">
<Cond/>
<LocList/>
<StmntSeq Intrnl_Id="1274">
<LocList/>
</StmntSeq>
</Branch>
<Keyword EndOffset="2224" SrcFileId="6" StartOffset="2222"/>
<LocList>
<Loc EndOffset="2262" SrcFileId="6" StartOffset="2222"/>
</LocList>
<RootTerm CovItemId="C12" CovItemPrefix="org.cs362.dominion.Turn.java" Intrnl_Id="1275">
<BasicBoolTerm Intrnl_Id="1276">
<LocList>
<Loc EndOffset="2254" SrcFileId="6" StartOffset="2225"/>
</LocList>
</BasicBoolTerm>
</RootTerm>
</CondStmnt>
</StmntSeq>
<Keyword EndOffset="2113" SrcFileId="6" StartOffset="2110"/>
<LocList>
<Loc EndOffset="2268" SrcFileId="6" StartOffset="2110"/>
</LocList>
<RootTerm CovItemId="C11" CovItemPrefix="org.cs362.dominion.Turn.java" Intrnl_Id="1277">
<BasicBoolTerm Intrnl_Id="1278">
<LocList>
<Loc EndOffset="2126" SrcFileId="6" StartOffset="2123"/>
</LocList>
</BasicBoolTerm>
</RootTerm>
</LoopStmnt>
</StmntSeq>
</Branch>
<Branch CovItemId="B20" CovItemPrefix="org.cs362.dominion.Turn.java" Implct="true" Intrnl_Id="1279">
<Cond/>
<LocList/>
<StmntSeq Intrnl_Id="1280">
<LocList/>
</StmntSeq>
</Branch>
<Keyword EndOffset="2073" SrcFileId="6" StartOffset="2071"/>
<LocList>
<Loc EndOffset="2278" SrcFileId="6" StartOffset="2071"/>
</LocList>
<RootTerm CovItemId="C10" CovItemPrefix="org.cs362.dominion.Turn.java" Intrnl_Id="1281">
<BasicBoolTerm Intrnl_Id="1282">
<LocList>
<Loc EndOffset="2103" SrcFileId="6" StartOffset="2074"/>
</LocList>
</BasicBoolTerm>
</RootTerm>
</CondStmnt>
<BasicStmnt CovItemId="S53" CovItemPrefix="org.cs362.dominion.Turn.java" Intrnl_Id="1283">
<LocList>
<Loc EndOffset="2315" SrcFileId="6" StartOffset="2282"/>
</LocList>
</BasicStmnt>
<BasicStmnt CovItemId="S54" CovItemPrefix="org.cs362.dominion.Turn.java" Intrnl_Id="1284">
<LocList>
<Loc EndOffset="2350" SrcFileId="6" StartOffset="2319"/>
</LocList>
</BasicStmnt>
<BasicStmnt CovItemId="S55" CovItemPrefix="org.cs362.dominion.Turn.java" Intrnl_Id="1285">
<LocList>
<Loc EndOffset="2371" SrcFileId="6" StartOffset="2354"/>
</LocList>
</BasicStmnt>
<BasicStmnt CovItemId="S56" CovItemPrefix="org.cs362.dominion.Turn.java" Intrnl_Id="1286">
<LocList>
<Loc EndOffset="2381" SrcFileId="6" StartOffset="2375"/>
</LocList>
</BasicStmnt>
</StmntSeq>
</Branch>
<Branch CovItemId="B23" CovItemPrefix="org.cs362.dominion.Turn.java" Implct="false" Intrnl_Id="1287">
<Cond>
<Loc EndOffset="2390" SrcFileId="6" StartOffset="2384"/>
</Cond>
<LocList>
<Loc EndOffset="2748" SrcFileId="6" StartOffset="2395"/>
</LocList>
<StmntSeq Intrnl_Id="1288">
<LocList>
<Loc EndOffset="2434" SrcFileId="6" StartOffset="2395"/>
<Loc EndOffset="2645" SrcFileId="6" StartOffset="2438"/>
<Loc EndOffset="2682" SrcFileId="6" StartOffset="2649"/>
<Loc EndOffset="2717" SrcFileId="6" StartOffset="2686"/>
<Loc EndOffset="2738" SrcFileId="6" StartOffset="2721"/>
<Loc EndOffset="2748" SrcFileId="6" StartOffset="2742"/>
</LocList>
<BasicStmnt CovItemId="S57" CovItemPrefix="org.cs362.dominion.Turn.java" Intrnl_Id="1289">
<LocList>
<Loc EndOffset="2434" SrcFileId="6" StartOffset="2395"/>
</LocList>
</BasicStmnt>
<CondStmnt CovItemId="S58" CovItemPrefix="org.cs362.dominion.Turn.java" Intrnl_Id="1290">
<Branch CovItemId="B24" CovItemPrefix="org.cs362.dominion.Turn.java" Implct="false" Intrnl_Id="1291">
<Cond/>
<LocList>
<Loc EndOffset="2645" SrcFileId="6" StartOffset="2471"/>
</LocList>
<StmntSeq Intrnl_Id="1292">
<LocList>
<Loc EndOffset="2635" SrcFileId="6" StartOffset="2477"/>
</LocList>
<LoopStmnt CovItemId="S59" CovItemPrefix="org.cs362.dominion.Turn.java" Intrnl_Id="1293" MltplExecId="L5-2" MltplExecPrefix="org.cs362.dominion.Turn.java" NvrExecId="L5-0" NvrExecPrefix="org.cs362.dominion.Turn.java" OnceExecutedId="L5-1" OnceExecutedPrefix="org.cs362.dominion.Turn.java" OptBodyExec="true">
<StmntSeq Intrnl_Id="1294">
<LocList>
<Loc EndOffset="2583" SrcFileId="6" StartOffset="2544"/>
<Loc EndOffset="2629" SrcFileId="6" StartOffset="2589"/>
</LocList>
<BasicStmnt CovItemId="S60" CovItemPrefix="org.cs362.dominion.Turn.java" Intrnl_Id="1295">
<LocList>
<Loc EndOffset="2583" SrcFileId="6" StartOffset="2544"/>
</LocList>
</BasicStmnt>
<CondStmnt CovItemId="S61" CovItemPrefix="org.cs362.dominion.Turn.java" Intrnl_Id="1296">
<Branch CovItemId="B26" CovItemPrefix="org.cs362.dominion.Turn.java" Implct="false" Intrnl_Id="1297">
<Cond/>
<LocList>
<Loc EndOffset="2629" SrcFileId="6" StartOffset="2623"/>
</LocList>
<StmntSeq Intrnl_Id="1298">
<LocList>
<Loc EndOffset="2629" SrcFileId="6" StartOffset="2623"/>
</LocList>
<BasicStmnt CovItemId="S62" CovItemPrefix="org.cs362.dominion.Turn.java" Intrnl_Id="1299">
<LocList>
<Loc EndOffset="2629" SrcFileId="6" StartOffset="2623"/>
</LocList>
</BasicStmnt>
</StmntSeq>
</Branch>
<Branch CovItemId="B27" CovItemPrefix="org.cs362.dominion.Turn.java" Implct="true" Intrnl_Id="1300">
<Cond/>
<LocList/>
<StmntSeq Intrnl_Id="1301">
<LocList/>
</StmntSeq>
</Branch>
<Keyword EndOffset="2591" SrcFileId="6" StartOffset="2589"/>
<LocList>
<Loc EndOffset="2629" SrcFileId="6" StartOffset="2589"/>
</LocList>
<RootTerm CovItemId="C15" CovItemPrefix="org.cs362.dominion.Turn.java" Intrnl_Id="1302">
<BasicBoolTerm Intrnl_Id="1303">
<LocList>
<Loc EndOffset="2621" SrcFileId="6" StartOffset="2592"/>
</LocList>
</BasicBoolTerm>
</RootTerm>
</CondStmnt>
</StmntSeq>
<Keyword EndOffset="2480" SrcFileId="6" StartOffset="2477"/>
<LocList>
<Loc EndOffset="2635" SrcFileId="6" StartOffset="2477"/>
</LocList>
<RootTerm CovItemId="C14" CovItemPrefix="org.cs362.dominion.Turn.java" Intrnl_Id="1304">
<BasicBoolTerm Intrnl_Id="1305">
<LocList>
<Loc EndOffset="2493" SrcFileId="6" StartOffset="2490"/>
</LocList>
</BasicBoolTerm>
</RootTerm>
</LoopStmnt>
</StmntSeq>
</Branch>
<Branch CovItemId="B25" CovItemPrefix="org.cs362.dominion.Turn.java" Implct="true" Intrnl_Id="1306">
<Cond/>
<LocList/>
<StmntSeq Intrnl_Id="1307">
<LocList/>
</StmntSeq>
</Branch>
<Keyword EndOffset="2440" SrcFileId="6" StartOffset="2438"/>
<LocList>
<Loc EndOffset="2645" SrcFileId="6" StartOffset="2438"/>
</LocList>
<RootTerm CovItemId="C13" CovItemPrefix="org.cs362.dominion.Turn.java" Intrnl_Id="1308">
<BasicBoolTerm Intrnl_Id="1309">
<LocList>
<Loc EndOffset="2470" SrcFileId="6" StartOffset="2441"/>
</LocList>
</BasicBoolTerm>
</RootTerm>
</CondStmnt>
<BasicStmnt CovItemId="S63" CovItemPrefix="org.cs362.dominion.Turn.java" Intrnl_Id="1310">
<LocList>
<Loc EndOffset="2682" SrcFileId="6" StartOffset="2649"/>
</LocList>
</BasicStmnt>
<BasicStmnt CovItemId="S64" CovItemPrefix="org.cs362.dominion.Turn.java" Intrnl_Id="1311">
<LocList>
<Loc EndOffset="2717" SrcFileId="6" StartOffset="2686"/>
</LocList>
</BasicStmnt>
<BasicStmnt CovItemId="S65" CovItemPrefix="org.cs362.dominion.Turn.java" Intrnl_Id="1312">
<LocList>
<Loc EndOffset="2738" SrcFileId="6" StartOffset="2721"/>
</LocList>
</BasicStmnt>
<BasicStmnt CovItemId="S66" CovItemPrefix="org.cs362.dominion.Turn.java" Intrnl_Id="1313">
<LocList>
<Loc EndOffset="2748" SrcFileId="6" StartOffset="2742"/>
</LocList>
</BasicStmnt>
</StmntSeq>
</Branch>
<Branch CovItemId="B28" CovItemPrefix="org.cs362.dominion.Turn.java" Implct="false" Intrnl_Id="1314">
<Cond>
<Loc EndOffset="2758" SrcFileId="6" StartOffset="2751"/>
</Cond>
<LocList>
<Loc EndOffset="2934" SrcFileId="6" StartOffset="2764"/>
</LocList>
<StmntSeq Intrnl_Id="1315">
<LocList>
<Loc EndOffset="2934" SrcFileId="6" StartOffset="2764"/>
</LocList>
<CondStmnt CovItemId="S67" CovItemPrefix="org.cs362.dominion.Turn.java" Intrnl_Id="1316">
<Branch CovItemId="B29" CovItemPrefix="org.cs362.dominion.Turn.java" Implct="false" Intrnl_Id="1317">
<Cond/>
<LocList>
<Loc EndOffset="2934" SrcFileId="6" StartOffset="2802"/>
</LocList>
<StmntSeq Intrnl_Id="1318">
<LocList>
<Loc EndOffset="2843" SrcFileId="6" StartOffset="2808"/>
<Loc EndOffset="2881" SrcFileId="6" StartOffset="2848"/>
<Loc EndOffset="2903" SrcFileId="6" StartOffset="2886"/>
<Loc EndOffset="2928" SrcFileId="6" StartOffset="2908"/>
</LocList>
<BasicStmnt CovItemId="S68" CovItemPrefix="org.cs362.dominion.Turn.java" Intrnl_Id="1319">
<LocList>
<Loc EndOffset="2843" SrcFileId="6" StartOffset="2808"/>
</LocList>
</BasicStmnt>
<BasicStmnt CovItemId="S69" CovItemPrefix="org.cs362.dominion.Turn.java" Intrnl_Id="1320">
<LocList>
<Loc EndOffset="2881" SrcFileId="6" StartOffset="2848"/>
</LocList>
</BasicStmnt>
<BasicStmnt CovItemId="S70" CovItemPrefix="org.cs362.dominion.Turn.java" Intrnl_Id="1321">
<LocList>
<Loc EndOffset="2903" SrcFileId="6" StartOffset="2886"/>
</LocList>
</BasicStmnt>
<BasicStmnt CovItemId="S71" CovItemPrefix="org.cs362.dominion.Turn.java" Intrnl_Id="1322">
<LocList>
<Loc EndOffset="2928" SrcFileId="6" StartOffset="2908"/>
</LocList>
</BasicStmnt>
</StmntSeq>
</Branch>
<Branch CovItemId="B30" CovItemPrefix="org.cs362.dominion.Turn.java" Implct="true" Intrnl_Id="1323">
<Cond/>
<LocList/>
<StmntSeq Intrnl_Id="1324">
<LocList/>
</StmntSeq>
</Branch>
<Keyword EndOffset="2766" SrcFileId="6" StartOffset="2764"/>
<LocList>
<Loc EndOffset="2934" SrcFileId="6" StartOffset="2764"/>
</LocList>
<RootTerm CovItemId="C16" CovItemPrefix="org.cs362.dominion.Turn.java" Intrnl_Id="1325">
<BasicBoolTerm Intrnl_Id="1326">
<LocList>
<Loc EndOffset="2796" SrcFileId="6" StartOffset="2767"/>
</LocList>
</BasicBoolTerm>
</RootTerm>
</CondStmnt>
</StmntSeq>
</Branch>
<Keyword EndOffset="809" SrcFileId="6" StartOffset="803"/>
<LocList>
<Loc EndOffset="2938" SrcFileId="6" StartOffset="803"/>
</LocList>
</CondStmnt>
<BasicStmnt CovItemId="S72" CovItemPrefix="org.cs362.dominion.Turn.java" Intrnl_Id="1327">
<LocList>
<Loc EndOffset="3005" SrcFileId="6" StartOffset="2941"/>
</LocList>
</BasicStmnt>
<BasicStmnt CovItemId="S73" CovItemPrefix="org.cs362.dominion.Turn.java" Intrnl_Id="1328">
<LocList>
<Loc EndOffset="3064" SrcFileId="6" StartOffset="3057"/>
</LocList>
</BasicStmnt>
</StmntSeq>
</HierarchyLvl>
<HierarchyLvl HierarchyLvlId="241" HierarchyLvlTypeId="9" Intrnl_Id="1329" Name="spend">
<Header>
<Loc EndOffset="3112" SrcFileId="6" StartOffset="3073"/>
</Header>
<LocList>
<Loc EndOffset="3367" SrcFileId="6" StartOffset="3073"/>
</LocList>
<StmntSeq Intrnl_Id="1330">
<LocList>
<Loc EndOffset="3167" SrcFileId="6" StartOffset="3117"/>
<Loc EndOffset="3361" SrcFileId="6" StartOffset="3185"/>
</LocList>
<BasicStmnt CovItemId="S74" CovItemPrefix="org.cs362.dominion.Turn.java" Intrnl_Id="1331">
<LocList>
<Loc EndOffset="3167" SrcFileId="6" StartOffset="3117"/>
</LocList>
</BasicStmnt>
<LoopStmnt CovItemId="S75" CovItemPrefix="org.cs362.dominion.Turn.java" Intrnl_Id="1332" MltplExecId="L6-2" MltplExecPrefix="org.cs362.dominion.Turn.java" NvrExecId="L6-0" NvrExecPrefix="org.cs362.dominion.Turn.java" OnceExecutedId="L6-1" OnceExecutedPrefix="org.cs362.dominion.Turn.java" OptBodyExec="true">
<StmntSeq Intrnl_Id="1333">
<LocList>
<Loc EndOffset="3238" SrcFileId="6" StartOffset="3215"/>
<Loc EndOffset="3357" SrcFileId="6" StartOffset="3242"/>
</LocList>
<BasicStmnt CovItemId="S76" CovItemPrefix="org.cs362.dominion.Turn.java" Intrnl_Id="1334">
<LocList>
<Loc EndOffset="3238" SrcFileId="6" StartOffset="3215"/>
</LocList>
</BasicStmnt>
<CondStmnt CovItemId="S77" CovItemPrefix="org.cs362.dominion.Turn.java" Intrnl_Id="1335">
<Branch CovItemId="B31" CovItemPrefix="org.cs362.dominion.Turn.java" Implct="false" Intrnl_Id="1336">
<Cond/>
<LocList>
<Loc EndOffset="3357" SrcFileId="6" StartOffset="3260"/>
</LocList>
<StmntSeq Intrnl_Id="1337">
<LocList>
<Loc EndOffset="3282" SrcFileId="6" StartOffset="3266"/>
<Loc EndOffset="3327" SrcFileId="6" StartOffset="3287"/>
<Loc EndOffset="3352" SrcFileId="6" StartOffset="3337"/>
</LocList>
<BasicStmnt CovItemId="S78" CovItemPrefix="org.cs362.dominion.Turn.java" Intrnl_Id="1338">
<LocList>
<Loc EndOffset="3282" SrcFileId="6" StartOffset="3266"/>
</LocList>
</BasicStmnt>
<BasicStmnt CovItemId="S79" CovItemPrefix="org.cs362.dominion.Turn.java" Intrnl_Id="1339">
<LocList>
<Loc EndOffset="3327" SrcFileId="6" StartOffset="3287"/>
</LocList>
</BasicStmnt>
<CondStmnt CovItemId="S80" CovItemPrefix="org.cs362.dominion.Turn.java" Intrnl_Id="1340">
<Branch CovItemId="B33" CovItemPrefix="org.cs362.dominion.Turn.java" Implct="false" Intrnl_Id="1341">
<Cond/>
<LocList>
<Loc EndOffset="3352" SrcFileId="6" StartOffset="3345"/>
</LocList>
<StmntSeq Intrnl_Id="1342">
<LocList>
<Loc EndOffset="3352" SrcFileId="6" StartOffset="3345"/>
</LocList>
<BasicStmnt CovItemId="S81" CovItemPrefix="org.cs362.dominion.Turn.java" Intrnl_Id="1343">
<LocList>
<Loc EndOffset="3352" SrcFileId="6" StartOffset="3345"/>
</LocList>
</BasicStmnt>
</StmntSeq>
</Branch>
<Branch CovItemId="B34" CovItemPrefix="org.cs362.dominion.Turn.java" Implct="true" Intrnl_Id="1344">
<Cond/>
<LocList/>
<StmntSeq Intrnl_Id="1345">
<LocList/>
</StmntSeq>
</Branch>
<Keyword EndOffset="3339" SrcFileId="6" StartOffset="3337"/>
<LocList>
<Loc EndOffset="3352" SrcFileId="6" StartOffset="3337"/>
</LocList>
<RootTerm CovItemId="C19" CovItemPrefix="org.cs362.dominion.Turn.java" Intrnl_Id="1346">
<BasicBoolTerm Intrnl_Id="1347">
<LocList>
<Loc EndOffset="3343" SrcFileId="6" StartOffset="3340"/>
</LocList>
</BasicBoolTerm>
</RootTerm>
</CondStmnt>
</StmntSeq>
</Branch>
<Branch CovItemId="B32" CovItemPrefix="org.cs362.dominion.Turn.java" Implct="true" Intrnl_Id="1348">
<Cond/>
<LocList/>
<StmntSeq Intrnl_Id="1349">
<LocList/>
</StmntSeq>
</Branch>
<Keyword EndOffset="3244" SrcFileId="6" StartOffset="3242"/>
<LocList>
<Loc EndOffset="3357" SrcFileId="6" StartOffset="3242"/>
</LocList>
<RootTerm CovItemId="C18" CovItemPrefix="org.cs362.dominion.Turn.java" Intrnl_Id="1350">
<BasicBoolTerm Intrnl_Id="1351">
<LocList>
<Loc EndOffset="3259" SrcFileId="6" StartOffset="3245"/>
</LocList>
</BasicBoolTerm>
</RootTerm>
</CondStmnt>
</StmntSeq>
<Keyword EndOffset="3190" SrcFileId="6" StartOffset="3185"/>
<LocList>
<Loc EndOffset="3361" SrcFileId="6" StartOffset="3185"/>
</LocList>
<RootTerm CovItemId="C17" CovItemPrefix="org.cs362.dominion.Turn.java" Intrnl_Id="1352">
<BasicBoolTerm Intrnl_Id="1353">
<LocList>
<Loc EndOffset="3209" SrcFileId="6" StartOffset="3191"/>
</LocList>
</BasicBoolTerm>
</RootTerm>
</LoopStmnt>
</StmntSeq>
</HierarchyLvl>
<HierarchyLvl HierarchyLvlId="242" HierarchyLvlTypeId="9" Intrnl_Id="1354" Name="endTurn">
<Header>
<Loc EndOffset="3404" SrcFileId="6" StartOffset="3370"/>
</Header>
<LocList>
<Loc EndOffset="3514" SrcFileId="6" StartOffset="3370"/>
</LocList>
<StmntSeq Intrnl_Id="1355">
<LocList>
<Loc EndOffset="3495" SrcFileId="6" StartOffset="3409"/>
<Loc EndOffset="3511" SrcFileId="6" StartOffset="3498"/>
</LocList>
<LoopStmnt CovItemId="S82" CovItemPrefix="org.cs362.dominion.Turn.java" Intrnl_Id="1356" MltplExecId="L7-2" MltplExecPrefix="org.cs362.dominion.Turn.java" NvrExecId="L7-0" NvrExecPrefix="org.cs362.dominion.Turn.java" OnceExecutedId="L7-1" OnceExecutedPrefix="org.cs362.dominion.Turn.java" OptBodyExec="true">
<StmntSeq Intrnl_Id="1357">
<LocList>
<Loc EndOffset="3491" SrcFileId="6" StartOffset="3446"/>
</LocList>
<BasicStmnt CovItemId="S83" CovItemPrefix="org.cs362.dominion.Turn.java" Intrnl_Id="1358">
<LocList>
<Loc EndOffset="3491" SrcFileId="6" StartOffset="3446"/>
</LocList>
</BasicStmnt>
</StmntSeq>
<Keyword EndOffset="3412" SrcFileId="6" StartOffset="3409"/>
<LocList>
<Loc EndOffset="3495" SrcFileId="6" StartOffset="3409"/>
</LocList>
<RootTerm CovItemId="C20" CovItemPrefix="org.cs362.dominion.Turn.java" Intrnl_Id="1359">
<BasicBoolTerm Intrnl_Id="1360">
<LocList>
<Loc EndOffset="3435" SrcFileId="6" StartOffset="3422"/>
</LocList>
</BasicBoolTerm>
</RootTerm>
</LoopStmnt>
<BasicStmnt CovItemId="S84" CovItemPrefix="org.cs362.dominion.Turn.java" Intrnl_Id="1361">
<LocList>
<Loc EndOffset="3511" SrcFileId="6" StartOffset="3498"/>
</LocList>
</BasicStmnt>
</StmntSeq>
</HierarchyLvl>
<HierarchyLvl HierarchyLvlId="243" HierarchyLvlTypeId="9" Intrnl_Id="1362" Name="takeTurn">
<Header>
<Loc EndOffset="3593" SrcFileId="6" StartOffset="3518"/>
</Header>
<LocList>
<Loc EndOffset="3870" SrcFileId="6" StartOffset="3518"/>
</LocList>
<StmntSeq Intrnl_Id="1363">
<LocList>
<Loc EndOffset="3677" SrcFileId="6" StartOffset="3597"/>
<Loc EndOffset="3844" SrcFileId="6" StartOffset="3687"/>
<Loc EndOffset="3866" SrcFileId="6" StartOffset="3850"/>
</LocList>
<LoopStmnt CovItemId="S85" CovItemPrefix="org.cs362.dominion.Turn.java" Intrnl_Id="1364" MltplExecId="L8-2" MltplExecPrefix="org.cs362.dominion.Turn.java" NvrExecId="L8-0" NvrExecPrefix="org.cs362.dominion.Turn.java" OnceExecutedId="L8-1" OnceExecutedPrefix="org.cs362.dominion.Turn.java" OptBodyExec="true">
<StmntSeq Intrnl_Id="1365">
<LocList>
<Loc EndOffset="3659" SrcFileId="6" StartOffset="3620"/>
<Loc EndOffset="3673" SrcFileId="6" StartOffset="3663"/>
</LocList>
<BasicStmnt CovItemId="S86" CovItemPrefix="org.cs362.dominion.Turn.java" Intrnl_Id="1366">
<LocList>
<Loc EndOffset="3659" SrcFileId="6" StartOffset="3620"/>
</LocList>
</BasicStmnt>
<BasicStmnt CovItemId="S87" CovItemPrefix="org.cs362.dominion.Turn.java" Intrnl_Id="1367">
<LocList>
<Loc EndOffset="3673" SrcFileId="6" StartOffset="3663"/>
</LocList>
</BasicStmnt>
</StmntSeq>
<Keyword EndOffset="3602" SrcFileId="6" StartOffset="3597"/>
<LocList>
<Loc EndOffset="3677" SrcFileId="6" StartOffset="3597"/>
</LocList>
<RootTerm CovItemId="C21" CovItemPrefix="org.cs362.dominion.Turn.java" Intrnl_Id="1368">
<BasicBoolTerm Intrnl_Id="1369">
<LocList>
<Loc EndOffset="3614" SrcFileId="6" StartOffset="3603"/>
</LocList>
</BasicBoolTerm>
</RootTerm>
</LoopStmnt>
<LoopStmnt CovItemId="S88" CovItemPrefix="org.cs362.dominion.Turn.java" Intrnl_Id="1370" MltplExecId="L9-2" MltplExecPrefix="org.cs362.dominion.Turn.java" NvrExecId="L9-0" NvrExecPrefix="org.cs362.dominion.Turn.java" OnceExecutedId="L9-1" OnceExecutedPrefix="org.cs362.dominion.Turn.java" OptBodyExec="true">
<StmntSeq Intrnl_Id="1371">
<LocList>
<Loc EndOffset="3797" SrcFileId="6" StartOffset="3707"/>
<Loc EndOffset="3829" SrcFileId="6" StartOffset="3801"/>
<Loc EndOffset="3840" SrcFileId="6" StartOffset="3833"/>
</LocList>
<LoopStmnt CovItemId="S89" CovItemPrefix="org.cs362.dominion.Turn.java" Intrnl_Id="1372" MltplExecId="L10-2" MltplExecPrefix="org.cs362.dominion.Turn.java" NvrExecId="L10-0" NvrExecPrefix="org.cs362.dominion.Turn.java" OnceExecutedId="L10-1" OnceExecutedPrefix="org.cs362.dominion.Turn.java" OptBodyExec="true">
<StmntSeq Intrnl_Id="1373">
<LocList>
<Loc EndOffset="3773" SrcFileId="6" StartOffset="3745"/>
</LocList>
<BasicStmnt CovItemId="S90" CovItemPrefix="org.cs362.dominion.Turn.java" Intrnl_Id="1374">
<LocList>
<Loc EndOffset="3773" SrcFileId="6" StartOffset="3745"/>
</LocList>
</BasicStmnt>
</StmntSeq>
<Keyword EndOffset="3710" SrcFileId="6" StartOffset="3707"/>
<LocList>
<Loc EndOffset="3797" SrcFileId="6" StartOffset="3707"/>
</LocList>
<RootTerm CovItemId="C23" CovItemPrefix="org.cs362.dominion.Turn.java" Intrnl_Id="1375">
<BasicBoolTerm Intrnl_Id="1376">
<LocList>
<Loc EndOffset="3733" SrcFileId="6" StartOffset="3720"/>
</LocList>
</BasicBoolTerm>
</RootTerm>
</LoopStmnt>
<BasicStmnt CovItemId="S91" CovItemPrefix="org.cs362.dominion.Turn.java" Intrnl_Id="1377">
<LocList>
<Loc EndOffset="3829" SrcFileId="6" StartOffset="3801"/>
</LocList>
</BasicStmnt>
<BasicStmnt CovItemId="S92" CovItemPrefix="org.cs362.dominion.Turn.java" Intrnl_Id="1378">
<LocList>
<Loc EndOffset="3840" SrcFileId="6" StartOffset="3833"/>
</LocList>
</BasicStmnt>
</StmntSeq>
<Keyword EndOffset="3692" SrcFileId="6" StartOffset="3687"/>
<LocList>
<Loc EndOffset="3844" SrcFileId="6" StartOffset="3687"/>
</LocList>
<RootTerm CovItemId="C22" CovItemPrefix="org.cs362.dominion.Turn.java" Intrnl_Id="1379">
<BasicBoolTerm Intrnl_Id="1380">
<LocList>
<Loc EndOffset="3701" SrcFileId="6" StartOffset="3693"/>
</LocList>
</BasicBoolTerm>
</RootTerm>
</LoopStmnt>
<BasicStmnt CovItemId="S93" CovItemPrefix="org.cs362.dominion.Turn.java" Intrnl_Id="1381">
<LocList>
<Loc EndOffset="3866" SrcFileId="6" StartOffset="3850"/>
</LocList>
</BasicStmnt>
</StmntSeq>
</HierarchyLvl>
<HierarchyLvl HierarchyLvlId="244" HierarchyLvlTypeId="9" Intrnl_Id="1382" Name="playAction">
<Header>
<Loc EndOffset="3950" SrcFileId="6" StartOffset="3873"/>
</Header>
<LocList>
<Loc EndOffset="4609" SrcFileId="6" StartOffset="3873"/>
</LocList>
<StmntSeq Intrnl_Id="1383">
<LocList>
<Loc EndOffset="4547" SrcFileId="6" StartOffset="3955"/>
<Loc EndOffset="4606" SrcFileId="6" StartOffset="4599"/>
</LocList>
<LoopStmnt CovItemId="S94" CovItemPrefix="org.cs362.dominion.Turn.java" Intrnl_Id="1384" MltplExecId="L11-2" MltplExecPrefix="org.cs362.dominion.Turn.java" NvrExecId="L11-0" NvrExecPrefix="org.cs362.dominion.Turn.java" OnceExecutedId="L11-1" OnceExecutedPrefix="org.cs362.dominion.Turn.java" OptBodyExec="true">
<StmntSeq Intrnl_Id="1385">
<LocList>
<Loc EndOffset="4054" SrcFileId="6" StartOffset="4029"/>
<Loc EndOffset="4543" SrcFileId="6" StartOffset="4058"/>
</LocList>
<CondStmnt CovItemId="S95" CovItemPrefix="org.cs362.dominion.Turn.java" Intrnl_Id="1386">
<Branch CovItemId="B35" CovItemPrefix="org.cs362.dominion.Turn.java" Implct="false" Intrnl_Id="1387">
<Cond/>
<LocList>
<Loc EndOffset="4054" SrcFileId="6" StartOffset="4048"/>
</LocList>
<StmntSeq Intrnl_Id="1388">
<LocList>
<Loc EndOffset="4054" SrcFileId="6" StartOffset="4048"/>
</LocList>
<BasicStmnt CovItemId="S96" CovItemPrefix="org.cs362.dominion.Turn.java" Intrnl_Id="1389">
<LocList>
<Loc EndOffset="4054" SrcFileId="6" StartOffset="4048"/>
</LocList>
</BasicStmnt>
</StmntSeq>
</Branch>
<Branch CovItemId="B36" CovItemPrefix="org.cs362.dominion.Turn.java" Implct="true" Intrnl_Id="1390">
<Cond/>
<LocList/>
<StmntSeq Intrnl_Id="1391">
<LocList/>
</StmntSeq>
</Branch>
<Keyword EndOffset="4031" SrcFileId="6" StartOffset="4029"/>
<LocList>
<Loc EndOffset="4054" SrcFileId="6" StartOffset="4029"/>
</LocList>
<RootTerm CovItemId="C25" CovItemPrefix="org.cs362.dominion.Turn.java" Intrnl_Id="1392">
<BasicBoolTerm Intrnl_Id="1393">
<LocList>
<Loc EndOffset="4046" SrcFileId="6" StartOffset="4032"/>
</LocList>
</BasicBoolTerm>
</RootTerm>
</CondStmnt>
<CondStmnt CovItemId="S97" CovItemPrefix="org.cs362.dominion.Turn.java" Intrnl_Id="1394">
<Branch CovItemId="B37" CovItemPrefix="org.cs362.dominion.Turn.java" Implct="false" Intrnl_Id="1395">
<Cond/>
<LocList>
<Loc EndOffset="4543" SrcFileId="6" StartOffset="4080"/>
</LocList>
<StmntSeq Intrnl_Id="1396">
<LocList>
<Loc EndOffset="4180" SrcFileId="6" StartOffset="4144"/>
<Loc EndOffset="4181" SrcFileId="6" StartOffset="4180"/>
<Loc EndOffset="4216" SrcFileId="6" StartOffset="4186"/>
<Loc EndOffset="4249" SrcFileId="6" StartOffset="4221"/>
<Loc EndOffset="4340" SrcFileId="6" StartOffset="4254"/>
<Loc EndOffset="4367" SrcFileId="6" StartOffset="4345"/>
<Loc EndOffset="4503" SrcFileId="6" StartOffset="4372"/>
<Loc EndOffset="4526" SrcFileId="6" StartOffset="4508"/>
<Loc EndOffset="4538" SrcFileId="6" StartOffset="4531"/>
</LocList>
<BasicStmnt CovItemId="S98" CovItemPrefix="org.cs362.dominion.Turn.java" Intrnl_Id="1397">
<LocList>
<Loc EndOffset="4180" SrcFileId="6" StartOffset="4144"/>
</LocList>
</BasicStmnt>
<BasicStmnt CovItemId="S99" CovItemPrefix="org.cs362.dominion.Turn.java" Intrnl_Id="1398">
<LocList>
<Loc EndOffset="4181" SrcFileId="6" StartOffset="4180"/>
</LocList>
</BasicStmnt>
<BasicStmnt CovItemId="S100" CovItemPrefix="org.cs362.dominion.Turn.java" Intrnl_Id="1399">
<LocList>
<Loc EndOffset="4216" SrcFileId="6" StartOffset="4186"/>
</LocList>
</BasicStmnt>
<BasicStmnt CovItemId="S101" CovItemPrefix="org.cs362.dominion.Turn.java" Intrnl_Id="1400">
<LocList>
<Loc EndOffset="4249" SrcFileId="6" StartOffset="4221"/>
</LocList>
</BasicStmnt>
<LoopStmnt CovItemId="S102" CovItemPrefix="org.cs362.dominion.Turn.java" Intrnl_Id="1401" MltplExecId="L12-2" MltplExecPrefix="org.cs362.dominion.Turn.java" NvrExecId="L12-0" NvrExecPrefix="org.cs362.dominion.Turn.java" OnceExecutedId="L12-1" OnceExecutedPrefix="org.cs362.dominion.Turn.java" OptBodyExec="true">
<StmntSeq Intrnl_Id="1402">
<LocList>
<Loc EndOffset="4334" SrcFileId="6" StartOffset="4306"/>
</LocList>
<BasicStmnt CovItemId="S103" CovItemPrefix="org.cs362.dominion.Turn.java" Intrnl_Id="1403">
<LocList>
<Loc EndOffset="4334" SrcFileId="6" StartOffset="4306"/>
</LocList>
</BasicStmnt>
</StmntSeq>
<Keyword EndOffset="4257" SrcFileId="6" StartOffset="4254"/>
<LocList>
<Loc EndOffset="4340" SrcFileId="6" StartOffset="4254"/>
</LocList>
<RootTerm CovItemId="C27" CovItemPrefix="org.cs362.dominion.Turn.java" Intrnl_Id="1404">
<BasicBoolTerm Intrnl_Id="1405">
<LocList>
<Loc EndOffset="4293" SrcFileId="6" StartOffset="4267"/>
</LocList>
</BasicBoolTerm>
</RootTerm>
</LoopStmnt>
<BasicStmnt CovItemId="S104" CovItemPrefix="org.cs362.dominion.Turn.java" Intrnl_Id="1406">
<LocList>
<Loc EndOffset="4367" SrcFileId="6" StartOffset="4345"/>
</LocList>
</BasicStmnt>
<CondStmnt CovItemId="S105" CovItemPrefix="org.cs362.dominion.Turn.java" Intrnl_Id="1407">
<Branch CovItemId="B39" CovItemPrefix="org.cs362.dominion.Turn.java" Implct="false" Intrnl_Id="1408">
<Cond/>
<LocList>
<Loc EndOffset="4448" SrcFileId="6" StartOffset="4396"/>
</LocList>
<StmntSeq Intrnl_Id="1409">
<LocList>
<Loc EndOffset="4448" SrcFileId="6" StartOffset="4396"/>
</LocList>
<BasicStmnt CovItemId="S106" CovItemPrefix="org.cs362.dominion.Turn.java" Intrnl_Id="1410">
<LocList>
<Loc EndOffset="4448" SrcFileId="6" StartOffset="4396"/>
</LocList>
</BasicStmnt>
</StmntSeq>
</Branch>
<Branch CovItemId="B40" CovItemPrefix="org.cs362.dominion.Turn.java" Implct="false" Intrnl_Id="1411">
<Cond>
<Loc EndOffset="4457" SrcFileId="6" StartOffset="4453"/>
</Cond>
<LocList>
<Loc EndOffset="4503" SrcFileId="6" StartOffset="4458"/>
</LocList>
<StmntSeq Intrnl_Id="1412">
<LocList>
<Loc EndOffset="4503" SrcFileId="6" StartOffset="4458"/>
</LocList>
<BasicStmnt CovItemId="S107" CovItemPrefix="org.cs362.dominion.Turn.java" Intrnl_Id="1413">
<LocList>
<Loc EndOffset="4503" SrcFileId="6" StartOffset="4458"/>
</LocList>
</BasicStmnt>
</StmntSeq>
</Branch>
<Keyword EndOffset="4374" SrcFileId="6" StartOffset="4372"/>
<LocList>
<Loc EndOffset="4503" SrcFileId="6" StartOffset="4372"/>
</LocList>
<RootTerm CovItemId="C28" CovItemPrefix="org.cs362.dominion.Turn.java" Intrnl_Id="1414">
<BasicBoolTerm Intrnl_Id="1415">
<LocList>
<Loc EndOffset="4394" SrcFileId="6" StartOffset="4375"/>
</LocList>
</BasicBoolTerm>
</RootTerm>
</CondStmnt>
<BasicStmnt CovItemId="S108" CovItemPrefix="org.cs362.dominion.Turn.java" Intrnl_Id="1416">
<LocList>
<Loc EndOffset="4526" SrcFileId="6" StartOffset="4508"/>
</LocList>
</BasicStmnt>
<BasicStmnt CovItemId="S109" CovItemPrefix="org.cs362.dominion.Turn.java" Intrnl_Id="1417">
<LocList>
<Loc EndOffset="4538" SrcFileId="6" StartOffset="4531"/>
</LocList>
</BasicStmnt>
</StmntSeq>
</Branch>
<Branch CovItemId="B38" CovItemPrefix="org.cs362.dominion.Turn.java" Implct="true" Intrnl_Id="1418">
<Cond/>
<LocList/>
<StmntSeq Intrnl_Id="1419">
<LocList/>
</StmntSeq>
</Branch>
<Keyword EndOffset="4060" SrcFileId="6" StartOffset="4058"/>
<LocList>
<Loc EndOffset="4543" SrcFileId="6" StartOffset="4058"/>
</LocList>
<RootTerm CovItemId="C26" CovItemPrefix="org.cs362.dominion.Turn.java" Intrnl_Id="1420">
<BasicBoolTerm Intrnl_Id="1421">
<LocList>
<Loc EndOffset="4079" SrcFileId="6" StartOffset="4061"/>
</LocList>
</BasicBoolTerm>
</RootTerm>
</CondStmnt>
</StmntSeq>
<Keyword EndOffset="3958" SrcFileId="6" StartOffset="3955"/>
<LocList>
<Loc EndOffset="4547" SrcFileId="6" StartOffset="3955"/>
</LocList>
<RootTerm CovItemId="C24" CovItemPrefix="org.cs362.dominion.Turn.java" Intrnl_Id="1422">
<BasicBoolTerm Intrnl_Id="1423">
<LocList>
<Loc EndOffset="3983" SrcFileId="6" StartOffset="3968"/>
</LocList>
</BasicBoolTerm>
</RootTerm>
</LoopStmnt>
<BasicStmnt CovItemId="S110" CovItemPrefix="org.cs362.dominion.Turn.java" Intrnl_Id="1424">
<LocList>
<Loc EndOffset="4606" SrcFileId="6" StartOffset="4599"/>
</LocList>
</BasicStmnt>
</StmntSeq>
</HierarchyLvl>
<HierarchyLvl HierarchyLvlId="245" HierarchyLvlTypeId="9" Intrnl_Id="1425" Name="doTheThing">
<Header>
<Loc EndOffset="4700" SrcFileId="6" StartOffset="4612"/>
</Header>
<LocList>
<Loc EndOffset="6046" SrcFileId="6" StartOffset="4612"/>
</LocList>
<StmntSeq Intrnl_Id="1426">
<LocList>
<Loc EndOffset="4757" SrcFileId="6" StartOffset="4724"/>
<Loc EndOffset="6029" SrcFileId="6" StartOffset="4760"/>
<Loc EndOffset="6042" SrcFileId="6" StartOffset="6035"/>
</LocList>
<BasicStmnt CovItemId="S111" CovItemPrefix="org.cs362.dominion.Turn.java" Intrnl_Id="1427">
<LocList>
<Loc EndOffset="4757" SrcFileId="6" StartOffset="4724"/>
</LocList>
</BasicStmnt>
<CondStmnt CovItemId="S112" CovItemPrefix="org.cs362.dominion.Turn.java" Intrnl_Id="1428">
<Branch CovItemId="B41" CovItemPrefix="org.cs362.dominion.Turn.java" Implct="false" Intrnl_Id="1429">
<Cond>
<Loc EndOffset="4796" SrcFileId="6" StartOffset="4785"/>
</Cond>
<LocList>
<Loc EndOffset="5246" SrcFileId="6" StartOffset="4801"/>
</LocList>
<StmntSeq Intrnl_Id="1430">
<LocList>
<Loc EndOffset="4849" SrcFileId="6" StartOffset="4801"/>
<Loc EndOffset="5175" SrcFileId="6" StartOffset="4875"/>
<Loc EndOffset="5246" SrcFileId="6" StartOffset="5240"/>
</LocList>
<BasicStmnt CovItemId="S113" CovItemPrefix="org.cs362.dominion.Turn.java" Intrnl_Id="1431">
<LocList>
<Loc EndOffset="4849" SrcFileId="6" StartOffset="4801"/>
</LocList>
</BasicStmnt>
<LoopStmnt CovItemId="S114" CovItemPrefix="org.cs362.dominion.Turn.java" Intrnl_Id="1432" MltplExecId="L13-2" MltplExecPrefix="org.cs362.dominion.Turn.java" NvrExecId="L13-0" NvrExecPrefix="org.cs362.dominion.Turn.java" OnceExecutedId="L13-1" OnceExecutedPrefix="org.cs362.dominion.Turn.java" OptBodyExec="true">
<StmntSeq Intrnl_Id="1433">
<LocList>
<Loc EndOffset="4927" SrcFileId="6" StartOffset="4904"/>
<Loc EndOffset="5170" SrcFileId="6" StartOffset="4932"/>
</LocList>
<BasicStmnt CovItemId="S115" CovItemPrefix="org.cs362.dominion.Turn.java" Intrnl_Id="1434">
<LocList>
<Loc EndOffset="4927" SrcFileId="6" StartOffset="4904"/>
</LocList>
</BasicStmnt>
<CondStmnt CovItemId="S116" CovItemPrefix="org.cs362.dominion.Turn.java" Intrnl_Id="1435">
<Branch CovItemId="B42" CovItemPrefix="org.cs362.dominion.Turn.java" Implct="false" Intrnl_Id="1436">
<Cond/>
<LocList>
<Loc EndOffset="5047" SrcFileId="6" StartOffset="4968"/>
</LocList>
<StmntSeq Intrnl_Id="1437">
<LocList>
<Loc EndOffset="4993" SrcFileId="6" StartOffset="4975"/>
<Loc EndOffset="5028" SrcFileId="6" StartOffset="4999"/>
<Loc EndOffset="5041" SrcFileId="6" StartOffset="5034"/>
</LocList>
<BasicStmnt CovItemId="S117" CovItemPrefix="org.cs362.dominion.Turn.java" Intrnl_Id="1438">
<LocList>
<Loc EndOffset="4993" SrcFileId="6" StartOffset="4975"/>
</LocList>
</BasicStmnt>
<BasicStmnt CovItemId="S118" CovItemPrefix="org.cs362.dominion.Turn.java" Intrnl_Id="1439">
<LocList>
<Loc EndOffset="5028" SrcFileId="6" StartOffset="4999"/>
</LocList>
</BasicStmnt>
<BasicStmnt CovItemId="S119" CovItemPrefix="org.cs362.dominion.Turn.java" Intrnl_Id="1440">
<LocList>
<Loc EndOffset="5041" SrcFileId="6" StartOffset="5034"/>
</LocList>
</BasicStmnt>
</StmntSeq>
</Branch>
<Branch CovItemId="B43" CovItemPrefix="org.cs362.dominion.Turn.java" Implct="false" Intrnl_Id="1441">
<Cond>
<Loc EndOffset="5056" SrcFileId="6" StartOffset="5052"/>
</Cond>
<LocList>
<Loc EndOffset="5170" SrcFileId="6" StartOffset="5057"/>
</LocList>
<StmntSeq Intrnl_Id="1442">
<LocList>
<Loc EndOffset="5170" SrcFileId="6" StartOffset="5057"/>
</LocList>
<CondStmnt CovItemId="S120" CovItemPrefix="org.cs362.dominion.Turn.java" Intrnl_Id="1443">
<Branch CovItemId="B44" CovItemPrefix="org.cs362.dominion.Turn.java" Implct="false" Intrnl_Id="1444">
<Cond/>
<LocList>
<Loc EndOffset="5170" SrcFileId="6" StartOffset="5093"/>
</LocList>
<StmntSeq Intrnl_Id="1445">
<LocList>
<Loc EndOffset="5118" SrcFileId="6" StartOffset="5100"/>
<Loc EndOffset="5151" SrcFileId="6" StartOffset="5124"/>
<Loc EndOffset="5164" SrcFileId="6" StartOffset="5157"/>
</LocList>
<BasicStmnt CovItemId="S121" CovItemPrefix="org.cs362.dominion.Turn.java" Intrnl_Id="1446">
<LocList>
<Loc EndOffset="5118" SrcFileId="6" StartOffset="5100"/>
</LocList>
</BasicStmnt>
<BasicStmnt CovItemId="S122" CovItemPrefix="org.cs362.dominion.Turn.java" Intrnl_Id="1447">
<LocList>
<Loc EndOffset="5151" SrcFileId="6" StartOffset="5124"/>
</LocList>
</BasicStmnt>
<BasicStmnt CovItemId="S123" CovItemPrefix="org.cs362.dominion.Turn.java" Intrnl_Id="1448">
<LocList>
<Loc EndOffset="5164" SrcFileId="6" StartOffset="5157"/>
</LocList>
</BasicStmnt>
</StmntSeq>
</Branch>
<Branch CovItemId="B45" CovItemPrefix="org.cs362.dominion.Turn.java" Implct="true" Intrnl_Id="1449">
<Cond/>
<LocList/>
<StmntSeq Intrnl_Id="1450">
<LocList/>
</StmntSeq>
</Branch>
<Keyword EndOffset="5059" SrcFileId="6" StartOffset="5057"/>
<LocList>
<Loc EndOffset="5170" SrcFileId="6" StartOffset="5057"/>
</LocList>
<RootTerm CovItemId="C31" CovItemPrefix="org.cs362.dominion.Turn.java" Intrnl_Id="1451">
<BasicBoolTerm Intrnl_Id="1452">
<LocList>
<Loc EndOffset="5087" SrcFileId="6" StartOffset="5060"/>
</LocList>
</BasicBoolTerm>
</RootTerm>
</CondStmnt>
</StmntSeq>
</Branch>
<Keyword EndOffset="4934" SrcFileId="6" StartOffset="4932"/>
<LocList>
<Loc EndOffset="5170" SrcFileId="6" StartOffset="4932"/>
</LocList>
<RootTerm CovItemId="C30" CovItemPrefix="org.cs362.dominion.Turn.java" Intrnl_Id="1453">
<BasicBoolTerm Intrnl_Id="1454">
<LocList>
<Loc EndOffset="4962" SrcFileId="6" StartOffset="4935"/>
</LocList>
</BasicBoolTerm>
</RootTerm>
</CondStmnt>
</StmntSeq>
<Keyword EndOffset="4880" SrcFileId="6" StartOffset="4875"/>
<LocList>
<Loc EndOffset="5175" SrcFileId="6" StartOffset="4875"/>
</LocList>
<RootTerm CovItemId="C29" CovItemPrefix="org.cs362.dominion.Turn.java" Intrnl_Id="1455">
<BasicBoolTerm Intrnl_Id="1456">
<LocList>
<Loc EndOffset="4897" SrcFileId="6" StartOffset="4881"/>
</LocList>
</BasicBoolTerm>
</RootTerm>
</LoopStmnt>
<BasicStmnt CovItemId="S124" CovItemPrefix="org.cs362.dominion.Turn.java" Intrnl_Id="1457">
<LocList>
<Loc EndOffset="5246" SrcFileId="6" StartOffset="5240"/>
</LocList>
</BasicStmnt>
</StmntSeq>
</Branch>
<Branch CovItemId="B46" CovItemPrefix="org.cs362.dominion.Turn.java" Implct="false" Intrnl_Id="1458">
<Cond>
<Loc EndOffset="5261" SrcFileId="6" StartOffset="5249"/>
</Cond>
<LocList>
<Loc EndOffset="5840" SrcFileId="6" StartOffset="5266"/>
</LocList>
<StmntSeq Intrnl_Id="1459">
<LocList>
<Loc EndOffset="5284" SrcFileId="6" StartOffset="5266"/>
<Loc EndOffset="5462" SrcFileId="6" StartOffset="5288"/>
<Loc EndOffset="5505" SrcFileId="6" StartOffset="5466"/>
<Loc EndOffset="5840" SrcFileId="6" StartOffset="5509"/>
</LocList>
<BasicStmnt CovItemId="S125" CovItemPrefix="org.cs362.dominion.Turn.java" Intrnl_Id="1460">
<LocList>
<Loc EndOffset="5284" SrcFileId="6" StartOffset="5266"/>
</LocList>
</BasicStmnt>
<BasicStmnt CovItemId="S126" CovItemPrefix="org.cs362.dominion.Turn.java" Intrnl_Id="1461">
<LocList>
<Loc EndOffset="5462" SrcFileId="6" StartOffset="5288"/>
</LocList>
</BasicStmnt>
<BasicStmnt CovItemId="S127" CovItemPrefix="org.cs362.dominion.Turn.java" Intrnl_Id="1462">
<LocList>
<Loc EndOffset="5505" SrcFileId="6" StartOffset="5466"/>
</LocList>
</BasicStmnt>
<CondStmnt CovItemId="S128" CovItemPrefix="org.cs362.dominion.Turn.java" Intrnl_Id="1463">
<Branch CovItemId="B47" CovItemPrefix="org.cs362.dominion.Turn.java" Implct="false" Intrnl_Id="1464">
<Cond/>
<LocList>
<Loc EndOffset="5840" SrcFileId="6" StartOffset="5542"/>
</LocList>
<StmntSeq Intrnl_Id="1465">
<LocList>
<Loc EndOffset="5706" SrcFileId="6" StartOffset="5548"/>
<Loc EndOffset="5824" SrcFileId="6" StartOffset="5710"/>
<Loc EndOffset="5835" SrcFileId="6" StartOffset="5828"/>
</LocList>
<LoopStmnt CovItemId="S129" CovItemPrefix="org.cs362.dominion.Turn.java" Intrnl_Id="1466" MltplExecId="L14-2" MltplExecPrefix="org.cs362.dominion.Turn.java" NvrExecId="L14-0" NvrExecPrefix="org.cs362.dominion.Turn.java" OnceExecutedId="L14-1" OnceExecutedPrefix="org.cs362.dominion.Turn.java" OptBodyExec="true">
<StmntSeq Intrnl_Id="1467">
<LocList>
<Loc EndOffset="5654" SrcFileId="6" StartOffset="5616"/>
<Loc EndOffset="5700" SrcFileId="6" StartOffset="5660"/>
</LocList>
<BasicStmnt CovItemId="S130" CovItemPrefix="org.cs362.dominion.Turn.java" Intrnl_Id="1468">
<LocList>
<Loc EndOffset="5654" SrcFileId="6" StartOffset="5616"/>
</LocList>
</BasicStmnt>
<CondStmnt CovItemId="S131" CovItemPrefix="org.cs362.dominion.Turn.java" Intrnl_Id="1469">
<Branch CovItemId="B49" CovItemPrefix="org.cs362.dominion.Turn.java" Implct="false" Intrnl_Id="1470">
<Cond/>
<LocList>
<Loc EndOffset="5700" SrcFileId="6" StartOffset="5694"/>
</LocList>
<StmntSeq Intrnl_Id="1471">
<LocList>
<Loc EndOffset="5700" SrcFileId="6" StartOffset="5694"/>
</LocList>
<BasicStmnt CovItemId="S132" CovItemPrefix="org.cs362.dominion.Turn.java" Intrnl_Id="1472">
<LocList>
<Loc EndOffset="5700" SrcFileId="6" StartOffset="5694"/>
</LocList>
</BasicStmnt>
</StmntSeq>
</Branch>
<Branch CovItemId="B50" CovItemPrefix="org.cs362.dominion.Turn.java" Implct="true" Intrnl_Id="1473">
<Cond/>
<LocList/>
<StmntSeq Intrnl_Id="1474">
<LocList/>
</StmntSeq>
</Branch>
<Keyword EndOffset="5662" SrcFileId="6" StartOffset="5660"/>
<LocList>
<Loc EndOffset="5700" SrcFileId="6" StartOffset="5660"/>
</LocList>
<RootTerm CovItemId="C34" CovItemPrefix="org.cs362.dominion.Turn.java" Intrnl_Id="1475">
<BasicBoolTerm Intrnl_Id="1476">
<LocList>
<Loc EndOffset="5692" SrcFileId="6" StartOffset="5663"/>
</LocList>
</BasicBoolTerm>
</RootTerm>
</CondStmnt>
</StmntSeq>
<Keyword EndOffset="5551" SrcFileId="6" StartOffset="5548"/>
<LocList>
<Loc EndOffset="5706" SrcFileId="6" StartOffset="5548"/>
</LocList>
<RootTerm CovItemId="C33" CovItemPrefix="org.cs362.dominion.Turn.java" Intrnl_Id="1477">
<BasicBoolTerm Intrnl_Id="1478">
<LocList>
<Loc EndOffset="5565" SrcFileId="6" StartOffset="5561"/>
</LocList>
</BasicBoolTerm>
</RootTerm>
</LoopStmnt>
<CondStmnt CovItemId="S133" CovItemPrefix="org.cs362.dominion.Turn.java" Intrnl_Id="1479">
<Branch CovItemId="B51" CovItemPrefix="org.cs362.dominion.Turn.java" Implct="false" Intrnl_Id="1480">
<Cond/>
<LocList>
<Loc EndOffset="5729" SrcFileId="6" StartOffset="5728"/>
</LocList>
<StmntSeq Intrnl_Id="1481">
<LocList>
<Loc EndOffset="5729" SrcFileId="6" StartOffset="5728"/>
</LocList>
<BasicStmnt CovItemId="S134" CovItemPrefix="org.cs362.dominion.Turn.java" Intrnl_Id="1482">
<LocList>
<Loc EndOffset="5729" SrcFileId="6" StartOffset="5728"/>
</LocList>
</BasicStmnt>
</StmntSeq>
</Branch>
<Branch CovItemId="B52" CovItemPrefix="org.cs362.dominion.Turn.java" Implct="false" Intrnl_Id="1483">
<Cond>
<Loc EndOffset="5794" SrcFileId="6" StartOffset="5790"/>
</Cond>
<LocList>
<Loc EndOffset="5824" SrcFileId="6" StartOffset="5795"/>
</LocList>
<StmntSeq Intrnl_Id="1484">
<LocList>
<Loc EndOffset="5824" SrcFileId="6" StartOffset="5795"/>
</LocList>
<BasicStmnt CovItemId="S135" CovItemPrefix="org.cs362.dominion.Turn.java" Intrnl_Id="1485">
<LocList>
<Loc EndOffset="5824" SrcFileId="6" StartOffset="5795"/>
</LocList>
</BasicStmnt>
</StmntSeq>
</Branch>
<Keyword EndOffset="5712" SrcFileId="6" StartOffset="5710"/>
<LocList>
<Loc EndOffset="5824" SrcFileId="6" StartOffset="5710"/>
</LocList>
<RootTerm CovItemId="C35" CovItemPrefix="org.cs362.dominion.Turn.java" Intrnl_Id="1486">
<BasicBoolTerm Intrnl_Id="1487">
<LocList>
<Loc EndOffset="5727" SrcFileId="6" StartOffset="5713"/>
</LocList>
</BasicBoolTerm>
</RootTerm>
</CondStmnt>
<BasicStmnt CovItemId="S136" CovItemPrefix="org.cs362.dominion.Turn.java" Intrnl_Id="1488">
<LocList>
<Loc EndOffset="5835" SrcFileId="6" StartOffset="5828"/>
</LocList>
</BasicStmnt>
</StmntSeq>
</Branch>
<Branch CovItemId="B48" CovItemPrefix="org.cs362.dominion.Turn.java" Implct="true" Intrnl_Id="1489">
<Cond/>
<LocList/>
<StmntSeq Intrnl_Id="1490">
<LocList/>
</StmntSeq>
</Branch>
<Keyword EndOffset="5511" SrcFileId="6" StartOffset="5509"/>
<LocList>
<Loc EndOffset="5840" SrcFileId="6" StartOffset="5509"/>
</LocList>
<RootTerm CovItemId="C32" CovItemPrefix="org.cs362.dominion.Turn.java" Intrnl_Id="1491">
<BasicBoolTerm Intrnl_Id="1492">
<LocList>
<Loc EndOffset="5541" SrcFileId="6" StartOffset="5512"/>
</LocList>
</BasicBoolTerm>
</RootTerm>
</CondStmnt>
</StmntSeq>
</Branch>
<Branch CovItemId="B53" CovItemPrefix="org.cs362.dominion.Turn.java" Implct="false" Intrnl_Id="1493">
<Cond>
<Loc EndOffset="5857" SrcFileId="6" StartOffset="5843"/>
</Cond>
<LocList>
<Loc EndOffset="6021" SrcFileId="6" StartOffset="5862"/>
</LocList>
<StmntSeq Intrnl_Id="1494">
<LocList>
<Loc EndOffset="5880" SrcFileId="6" StartOffset="5862"/>
<Loc EndOffset="5979" SrcFileId="6" StartOffset="5884"/>
<Loc EndOffset="6010" SrcFileId="6" StartOffset="5983"/>
<Loc EndOffset="6021" SrcFileId="6" StartOffset="6014"/>
</LocList>
<BasicStmnt CovItemId="S137" CovItemPrefix="org.cs362.dominion.Turn.java" Intrnl_Id="1495">
<LocList>
<Loc EndOffset="5880" SrcFileId="6" StartOffset="5862"/>
</LocList>
</BasicStmnt>
<BasicStmnt CovItemId="S138" CovItemPrefix="org.cs362.dominion.Turn.java" Intrnl_Id="1496">
<LocList>
<Loc EndOffset="5979" SrcFileId="6" StartOffset="5884"/>
</LocList>
</BasicStmnt>
<BasicStmnt CovItemId="S139" CovItemPrefix="org.cs362.dominion.Turn.java" Intrnl_Id="1497">
<LocList>
<Loc EndOffset="6010" SrcFileId="6" StartOffset="5983"/>
</LocList>
</BasicStmnt>
<BasicStmnt CovItemId="S140" CovItemPrefix="org.cs362.dominion.Turn.java" Intrnl_Id="1498">
<LocList>
<Loc EndOffset="6021" SrcFileId="6" StartOffset="6014"/>
</LocList>
</BasicStmnt>
</StmntSeq>
</Branch>
<Branch CovItemId="B54" CovItemPrefix="org.cs362.dominion.Turn.java" Implct="true" Intrnl_Id="1499">
<Cond/>
<LocList/>
<StmntSeq Intrnl_Id="1500">
<LocList/>
</StmntSeq>
</Branch>
<Keyword EndOffset="4766" SrcFileId="6" StartOffset="4760"/>
<LocList>
<Loc EndOffset="6029" SrcFileId="6" StartOffset="4760"/>
</LocList>
</CondStmnt>
<BasicStmnt CovItemId="S141" CovItemPrefix="org.cs362.dominion.Turn.java" Intrnl_Id="1501">
<LocList>
<Loc EndOffset="6042" SrcFileId="6" StartOffset="6035"/>
</LocList>
</BasicStmnt>
</StmntSeq>
</HierarchyLvl>
</HierarchyLvl>
</HierarchyLvl>
</HierarchyLvl>
</HierarchyLvl>
</HierarchyLvl>
</MASTRoot>
</TestSessionContainer>
