<?xml version="1.0" encoding="UTF-8"?><TestSessionContainer xmlns="http://www.codecover.org/xml/testsession-container" Date="1489365127027" TestSessionContainerId="55d240a5-ec9c-4af1-a950-ebceff0aaa1d" version="1.0">
<SrcFileList>
<SrcFile Content="package org.cs362.dominion;&#10;&#10;&#10;public class Card {&#10;&#9;String cardType;&#10;&#9;int cost, worth, actionsGranted, buysGranted, cardsGranted, victoryPoints;&#10;&#9;boolean special, action;&#10;&#10;&#9;public Card(String type)&#10;&#9;{&#10;&#9;&#9;cardType=type;&#10;&#9;&#9;action=false;&#10;&#9;&#9;&#10;&#9;&#9;switch(type){&#10;&#9;&#9;&#9;case &quot;copper&quot;:&#10;&#9;&#9;&#9;&#9;makeCopper(this);&#10;&#9;&#9;&#9;&#9;break;&#10;&#9;&#9;&#9;case &quot;silver&quot;:&#10;&#9;&#9;&#9;&#9;makeSilver(this);&#10;&#9;&#9;&#9;&#9;break;&#10;&#9;&#9;&#9;case &quot;gold&quot;:&#10;&#9;&#9;&#9;&#9;makeGold(this);&#10;&#9;&#9;&#9;&#9;break;&#10;&#9;&#9;&#9;case &quot;estate&quot;:&#10;&#9;&#9;&#9;&#9;makeEstate(this);&#10;&#9;&#9;&#9;&#9;break;&#10;&#9;&#9;&#9;case &quot;duchy&quot;:&#10;&#9;&#9;&#9;&#9;makeDuchy(this);&#10;&#9;&#9;&#9;&#9;break;&#10;&#9;&#9;&#9;case &quot;province&quot;:&#10;&#9;&#9;&#9;&#9;makeProvince(this);&#10;&#9;&#9;&#9;&#9;break;&#10;&#9;&#9;&#9;case &quot;adventurer&quot;:&#10;&#9;&#9;&#9;&#9;makeAdventurer(this);&#10;&#9;&#9;&#9;&#9;action=true;&#10;&#9;&#9;&#9;&#9;break;&#10;&#9;&#9;&#9;case &quot;ambassador&quot;:&#10;&#9;&#9;&#9;&#9;makeAmbassador(this);&#10;&#9;&#9;&#9;&#9;action=true;&#10;&#9;&#9;&#9;&#9;break;&#10;&#9;&#9;&#9;case &quot;baron&quot;:&#10;&#9;&#9;&#9;&#9;makeBaron(this);&#10;&#9;&#9;&#9;&#9;action=true;&#10;&#9;&#9;&#9;&#9;break;&#10;&#9;&#9;&#9;case &quot;council room&quot;:&#10;&#9;&#9;&#9;&#9;makeCouncilRoom(this);&#10;&#9;&#9;&#9;&#9;action=true;&#10;&#9;&#9;&#9;&#9;break;&#10;&#9;&#9;&#9;case &quot;cutpurse&quot;:&#10;&#9;&#9;&#9;&#9;makeCutpurse(this);&#10;&#9;&#9;&#9;&#9;action=true;&#10;&#9;&#9;&#9;&#9;break;&#10;&#9;&#9;&#9;case &quot;embargo&quot;:&#10;&#9;&#9;&#9;&#9;makeEmbargo(this);&#10;&#9;&#9;&#9;&#9;action=true;&#10;&#9;&#9;&#9;&#9;break;&#10;&#9;&#9;&#9;case &quot;feast&quot;:&#10;&#9;&#9;&#9;&#9;makeFeast(this);&#10;&#9;&#9;&#9;&#9;action=true;&#10;&#9;&#9;&#9;&#9;break;&#10;&#9;&#9;&#9;case &quot;gardens&quot;:&#10;&#9;&#9;&#9;&#9;makeGardens(this);&#10;&#9;&#9;&#9;&#9;break;&#10;&#9;&#9;&#9;case &quot;great hall&quot;:&#10;&#9;&#9;&#9;&#9;makeGreatHall(this);&#10;&#9;&#9;&#9;&#9;action=true;&#10;&#9;&#9;&#9;&#9;break;&#10;&#9;&#9;&#9;case &quot;mine&quot;:&#10;&#9;&#9;&#9;&#9;makeMine(this);&#10;&#9;&#9;&#9;&#9;action=true;&#10;&#9;&#9;&#9;&#9;break;&#10;&#9;&#9;&#9;case &quot;smithy&quot;:&#10;&#9;&#9;&#9;&#9;makeSmithy(this);&#10;&#9;&#9;&#9;&#9;action=true;&#10;&#9;&#9;&#9;&#9;break;&#10;&#9;&#9;&#9;case &quot;village&quot;:&#10;&#9;&#9;&#9;&#9;makeVillage(this);&#10;&#9;&#9;&#9;&#9;action=true;&#10;&#9;&#9;&#9;&#9;break;&#10;&#9;&#9;&#9;case &quot;woodcutter&quot;:&#10;&#9;&#9;&#9;&#9;makeWoodcutter(this);&#10;&#9;&#9;&#9;&#9;action=true;&#10;&#9;&#9;&#9;&#9;break;&#10;&#9;&#9;&#9;case &quot;curse&quot;:&#10;&#9;&#9;&#9;&#9;makeCurse(this);&#10;&#9;&#9;&#9;&#9;break;&#10;&#9;&#9;&#9;}&#9;&#9;&#10;&#9;&#9;}&#10;&#9;private void makeCurse(Card card) {&#10;&#9;&#9;card.cost=0;&#10;&#9;&#9;card.worth=0;&#10;&#9;&#9;card.actionsGranted=0;&#10;&#9;&#9;card.buysGranted=0;&#10;&#9;&#9;card.cardsGranted=0;&#10;&#9;&#9;card.victoryPoints=(-1);&#10;&#9;&#9;special=false; &#10;&#9;&#9;return;&#10;&#9;&#9;&#10;&#9;}&#10;&#9;private void makeMine(Card card) {&#10;&#9;&#9;card.cost=5;&#10;&#9;&#9;card.worth=0;&#10;&#9;&#9;card.actionsGranted=0;&#10;&#9;&#9;card.buysGranted=0;&#10;&#9;&#9;card.cardsGranted=0;&#10;&#9;&#9;card.victoryPoints=0;&#10;&#9;&#9;special=true; //trash a treasure card, gain a treasure card costing up to 3 more put it in your hand &#10;&#9;&#9;return;&#10;&#9;&#9;&#10;&#9;}&#10;&#9;private void makeGreatHall(Card card) {&#10;&#9;&#9;card.cost=3;&#10;&#9;&#9;card.worth=0;&#10;&#9;&#9;card.actionsGranted=1;&#10;&#9;&#9;card.buysGranted=0;&#10;&#9;&#9;card.cardsGranted=1;&#10;&#9;&#9;card.victoryPoints=1;&#10;&#9;&#9;special=false;  &#10;&#9;&#9;return;&#9;&#10;&#9;&#9;&#10;&#9;}&#10;&#9;private void makeGardens(Card card) {&#10;&#9;&#9;card.cost=4;&#10;&#9;&#9;card.worth=0;&#10;&#9;&#9;card.actionsGranted=0;&#10;&#9;&#9;card.buysGranted=0;&#10;&#9;&#9;card.cardsGranted=0;&#10;&#9;&#9;card.victoryPoints=0;&#10;&#9;&#9;special=true; //worth 1 vp for every 10 cards in deck, (rounded down) &#10;&#9;&#9;return;&#9;&#10;&#9;&#9;&#10;&#9;}&#10;&#9;private void makeFeast(Card card) {&#10;&#9;&#9;card.cost=4;&#10;&#9;&#9;card.worth=0;&#10;&#9;&#9;card.actionsGranted=0;&#10;&#9;&#9;card.buysGranted=0;&#10;&#9;&#9;card.cardsGranted=0;&#10;&#9;&#9;card.victoryPoints=0;&#10;&#9;&#9;special=true; //Trash this card. Gain a card costing up to 5 gold &#10;&#9;&#9;return;&#9;&#10;&#9;&#9;&#10;&#9;}&#10;&#9;private void makeEmbargo(Card card) {&#10;&#9;&#9;card.cost=2;&#10;&#9;&#9;card.worth=2;&#10;&#9;&#9;card.actionsGranted=0;&#10;&#9;&#9;card.buysGranted=0;&#10;&#9;&#9;card.cardsGranted=0;&#10;&#9;&#9;card.victoryPoints=0;&#10;&#9;&#9;special=true; //trash this card, put embargo token on the top of a supply pile/ When a player buys a card, he gains a curse card per embargo token on that pile &#10;&#9;&#9;return;&#9;&#10;&#9;&#9;&#10;&#9;}&#10;&#9;private void makeCutpurse(Card card) {&#10;&#9;&#9;card.cost=4;&#10;&#9;&#9;card.worth=2;&#10;&#9;&#9;card.actionsGranted=0;&#10;&#9;&#9;card.buysGranted=0;&#10;&#9;&#9;card.cardsGranted=0;&#10;&#9;&#9;card.victoryPoints=0;&#10;&#9;&#9;special=true; //Each other player discards a Copper card (or reveals a hand with no Copper)&#10;&#9;&#9;return;&#9;&#10;&#9;&#9;&#10;&#9;}&#10;&#9;private void makeBaron(Card card) {&#10;&#9;&#9;card.cost=4;&#10;&#9;&#9;card.worth=0;&#10;&#9;&#9;card.actionsGranted=0;&#10;&#9;&#9;card.buysGranted=1;&#10;&#9;&#9;card.cardsGranted=0;&#10;&#9;&#9;card.victoryPoints=0;&#10;&#9;&#9;special=true; //You may discard an estate card and gain +4, or gain an estate card&#10;&#9;&#9;return;&#9;&#10;&#9;&#9;&#10;&#9;}&#10;&#9;private void makeAmbassador(Card card) {&#10;&#9;&#9;card.cost=3;&#10;&#9;&#9;card.worth=0;&#10;&#9;&#9;card.actionsGranted=0;&#10;&#9;&#9;card.buysGranted=0;&#10;&#9;&#9;card.cardsGranted=0;&#10;&#9;&#9;card.victoryPoints=0;&#10;&#9;&#9;special=true; //reveal a card from your hand, return up to 2 copies of it from your hand to the Supply, then each other player gains a copy of it /dead/&#10;&#9;&#9;return;&#9;&#10;&#9;&#9;&#10;&#9;}&#10;&#9;private void makeWoodcutter(Card card) {&#10;&#9;&#9;card.cost=3;&#10;&#9;&#9;card.worth=2;&#10;&#9;&#9;card.actionsGranted=0;&#10;&#9;&#9;card.buysGranted=1;&#10;&#9;&#9;card.cardsGranted=0;&#10;&#9;&#9;card.victoryPoints=0;&#10;&#9;&#9;special=false;&#10;&#9;&#9;return;&#9;&#10;&#9;&#9;&#10;&#9;}&#10;&#9;private void makeVillage(Card card) {&#10;&#9;&#9;card.cost=3;&#10;&#9;&#9;card.worth=0;&#10;&#9;&#9;card.actionsGranted=2;&#10;&#9;&#9;card.buysGranted=0;&#10;&#9;&#9;card.cardsGranted=1;&#10;&#9;&#9;card.victoryPoints=0;&#10;&#9;&#9;special=false;&#10;&#9;&#9;return;&#9;&#10;&#9;&#9;&#10;&#9;}&#10;&#9;private void makeSmithy(Card card) {&#10;&#9;&#9;card.cost=4;&#10;&#9;&#9;card.worth=0;&#10;&#9;&#9;card.actionsGranted=0;&#10;&#9;&#9;card.buysGranted=0;&#10;&#9;&#9;card.cardsGranted=3;&#10;&#9;&#9;card.victoryPoints=0;&#10;&#9;&#9;special=false;&#10;&#9;&#9;return;&#9;&#10;&#9;&#9;&#10;&#9;}&#10;&#9;&#10;&#9;private void makeCouncilRoom(Card card) {&#10;&#9;&#9;card.cost=5;&#10;&#9;&#9;card.worth=0;&#10;&#9;&#9;card.actionsGranted=0;&#10;&#9;&#9;card.buysGranted=1;&#10;&#9;&#9;card.cardsGranted=4;&#10;&#9;&#9;card.victoryPoints=0;&#10;&#9;&#9;special=true; //each other player draws a card&#10;&#9;&#9;return;&#9;&#10;&#9;&#9;&#10;&#9;}&#10;&#10;&#9;private void makeAdventurer(Card card) {&#10;&#9;&#9;card.cost=8;&#10;&#9;&#9;card.worth=0;&#10;&#9;&#9;card.actionsGranted=0;&#10;&#9;&#9;card.buysGranted=0;&#10;&#9;&#9;card.cardsGranted=0;&#10;&#9;&#9;card.victoryPoints=6;&#10;&#9;&#9;special=false;&#10;&#9;&#9;return;&#9;&#10;&#9;&#9;&#10;&#9;}&#10;&#9;private void makeProvince(Card card) {&#10;&#9;&#9;card.cost=8;&#10;&#9;&#9;card.worth=0;&#10;&#9;&#9;card.actionsGranted=0;&#10;&#9;&#9;card.buysGranted=0;&#10;&#9;&#9;card.cardsGranted=0;&#10;&#9;&#9;card.victoryPoints=6;&#10;&#9;&#9;special=false;&#10;&#9;&#9;return;&#9;&#10;&#9;&#9;&#10;&#9;}&#10;&#9;private void makeDuchy(Card card) {&#10;&#9;&#9;card.cost=5;&#10;&#9;&#9;card.worth=0;&#10;&#9;&#9;card.actionsGranted=0;&#10;&#9;&#9;card.buysGranted=0;&#10;&#9;&#9;card.cardsGranted=0;&#10;&#9;&#9;card.victoryPoints=3;&#10;&#9;&#9;special=false;&#10;&#9;&#9;return;&#9;&#10;&#9;&#9;&#10;&#9;}&#10;&#9;private void makeEstate(Card card) {&#10;&#9;&#9;card.cost=2;&#10;&#9;&#9;card.worth=0;&#10;&#9;&#9;card.actionsGranted=0;&#10;&#9;&#9;card.buysGranted=0;&#10;&#9;&#9;card.cardsGranted=0;&#10;&#9;&#9;card.victoryPoints=1;&#10;&#9;&#9;special=false;&#10;&#9;&#9;return;&#9;&#10;&#9;&#9;&#10;&#9;}&#10;&#10;&#9;private void makeGold(Card card) {&#10;&#9;&#9;card.cost=6;&#10;&#9;&#9;card.worth=3;&#10;&#9;&#9;card.actionsGranted=0;&#10;&#9;&#9;card.buysGranted=0;&#10;&#9;&#9;card.cardsGranted=0;&#10;&#9;&#9;card.victoryPoints=0;&#10;&#9;&#9;special=false;&#10;&#9;&#9;return;&#9;&#9;&#10;&#9;}&#10;&#10;&#9;private void makeSilver(Card card) {&#10;&#9;&#9;card.cost=3;&#10;&#9;&#9;card.worth=2;&#10;&#9;&#9;card.actionsGranted=0;&#10;&#9;&#9;card.buysGranted=0;&#10;&#9;&#9;card.cardsGranted=0;&#10;&#9;&#9;card.victoryPoints=0;&#10;&#9;&#9;special=false;&#10;&#9;&#9;return;&#10;&#9;&#9;&#10;&#9;}&#10;&#10;&#9;private void makeCopper(Card card) {&#10;&#9;&#9;card.cost=0;&#10;&#9;&#9;card.worth=1;&#10;&#9;&#9;card.actionsGranted=0;&#10;&#9;&#9;card.buysGranted=0;&#10;&#9;&#9;card.cardsGranted=0;&#10;&#9;&#9;card.victoryPoints=0;&#10;&#9;&#9;special=false;&#10;&#9;&#9;return;&#9;&#9;&#10;&#9;&#9;&#10;&#9;}&#10;&#9;&#10;&#9;public String toString(){&#10;&#9;&#9;String myInfo;&#10;&#9;&#9;myInfo=this.cardType;&#10;&#9;&#9;//myInfo=&quot;My name is &quot;+this.cardType;&#10;&#9;&#9;//myInfo+=&quot;. I cost &quot;+this.cost+&quot; gold.\n&quot;;&#10;&#9;&#9;//myInfo+=&quot;I grant &quot;+this.actionsGranted+&quot; actions. &quot;;&#10;&#9;&#9;//myInfo+=&quot;I also grant &quot;+this.buysGranted+&quot; additional buys.\n&quot;;&#10;&#9;&#9;//myInfo+=&quot;I shove &quot;+this.cardsGranted+&quot; more cards into your hand &quot;;&#10;&#9;&#9;//myInfo+=&quot;and am worth &quot;+this.victoryPoints+&quot; victory points. \n&quot;;&#10;&#9;&#9;//myInfo+=&quot;I currently am holding &quot;+this.embargoTokens+&quot; embargo tokens.\n&quot;;&#10;&#9;&#9;//if(this.special==true) myInfo+=&quot;I also do some other stuff\n&quot;;&#10;&#9;&#9;&#10;&#9;&#9;return myInfo;&#10;&#9;}&#10;&#9;&#10;&#9;public String[] allCards(){&#10;&#9;&#9;String allCards[] ={&quot;copper&quot;, &quot;silver&quot;, &quot;gold&quot;, &quot;estate&quot;, &quot;duchy&quot;, &quot;province&quot;, &quot;curse&quot;, &quot;adventurer&quot;, &quot;ambassador&quot;, &quot;baron&quot;, &quot;council room&quot;, &quot;cutpurse&quot;, &quot;embargo&quot;, &quot;feast&quot;, &quot;gardens&quot;, &quot;great hall&quot;, &quot;mine&quot;, &quot;smithy&quot;, &quot;village&quot;, &quot;woodcutter&quot;};&#10;&#9;&#9;return allCards;&#10;&#9;}&#10;&#10;}" Filename="Card.java" Intrnl_Id="1"/>
</SrcFileList>
<CritList>
<CritListEntry Name="org.codecover.model.utils.criteria.LoopCoverage" PluginName="org.codecover"/>
<CritListEntry Name="org.codecover.model.utils.criteria.QMOCoverage" PluginName="org.codecover"/>
<CritListEntry Name="org.codecover.model.utils.criteria.ConditionCoverage" PluginName="org.codecover"/>
<CritListEntry Name="org.codecover.model.utils.criteria.BranchCoverage" PluginName="org.codecover"/>
<CritListEntry Name="org.codecover.model.utils.criteria.SynchronizedStatementCoverage" PluginName="org.codecover"/>
<CritListEntry Name="org.codecover.model.utils.criteria.StatementCoverage" PluginName="org.codecover"/>
</CritList>
<BoolOpList/>
<HierarchyLvlTypeList>
<HierarchyLvlType EnglishName="package" IntrnlName="package" Intrnl_Id="2"/>
<HierarchyLvlType EnglishName="method" IntrnlName="method" Intrnl_Id="3"/>
<HierarchyLvlType EnglishName="class" IntrnlName="class" Intrnl_Id="4"/>
<HierarchyLvlType EnglishName="default package" IntrnlName="default package" Intrnl_Id="5"/>
</HierarchyLvlTypeList>
<MASTRoot>
<HierarchyLvl HierarchyLvlId="30" HierarchyLvlTypeId="5" Intrnl_Id="6" Name="default package">
<Header/>
<LocList/>
<HierarchyLvl HierarchyLvlId="29" HierarchyLvlTypeId="2" Intrnl_Id="7" Name="org">
<Header/>
<LocList/>
<HierarchyLvl HierarchyLvlId="28" HierarchyLvlTypeId="2" Intrnl_Id="8" Name="cs362">
<Header/>
<LocList/>
<HierarchyLvl HierarchyLvlId="27" HierarchyLvlTypeId="2" Intrnl_Id="9" Name="dominion">
<Header/>
<LocList/>
<HierarchyLvl HierarchyLvlId="26" HierarchyLvlTypeId="4" Intrnl_Id="10" Name="Card">
<Header>
<Loc EndOffset="47" SrcFileId="1" StartOffset="30"/>
</Header>
<LocList>
<Loc EndOffset="7041" SrcFileId="1" StartOffset="30"/>
</LocList>
<HierarchyLvl HierarchyLvlId="3" HierarchyLvlTypeId="3" Intrnl_Id="11" Name="Card">
<Header>
<Loc EndOffset="196" SrcFileId="1" StartOffset="172"/>
</Header>
<LocList>
<Loc EndOffset="1526" SrcFileId="1" StartOffset="172"/>
</LocList>
<StmntSeq Intrnl_Id="12">
<LocList>
<Loc EndOffset="216" SrcFileId="1" StartOffset="202"/>
<Loc EndOffset="232" SrcFileId="1" StartOffset="219"/>
<Loc EndOffset="1520" SrcFileId="1" StartOffset="238"/>
</LocList>
<BasicStmnt CovItemId="S1" CovItemPrefix="org.cs362.dominion.Card.java" Intrnl_Id="13">
<LocList>
<Loc EndOffset="216" SrcFileId="1" StartOffset="202"/>
</LocList>
</BasicStmnt>
<BasicStmnt CovItemId="S2" CovItemPrefix="org.cs362.dominion.Card.java" Intrnl_Id="14">
<LocList>
<Loc EndOffset="232" SrcFileId="1" StartOffset="219"/>
</LocList>
</BasicStmnt>
<CondStmnt CovItemId="S3" CovItemPrefix="org.cs362.dominion.Card.java" Intrnl_Id="15">
<Branch CovItemId="B1" CovItemPrefix="org.cs362.dominion.Card.java" Implct="false" Intrnl_Id="16">
<Cond>
<Loc EndOffset="268" SrcFileId="1" StartOffset="255"/>
</Cond>
<LocList>
<Loc EndOffset="302" SrcFileId="1" StartOffset="274"/>
</LocList>
<StmntSeq Intrnl_Id="17">
<LocList>
<Loc EndOffset="291" SrcFileId="1" StartOffset="274"/>
<Loc EndOffset="302" SrcFileId="1" StartOffset="296"/>
</LocList>
<BasicStmnt CovItemId="S4" CovItemPrefix="org.cs362.dominion.Card.java" Intrnl_Id="18">
<LocList>
<Loc EndOffset="291" SrcFileId="1" StartOffset="274"/>
</LocList>
</BasicStmnt>
<BasicStmnt CovItemId="S5" CovItemPrefix="org.cs362.dominion.Card.java" Intrnl_Id="19">
<LocList>
<Loc EndOffset="302" SrcFileId="1" StartOffset="296"/>
</LocList>
</BasicStmnt>
</StmntSeq>
</Branch>
<Branch CovItemId="B2" CovItemPrefix="org.cs362.dominion.Card.java" Implct="false" Intrnl_Id="20">
<Cond>
<Loc EndOffset="319" SrcFileId="1" StartOffset="306"/>
</Cond>
<LocList>
<Loc EndOffset="353" SrcFileId="1" StartOffset="325"/>
</LocList>
<StmntSeq Intrnl_Id="21">
<LocList>
<Loc EndOffset="342" SrcFileId="1" StartOffset="325"/>
<Loc EndOffset="353" SrcFileId="1" StartOffset="347"/>
</LocList>
<BasicStmnt CovItemId="S6" CovItemPrefix="org.cs362.dominion.Card.java" Intrnl_Id="22">
<LocList>
<Loc EndOffset="342" SrcFileId="1" StartOffset="325"/>
</LocList>
</BasicStmnt>
<BasicStmnt CovItemId="S7" CovItemPrefix="org.cs362.dominion.Card.java" Intrnl_Id="23">
<LocList>
<Loc EndOffset="353" SrcFileId="1" StartOffset="347"/>
</LocList>
</BasicStmnt>
</StmntSeq>
</Branch>
<Branch CovItemId="B3" CovItemPrefix="org.cs362.dominion.Card.java" Implct="false" Intrnl_Id="24">
<Cond>
<Loc EndOffset="368" SrcFileId="1" StartOffset="357"/>
</Cond>
<LocList>
<Loc EndOffset="400" SrcFileId="1" StartOffset="374"/>
</LocList>
<StmntSeq Intrnl_Id="25">
<LocList>
<Loc EndOffset="389" SrcFileId="1" StartOffset="374"/>
<Loc EndOffset="400" SrcFileId="1" StartOffset="394"/>
</LocList>
<BasicStmnt CovItemId="S8" CovItemPrefix="org.cs362.dominion.Card.java" Intrnl_Id="26">
<LocList>
<Loc EndOffset="389" SrcFileId="1" StartOffset="374"/>
</LocList>
</BasicStmnt>
<BasicStmnt CovItemId="S9" CovItemPrefix="org.cs362.dominion.Card.java" Intrnl_Id="27">
<LocList>
<Loc EndOffset="400" SrcFileId="1" StartOffset="394"/>
</LocList>
</BasicStmnt>
</StmntSeq>
</Branch>
<Branch CovItemId="B4" CovItemPrefix="org.cs362.dominion.Card.java" Implct="false" Intrnl_Id="28">
<Cond>
<Loc EndOffset="417" SrcFileId="1" StartOffset="404"/>
</Cond>
<LocList>
<Loc EndOffset="451" SrcFileId="1" StartOffset="423"/>
</LocList>
<StmntSeq Intrnl_Id="29">
<LocList>
<Loc EndOffset="440" SrcFileId="1" StartOffset="423"/>
<Loc EndOffset="451" SrcFileId="1" StartOffset="445"/>
</LocList>
<BasicStmnt CovItemId="S10" CovItemPrefix="org.cs362.dominion.Card.java" Intrnl_Id="30">
<LocList>
<Loc EndOffset="440" SrcFileId="1" StartOffset="423"/>
</LocList>
</BasicStmnt>
<BasicStmnt CovItemId="S11" CovItemPrefix="org.cs362.dominion.Card.java" Intrnl_Id="31">
<LocList>
<Loc EndOffset="451" SrcFileId="1" StartOffset="445"/>
</LocList>
</BasicStmnt>
</StmntSeq>
</Branch>
<Branch CovItemId="B5" CovItemPrefix="org.cs362.dominion.Card.java" Implct="false" Intrnl_Id="32">
<Cond>
<Loc EndOffset="467" SrcFileId="1" StartOffset="455"/>
</Cond>
<LocList>
<Loc EndOffset="500" SrcFileId="1" StartOffset="473"/>
</LocList>
<StmntSeq Intrnl_Id="33">
<LocList>
<Loc EndOffset="489" SrcFileId="1" StartOffset="473"/>
<Loc EndOffset="500" SrcFileId="1" StartOffset="494"/>
</LocList>
<BasicStmnt CovItemId="S12" CovItemPrefix="org.cs362.dominion.Card.java" Intrnl_Id="34">
<LocList>
<Loc EndOffset="489" SrcFileId="1" StartOffset="473"/>
</LocList>
</BasicStmnt>
<BasicStmnt CovItemId="S13" CovItemPrefix="org.cs362.dominion.Card.java" Intrnl_Id="35">
<LocList>
<Loc EndOffset="500" SrcFileId="1" StartOffset="494"/>
</LocList>
</BasicStmnt>
</StmntSeq>
</Branch>
<Branch CovItemId="B6" CovItemPrefix="org.cs362.dominion.Card.java" Implct="false" Intrnl_Id="36">
<Cond>
<Loc EndOffset="519" SrcFileId="1" StartOffset="504"/>
</Cond>
<LocList>
<Loc EndOffset="555" SrcFileId="1" StartOffset="525"/>
</LocList>
<StmntSeq Intrnl_Id="37">
<LocList>
<Loc EndOffset="544" SrcFileId="1" StartOffset="525"/>
<Loc EndOffset="555" SrcFileId="1" StartOffset="549"/>
</LocList>
<BasicStmnt CovItemId="S14" CovItemPrefix="org.cs362.dominion.Card.java" Intrnl_Id="38">
<LocList>
<Loc EndOffset="544" SrcFileId="1" StartOffset="525"/>
</LocList>
</BasicStmnt>
<BasicStmnt CovItemId="S15" CovItemPrefix="org.cs362.dominion.Card.java" Intrnl_Id="39">
<LocList>
<Loc EndOffset="555" SrcFileId="1" StartOffset="549"/>
</LocList>
</BasicStmnt>
</StmntSeq>
</Branch>
<Branch CovItemId="B7" CovItemPrefix="org.cs362.dominion.Card.java" Implct="false" Intrnl_Id="40">
<Cond>
<Loc EndOffset="576" SrcFileId="1" StartOffset="559"/>
</Cond>
<LocList>
<Loc EndOffset="631" SrcFileId="1" StartOffset="582"/>
</LocList>
<StmntSeq Intrnl_Id="41">
<LocList>
<Loc EndOffset="603" SrcFileId="1" StartOffset="582"/>
<Loc EndOffset="620" SrcFileId="1" StartOffset="608"/>
<Loc EndOffset="631" SrcFileId="1" StartOffset="625"/>
</LocList>
<BasicStmnt CovItemId="S16" CovItemPrefix="org.cs362.dominion.Card.java" Intrnl_Id="42">
<LocList>
<Loc EndOffset="603" SrcFileId="1" StartOffset="582"/>
</LocList>
</BasicStmnt>
<BasicStmnt CovItemId="S17" CovItemPrefix="org.cs362.dominion.Card.java" Intrnl_Id="43">
<LocList>
<Loc EndOffset="620" SrcFileId="1" StartOffset="608"/>
</LocList>
</BasicStmnt>
<BasicStmnt CovItemId="S18" CovItemPrefix="org.cs362.dominion.Card.java" Intrnl_Id="44">
<LocList>
<Loc EndOffset="631" SrcFileId="1" StartOffset="625"/>
</LocList>
</BasicStmnt>
</StmntSeq>
</Branch>
<Branch CovItemId="B8" CovItemPrefix="org.cs362.dominion.Card.java" Implct="false" Intrnl_Id="45">
<Cond>
<Loc EndOffset="652" SrcFileId="1" StartOffset="635"/>
</Cond>
<LocList>
<Loc EndOffset="707" SrcFileId="1" StartOffset="658"/>
</LocList>
<StmntSeq Intrnl_Id="46">
<LocList>
<Loc EndOffset="679" SrcFileId="1" StartOffset="658"/>
<Loc EndOffset="696" SrcFileId="1" StartOffset="684"/>
<Loc EndOffset="707" SrcFileId="1" StartOffset="701"/>
</LocList>
<BasicStmnt CovItemId="S19" CovItemPrefix="org.cs362.dominion.Card.java" Intrnl_Id="47">
<LocList>
<Loc EndOffset="679" SrcFileId="1" StartOffset="658"/>
</LocList>
</BasicStmnt>
<BasicStmnt CovItemId="S20" CovItemPrefix="org.cs362.dominion.Card.java" Intrnl_Id="48">
<LocList>
<Loc EndOffset="696" SrcFileId="1" StartOffset="684"/>
</LocList>
</BasicStmnt>
<BasicStmnt CovItemId="S21" CovItemPrefix="org.cs362.dominion.Card.java" Intrnl_Id="49">
<LocList>
<Loc EndOffset="707" SrcFileId="1" StartOffset="701"/>
</LocList>
</BasicStmnt>
</StmntSeq>
</Branch>
<Branch CovItemId="B9" CovItemPrefix="org.cs362.dominion.Card.java" Implct="false" Intrnl_Id="50">
<Cond>
<Loc EndOffset="723" SrcFileId="1" StartOffset="711"/>
</Cond>
<LocList>
<Loc EndOffset="773" SrcFileId="1" StartOffset="729"/>
</LocList>
<StmntSeq Intrnl_Id="51">
<LocList>
<Loc EndOffset="745" SrcFileId="1" StartOffset="729"/>
<Loc EndOffset="762" SrcFileId="1" StartOffset="750"/>
<Loc EndOffset="773" SrcFileId="1" StartOffset="767"/>
</LocList>
<BasicStmnt CovItemId="S22" CovItemPrefix="org.cs362.dominion.Card.java" Intrnl_Id="52">
<LocList>
<Loc EndOffset="745" SrcFileId="1" StartOffset="729"/>
</LocList>
</BasicStmnt>
<BasicStmnt CovItemId="S23" CovItemPrefix="org.cs362.dominion.Card.java" Intrnl_Id="53">
<LocList>
<Loc EndOffset="762" SrcFileId="1" StartOffset="750"/>
</LocList>
</BasicStmnt>
<BasicStmnt CovItemId="S24" CovItemPrefix="org.cs362.dominion.Card.java" Intrnl_Id="54">
<LocList>
<Loc EndOffset="773" SrcFileId="1" StartOffset="767"/>
</LocList>
</BasicStmnt>
</StmntSeq>
</Branch>
<Branch CovItemId="B10" CovItemPrefix="org.cs362.dominion.Card.java" Implct="false" Intrnl_Id="55">
<Cond>
<Loc EndOffset="796" SrcFileId="1" StartOffset="777"/>
</Cond>
<LocList>
<Loc EndOffset="852" SrcFileId="1" StartOffset="802"/>
</LocList>
<StmntSeq Intrnl_Id="56">
<LocList>
<Loc EndOffset="824" SrcFileId="1" StartOffset="802"/>
<Loc EndOffset="841" SrcFileId="1" StartOffset="829"/>
<Loc EndOffset="852" SrcFileId="1" StartOffset="846"/>
</LocList>
<BasicStmnt CovItemId="S25" CovItemPrefix="org.cs362.dominion.Card.java" Intrnl_Id="57">
<LocList>
<Loc EndOffset="824" SrcFileId="1" StartOffset="802"/>
</LocList>
</BasicStmnt>
<BasicStmnt CovItemId="S26" CovItemPrefix="org.cs362.dominion.Card.java" Intrnl_Id="58">
<LocList>
<Loc EndOffset="841" SrcFileId="1" StartOffset="829"/>
</LocList>
</BasicStmnt>
<BasicStmnt CovItemId="S27" CovItemPrefix="org.cs362.dominion.Card.java" Intrnl_Id="59">
<LocList>
<Loc EndOffset="852" SrcFileId="1" StartOffset="846"/>
</LocList>
</BasicStmnt>
</StmntSeq>
</Branch>
<Branch CovItemId="B11" CovItemPrefix="org.cs362.dominion.Card.java" Implct="false" Intrnl_Id="60">
<Cond>
<Loc EndOffset="871" SrcFileId="1" StartOffset="856"/>
</Cond>
<LocList>
<Loc EndOffset="924" SrcFileId="1" StartOffset="877"/>
</LocList>
<StmntSeq Intrnl_Id="61">
<LocList>
<Loc EndOffset="896" SrcFileId="1" StartOffset="877"/>
<Loc EndOffset="913" SrcFileId="1" StartOffset="901"/>
<Loc EndOffset="924" SrcFileId="1" StartOffset="918"/>
</LocList>
<BasicStmnt CovItemId="S28" CovItemPrefix="org.cs362.dominion.Card.java" Intrnl_Id="62">
<LocList>
<Loc EndOffset="896" SrcFileId="1" StartOffset="877"/>
</LocList>
</BasicStmnt>
<BasicStmnt CovItemId="S29" CovItemPrefix="org.cs362.dominion.Card.java" Intrnl_Id="63">
<LocList>
<Loc EndOffset="913" SrcFileId="1" StartOffset="901"/>
</LocList>
</BasicStmnt>
<BasicStmnt CovItemId="S30" CovItemPrefix="org.cs362.dominion.Card.java" Intrnl_Id="64">
<LocList>
<Loc EndOffset="924" SrcFileId="1" StartOffset="918"/>
</LocList>
</BasicStmnt>
</StmntSeq>
</Branch>
<Branch CovItemId="B12" CovItemPrefix="org.cs362.dominion.Card.java" Implct="false" Intrnl_Id="65">
<Cond>
<Loc EndOffset="942" SrcFileId="1" StartOffset="928"/>
</Cond>
<LocList>
<Loc EndOffset="994" SrcFileId="1" StartOffset="948"/>
</LocList>
<StmntSeq Intrnl_Id="66">
<LocList>
<Loc EndOffset="966" SrcFileId="1" StartOffset="948"/>
<Loc EndOffset="983" SrcFileId="1" StartOffset="971"/>
<Loc EndOffset="994" SrcFileId="1" StartOffset="988"/>
</LocList>
<BasicStmnt CovItemId="S31" CovItemPrefix="org.cs362.dominion.Card.java" Intrnl_Id="67">
<LocList>
<Loc EndOffset="966" SrcFileId="1" StartOffset="948"/>
</LocList>
</BasicStmnt>
<BasicStmnt CovItemId="S32" CovItemPrefix="org.cs362.dominion.Card.java" Intrnl_Id="68">
<LocList>
<Loc EndOffset="983" SrcFileId="1" StartOffset="971"/>
</LocList>
</BasicStmnt>
<BasicStmnt CovItemId="S33" CovItemPrefix="org.cs362.dominion.Card.java" Intrnl_Id="69">
<LocList>
<Loc EndOffset="994" SrcFileId="1" StartOffset="988"/>
</LocList>
</BasicStmnt>
</StmntSeq>
</Branch>
<Branch CovItemId="B13" CovItemPrefix="org.cs362.dominion.Card.java" Implct="false" Intrnl_Id="70">
<Cond>
<Loc EndOffset="1010" SrcFileId="1" StartOffset="998"/>
</Cond>
<LocList>
<Loc EndOffset="1060" SrcFileId="1" StartOffset="1016"/>
</LocList>
<StmntSeq Intrnl_Id="71">
<LocList>
<Loc EndOffset="1032" SrcFileId="1" StartOffset="1016"/>
<Loc EndOffset="1049" SrcFileId="1" StartOffset="1037"/>
<Loc EndOffset="1060" SrcFileId="1" StartOffset="1054"/>
</LocList>
<BasicStmnt CovItemId="S34" CovItemPrefix="org.cs362.dominion.Card.java" Intrnl_Id="72">
<LocList>
<Loc EndOffset="1032" SrcFileId="1" StartOffset="1016"/>
</LocList>
</BasicStmnt>
<BasicStmnt CovItemId="S35" CovItemPrefix="org.cs362.dominion.Card.java" Intrnl_Id="73">
<LocList>
<Loc EndOffset="1049" SrcFileId="1" StartOffset="1037"/>
</LocList>
</BasicStmnt>
<BasicStmnt CovItemId="S36" CovItemPrefix="org.cs362.dominion.Card.java" Intrnl_Id="74">
<LocList>
<Loc EndOffset="1060" SrcFileId="1" StartOffset="1054"/>
</LocList>
</BasicStmnt>
</StmntSeq>
</Branch>
<Branch CovItemId="B14" CovItemPrefix="org.cs362.dominion.Card.java" Implct="false" Intrnl_Id="75">
<Cond>
<Loc EndOffset="1078" SrcFileId="1" StartOffset="1064"/>
</Cond>
<LocList>
<Loc EndOffset="1113" SrcFileId="1" StartOffset="1084"/>
</LocList>
<StmntSeq Intrnl_Id="76">
<LocList>
<Loc EndOffset="1102" SrcFileId="1" StartOffset="1084"/>
<Loc EndOffset="1113" SrcFileId="1" StartOffset="1107"/>
</LocList>
<BasicStmnt CovItemId="S37" CovItemPrefix="org.cs362.dominion.Card.java" Intrnl_Id="77">
<LocList>
<Loc EndOffset="1102" SrcFileId="1" StartOffset="1084"/>
</LocList>
</BasicStmnt>
<BasicStmnt CovItemId="S38" CovItemPrefix="org.cs362.dominion.Card.java" Intrnl_Id="78">
<LocList>
<Loc EndOffset="1113" SrcFileId="1" StartOffset="1107"/>
</LocList>
</BasicStmnt>
</StmntSeq>
</Branch>
<Branch CovItemId="B15" CovItemPrefix="org.cs362.dominion.Card.java" Implct="false" Intrnl_Id="79">
<Cond>
<Loc EndOffset="1134" SrcFileId="1" StartOffset="1117"/>
</Cond>
<LocList>
<Loc EndOffset="1188" SrcFileId="1" StartOffset="1140"/>
</LocList>
<StmntSeq Intrnl_Id="80">
<LocList>
<Loc EndOffset="1160" SrcFileId="1" StartOffset="1140"/>
<Loc EndOffset="1177" SrcFileId="1" StartOffset="1165"/>
<Loc EndOffset="1188" SrcFileId="1" StartOffset="1182"/>
</LocList>
<BasicStmnt CovItemId="S39" CovItemPrefix="org.cs362.dominion.Card.java" Intrnl_Id="81">
<LocList>
<Loc EndOffset="1160" SrcFileId="1" StartOffset="1140"/>
</LocList>
</BasicStmnt>
<BasicStmnt CovItemId="S40" CovItemPrefix="org.cs362.dominion.Card.java" Intrnl_Id="82">
<LocList>
<Loc EndOffset="1177" SrcFileId="1" StartOffset="1165"/>
</LocList>
</BasicStmnt>
<BasicStmnt CovItemId="S41" CovItemPrefix="org.cs362.dominion.Card.java" Intrnl_Id="83">
<LocList>
<Loc EndOffset="1188" SrcFileId="1" StartOffset="1182"/>
</LocList>
</BasicStmnt>
</StmntSeq>
</Branch>
<Branch CovItemId="B16" CovItemPrefix="org.cs362.dominion.Card.java" Implct="false" Intrnl_Id="84">
<Cond>
<Loc EndOffset="1203" SrcFileId="1" StartOffset="1192"/>
</Cond>
<LocList>
<Loc EndOffset="1252" SrcFileId="1" StartOffset="1209"/>
</LocList>
<StmntSeq Intrnl_Id="85">
<LocList>
<Loc EndOffset="1224" SrcFileId="1" StartOffset="1209"/>
<Loc EndOffset="1241" SrcFileId="1" StartOffset="1229"/>
<Loc EndOffset="1252" SrcFileId="1" StartOffset="1246"/>
</LocList>
<BasicStmnt CovItemId="S42" CovItemPrefix="org.cs362.dominion.Card.java" Intrnl_Id="86">
<LocList>
<Loc EndOffset="1224" SrcFileId="1" StartOffset="1209"/>
</LocList>
</BasicStmnt>
<BasicStmnt CovItemId="S43" CovItemPrefix="org.cs362.dominion.Card.java" Intrnl_Id="87">
<LocList>
<Loc EndOffset="1241" SrcFileId="1" StartOffset="1229"/>
</LocList>
</BasicStmnt>
<BasicStmnt CovItemId="S44" CovItemPrefix="org.cs362.dominion.Card.java" Intrnl_Id="88">
<LocList>
<Loc EndOffset="1252" SrcFileId="1" StartOffset="1246"/>
</LocList>
</BasicStmnt>
</StmntSeq>
</Branch>
<Branch CovItemId="B17" CovItemPrefix="org.cs362.dominion.Card.java" Implct="false" Intrnl_Id="89">
<Cond>
<Loc EndOffset="1269" SrcFileId="1" StartOffset="1256"/>
</Cond>
<LocList>
<Loc EndOffset="1320" SrcFileId="1" StartOffset="1275"/>
</LocList>
<StmntSeq Intrnl_Id="90">
<LocList>
<Loc EndOffset="1292" SrcFileId="1" StartOffset="1275"/>
<Loc EndOffset="1309" SrcFileId="1" StartOffset="1297"/>
<Loc EndOffset="1320" SrcFileId="1" StartOffset="1314"/>
</LocList>
<BasicStmnt CovItemId="S45" CovItemPrefix="org.cs362.dominion.Card.java" Intrnl_Id="91">
<LocList>
<Loc EndOffset="1292" SrcFileId="1" StartOffset="1275"/>
</LocList>
</BasicStmnt>
<BasicStmnt CovItemId="S46" CovItemPrefix="org.cs362.dominion.Card.java" Intrnl_Id="92">
<LocList>
<Loc EndOffset="1309" SrcFileId="1" StartOffset="1297"/>
</LocList>
</BasicStmnt>
<BasicStmnt CovItemId="S47" CovItemPrefix="org.cs362.dominion.Card.java" Intrnl_Id="93">
<LocList>
<Loc EndOffset="1320" SrcFileId="1" StartOffset="1314"/>
</LocList>
</BasicStmnt>
</StmntSeq>
</Branch>
<Branch CovItemId="B18" CovItemPrefix="org.cs362.dominion.Card.java" Implct="false" Intrnl_Id="94">
<Cond>
<Loc EndOffset="1338" SrcFileId="1" StartOffset="1324"/>
</Cond>
<LocList>
<Loc EndOffset="1390" SrcFileId="1" StartOffset="1344"/>
</LocList>
<StmntSeq Intrnl_Id="95">
<LocList>
<Loc EndOffset="1362" SrcFileId="1" StartOffset="1344"/>
<Loc EndOffset="1379" SrcFileId="1" StartOffset="1367"/>
<Loc EndOffset="1390" SrcFileId="1" StartOffset="1384"/>
</LocList>
<BasicStmnt CovItemId="S48" CovItemPrefix="org.cs362.dominion.Card.java" Intrnl_Id="96">
<LocList>
<Loc EndOffset="1362" SrcFileId="1" StartOffset="1344"/>
</LocList>
</BasicStmnt>
<BasicStmnt CovItemId="S49" CovItemPrefix="org.cs362.dominion.Card.java" Intrnl_Id="97">
<LocList>
<Loc EndOffset="1379" SrcFileId="1" StartOffset="1367"/>
</LocList>
</BasicStmnt>
<BasicStmnt CovItemId="S50" CovItemPrefix="org.cs362.dominion.Card.java" Intrnl_Id="98">
<LocList>
<Loc EndOffset="1390" SrcFileId="1" StartOffset="1384"/>
</LocList>
</BasicStmnt>
</StmntSeq>
</Branch>
<Branch CovItemId="B19" CovItemPrefix="org.cs362.dominion.Card.java" Implct="false" Intrnl_Id="99">
<Cond>
<Loc EndOffset="1411" SrcFileId="1" StartOffset="1394"/>
</Cond>
<LocList>
<Loc EndOffset="1466" SrcFileId="1" StartOffset="1417"/>
</LocList>
<StmntSeq Intrnl_Id="100">
<LocList>
<Loc EndOffset="1438" SrcFileId="1" StartOffset="1417"/>
<Loc EndOffset="1455" SrcFileId="1" StartOffset="1443"/>
<Loc EndOffset="1466" SrcFileId="1" StartOffset="1460"/>
</LocList>
<BasicStmnt CovItemId="S51" CovItemPrefix="org.cs362.dominion.Card.java" Intrnl_Id="101">
<LocList>
<Loc EndOffset="1438" SrcFileId="1" StartOffset="1417"/>
</LocList>
</BasicStmnt>
<BasicStmnt CovItemId="S52" CovItemPrefix="org.cs362.dominion.Card.java" Intrnl_Id="102">
<LocList>
<Loc EndOffset="1455" SrcFileId="1" StartOffset="1443"/>
</LocList>
</BasicStmnt>
<BasicStmnt CovItemId="S53" CovItemPrefix="org.cs362.dominion.Card.java" Intrnl_Id="103">
<LocList>
<Loc EndOffset="1466" SrcFileId="1" StartOffset="1460"/>
</LocList>
</BasicStmnt>
</StmntSeq>
</Branch>
<Branch CovItemId="B20" CovItemPrefix="org.cs362.dominion.Card.java" Implct="false" Intrnl_Id="104">
<Cond>
<Loc EndOffset="1482" SrcFileId="1" StartOffset="1470"/>
</Cond>
<LocList>
<Loc EndOffset="1515" SrcFileId="1" StartOffset="1488"/>
</LocList>
<StmntSeq Intrnl_Id="105">
<LocList>
<Loc EndOffset="1504" SrcFileId="1" StartOffset="1488"/>
<Loc EndOffset="1515" SrcFileId="1" StartOffset="1509"/>
</LocList>
<BasicStmnt CovItemId="S54" CovItemPrefix="org.cs362.dominion.Card.java" Intrnl_Id="106">
<LocList>
<Loc EndOffset="1504" SrcFileId="1" StartOffset="1488"/>
</LocList>
</BasicStmnt>
<BasicStmnt CovItemId="S55" CovItemPrefix="org.cs362.dominion.Card.java" Intrnl_Id="107">
<LocList>
<Loc EndOffset="1515" SrcFileId="1" StartOffset="1509"/>
</LocList>
</BasicStmnt>
</StmntSeq>
</Branch>
<Branch CovItemId="B21" CovItemPrefix="org.cs362.dominion.Card.java" Implct="true" Intrnl_Id="108">
<Cond/>
<LocList/>
<StmntSeq Intrnl_Id="109">
<LocList/>
</StmntSeq>
</Branch>
<Keyword EndOffset="244" SrcFileId="1" StartOffset="238"/>
<LocList>
<Loc EndOffset="1520" SrcFileId="1" StartOffset="238"/>
</LocList>
</CondStmnt>
</StmntSeq>
</HierarchyLvl>
<HierarchyLvl HierarchyLvlId="4" HierarchyLvlTypeId="3" Intrnl_Id="110" Name="makeCurse">
<Header>
<Loc EndOffset="1561" SrcFileId="1" StartOffset="1528"/>
</Header>
<LocList>
<Loc EndOffset="1725" SrcFileId="1" StartOffset="1528"/>
</LocList>
<StmntSeq Intrnl_Id="111">
<LocList>
<Loc EndOffset="1578" SrcFileId="1" StartOffset="1566"/>
<Loc EndOffset="1594" SrcFileId="1" StartOffset="1581"/>
<Loc EndOffset="1619" SrcFileId="1" StartOffset="1597"/>
<Loc EndOffset="1641" SrcFileId="1" StartOffset="1622"/>
<Loc EndOffset="1664" SrcFileId="1" StartOffset="1644"/>
<Loc EndOffset="1691" SrcFileId="1" StartOffset="1667"/>
<Loc EndOffset="1708" SrcFileId="1" StartOffset="1694"/>
<Loc EndOffset="1719" SrcFileId="1" StartOffset="1712"/>
</LocList>
<BasicStmnt CovItemId="S56" CovItemPrefix="org.cs362.dominion.Card.java" Intrnl_Id="112">
<LocList>
<Loc EndOffset="1578" SrcFileId="1" StartOffset="1566"/>
</LocList>
</BasicStmnt>
<BasicStmnt CovItemId="S57" CovItemPrefix="org.cs362.dominion.Card.java" Intrnl_Id="113">
<LocList>
<Loc EndOffset="1594" SrcFileId="1" StartOffset="1581"/>
</LocList>
</BasicStmnt>
<BasicStmnt CovItemId="S58" CovItemPrefix="org.cs362.dominion.Card.java" Intrnl_Id="114">
<LocList>
<Loc EndOffset="1619" SrcFileId="1" StartOffset="1597"/>
</LocList>
</BasicStmnt>
<BasicStmnt CovItemId="S59" CovItemPrefix="org.cs362.dominion.Card.java" Intrnl_Id="115">
<LocList>
<Loc EndOffset="1641" SrcFileId="1" StartOffset="1622"/>
</LocList>
</BasicStmnt>
<BasicStmnt CovItemId="S60" CovItemPrefix="org.cs362.dominion.Card.java" Intrnl_Id="116">
<LocList>
<Loc EndOffset="1664" SrcFileId="1" StartOffset="1644"/>
</LocList>
</BasicStmnt>
<BasicStmnt CovItemId="S61" CovItemPrefix="org.cs362.dominion.Card.java" Intrnl_Id="117">
<LocList>
<Loc EndOffset="1691" SrcFileId="1" StartOffset="1667"/>
</LocList>
</BasicStmnt>
<BasicStmnt CovItemId="S62" CovItemPrefix="org.cs362.dominion.Card.java" Intrnl_Id="118">
<LocList>
<Loc EndOffset="1708" SrcFileId="1" StartOffset="1694"/>
</LocList>
</BasicStmnt>
<BasicStmnt CovItemId="S63" CovItemPrefix="org.cs362.dominion.Card.java" Intrnl_Id="119">
<LocList>
<Loc EndOffset="1719" SrcFileId="1" StartOffset="1712"/>
</LocList>
</BasicStmnt>
</StmntSeq>
</HierarchyLvl>
<HierarchyLvl HierarchyLvlId="5" HierarchyLvlTypeId="3" Intrnl_Id="120" Name="makeMine">
<Header>
<Loc EndOffset="1759" SrcFileId="1" StartOffset="1727"/>
</Header>
<LocList>
<Loc EndOffset="2006" SrcFileId="1" StartOffset="1727"/>
</LocList>
<StmntSeq Intrnl_Id="121">
<LocList>
<Loc EndOffset="1776" SrcFileId="1" StartOffset="1764"/>
<Loc EndOffset="1792" SrcFileId="1" StartOffset="1779"/>
<Loc EndOffset="1817" SrcFileId="1" StartOffset="1795"/>
<Loc EndOffset="1839" SrcFileId="1" StartOffset="1820"/>
<Loc EndOffset="1862" SrcFileId="1" StartOffset="1842"/>
<Loc EndOffset="1886" SrcFileId="1" StartOffset="1865"/>
<Loc EndOffset="1902" SrcFileId="1" StartOffset="1889"/>
<Loc EndOffset="2000" SrcFileId="1" StartOffset="1993"/>
</LocList>
<BasicStmnt CovItemId="S64" CovItemPrefix="org.cs362.dominion.Card.java" Intrnl_Id="122">
<LocList>
<Loc EndOffset="1776" SrcFileId="1" StartOffset="1764"/>
</LocList>
</BasicStmnt>
<BasicStmnt CovItemId="S65" CovItemPrefix="org.cs362.dominion.Card.java" Intrnl_Id="123">
<LocList>
<Loc EndOffset="1792" SrcFileId="1" StartOffset="1779"/>
</LocList>
</BasicStmnt>
<BasicStmnt CovItemId="S66" CovItemPrefix="org.cs362.dominion.Card.java" Intrnl_Id="124">
<LocList>
<Loc EndOffset="1817" SrcFileId="1" StartOffset="1795"/>
</LocList>
</BasicStmnt>
<BasicStmnt CovItemId="S67" CovItemPrefix="org.cs362.dominion.Card.java" Intrnl_Id="125">
<LocList>
<Loc EndOffset="1839" SrcFileId="1" StartOffset="1820"/>
</LocList>
</BasicStmnt>
<BasicStmnt CovItemId="S68" CovItemPrefix="org.cs362.dominion.Card.java" Intrnl_Id="126">
<LocList>
<Loc EndOffset="1862" SrcFileId="1" StartOffset="1842"/>
</LocList>
</BasicStmnt>
<BasicStmnt CovItemId="S69" CovItemPrefix="org.cs362.dominion.Card.java" Intrnl_Id="127">
<LocList>
<Loc EndOffset="1886" SrcFileId="1" StartOffset="1865"/>
</LocList>
</BasicStmnt>
<BasicStmnt CovItemId="S70" CovItemPrefix="org.cs362.dominion.Card.java" Intrnl_Id="128">
<LocList>
<Loc EndOffset="1902" SrcFileId="1" StartOffset="1889"/>
</LocList>
</BasicStmnt>
<BasicStmnt CovItemId="S71" CovItemPrefix="org.cs362.dominion.Card.java" Intrnl_Id="129">
<LocList>
<Loc EndOffset="2000" SrcFileId="1" StartOffset="1993"/>
</LocList>
</BasicStmnt>
</StmntSeq>
</HierarchyLvl>
<HierarchyLvl HierarchyLvlId="6" HierarchyLvlTypeId="3" Intrnl_Id="130" Name="makeGreatHall">
<Header>
<Loc EndOffset="2045" SrcFileId="1" StartOffset="2008"/>
</Header>
<LocList>
<Loc EndOffset="2208" SrcFileId="1" StartOffset="2008"/>
</LocList>
<StmntSeq Intrnl_Id="131">
<LocList>
<Loc EndOffset="2062" SrcFileId="1" StartOffset="2050"/>
<Loc EndOffset="2078" SrcFileId="1" StartOffset="2065"/>
<Loc EndOffset="2103" SrcFileId="1" StartOffset="2081"/>
<Loc EndOffset="2125" SrcFileId="1" StartOffset="2106"/>
<Loc EndOffset="2148" SrcFileId="1" StartOffset="2128"/>
<Loc EndOffset="2172" SrcFileId="1" StartOffset="2151"/>
<Loc EndOffset="2189" SrcFileId="1" StartOffset="2175"/>
<Loc EndOffset="2201" SrcFileId="1" StartOffset="2194"/>
</LocList>
<BasicStmnt CovItemId="S72" CovItemPrefix="org.cs362.dominion.Card.java" Intrnl_Id="132">
<LocList>
<Loc EndOffset="2062" SrcFileId="1" StartOffset="2050"/>
</LocList>
</BasicStmnt>
<BasicStmnt CovItemId="S73" CovItemPrefix="org.cs362.dominion.Card.java" Intrnl_Id="133">
<LocList>
<Loc EndOffset="2078" SrcFileId="1" StartOffset="2065"/>
</LocList>
</BasicStmnt>
<BasicStmnt CovItemId="S74" CovItemPrefix="org.cs362.dominion.Card.java" Intrnl_Id="134">
<LocList>
<Loc EndOffset="2103" SrcFileId="1" StartOffset="2081"/>
</LocList>
</BasicStmnt>
<BasicStmnt CovItemId="S75" CovItemPrefix="org.cs362.dominion.Card.java" Intrnl_Id="135">
<LocList>
<Loc EndOffset="2125" SrcFileId="1" StartOffset="2106"/>
</LocList>
</BasicStmnt>
<BasicStmnt CovItemId="S76" CovItemPrefix="org.cs362.dominion.Card.java" Intrnl_Id="136">
<LocList>
<Loc EndOffset="2148" SrcFileId="1" StartOffset="2128"/>
</LocList>
</BasicStmnt>
<BasicStmnt CovItemId="S77" CovItemPrefix="org.cs362.dominion.Card.java" Intrnl_Id="137">
<LocList>
<Loc EndOffset="2172" SrcFileId="1" StartOffset="2151"/>
</LocList>
</BasicStmnt>
<BasicStmnt CovItemId="S78" CovItemPrefix="org.cs362.dominion.Card.java" Intrnl_Id="138">
<LocList>
<Loc EndOffset="2189" SrcFileId="1" StartOffset="2175"/>
</LocList>
</BasicStmnt>
<BasicStmnt CovItemId="S79" CovItemPrefix="org.cs362.dominion.Card.java" Intrnl_Id="139">
<LocList>
<Loc EndOffset="2201" SrcFileId="1" StartOffset="2194"/>
</LocList>
</BasicStmnt>
</StmntSeq>
</HierarchyLvl>
<HierarchyLvl HierarchyLvlId="7" HierarchyLvlTypeId="3" Intrnl_Id="140" Name="makeGardens">
<Header>
<Loc EndOffset="2245" SrcFileId="1" StartOffset="2210"/>
</Header>
<LocList>
<Loc EndOffset="2462" SrcFileId="1" StartOffset="2210"/>
</LocList>
<StmntSeq Intrnl_Id="141">
<LocList>
<Loc EndOffset="2262" SrcFileId="1" StartOffset="2250"/>
<Loc EndOffset="2278" SrcFileId="1" StartOffset="2265"/>
<Loc EndOffset="2303" SrcFileId="1" StartOffset="2281"/>
<Loc EndOffset="2325" SrcFileId="1" StartOffset="2306"/>
<Loc EndOffset="2348" SrcFileId="1" StartOffset="2328"/>
<Loc EndOffset="2372" SrcFileId="1" StartOffset="2351"/>
<Loc EndOffset="2388" SrcFileId="1" StartOffset="2375"/>
<Loc EndOffset="2455" SrcFileId="1" StartOffset="2448"/>
</LocList>
<BasicStmnt CovItemId="S80" CovItemPrefix="org.cs362.dominion.Card.java" Intrnl_Id="142">
<LocList>
<Loc EndOffset="2262" SrcFileId="1" StartOffset="2250"/>
</LocList>
</BasicStmnt>
<BasicStmnt CovItemId="S81" CovItemPrefix="org.cs362.dominion.Card.java" Intrnl_Id="143">
<LocList>
<Loc EndOffset="2278" SrcFileId="1" StartOffset="2265"/>
</LocList>
</BasicStmnt>
<BasicStmnt CovItemId="S82" CovItemPrefix="org.cs362.dominion.Card.java" Intrnl_Id="144">
<LocList>
<Loc EndOffset="2303" SrcFileId="1" StartOffset="2281"/>
</LocList>
</BasicStmnt>
<BasicStmnt CovItemId="S83" CovItemPrefix="org.cs362.dominion.Card.java" Intrnl_Id="145">
<LocList>
<Loc EndOffset="2325" SrcFileId="1" StartOffset="2306"/>
</LocList>
</BasicStmnt>
<BasicStmnt CovItemId="S84" CovItemPrefix="org.cs362.dominion.Card.java" Intrnl_Id="146">
<LocList>
<Loc EndOffset="2348" SrcFileId="1" StartOffset="2328"/>
</LocList>
</BasicStmnt>
<BasicStmnt CovItemId="S85" CovItemPrefix="org.cs362.dominion.Card.java" Intrnl_Id="147">
<LocList>
<Loc EndOffset="2372" SrcFileId="1" StartOffset="2351"/>
</LocList>
</BasicStmnt>
<BasicStmnt CovItemId="S86" CovItemPrefix="org.cs362.dominion.Card.java" Intrnl_Id="148">
<LocList>
<Loc EndOffset="2388" SrcFileId="1" StartOffset="2375"/>
</LocList>
</BasicStmnt>
<BasicStmnt CovItemId="S87" CovItemPrefix="org.cs362.dominion.Card.java" Intrnl_Id="149">
<LocList>
<Loc EndOffset="2455" SrcFileId="1" StartOffset="2448"/>
</LocList>
</BasicStmnt>
</StmntSeq>
</HierarchyLvl>
<HierarchyLvl HierarchyLvlId="8" HierarchyLvlTypeId="3" Intrnl_Id="150" Name="makeFeast">
<Header>
<Loc EndOffset="2497" SrcFileId="1" StartOffset="2464"/>
</Header>
<LocList>
<Loc EndOffset="2710" SrcFileId="1" StartOffset="2464"/>
</LocList>
<StmntSeq Intrnl_Id="151">
<LocList>
<Loc EndOffset="2514" SrcFileId="1" StartOffset="2502"/>
<Loc EndOffset="2530" SrcFileId="1" StartOffset="2517"/>
<Loc EndOffset="2555" SrcFileId="1" StartOffset="2533"/>
<Loc EndOffset="2577" SrcFileId="1" StartOffset="2558"/>
<Loc EndOffset="2600" SrcFileId="1" StartOffset="2580"/>
<Loc EndOffset="2624" SrcFileId="1" StartOffset="2603"/>
<Loc EndOffset="2640" SrcFileId="1" StartOffset="2627"/>
<Loc EndOffset="2703" SrcFileId="1" StartOffset="2696"/>
</LocList>
<BasicStmnt CovItemId="S88" CovItemPrefix="org.cs362.dominion.Card.java" Intrnl_Id="152">
<LocList>
<Loc EndOffset="2514" SrcFileId="1" StartOffset="2502"/>
</LocList>
</BasicStmnt>
<BasicStmnt CovItemId="S89" CovItemPrefix="org.cs362.dominion.Card.java" Intrnl_Id="153">
<LocList>
<Loc EndOffset="2530" SrcFileId="1" StartOffset="2517"/>
</LocList>
</BasicStmnt>
<BasicStmnt CovItemId="S90" CovItemPrefix="org.cs362.dominion.Card.java" Intrnl_Id="154">
<LocList>
<Loc EndOffset="2555" SrcFileId="1" StartOffset="2533"/>
</LocList>
</BasicStmnt>
<BasicStmnt CovItemId="S91" CovItemPrefix="org.cs362.dominion.Card.java" Intrnl_Id="155">
<LocList>
<Loc EndOffset="2577" SrcFileId="1" StartOffset="2558"/>
</LocList>
</BasicStmnt>
<BasicStmnt CovItemId="S92" CovItemPrefix="org.cs362.dominion.Card.java" Intrnl_Id="156">
<LocList>
<Loc EndOffset="2600" SrcFileId="1" StartOffset="2580"/>
</LocList>
</BasicStmnt>
<BasicStmnt CovItemId="S93" CovItemPrefix="org.cs362.dominion.Card.java" Intrnl_Id="157">
<LocList>
<Loc EndOffset="2624" SrcFileId="1" StartOffset="2603"/>
</LocList>
</BasicStmnt>
<BasicStmnt CovItemId="S94" CovItemPrefix="org.cs362.dominion.Card.java" Intrnl_Id="158">
<LocList>
<Loc EndOffset="2640" SrcFileId="1" StartOffset="2627"/>
</LocList>
</BasicStmnt>
<BasicStmnt CovItemId="S95" CovItemPrefix="org.cs362.dominion.Card.java" Intrnl_Id="159">
<LocList>
<Loc EndOffset="2703" SrcFileId="1" StartOffset="2696"/>
</LocList>
</BasicStmnt>
</StmntSeq>
</HierarchyLvl>
<HierarchyLvl HierarchyLvlId="9" HierarchyLvlTypeId="3" Intrnl_Id="160" Name="makeEmbargo">
<Header>
<Loc EndOffset="2747" SrcFileId="1" StartOffset="2712"/>
</Header>
<LocList>
<Loc EndOffset="3054" SrcFileId="1" StartOffset="2712"/>
</LocList>
<StmntSeq Intrnl_Id="161">
<LocList>
<Loc EndOffset="2764" SrcFileId="1" StartOffset="2752"/>
<Loc EndOffset="2780" SrcFileId="1" StartOffset="2767"/>
<Loc EndOffset="2805" SrcFileId="1" StartOffset="2783"/>
<Loc EndOffset="2827" SrcFileId="1" StartOffset="2808"/>
<Loc EndOffset="2850" SrcFileId="1" StartOffset="2830"/>
<Loc EndOffset="2874" SrcFileId="1" StartOffset="2853"/>
<Loc EndOffset="2890" SrcFileId="1" StartOffset="2877"/>
<Loc EndOffset="3047" SrcFileId="1" StartOffset="3040"/>
</LocList>
<BasicStmnt CovItemId="S96" CovItemPrefix="org.cs362.dominion.Card.java" Intrnl_Id="162">
<LocList>
<Loc EndOffset="2764" SrcFileId="1" StartOffset="2752"/>
</LocList>
</BasicStmnt>
<BasicStmnt CovItemId="S97" CovItemPrefix="org.cs362.dominion.Card.java" Intrnl_Id="163">
<LocList>
<Loc EndOffset="2780" SrcFileId="1" StartOffset="2767"/>
</LocList>
</BasicStmnt>
<BasicStmnt CovItemId="S98" CovItemPrefix="org.cs362.dominion.Card.java" Intrnl_Id="164">
<LocList>
<Loc EndOffset="2805" SrcFileId="1" StartOffset="2783"/>
</LocList>
</BasicStmnt>
<BasicStmnt CovItemId="S99" CovItemPrefix="org.cs362.dominion.Card.java" Intrnl_Id="165">
<LocList>
<Loc EndOffset="2827" SrcFileId="1" StartOffset="2808"/>
</LocList>
</BasicStmnt>
<BasicStmnt CovItemId="S100" CovItemPrefix="org.cs362.dominion.Card.java" Intrnl_Id="166">
<LocList>
<Loc EndOffset="2850" SrcFileId="1" StartOffset="2830"/>
</LocList>
</BasicStmnt>
<BasicStmnt CovItemId="S101" CovItemPrefix="org.cs362.dominion.Card.java" Intrnl_Id="167">
<LocList>
<Loc EndOffset="2874" SrcFileId="1" StartOffset="2853"/>
</LocList>
</BasicStmnt>
<BasicStmnt CovItemId="S102" CovItemPrefix="org.cs362.dominion.Card.java" Intrnl_Id="168">
<LocList>
<Loc EndOffset="2890" SrcFileId="1" StartOffset="2877"/>
</LocList>
</BasicStmnt>
<BasicStmnt CovItemId="S103" CovItemPrefix="org.cs362.dominion.Card.java" Intrnl_Id="169">
<LocList>
<Loc EndOffset="3047" SrcFileId="1" StartOffset="3040"/>
</LocList>
</BasicStmnt>
</StmntSeq>
</HierarchyLvl>
<HierarchyLvl HierarchyLvlId="10" HierarchyLvlTypeId="3" Intrnl_Id="170" Name="makeCutpurse">
<Header>
<Loc EndOffset="3092" SrcFileId="1" StartOffset="3056"/>
</Header>
<LocList>
<Loc EndOffset="3330" SrcFileId="1" StartOffset="3056"/>
</LocList>
<StmntSeq Intrnl_Id="171">
<LocList>
<Loc EndOffset="3109" SrcFileId="1" StartOffset="3097"/>
<Loc EndOffset="3125" SrcFileId="1" StartOffset="3112"/>
<Loc EndOffset="3150" SrcFileId="1" StartOffset="3128"/>
<Loc EndOffset="3172" SrcFileId="1" StartOffset="3153"/>
<Loc EndOffset="3195" SrcFileId="1" StartOffset="3175"/>
<Loc EndOffset="3219" SrcFileId="1" StartOffset="3198"/>
<Loc EndOffset="3235" SrcFileId="1" StartOffset="3222"/>
<Loc EndOffset="3323" SrcFileId="1" StartOffset="3316"/>
</LocList>
<BasicStmnt CovItemId="S104" CovItemPrefix="org.cs362.dominion.Card.java" Intrnl_Id="172">
<LocList>
<Loc EndOffset="3109" SrcFileId="1" StartOffset="3097"/>
</LocList>
</BasicStmnt>
<BasicStmnt CovItemId="S105" CovItemPrefix="org.cs362.dominion.Card.java" Intrnl_Id="173">
<LocList>
<Loc EndOffset="3125" SrcFileId="1" StartOffset="3112"/>
</LocList>
</BasicStmnt>
<BasicStmnt CovItemId="S106" CovItemPrefix="org.cs362.dominion.Card.java" Intrnl_Id="174">
<LocList>
<Loc EndOffset="3150" SrcFileId="1" StartOffset="3128"/>
</LocList>
</BasicStmnt>
<BasicStmnt CovItemId="S107" CovItemPrefix="org.cs362.dominion.Card.java" Intrnl_Id="175">
<LocList>
<Loc EndOffset="3172" SrcFileId="1" StartOffset="3153"/>
</LocList>
</BasicStmnt>
<BasicStmnt CovItemId="S108" CovItemPrefix="org.cs362.dominion.Card.java" Intrnl_Id="176">
<LocList>
<Loc EndOffset="3195" SrcFileId="1" StartOffset="3175"/>
</LocList>
</BasicStmnt>
<BasicStmnt CovItemId="S109" CovItemPrefix="org.cs362.dominion.Card.java" Intrnl_Id="177">
<LocList>
<Loc EndOffset="3219" SrcFileId="1" StartOffset="3198"/>
</LocList>
</BasicStmnt>
<BasicStmnt CovItemId="S110" CovItemPrefix="org.cs362.dominion.Card.java" Intrnl_Id="178">
<LocList>
<Loc EndOffset="3235" SrcFileId="1" StartOffset="3222"/>
</LocList>
</BasicStmnt>
<BasicStmnt CovItemId="S111" CovItemPrefix="org.cs362.dominion.Card.java" Intrnl_Id="179">
<LocList>
<Loc EndOffset="3323" SrcFileId="1" StartOffset="3316"/>
</LocList>
</BasicStmnt>
</StmntSeq>
</HierarchyLvl>
<HierarchyLvl HierarchyLvlId="11" HierarchyLvlTypeId="3" Intrnl_Id="180" Name="makeBaron">
<Header>
<Loc EndOffset="3365" SrcFileId="1" StartOffset="3332"/>
</Header>
<LocList>
<Loc EndOffset="3594" SrcFileId="1" StartOffset="3332"/>
</LocList>
<StmntSeq Intrnl_Id="181">
<LocList>
<Loc EndOffset="3382" SrcFileId="1" StartOffset="3370"/>
<Loc EndOffset="3398" SrcFileId="1" StartOffset="3385"/>
<Loc EndOffset="3423" SrcFileId="1" StartOffset="3401"/>
<Loc EndOffset="3445" SrcFileId="1" StartOffset="3426"/>
<Loc EndOffset="3468" SrcFileId="1" StartOffset="3448"/>
<Loc EndOffset="3492" SrcFileId="1" StartOffset="3471"/>
<Loc EndOffset="3508" SrcFileId="1" StartOffset="3495"/>
<Loc EndOffset="3587" SrcFileId="1" StartOffset="3580"/>
</LocList>
<BasicStmnt CovItemId="S112" CovItemPrefix="org.cs362.dominion.Card.java" Intrnl_Id="182">
<LocList>
<Loc EndOffset="3382" SrcFileId="1" StartOffset="3370"/>
</LocList>
</BasicStmnt>
<BasicStmnt CovItemId="S113" CovItemPrefix="org.cs362.dominion.Card.java" Intrnl_Id="183">
<LocList>
<Loc EndOffset="3398" SrcFileId="1" StartOffset="3385"/>
</LocList>
</BasicStmnt>
<BasicStmnt CovItemId="S114" CovItemPrefix="org.cs362.dominion.Card.java" Intrnl_Id="184">
<LocList>
<Loc EndOffset="3423" SrcFileId="1" StartOffset="3401"/>
</LocList>
</BasicStmnt>
<BasicStmnt CovItemId="S115" CovItemPrefix="org.cs362.dominion.Card.java" Intrnl_Id="185">
<LocList>
<Loc EndOffset="3445" SrcFileId="1" StartOffset="3426"/>
</LocList>
</BasicStmnt>
<BasicStmnt CovItemId="S116" CovItemPrefix="org.cs362.dominion.Card.java" Intrnl_Id="186">
<LocList>
<Loc EndOffset="3468" SrcFileId="1" StartOffset="3448"/>
</LocList>
</BasicStmnt>
<BasicStmnt CovItemId="S117" CovItemPrefix="org.cs362.dominion.Card.java" Intrnl_Id="187">
<LocList>
<Loc EndOffset="3492" SrcFileId="1" StartOffset="3471"/>
</LocList>
</BasicStmnt>
<BasicStmnt CovItemId="S118" CovItemPrefix="org.cs362.dominion.Card.java" Intrnl_Id="188">
<LocList>
<Loc EndOffset="3508" SrcFileId="1" StartOffset="3495"/>
</LocList>
</BasicStmnt>
<BasicStmnt CovItemId="S119" CovItemPrefix="org.cs362.dominion.Card.java" Intrnl_Id="189">
<LocList>
<Loc EndOffset="3587" SrcFileId="1" StartOffset="3580"/>
</LocList>
</BasicStmnt>
</StmntSeq>
</HierarchyLvl>
<HierarchyLvl HierarchyLvlId="12" HierarchyLvlTypeId="3" Intrnl_Id="190" Name="makeAmbassador">
<Header>
<Loc EndOffset="3634" SrcFileId="1" StartOffset="3596"/>
</Header>
<LocList>
<Loc EndOffset="3933" SrcFileId="1" StartOffset="3596"/>
</LocList>
<StmntSeq Intrnl_Id="191">
<LocList>
<Loc EndOffset="3651" SrcFileId="1" StartOffset="3639"/>
<Loc EndOffset="3667" SrcFileId="1" StartOffset="3654"/>
<Loc EndOffset="3692" SrcFileId="1" StartOffset="3670"/>
<Loc EndOffset="3714" SrcFileId="1" StartOffset="3695"/>
<Loc EndOffset="3737" SrcFileId="1" StartOffset="3717"/>
<Loc EndOffset="3761" SrcFileId="1" StartOffset="3740"/>
<Loc EndOffset="3777" SrcFileId="1" StartOffset="3764"/>
<Loc EndOffset="3926" SrcFileId="1" StartOffset="3919"/>
</LocList>
<BasicStmnt CovItemId="S120" CovItemPrefix="org.cs362.dominion.Card.java" Intrnl_Id="192">
<LocList>
<Loc EndOffset="3651" SrcFileId="1" StartOffset="3639"/>
</LocList>
</BasicStmnt>
<BasicStmnt CovItemId="S121" CovItemPrefix="org.cs362.dominion.Card.java" Intrnl_Id="193">
<LocList>
<Loc EndOffset="3667" SrcFileId="1" StartOffset="3654"/>
</LocList>
</BasicStmnt>
<BasicStmnt CovItemId="S122" CovItemPrefix="org.cs362.dominion.Card.java" Intrnl_Id="194">
<LocList>
<Loc EndOffset="3692" SrcFileId="1" StartOffset="3670"/>
</LocList>
</BasicStmnt>
<BasicStmnt CovItemId="S123" CovItemPrefix="org.cs362.dominion.Card.java" Intrnl_Id="195">
<LocList>
<Loc EndOffset="3714" SrcFileId="1" StartOffset="3695"/>
</LocList>
</BasicStmnt>
<BasicStmnt CovItemId="S124" CovItemPrefix="org.cs362.dominion.Card.java" Intrnl_Id="196">
<LocList>
<Loc EndOffset="3737" SrcFileId="1" StartOffset="3717"/>
</LocList>
</BasicStmnt>
<BasicStmnt CovItemId="S125" CovItemPrefix="org.cs362.dominion.Card.java" Intrnl_Id="197">
<LocList>
<Loc EndOffset="3761" SrcFileId="1" StartOffset="3740"/>
</LocList>
</BasicStmnt>
<BasicStmnt CovItemId="S126" CovItemPrefix="org.cs362.dominion.Card.java" Intrnl_Id="198">
<LocList>
<Loc EndOffset="3777" SrcFileId="1" StartOffset="3764"/>
</LocList>
</BasicStmnt>
<BasicStmnt CovItemId="S127" CovItemPrefix="org.cs362.dominion.Card.java" Intrnl_Id="199">
<LocList>
<Loc EndOffset="3926" SrcFileId="1" StartOffset="3919"/>
</LocList>
</BasicStmnt>
</StmntSeq>
</HierarchyLvl>
<HierarchyLvl HierarchyLvlId="13" HierarchyLvlTypeId="3" Intrnl_Id="200" Name="makeWoodcutter">
<Header>
<Loc EndOffset="3973" SrcFileId="1" StartOffset="3935"/>
</Header>
<LocList>
<Loc EndOffset="4134" SrcFileId="1" StartOffset="3935"/>
</LocList>
<StmntSeq Intrnl_Id="201">
<LocList>
<Loc EndOffset="3990" SrcFileId="1" StartOffset="3978"/>
<Loc EndOffset="4006" SrcFileId="1" StartOffset="3993"/>
<Loc EndOffset="4031" SrcFileId="1" StartOffset="4009"/>
<Loc EndOffset="4053" SrcFileId="1" StartOffset="4034"/>
<Loc EndOffset="4076" SrcFileId="1" StartOffset="4056"/>
<Loc EndOffset="4100" SrcFileId="1" StartOffset="4079"/>
<Loc EndOffset="4117" SrcFileId="1" StartOffset="4103"/>
<Loc EndOffset="4127" SrcFileId="1" StartOffset="4120"/>
</LocList>
<BasicStmnt CovItemId="S128" CovItemPrefix="org.cs362.dominion.Card.java" Intrnl_Id="202">
<LocList>
<Loc EndOffset="3990" SrcFileId="1" StartOffset="3978"/>
</LocList>
</BasicStmnt>
<BasicStmnt CovItemId="S129" CovItemPrefix="org.cs362.dominion.Card.java" Intrnl_Id="203">
<LocList>
<Loc EndOffset="4006" SrcFileId="1" StartOffset="3993"/>
</LocList>
</BasicStmnt>
<BasicStmnt CovItemId="S130" CovItemPrefix="org.cs362.dominion.Card.java" Intrnl_Id="204">
<LocList>
<Loc EndOffset="4031" SrcFileId="1" StartOffset="4009"/>
</LocList>
</BasicStmnt>
<BasicStmnt CovItemId="S131" CovItemPrefix="org.cs362.dominion.Card.java" Intrnl_Id="205">
<LocList>
<Loc EndOffset="4053" SrcFileId="1" StartOffset="4034"/>
</LocList>
</BasicStmnt>
<BasicStmnt CovItemId="S132" CovItemPrefix="org.cs362.dominion.Card.java" Intrnl_Id="206">
<LocList>
<Loc EndOffset="4076" SrcFileId="1" StartOffset="4056"/>
</LocList>
</BasicStmnt>
<BasicStmnt CovItemId="S133" CovItemPrefix="org.cs362.dominion.Card.java" Intrnl_Id="207">
<LocList>
<Loc EndOffset="4100" SrcFileId="1" StartOffset="4079"/>
</LocList>
</BasicStmnt>
<BasicStmnt CovItemId="S134" CovItemPrefix="org.cs362.dominion.Card.java" Intrnl_Id="208">
<LocList>
<Loc EndOffset="4117" SrcFileId="1" StartOffset="4103"/>
</LocList>
</BasicStmnt>
<BasicStmnt CovItemId="S135" CovItemPrefix="org.cs362.dominion.Card.java" Intrnl_Id="209">
<LocList>
<Loc EndOffset="4127" SrcFileId="1" StartOffset="4120"/>
</LocList>
</BasicStmnt>
</StmntSeq>
</HierarchyLvl>
<HierarchyLvl HierarchyLvlId="14" HierarchyLvlTypeId="3" Intrnl_Id="210" Name="makeVillage">
<Header>
<Loc EndOffset="4171" SrcFileId="1" StartOffset="4136"/>
</Header>
<LocList>
<Loc EndOffset="4332" SrcFileId="1" StartOffset="4136"/>
</LocList>
<StmntSeq Intrnl_Id="211">
<LocList>
<Loc EndOffset="4188" SrcFileId="1" StartOffset="4176"/>
<Loc EndOffset="4204" SrcFileId="1" StartOffset="4191"/>
<Loc EndOffset="4229" SrcFileId="1" StartOffset="4207"/>
<Loc EndOffset="4251" SrcFileId="1" StartOffset="4232"/>
<Loc EndOffset="4274" SrcFileId="1" StartOffset="4254"/>
<Loc EndOffset="4298" SrcFileId="1" StartOffset="4277"/>
<Loc EndOffset="4315" SrcFileId="1" StartOffset="4301"/>
<Loc EndOffset="4325" SrcFileId="1" StartOffset="4318"/>
</LocList>
<BasicStmnt CovItemId="S136" CovItemPrefix="org.cs362.dominion.Card.java" Intrnl_Id="212">
<LocList>
<Loc EndOffset="4188" SrcFileId="1" StartOffset="4176"/>
</LocList>
</BasicStmnt>
<BasicStmnt CovItemId="S137" CovItemPrefix="org.cs362.dominion.Card.java" Intrnl_Id="213">
<LocList>
<Loc EndOffset="4204" SrcFileId="1" StartOffset="4191"/>
</LocList>
</BasicStmnt>
<BasicStmnt CovItemId="S138" CovItemPrefix="org.cs362.dominion.Card.java" Intrnl_Id="214">
<LocList>
<Loc EndOffset="4229" SrcFileId="1" StartOffset="4207"/>
</LocList>
</BasicStmnt>
<BasicStmnt CovItemId="S139" CovItemPrefix="org.cs362.dominion.Card.java" Intrnl_Id="215">
<LocList>
<Loc EndOffset="4251" SrcFileId="1" StartOffset="4232"/>
</LocList>
</BasicStmnt>
<BasicStmnt CovItemId="S140" CovItemPrefix="org.cs362.dominion.Card.java" Intrnl_Id="216">
<LocList>
<Loc EndOffset="4274" SrcFileId="1" StartOffset="4254"/>
</LocList>
</BasicStmnt>
<BasicStmnt CovItemId="S141" CovItemPrefix="org.cs362.dominion.Card.java" Intrnl_Id="217">
<LocList>
<Loc EndOffset="4298" SrcFileId="1" StartOffset="4277"/>
</LocList>
</BasicStmnt>
<BasicStmnt CovItemId="S142" CovItemPrefix="org.cs362.dominion.Card.java" Intrnl_Id="218">
<LocList>
<Loc EndOffset="4315" SrcFileId="1" StartOffset="4301"/>
</LocList>
</BasicStmnt>
<BasicStmnt CovItemId="S143" CovItemPrefix="org.cs362.dominion.Card.java" Intrnl_Id="219">
<LocList>
<Loc EndOffset="4325" SrcFileId="1" StartOffset="4318"/>
</LocList>
</BasicStmnt>
</StmntSeq>
</HierarchyLvl>
<HierarchyLvl HierarchyLvlId="15" HierarchyLvlTypeId="3" Intrnl_Id="220" Name="makeSmithy">
<Header>
<Loc EndOffset="4368" SrcFileId="1" StartOffset="4334"/>
</Header>
<LocList>
<Loc EndOffset="4529" SrcFileId="1" StartOffset="4334"/>
</LocList>
<StmntSeq Intrnl_Id="221">
<LocList>
<Loc EndOffset="4385" SrcFileId="1" StartOffset="4373"/>
<Loc EndOffset="4401" SrcFileId="1" StartOffset="4388"/>
<Loc EndOffset="4426" SrcFileId="1" StartOffset="4404"/>
<Loc EndOffset="4448" SrcFileId="1" StartOffset="4429"/>
<Loc EndOffset="4471" SrcFileId="1" StartOffset="4451"/>
<Loc EndOffset="4495" SrcFileId="1" StartOffset="4474"/>
<Loc EndOffset="4512" SrcFileId="1" StartOffset="4498"/>
<Loc EndOffset="4522" SrcFileId="1" StartOffset="4515"/>
</LocList>
<BasicStmnt CovItemId="S144" CovItemPrefix="org.cs362.dominion.Card.java" Intrnl_Id="222">
<LocList>
<Loc EndOffset="4385" SrcFileId="1" StartOffset="4373"/>
</LocList>
</BasicStmnt>
<BasicStmnt CovItemId="S145" CovItemPrefix="org.cs362.dominion.Card.java" Intrnl_Id="223">
<LocList>
<Loc EndOffset="4401" SrcFileId="1" StartOffset="4388"/>
</LocList>
</BasicStmnt>
<BasicStmnt CovItemId="S146" CovItemPrefix="org.cs362.dominion.Card.java" Intrnl_Id="224">
<LocList>
<Loc EndOffset="4426" SrcFileId="1" StartOffset="4404"/>
</LocList>
</BasicStmnt>
<BasicStmnt CovItemId="S147" CovItemPrefix="org.cs362.dominion.Card.java" Intrnl_Id="225">
<LocList>
<Loc EndOffset="4448" SrcFileId="1" StartOffset="4429"/>
</LocList>
</BasicStmnt>
<BasicStmnt CovItemId="S148" CovItemPrefix="org.cs362.dominion.Card.java" Intrnl_Id="226">
<LocList>
<Loc EndOffset="4471" SrcFileId="1" StartOffset="4451"/>
</LocList>
</BasicStmnt>
<BasicStmnt CovItemId="S149" CovItemPrefix="org.cs362.dominion.Card.java" Intrnl_Id="227">
<LocList>
<Loc EndOffset="4495" SrcFileId="1" StartOffset="4474"/>
</LocList>
</BasicStmnt>
<BasicStmnt CovItemId="S150" CovItemPrefix="org.cs362.dominion.Card.java" Intrnl_Id="228">
<LocList>
<Loc EndOffset="4512" SrcFileId="1" StartOffset="4498"/>
</LocList>
</BasicStmnt>
<BasicStmnt CovItemId="S151" CovItemPrefix="org.cs362.dominion.Card.java" Intrnl_Id="229">
<LocList>
<Loc EndOffset="4522" SrcFileId="1" StartOffset="4515"/>
</LocList>
</BasicStmnt>
</StmntSeq>
</HierarchyLvl>
<HierarchyLvl HierarchyLvlId="16" HierarchyLvlTypeId="3" Intrnl_Id="230" Name="makeCouncilRoom">
<Header>
<Loc EndOffset="4572" SrcFileId="1" StartOffset="4533"/>
</Header>
<LocList>
<Loc EndOffset="4765" SrcFileId="1" StartOffset="4533"/>
</LocList>
<StmntSeq Intrnl_Id="231">
<LocList>
<Loc EndOffset="4589" SrcFileId="1" StartOffset="4577"/>
<Loc EndOffset="4605" SrcFileId="1" StartOffset="4592"/>
<Loc EndOffset="4630" SrcFileId="1" StartOffset="4608"/>
<Loc EndOffset="4652" SrcFileId="1" StartOffset="4633"/>
<Loc EndOffset="4675" SrcFileId="1" StartOffset="4655"/>
<Loc EndOffset="4699" SrcFileId="1" StartOffset="4678"/>
<Loc EndOffset="4715" SrcFileId="1" StartOffset="4702"/>
<Loc EndOffset="4758" SrcFileId="1" StartOffset="4751"/>
</LocList>
<BasicStmnt CovItemId="S152" CovItemPrefix="org.cs362.dominion.Card.java" Intrnl_Id="232">
<LocList>
<Loc EndOffset="4589" SrcFileId="1" StartOffset="4577"/>
</LocList>
</BasicStmnt>
<BasicStmnt CovItemId="S153" CovItemPrefix="org.cs362.dominion.Card.java" Intrnl_Id="233">
<LocList>
<Loc EndOffset="4605" SrcFileId="1" StartOffset="4592"/>
</LocList>
</BasicStmnt>
<BasicStmnt CovItemId="S154" CovItemPrefix="org.cs362.dominion.Card.java" Intrnl_Id="234">
<LocList>
<Loc EndOffset="4630" SrcFileId="1" StartOffset="4608"/>
</LocList>
</BasicStmnt>
<BasicStmnt CovItemId="S155" CovItemPrefix="org.cs362.dominion.Card.java" Intrnl_Id="235">
<LocList>
<Loc EndOffset="4652" SrcFileId="1" StartOffset="4633"/>
</LocList>
</BasicStmnt>
<BasicStmnt CovItemId="S156" CovItemPrefix="org.cs362.dominion.Card.java" Intrnl_Id="236">
<LocList>
<Loc EndOffset="4675" SrcFileId="1" StartOffset="4655"/>
</LocList>
</BasicStmnt>
<BasicStmnt CovItemId="S157" CovItemPrefix="org.cs362.dominion.Card.java" Intrnl_Id="237">
<LocList>
<Loc EndOffset="4699" SrcFileId="1" StartOffset="4678"/>
</LocList>
</BasicStmnt>
<BasicStmnt CovItemId="S158" CovItemPrefix="org.cs362.dominion.Card.java" Intrnl_Id="238">
<LocList>
<Loc EndOffset="4715" SrcFileId="1" StartOffset="4702"/>
</LocList>
</BasicStmnt>
<BasicStmnt CovItemId="S159" CovItemPrefix="org.cs362.dominion.Card.java" Intrnl_Id="239">
<LocList>
<Loc EndOffset="4758" SrcFileId="1" StartOffset="4751"/>
</LocList>
</BasicStmnt>
</StmntSeq>
</HierarchyLvl>
<HierarchyLvl HierarchyLvlId="17" HierarchyLvlTypeId="3" Intrnl_Id="240" Name="makeAdventurer">
<Header>
<Loc EndOffset="4806" SrcFileId="1" StartOffset="4768"/>
</Header>
<LocList>
<Loc EndOffset="4967" SrcFileId="1" StartOffset="4768"/>
</LocList>
<StmntSeq Intrnl_Id="241">
<LocList>
<Loc EndOffset="4823" SrcFileId="1" StartOffset="4811"/>
<Loc EndOffset="4839" SrcFileId="1" StartOffset="4826"/>
<Loc EndOffset="4864" SrcFileId="1" StartOffset="4842"/>
<Loc EndOffset="4886" SrcFileId="1" StartOffset="4867"/>
<Loc EndOffset="4909" SrcFileId="1" StartOffset="4889"/>
<Loc EndOffset="4933" SrcFileId="1" StartOffset="4912"/>
<Loc EndOffset="4950" SrcFileId="1" StartOffset="4936"/>
<Loc EndOffset="4960" SrcFileId="1" StartOffset="4953"/>
</LocList>
<BasicStmnt CovItemId="S160" CovItemPrefix="org.cs362.dominion.Card.java" Intrnl_Id="242">
<LocList>
<Loc EndOffset="4823" SrcFileId="1" StartOffset="4811"/>
</LocList>
</BasicStmnt>
<BasicStmnt CovItemId="S161" CovItemPrefix="org.cs362.dominion.Card.java" Intrnl_Id="243">
<LocList>
<Loc EndOffset="4839" SrcFileId="1" StartOffset="4826"/>
</LocList>
</BasicStmnt>
<BasicStmnt CovItemId="S162" CovItemPrefix="org.cs362.dominion.Card.java" Intrnl_Id="244">
<LocList>
<Loc EndOffset="4864" SrcFileId="1" StartOffset="4842"/>
</LocList>
</BasicStmnt>
<BasicStmnt CovItemId="S163" CovItemPrefix="org.cs362.dominion.Card.java" Intrnl_Id="245">
<LocList>
<Loc EndOffset="4886" SrcFileId="1" StartOffset="4867"/>
</LocList>
</BasicStmnt>
<BasicStmnt CovItemId="S164" CovItemPrefix="org.cs362.dominion.Card.java" Intrnl_Id="246">
<LocList>
<Loc EndOffset="4909" SrcFileId="1" StartOffset="4889"/>
</LocList>
</BasicStmnt>
<BasicStmnt CovItemId="S165" CovItemPrefix="org.cs362.dominion.Card.java" Intrnl_Id="247">
<LocList>
<Loc EndOffset="4933" SrcFileId="1" StartOffset="4912"/>
</LocList>
</BasicStmnt>
<BasicStmnt CovItemId="S166" CovItemPrefix="org.cs362.dominion.Card.java" Intrnl_Id="248">
<LocList>
<Loc EndOffset="4950" SrcFileId="1" StartOffset="4936"/>
</LocList>
</BasicStmnt>
<BasicStmnt CovItemId="S167" CovItemPrefix="org.cs362.dominion.Card.java" Intrnl_Id="249">
<LocList>
<Loc EndOffset="4960" SrcFileId="1" StartOffset="4953"/>
</LocList>
</BasicStmnt>
</StmntSeq>
</HierarchyLvl>
<HierarchyLvl HierarchyLvlId="18" HierarchyLvlTypeId="3" Intrnl_Id="250" Name="makeProvince">
<Header>
<Loc EndOffset="5005" SrcFileId="1" StartOffset="4969"/>
</Header>
<LocList>
<Loc EndOffset="5166" SrcFileId="1" StartOffset="4969"/>
</LocList>
<StmntSeq Intrnl_Id="251">
<LocList>
<Loc EndOffset="5022" SrcFileId="1" StartOffset="5010"/>
<Loc EndOffset="5038" SrcFileId="1" StartOffset="5025"/>
<Loc EndOffset="5063" SrcFileId="1" StartOffset="5041"/>
<Loc EndOffset="5085" SrcFileId="1" StartOffset="5066"/>
<Loc EndOffset="5108" SrcFileId="1" StartOffset="5088"/>
<Loc EndOffset="5132" SrcFileId="1" StartOffset="5111"/>
<Loc EndOffset="5149" SrcFileId="1" StartOffset="5135"/>
<Loc EndOffset="5159" SrcFileId="1" StartOffset="5152"/>
</LocList>
<BasicStmnt CovItemId="S168" CovItemPrefix="org.cs362.dominion.Card.java" Intrnl_Id="252">
<LocList>
<Loc EndOffset="5022" SrcFileId="1" StartOffset="5010"/>
</LocList>
</BasicStmnt>
<BasicStmnt CovItemId="S169" CovItemPrefix="org.cs362.dominion.Card.java" Intrnl_Id="253">
<LocList>
<Loc EndOffset="5038" SrcFileId="1" StartOffset="5025"/>
</LocList>
</BasicStmnt>
<BasicStmnt CovItemId="S170" CovItemPrefix="org.cs362.dominion.Card.java" Intrnl_Id="254">
<LocList>
<Loc EndOffset="5063" SrcFileId="1" StartOffset="5041"/>
</LocList>
</BasicStmnt>
<BasicStmnt CovItemId="S171" CovItemPrefix="org.cs362.dominion.Card.java" Intrnl_Id="255">
<LocList>
<Loc EndOffset="5085" SrcFileId="1" StartOffset="5066"/>
</LocList>
</BasicStmnt>
<BasicStmnt CovItemId="S172" CovItemPrefix="org.cs362.dominion.Card.java" Intrnl_Id="256">
<LocList>
<Loc EndOffset="5108" SrcFileId="1" StartOffset="5088"/>
</LocList>
</BasicStmnt>
<BasicStmnt CovItemId="S173" CovItemPrefix="org.cs362.dominion.Card.java" Intrnl_Id="257">
<LocList>
<Loc EndOffset="5132" SrcFileId="1" StartOffset="5111"/>
</LocList>
</BasicStmnt>
<BasicStmnt CovItemId="S174" CovItemPrefix="org.cs362.dominion.Card.java" Intrnl_Id="258">
<LocList>
<Loc EndOffset="5149" SrcFileId="1" StartOffset="5135"/>
</LocList>
</BasicStmnt>
<BasicStmnt CovItemId="S175" CovItemPrefix="org.cs362.dominion.Card.java" Intrnl_Id="259">
<LocList>
<Loc EndOffset="5159" SrcFileId="1" StartOffset="5152"/>
</LocList>
</BasicStmnt>
</StmntSeq>
</HierarchyLvl>
<HierarchyLvl HierarchyLvlId="19" HierarchyLvlTypeId="3" Intrnl_Id="260" Name="makeDuchy">
<Header>
<Loc EndOffset="5201" SrcFileId="1" StartOffset="5168"/>
</Header>
<LocList>
<Loc EndOffset="5362" SrcFileId="1" StartOffset="5168"/>
</LocList>
<StmntSeq Intrnl_Id="261">
<LocList>
<Loc EndOffset="5218" SrcFileId="1" StartOffset="5206"/>
<Loc EndOffset="5234" SrcFileId="1" StartOffset="5221"/>
<Loc EndOffset="5259" SrcFileId="1" StartOffset="5237"/>
<Loc EndOffset="5281" SrcFileId="1" StartOffset="5262"/>
<Loc EndOffset="5304" SrcFileId="1" StartOffset="5284"/>
<Loc EndOffset="5328" SrcFileId="1" StartOffset="5307"/>
<Loc EndOffset="5345" SrcFileId="1" StartOffset="5331"/>
<Loc EndOffset="5355" SrcFileId="1" StartOffset="5348"/>
</LocList>
<BasicStmnt CovItemId="S176" CovItemPrefix="org.cs362.dominion.Card.java" Intrnl_Id="262">
<LocList>
<Loc EndOffset="5218" SrcFileId="1" StartOffset="5206"/>
</LocList>
</BasicStmnt>
<BasicStmnt CovItemId="S177" CovItemPrefix="org.cs362.dominion.Card.java" Intrnl_Id="263">
<LocList>
<Loc EndOffset="5234" SrcFileId="1" StartOffset="5221"/>
</LocList>
</BasicStmnt>
<BasicStmnt CovItemId="S178" CovItemPrefix="org.cs362.dominion.Card.java" Intrnl_Id="264">
<LocList>
<Loc EndOffset="5259" SrcFileId="1" StartOffset="5237"/>
</LocList>
</BasicStmnt>
<BasicStmnt CovItemId="S179" CovItemPrefix="org.cs362.dominion.Card.java" Intrnl_Id="265">
<LocList>
<Loc EndOffset="5281" SrcFileId="1" StartOffset="5262"/>
</LocList>
</BasicStmnt>
<BasicStmnt CovItemId="S180" CovItemPrefix="org.cs362.dominion.Card.java" Intrnl_Id="266">
<LocList>
<Loc EndOffset="5304" SrcFileId="1" StartOffset="5284"/>
</LocList>
</BasicStmnt>
<BasicStmnt CovItemId="S181" CovItemPrefix="org.cs362.dominion.Card.java" Intrnl_Id="267">
<LocList>
<Loc EndOffset="5328" SrcFileId="1" StartOffset="5307"/>
</LocList>
</BasicStmnt>
<BasicStmnt CovItemId="S182" CovItemPrefix="org.cs362.dominion.Card.java" Intrnl_Id="268">
<LocList>
<Loc EndOffset="5345" SrcFileId="1" StartOffset="5331"/>
</LocList>
</BasicStmnt>
<BasicStmnt CovItemId="S183" CovItemPrefix="org.cs362.dominion.Card.java" Intrnl_Id="269">
<LocList>
<Loc EndOffset="5355" SrcFileId="1" StartOffset="5348"/>
</LocList>
</BasicStmnt>
</StmntSeq>
</HierarchyLvl>
<HierarchyLvl HierarchyLvlId="20" HierarchyLvlTypeId="3" Intrnl_Id="270" Name="makeEstate">
<Header>
<Loc EndOffset="5398" SrcFileId="1" StartOffset="5364"/>
</Header>
<LocList>
<Loc EndOffset="5559" SrcFileId="1" StartOffset="5364"/>
</LocList>
<StmntSeq Intrnl_Id="271">
<LocList>
<Loc EndOffset="5415" SrcFileId="1" StartOffset="5403"/>
<Loc EndOffset="5431" SrcFileId="1" StartOffset="5418"/>
<Loc EndOffset="5456" SrcFileId="1" StartOffset="5434"/>
<Loc EndOffset="5478" SrcFileId="1" StartOffset="5459"/>
<Loc EndOffset="5501" SrcFileId="1" StartOffset="5481"/>
<Loc EndOffset="5525" SrcFileId="1" StartOffset="5504"/>
<Loc EndOffset="5542" SrcFileId="1" StartOffset="5528"/>
<Loc EndOffset="5552" SrcFileId="1" StartOffset="5545"/>
</LocList>
<BasicStmnt CovItemId="S184" CovItemPrefix="org.cs362.dominion.Card.java" Intrnl_Id="272">
<LocList>
<Loc EndOffset="5415" SrcFileId="1" StartOffset="5403"/>
</LocList>
</BasicStmnt>
<BasicStmnt CovItemId="S185" CovItemPrefix="org.cs362.dominion.Card.java" Intrnl_Id="273">
<LocList>
<Loc EndOffset="5431" SrcFileId="1" StartOffset="5418"/>
</LocList>
</BasicStmnt>
<BasicStmnt CovItemId="S186" CovItemPrefix="org.cs362.dominion.Card.java" Intrnl_Id="274">
<LocList>
<Loc EndOffset="5456" SrcFileId="1" StartOffset="5434"/>
</LocList>
</BasicStmnt>
<BasicStmnt CovItemId="S187" CovItemPrefix="org.cs362.dominion.Card.java" Intrnl_Id="275">
<LocList>
<Loc EndOffset="5478" SrcFileId="1" StartOffset="5459"/>
</LocList>
</BasicStmnt>
<BasicStmnt CovItemId="S188" CovItemPrefix="org.cs362.dominion.Card.java" Intrnl_Id="276">
<LocList>
<Loc EndOffset="5501" SrcFileId="1" StartOffset="5481"/>
</LocList>
</BasicStmnt>
<BasicStmnt CovItemId="S189" CovItemPrefix="org.cs362.dominion.Card.java" Intrnl_Id="277">
<LocList>
<Loc EndOffset="5525" SrcFileId="1" StartOffset="5504"/>
</LocList>
</BasicStmnt>
<BasicStmnt CovItemId="S190" CovItemPrefix="org.cs362.dominion.Card.java" Intrnl_Id="278">
<LocList>
<Loc EndOffset="5542" SrcFileId="1" StartOffset="5528"/>
</LocList>
</BasicStmnt>
<BasicStmnt CovItemId="S191" CovItemPrefix="org.cs362.dominion.Card.java" Intrnl_Id="279">
<LocList>
<Loc EndOffset="5552" SrcFileId="1" StartOffset="5545"/>
</LocList>
</BasicStmnt>
</StmntSeq>
</HierarchyLvl>
<HierarchyLvl HierarchyLvlId="21" HierarchyLvlTypeId="3" Intrnl_Id="280" Name="makeGold">
<Header>
<Loc EndOffset="5594" SrcFileId="1" StartOffset="5562"/>
</Header>
<LocList>
<Loc EndOffset="5753" SrcFileId="1" StartOffset="5562"/>
</LocList>
<StmntSeq Intrnl_Id="281">
<LocList>
<Loc EndOffset="5611" SrcFileId="1" StartOffset="5599"/>
<Loc EndOffset="5627" SrcFileId="1" StartOffset="5614"/>
<Loc EndOffset="5652" SrcFileId="1" StartOffset="5630"/>
<Loc EndOffset="5674" SrcFileId="1" StartOffset="5655"/>
<Loc EndOffset="5697" SrcFileId="1" StartOffset="5677"/>
<Loc EndOffset="5721" SrcFileId="1" StartOffset="5700"/>
<Loc EndOffset="5738" SrcFileId="1" StartOffset="5724"/>
<Loc EndOffset="5748" SrcFileId="1" StartOffset="5741"/>
</LocList>
<BasicStmnt CovItemId="S192" CovItemPrefix="org.cs362.dominion.Card.java" Intrnl_Id="282">
<LocList>
<Loc EndOffset="5611" SrcFileId="1" StartOffset="5599"/>
</LocList>
</BasicStmnt>
<BasicStmnt CovItemId="S193" CovItemPrefix="org.cs362.dominion.Card.java" Intrnl_Id="283">
<LocList>
<Loc EndOffset="5627" SrcFileId="1" StartOffset="5614"/>
</LocList>
</BasicStmnt>
<BasicStmnt CovItemId="S194" CovItemPrefix="org.cs362.dominion.Card.java" Intrnl_Id="284">
<LocList>
<Loc EndOffset="5652" SrcFileId="1" StartOffset="5630"/>
</LocList>
</BasicStmnt>
<BasicStmnt CovItemId="S195" CovItemPrefix="org.cs362.dominion.Card.java" Intrnl_Id="285">
<LocList>
<Loc EndOffset="5674" SrcFileId="1" StartOffset="5655"/>
</LocList>
</BasicStmnt>
<BasicStmnt CovItemId="S196" CovItemPrefix="org.cs362.dominion.Card.java" Intrnl_Id="286">
<LocList>
<Loc EndOffset="5697" SrcFileId="1" StartOffset="5677"/>
</LocList>
</BasicStmnt>
<BasicStmnt CovItemId="S197" CovItemPrefix="org.cs362.dominion.Card.java" Intrnl_Id="287">
<LocList>
<Loc EndOffset="5721" SrcFileId="1" StartOffset="5700"/>
</LocList>
</BasicStmnt>
<BasicStmnt CovItemId="S198" CovItemPrefix="org.cs362.dominion.Card.java" Intrnl_Id="288">
<LocList>
<Loc EndOffset="5738" SrcFileId="1" StartOffset="5724"/>
</LocList>
</BasicStmnt>
<BasicStmnt CovItemId="S199" CovItemPrefix="org.cs362.dominion.Card.java" Intrnl_Id="289">
<LocList>
<Loc EndOffset="5748" SrcFileId="1" StartOffset="5741"/>
</LocList>
</BasicStmnt>
</StmntSeq>
</HierarchyLvl>
<HierarchyLvl HierarchyLvlId="22" HierarchyLvlTypeId="3" Intrnl_Id="290" Name="makeSilver">
<Header>
<Loc EndOffset="5790" SrcFileId="1" StartOffset="5756"/>
</Header>
<LocList>
<Loc EndOffset="5950" SrcFileId="1" StartOffset="5756"/>
</LocList>
<StmntSeq Intrnl_Id="291">
<LocList>
<Loc EndOffset="5807" SrcFileId="1" StartOffset="5795"/>
<Loc EndOffset="5823" SrcFileId="1" StartOffset="5810"/>
<Loc EndOffset="5848" SrcFileId="1" StartOffset="5826"/>
<Loc EndOffset="5870" SrcFileId="1" StartOffset="5851"/>
<Loc EndOffset="5893" SrcFileId="1" StartOffset="5873"/>
<Loc EndOffset="5917" SrcFileId="1" StartOffset="5896"/>
<Loc EndOffset="5934" SrcFileId="1" StartOffset="5920"/>
<Loc EndOffset="5944" SrcFileId="1" StartOffset="5937"/>
</LocList>
<BasicStmnt CovItemId="S200" CovItemPrefix="org.cs362.dominion.Card.java" Intrnl_Id="292">
<LocList>
<Loc EndOffset="5807" SrcFileId="1" StartOffset="5795"/>
</LocList>
</BasicStmnt>
<BasicStmnt CovItemId="S201" CovItemPrefix="org.cs362.dominion.Card.java" Intrnl_Id="293">
<LocList>
<Loc EndOffset="5823" SrcFileId="1" StartOffset="5810"/>
</LocList>
</BasicStmnt>
<BasicStmnt CovItemId="S202" CovItemPrefix="org.cs362.dominion.Card.java" Intrnl_Id="294">
<LocList>
<Loc EndOffset="5848" SrcFileId="1" StartOffset="5826"/>
</LocList>
</BasicStmnt>
<BasicStmnt CovItemId="S203" CovItemPrefix="org.cs362.dominion.Card.java" Intrnl_Id="295">
<LocList>
<Loc EndOffset="5870" SrcFileId="1" StartOffset="5851"/>
</LocList>
</BasicStmnt>
<BasicStmnt CovItemId="S204" CovItemPrefix="org.cs362.dominion.Card.java" Intrnl_Id="296">
<LocList>
<Loc EndOffset="5893" SrcFileId="1" StartOffset="5873"/>
</LocList>
</BasicStmnt>
<BasicStmnt CovItemId="S205" CovItemPrefix="org.cs362.dominion.Card.java" Intrnl_Id="297">
<LocList>
<Loc EndOffset="5917" SrcFileId="1" StartOffset="5896"/>
</LocList>
</BasicStmnt>
<BasicStmnt CovItemId="S206" CovItemPrefix="org.cs362.dominion.Card.java" Intrnl_Id="298">
<LocList>
<Loc EndOffset="5934" SrcFileId="1" StartOffset="5920"/>
</LocList>
</BasicStmnt>
<BasicStmnt CovItemId="S207" CovItemPrefix="org.cs362.dominion.Card.java" Intrnl_Id="299">
<LocList>
<Loc EndOffset="5944" SrcFileId="1" StartOffset="5937"/>
</LocList>
</BasicStmnt>
</StmntSeq>
</HierarchyLvl>
<HierarchyLvl HierarchyLvlId="23" HierarchyLvlTypeId="3" Intrnl_Id="300" Name="makeCopper">
<Header>
<Loc EndOffset="5987" SrcFileId="1" StartOffset="5953"/>
</Header>
<LocList>
<Loc EndOffset="6149" SrcFileId="1" StartOffset="5953"/>
</LocList>
<StmntSeq Intrnl_Id="301">
<LocList>
<Loc EndOffset="6004" SrcFileId="1" StartOffset="5992"/>
<Loc EndOffset="6020" SrcFileId="1" StartOffset="6007"/>
<Loc EndOffset="6045" SrcFileId="1" StartOffset="6023"/>
<Loc EndOffset="6067" SrcFileId="1" StartOffset="6048"/>
<Loc EndOffset="6090" SrcFileId="1" StartOffset="6070"/>
<Loc EndOffset="6114" SrcFileId="1" StartOffset="6093"/>
<Loc EndOffset="6131" SrcFileId="1" StartOffset="6117"/>
<Loc EndOffset="6141" SrcFileId="1" StartOffset="6134"/>
</LocList>
<BasicStmnt CovItemId="S208" CovItemPrefix="org.cs362.dominion.Card.java" Intrnl_Id="302">
<LocList>
<Loc EndOffset="6004" SrcFileId="1" StartOffset="5992"/>
</LocList>
</BasicStmnt>
<BasicStmnt CovItemId="S209" CovItemPrefix="org.cs362.dominion.Card.java" Intrnl_Id="303">
<LocList>
<Loc EndOffset="6020" SrcFileId="1" StartOffset="6007"/>
</LocList>
</BasicStmnt>
<BasicStmnt CovItemId="S210" CovItemPrefix="org.cs362.dominion.Card.java" Intrnl_Id="304">
<LocList>
<Loc EndOffset="6045" SrcFileId="1" StartOffset="6023"/>
</LocList>
</BasicStmnt>
<BasicStmnt CovItemId="S211" CovItemPrefix="org.cs362.dominion.Card.java" Intrnl_Id="305">
<LocList>
<Loc EndOffset="6067" SrcFileId="1" StartOffset="6048"/>
</LocList>
</BasicStmnt>
<BasicStmnt CovItemId="S212" CovItemPrefix="org.cs362.dominion.Card.java" Intrnl_Id="306">
<LocList>
<Loc EndOffset="6090" SrcFileId="1" StartOffset="6070"/>
</LocList>
</BasicStmnt>
<BasicStmnt CovItemId="S213" CovItemPrefix="org.cs362.dominion.Card.java" Intrnl_Id="307">
<LocList>
<Loc EndOffset="6114" SrcFileId="1" StartOffset="6093"/>
</LocList>
</BasicStmnt>
<BasicStmnt CovItemId="S214" CovItemPrefix="org.cs362.dominion.Card.java" Intrnl_Id="308">
<LocList>
<Loc EndOffset="6131" SrcFileId="1" StartOffset="6117"/>
</LocList>
</BasicStmnt>
<BasicStmnt CovItemId="S215" CovItemPrefix="org.cs362.dominion.Card.java" Intrnl_Id="309">
<LocList>
<Loc EndOffset="6141" SrcFileId="1" StartOffset="6134"/>
</LocList>
</BasicStmnt>
</StmntSeq>
</HierarchyLvl>
<HierarchyLvl HierarchyLvlId="24" HierarchyLvlTypeId="3" Intrnl_Id="310" Name="toString">
<Header>
<Loc EndOffset="6177" SrcFileId="1" StartOffset="6153"/>
</Header>
<LocList>
<Loc EndOffset="6741" SrcFileId="1" StartOffset="6153"/>
</LocList>
<StmntSeq Intrnl_Id="311">
<LocList>
<Loc EndOffset="6219" SrcFileId="1" StartOffset="6198"/>
<Loc EndOffset="6738" SrcFileId="1" StartOffset="6724"/>
</LocList>
<BasicStmnt CovItemId="S216" CovItemPrefix="org.cs362.dominion.Card.java" Intrnl_Id="312">
<LocList>
<Loc EndOffset="6219" SrcFileId="1" StartOffset="6198"/>
</LocList>
</BasicStmnt>
<BasicStmnt CovItemId="S217" CovItemPrefix="org.cs362.dominion.Card.java" Intrnl_Id="313">
<LocList>
<Loc EndOffset="6738" SrcFileId="1" StartOffset="6724"/>
</LocList>
</BasicStmnt>
</StmntSeq>
</HierarchyLvl>
<HierarchyLvl HierarchyLvlId="25" HierarchyLvlTypeId="3" Intrnl_Id="314" Name="allCards">
<Header>
<Loc EndOffset="6771" SrcFileId="1" StartOffset="6745"/>
</Header>
<LocList>
<Loc EndOffset="7038" SrcFileId="1" StartOffset="6745"/>
</LocList>
<StmntSeq Intrnl_Id="315">
<LocList>
<Loc EndOffset="7016" SrcFileId="1" StartOffset="6775"/>
<Loc EndOffset="7035" SrcFileId="1" StartOffset="7019"/>
</LocList>
<BasicStmnt CovItemId="S218" CovItemPrefix="org.cs362.dominion.Card.java" Intrnl_Id="316">
<LocList>
<Loc EndOffset="7016" SrcFileId="1" StartOffset="6775"/>
</LocList>
</BasicStmnt>
<BasicStmnt CovItemId="S219" CovItemPrefix="org.cs362.dominion.Card.java" Intrnl_Id="317">
<LocList>
<Loc EndOffset="7035" SrcFileId="1" StartOffset="7019"/>
</LocList>
</BasicStmnt>
</StmntSeq>
</HierarchyLvl>
</HierarchyLvl>
</HierarchyLvl>
</HierarchyLvl>
</HierarchyLvl>
</HierarchyLvl>
</MASTRoot>
</TestSessionContainer>
